41638 Baia Mare - 41822 Seini
10079 Bucuresti Basarab h - 10044 Carpati h
80074 Bucuresti Obor - 80098 Pantelimon Sud
30146 Buftea - 17663 P. Mac. R1 Buciumeni
15756 Buzias - 11695 Lugoj
15756 Buzias - 11906 Timisoara Nord
41262 Capilna pe Somes hc - 41248 Citcau
10574 Caracal - 10536 Draganesti Olt
10574 Caracal - 12948 Piatra Olt
10044 Carpati h - 70017 Pajura Hm
30110 Chitila - 17663 P. Mac. R1 Buciumeni
41248 Citcau - 41236 Coplean hc
80361 Ciulnita - 80374 Ciulnita CAM h
80374 Ciulnita CAM h - 80323 Dragos Voda
80374 Ciulnita CAM h - 61536 Ivanesti hc
62876 Costesti Iasi hc - 62864 Pietrisu hc
62876 Costesti Iasi hc - 62890 Ruginoasa
30018 Depoul Buc. Triaj h - 70017 Pajura Hm
41287 Gilgau h - 41298 Glodu Somesului
41298 Glodu Somesului - 41315 Rus hc
50691 Marasesti - 60335 Tecuci Nord hc
31141 Munteni Buzau hc - 71748 Sarateni Ialomita h
31140 Mureni - 57132 Saschiz h
51358 Pascani - 62890 Ruginoasa
71748 Sarateni Ialomita h - 71712 Saratuica
57132 Saschiz h - 31164 Vinatori
45452 Satu Mare - 41822 Seini