521 121.665340 -75.000000
8179 -106.916670 -55.000000
1040 -33.216670 -55.000000
54962 -155.224430 -45.000000
54866 136.633330 -45.000000
8175 -36.936940 -45.000000
8161 -91.150000 -45.000000
584 -94.377230 -35.000000
2333 169.207320 -35.000000
2074 117.963320 -35.000000
90643 45.416670 -35.000000
90141 -26.167350 -35.000000
5623 -19.636110 -25.000000
90663 49.016670 -25.000000
4466 -73.273060 -25.000000
1642 177.028090 -25.000000
2358 124.966670 -25.000000
5975 17.200000 -25.000000
55506 -133.333330 -25.000000
55329 -89.028240 -15.000000
5463 -14.510830 -15.000000
90919 49.053890 -15.000000
4147 -59.198330 -15.000000
37942 141.583330 -15.000000
23228 -169.558510 -15.000000
55498 -137.600000 -15.000000
1647 104.233330 -15.000000
37892 85.845130 -5.000000
6857 39.321460 -5.000000
503 -4.765560 -5.000000
4554 -65.543060 -5.000000
38113 136.750830 -5.000000
74121 -156.805830 -5.000000
53513 18.395830 5.000000
9571 -56.081750 5.000000
71820 130.850070 5.000000
72288 72.343750 5.000000
9604 -88.522500 5.000000
34462 -15.196900 5.000000
49377 -169.023040 5.000000
40548 54.847940 15.000000
51989 -132.127660 15.000000
57916 102.982200 15.000000
53484 20.513810 15.000000
90339 -45.916670 15.000000
53669 -7.274820 15.000000
56661 150.891670 15.000000
52887 -86.933330 15.000000
59860 46.082200 25.000000
39255 92.216670 25.000000
74135 139.531850 25.000000
10581 -100.383040 25.000000
10639 -27.821940 25.000000
81912 -175.739440 25.000000
82053 -141.465560 25.000000
9088 97.458060 35.000000
49619 141.977830 35.000000
19916 46.249670 35.000000
19876 -0.080830 35.000000
82972 -151.243680 35.000000
52715 -96.016670 35.000000
79227 -53.995720 35.000000
73604 52.949660 45.000000
84628 -35.005970 45.000000
6751 -100.416300 45.000000
9108 147.432780 45.000000
49681 94.950000 45.000000
6764 -150.119340 45.000000
27633 16.850000 45.000000
68774 55.615560 55.000000
33321 17.874260 55.000000
69033 115.934440 55.000000
38243 -24.267190 55.000000
6197 -93.085290 55.000000
68596 171.800000 55.000000
6772 -137.269050 55.000000
22855 48.935450 65.000000
70054 91.416670 65.000000
75795 -176.900280 65.000000
22832 9.652200 65.000000
42093 -48.895410 65.000000
68736 131.961110 65.000000
79608 -120.716390 65.000000
54532 53.682090 75.000000
70195 113.869440 75.000000
76224 -174.788610 75.000000
54719 -3.028590 75.000000
34536 -50.842500 75.000000
