521 204.998010 -120.000000
8179 -142.375005 -80.000000
1040 -67.825005 -80.000000
54866 222.949995 -70.000000
668 -155.250000 -70.000000
1008 -56.850000 -70.000000
54882 -260.039805 -70.000000
72556 54.325005 -70.000000
2074 190.444980 -60.000000
922 -125.325000 -60.000000
54856 -253.849995 -60.000000
54905 241.924995 -60.000000
1210 -49.459560 -60.000000
584 -123.565845 -50.000000
2333 208.810980 -50.000000
90643 0.625005 -50.000000
2210 158.749995 -50.000000
90753 80.374995 -50.000000
859 -62.923335 -50.000000
2151 254.664705 -50.000000
5623 -96.954165 -40.000000
90663 28.525005 -40.000000
53119 66.883755 -40.000000
4620 -42.799995 -40.000000
1642 205.542135 -40.000000
1861 260.149995 -40.000000
1844 144.900000 -40.000000
8162 -203.025795 -40.000000
5428 -106.811250 -30.000000
90919 28.580835 -30.000000
50569 107.296470 -30.000000
5103 -43.655415 -30.000000
1670 200.650005 -30.000000
2360 250.200000 -30.000000
55498 -236.400000 -30.000000
55511 -203.350005 -30.000000
55329 -127.542360 -20.000000
5463 -81.766245 -20.000000
6867 11.200005 -20.000000
90860 60.429540 -20.000000
37942 167.374995 -20.000000
1770 214.262775 -20.000000
5249 -36.879585 -20.000000
90516 -269.649990 -20.000000
1252 -238.080000 -20.000000
6817 112.233765 -20.000000
37892 139.267695 -10.000000
6857 -1.017810 -10.000000
4554 -84.814590 -10.000000
38113 193.126245 -10.000000
6875 65.400000 -10.000000
55469 -142.544970 -10.000000
55556 256.769580 -10.000000
4213 -40.549995 -10.000000
55497 -226.549995 -10.000000
71820 128.775105 0.000000
49278 34.225005 0.000000
19695 -146.850000 0.000000
4952 -72.037500 0.000000
38007 184.118700 0.000000
72256 83.475000 0.000000
31828 -19.825005 0.000000
49377 241.465440 0.000000
19738 -104.974995 0.000000
49367 -229.313775 0.000000
53513 -9.906255 10.000000
9571 -129.122625 10.000000
53414 23.844585 10.000000
22706 91.120335 10.000000
37979 163.000005 10.000000
56815 203.419170 10.000000
9699 -90.757920 10.000000
50618 239.070405 10.000000
49373 -241.524720 10.000000
57916 163.473300 20.000000
38888 89.404935 20.000000
53484 0.770715 20.000000
90339 -121.375005 20.000000
72208 -41.166090 20.000000
56661 212.837505 20.000000
19991 40.399995 20.000000
90388 -82.225005 20.000000
52241 -175.800000 20.000000
39380 131.524995 20.000000
40548 91.271910 30.000000
51989 -181.691490 30.000000
36008 144.236535 30.000000
70984 40.828755 30.000000
19411 -65.982855 30.000000
74128 207.469995 30.000000
81407 -260.787495 30.000000
52887 -136.399995 30.000000
53199 4.374645 30.000000
59860 79.623300 40.000000
39255 130.825005 40.000000
74135 164.297775 40.000000
81464 -164.044905 40.000000
8993 200.324175 40.000000
19977 36.825000 40.000000
84557 -102.112605 40.000000
50345 -2.400000 40.000000
20913 -47.800005 40.000000
9088 158.187090 50.000000
49108 224.371950 50.000000
19916 31.874505 50.000000
42065 95.132265 50.000000
82972 -210.365520 50.000000
50390 -41.415000 50.000000
51483 -120.724995 50.000000
50396 1.530000 50.000000
42023 67.314600 50.000000
49177 194.400000 50.000000
41673 123.424995 50.000000
72413 54.309075 50.000000
73604 19.424490 60.000000
49619 175.466745 60.000000
84628 -150.008955 60.000000
73170 67.281405 60.000000
21455 -23.553840 60.000000
49681 133.425000 60.000000
48994 245.020410 60.000000
76822 -88.589655 60.000000
49330 100.185000 60.000000
6751 -140.124450 70.000000
6489 -86.381715 70.000000
8666 171.975000 70.000000
28734 -11.476800 70.000000
64256 66.159390 70.000000
6764 -211.679010 70.000000
9208 113.374995 70.000000
8673 213.550005 70.000000
74862 21.034860 70.000000
86744 -174.809775 70.000000
68774 38.423340 80.000000
33321 -18.188610 80.000000
69033 91.401660 80.000000
6197 -192.127935 80.000000
68289 172.187505 80.000000
6289 -146.203065 80.000000
68155 265.522860 80.000000
14669 8.875005 80.000000
6685 -72.573120 80.000000
69603 -2.603745 90.000000
70711 129.918750 90.000000
69253 69.375000 90.000000
75795 -251.850420 90.000000
70671 215.599590 90.000000
81896 -183.629580 90.000000
68626 181.347915 90.000000
34538 -93.049995 90.000000
66976 24.822915 100.000000
68947 108.304050 100.000000
42093 -59.843115 100.000000
70119 153.595800 100.000000
79608 -248.574585 100.000000
70551 206.437080 100.000000
6375 -123.771735 100.000000
6373 -182.582715 100.000000
54532 5.523135 110.000000
70195 178.304160 110.000000
54780 59.623080 110.000000
76224 -253.182915 110.000000
67998 129.750000 110.000000
70414 233.400000 110.000000
34541 -111.250005 110.000000
71988 -12.539895 120.000000
34536 -121.263750 120.000000
