521 288.330680 -155.000000
8179 -177.833340 -105.000000
1040 -102.433340 -105.000000
668 -189.000000 -95.000000
54870 320.007220 -95.000000
54910 359.960180 -95.000000
1008 -89.800000 -95.000000
72556 89.433340 -95.000000
54962 319.551140 -85.000000
8175 -181.873880 -85.000000
54890 -340.166660 -85.000000
1162 -112.610100 -85.000000
2074 262.926640 -75.000000
922 -154.100000 -75.000000
54856 325.533340 -75.000000
54893 -334.240280 -75.000000
1534 217.783340 -75.000000
1210 -77.946080 -75.000000
71821 56.376900 -75.000000
584 -152.754460 -65.000000
2333 284.414640 -65.000000
90643 9.833340 -65.000000
2210 216.666660 -65.000000
5338 -66.460000 -65.000000
90753 93.166660 -65.000000
2151 330.552940 -65.000000
1719 243.726720 -65.000000
90663 44.033340 -55.000000
4466 -122.546120 -55.000000
53119 83.178340 -55.000000
1642 282.056180 -55.000000
1861 336.866660 -55.000000
4861 -70.691120 -55.000000
1844 202.200000 -55.000000
8162 -257.701060 -55.000000
5623 -120.272220 -45.000000
5428 -44.415000 -45.000000
90899 33.166660 -45.000000
50585 130.166660 -45.000000
53179 314.914400 -45.000000
1538 228.766660 -45.000000
53178 -359.833340 -45.000000
50588 77.233340 -45.000000
8091 -301.550000 -45.000000
55516 -248.938340 -45.000000
4137 -129.875560 -35.000000
90919 44.107780 -35.000000
50569 131.061960 -35.000000
5063 -48.723340 -35.000000
1670 273.533340 -35.000000
2360 323.600000 -35.000000
53129 79.173340 -35.000000
23228 -351.117020 -35.000000
55498 -311.200000 -35.000000
55511 -278.133340 -35.000000
1647 226.466660 -35.000000
55329 -166.056480 -25.000000
5463 -101.021660 -25.000000
6867 24.933340 -25.000000
51142 91.566660 -25.000000
4011 -53.143340 -25.000000
37942 229.166660 -25.000000
55296 -142.461660 -25.000000
1770 279.683700 -25.000000
90516 -355.533320 -25.000000
1252 -323.440000 -25.000000
55558 322.333340 -25.000000
6817 160.645020 -25.000000
37892 192.690260 -15.000000
503 8.468880 -15.000000
74166 117.539020 -15.000000
38113 249.501660 -15.000000
5392 -87.762220 -15.000000
55469 -182.059960 -15.000000
74423 54.395860 -15.000000
5137 -51.710560 -15.000000
55251 -133.156660 -15.000000
55556 330.359440 -15.000000
55546 285.000000 -15.000000
55497 -296.066660 -15.000000
6857 6.642920 -5.000000
49278 52.633340 -5.000000
4554 -104.086120 -5.000000
19695 -186.800000 -5.000000
38007 182.491600 -5.000000
37968 255.777000 -5.000000
49271 100.333340 -5.000000
37898 305.400000 -5.000000
19704 -146.408440 -5.000000
4010 -55.782220 -5.000000
51127 134.466660 -5.000000
9571 -166.163500 5.000000
71820 180.700140 5.000000
72288 63.687500 5.000000
8254 1.416800 5.000000
53036 241.666660 5.000000
4933 -120.132780 5.000000
51125 135.017760 5.000000
49377 327.953920 5.000000
49367 -322.751700 5.000000
53513 -8.208340 15.000000
53414 25.792780 15.000000
22706 110.493780 15.000000
9947 -175.072220 15.000000
34615 -54.375560 15.000000
41639 183.266660 15.000000
56815 236.225560 15.000000
9699 -127.010560 15.000000
22719 61.933340 15.000000
58012 264.433100 15.000000
50618 324.760540 15.000000
23238 291.682960 15.000000
34452 -95.566660 15.000000
57916 223.964400 25.000000
72592 180.033340 25.000000
38888 128.206580 25.000000
53484 5.027620 25.000000
90339 -154.833340 25.000000
72208 -49.888120 25.000000
53528 53.320540 25.000000
35728 -223.026540 25.000000
56661 274.783340 25.000000
90330 -102.400000 25.000000
50843 -18.791240 25.000000
40548 127.695880 35.000000
51989 -231.255320 35.000000
50896 171.312220 35.000000
19411 -100.977140 35.000000
71069 41.067220 35.000000
51622 -174.105000 35.000000
90449 237.441660 35.000000
90465 206.200000 35.000000
70932 97.010560 35.000000
53197 -7.966400 35.000000
81278 -322.180000 35.000000
50943 324.387220 35.000000
75607 -288.986120 35.000000
59860 113.164400 45.000000
2824 165.814880 45.000000
36008 255.315380 45.000000
70984 60.438340 45.000000
9404 209.074600 45.000000
10581 -182.766080 45.000000
51708 -239.666660 45.000000
10639 -103.643880 45.000000
81407 -339.716660 45.000000
19987 -4.915960 45.000000
81912 -297.478880 45.000000
39255 139.433340 55.000000
74135 225.063700 55.000000
39931 178.700000 55.000000
81464 -211.726540 55.000000
42052 87.077600 55.000000
8993 261.098900 55.000000
19977 53.100000 55.000000
84557 -147.150140 55.000000
21273 -59.633340 55.000000
50345 4.800000 55.000000
9088 218.916120 65.000000
19916 47.499340 65.000000
59904 130.687220 65.000000
82972 -269.487360 65.000000
50390 -45.220000 65.000000
48953 298.004360 65.000000
49955 88.988840 65.000000
50425 1.334900 65.000000
51483 -173.966660 65.000000
60034 170.086260 65.000000
49140 253.502220 65.000000
3799 -105.555940 65.000000
49619 238.955660 75.000000
49108 294.162600 75.000000
42065 84.843020 75.000000
73170 47.708540 75.000000
8846 186.584440 75.000000
41991 140.212400 75.000000
19462 -14.916060 75.000000
85677 -186.327580 75.000000
87031 -267.789920 75.000000
49589 266.278800 75.000000
88473 -118.395840 75.000000
21493 17.531660 75.000000
63397 -70.966660 75.000000
73604 33.899320 85.000000
84628 -187.011940 85.000000
9108 222.865560 85.000000
21455 -25.405120 85.000000
8426 277.645560 85.000000
49681 135.900000 85.000000
73299 73.122220 85.000000
76822 -124.119540 85.000000
8342 172.528880 85.000000
86946 -261.070200 85.000000
34383 100.231560 85.000000
20873 0.828880 85.000000
6489 -171.175620 95.000000
8666 235.300000 95.000000
28734 -10.302400 95.000000
6764 -273.238680 95.000000
37053 62.079820 95.000000
70580 116.171660 95.000000
50935 180.766480 95.000000
8673 278.733340 95.000000
87200 -223.664140 95.000000
6589 -124.429080 95.000000
27633 21.700000 95.000000
6715 -75.418620 95.000000
6116 -143.560000 95.000000
70616 315.800000 95.000000
33321 -18.251480 105.000000
12599 44.821060 105.000000
74709 93.500000 105.000000
6197 -249.170580 105.000000
6289 -202.937420 105.000000
67081 146.527220 105.000000
67776 229.592780 105.000000
68155 334.030480 105.000000
67203 185.414440 105.000000
13932 12.163740 105.000000
6685 -105.764160 105.000000
66837 116.442720 105.000000
6304 -155.164080 105.000000
68774 57.231120 115.000000
69033 132.868880 115.000000
71695 9.129800 115.000000
68289 218.583340 115.000000
68596 280.600000 115.000000
6335 -279.605420 115.000000
66992 87.755560 115.000000
6741 -171.711580 115.000000
69111 311.566660 115.000000
69164 344.143880 115.000000
6301 -216.405240 115.000000
22855 25.870900 125.000000
66976 117.097220 125.000000
75795 -326.800560 125.000000
68914 195.106200 125.000000
70671 280.466120 125.000000
42093 -70.790820 125.000000
79608 -268.432780 125.000000
23136 65.538120 125.000000
6815 -195.705100 125.000000
34537 -115.443140 125.000000
66940 333.966660 125.000000
42096 -20.994240 125.000000
68804 42.163880 135.000000
68947 152.405400 135.000000
70602 107.000000 135.000000
70119 197.794400 135.000000
42076 -60.175600 135.000000
67028 241.000000 135.000000
67192 308.874420 135.000000
34539 -131.366660 135.000000
69299 355.626660 135.000000
82149 -301.193340 135.000000
6373 -249.443620 135.000000
42085 -13.700000 135.000000
6400 -203.192980 135.000000
54532 17.364180 145.000000
70195 242.738880 145.000000
54780 74.497440 145.000000
76224 -331.577220 145.000000
67998 181.000000 145.000000
67404 325.833340 145.000000
34541 -139.333340 145.000000
71989 -50.437400 145.000000
71988 -4.719860 155.000000
34536 -155.685000 155.000000
