521 454.996020 -235.000000
1174 -225.900000 -165.000000
35648 -136.527600 -165.000000
8179 -248.750010 -155.000000
1040 -171.650010 -155.000000
985 -242.900010 -145.000000
1008 -155.700000 -145.000000
72556 159.650010 -145.000000
54866 481.899990 -135.000000
668 -256.500000 -135.000000
54882 538.920390 -135.000000
595 -170.100000 -135.000000
54962 494.326710 -125.000000
8175 -254.810820 -125.000000
54890 -525.249990 -125.000000
1162 -177.915150 -125.000000
2003 411.500010 -125.000000
2074 407.889960 -115.000000
922 -211.650000 -115.000000
54856 500.300010 -115.000000
54893 -519.360420 -115.000000
1210 -134.919120 -115.000000
2096 447.800010 -115.000000
71821 44.065350 -115.000000
584 -211.131690 -105.000000
2333 435.621960 -105.000000
90643 28.250010 -105.000000
90141 -138.502050 -105.000000
1532 391.800000 -105.000000
90753 118.749990 -105.000000
54967 495.971730 -105.000000
1534 335.675010 -105.000000
54961 -528.999990 -105.000000
2210 332.499990 -95.000000
677 -213.549990 -95.000000
5338 -117.690000 -95.000000
2151 428.329410 -95.000000
90664 50.734860 -95.000000
2174 491.705550 -95.000000
4594 -171.975000 -95.000000
90799 104.349990 -95.000000
1871 372.000000 -95.000000
90663 75.050010 -85.000000
1642 435.084270 -85.000000
1095 -258.650010 -85.000000
1861 490.299990 -85.000000
4547 -106.647510 -85.000000
4297 -171.550830 -85.000000
90764 132.300000 -85.000000
1844 316.800000 -85.000000
90780 26.649990 -85.000000
2076 374.199990 -85.000000
8162 -367.051590 -85.000000
5623 -166.908330 -75.000000
90697 48.130890 -75.000000
90758 108.563490 -75.000000
4620 -112.599990 -75.000000
1054 -211.250010 -75.000000
2250 420.275220 -75.000000
50557 165.249990 -75.000000
2163 492.450000 -75.000000
1686 313.899990 -75.000000
62820 -417.304410 -75.000000
5428 -171.622500 -65.000000
90899 61.749990 -65.000000
5103 -108.310830 -65.000000
50585 177.249990 -65.000000
53179 481.371600 -65.000000
90934 116.482980 -65.000000
2037 429.600000 -65.000000
53178 526.749990 -65.000000
73103 -495.600000 -65.000000
2272 324.399990 -65.000000
2353 380.379300 -65.000000
55516 -425.907510 -65.000000
4137 -173.813340 -55.000000
90919 75.161670 -55.000000
50569 178.592940 -55.000000
53107 119.516670 -55.000000
5063 -92.585010 -55.000000
1670 419.300010 -55.000000
2360 470.400000 -55.000000
23228 523.324470 -55.000000
53153 23.049990 -55.000000
55498 -460.800000 -55.000000
55345 -240.044160 -55.000000
55511 -427.700010 -55.000000
1647 348.699990 -55.000000
73102 -503.949990 -55.000000
4186 -167.789160 -45.000000
90860 66.859080 -45.000000
55203 -238.605000 -45.000000
51142 125.349990 -45.000000
5864 -62.518320 -45.000000
505 19.500000 -45.000000
90516 -527.299980 -45.000000
50568 174.849990 -45.000000
23226 517.149990 -45.000000
1252 -494.160000 -45.000000
1953 369.800010 -45.000000
55526 -434.250000 -45.000000
1539 436.257510 -45.000000
55329 -243.084720 -35.000000
5463 -139.532490 -35.000000
6867 52.400010 -35.000000
4011 -90.215010 -35.000000
90853 99.600000 -35.000000
55282 -201.699990 -35.000000
37942 352.749990 -35.000000
53127 136.553250 -35.000000
1770 410.525550 -35.000000
55558 473.000010 -35.000000
90514 527.476410 -35.000000
10673 269.037360 -35.000000
503 21.703320 -25.000000
74166 78.808530 -25.000000
38113 314.252490 -25.000000
5392 -122.643330 -25.000000
55469 -261.089940 -25.000000
4858 -71.589180 -25.000000
38091 369.029280 -25.000000
55251 -211.734990 -25.000000
55556 477.539160 -25.000000
55546 432.000000 -25.000000
74249 134.150010 -25.000000
74121 -518.417490 -25.000000
55497 -435.099990 -25.000000
37892 299.535390 -15.000000
6857 21.964380 -15.000000
4554 -142.629180 -15.000000
37822 338.968800 -15.000000
37966 382.266300 -15.000000
6875 100.800000 -15.000000
5089 -90.628320 -15.000000
55302 -240.741660 -15.000000
4392 -204.424170 -15.000000
37992 424.449990 -15.000000
55530 481.650000 -15.000000
71024 190.350000 -15.000000
49278 89.450010 -5.000000
19695 -266.700000 -5.000000
4952 -198.075000 -5.000000
38007 287.237400 -5.000000
4131 -160.513320 -5.000000
37968 338.665500 -5.000000
5608 -108.908340 -5.000000
38009 371.612100 -5.000000
72271 154.636080 -5.000000
37898 446.100000 -5.000000
6819 28.100010 -5.000000
54851 -492.262590 -5.000000
51127 207.699990 -5.000000
71820 284.550210 5.000000
72288 109.031250 5.000000
31813 -1.650000 5.000000
53036 351.999990 5.000000
37969 392.536500 5.000000
10037 -246.843330 5.000000
9995 -210.845640 5.000000
4933 -171.199170 5.000000
34682 41.250000 5.000000
72277 154.550010 5.000000
49377 500.930880 5.000000
49367 -509.627550 5.000000
51128 208.700010 5.000000
53513 -4.812510 15.000000
9571 -240.245250 15.000000
37979 281.000010 15.000000
8254 47.125200 15.000000
50060 -56.390700 15.000000
52988 315.248700 15.000000
53022 387.200010 15.000000
10386 -181.879920 15.000000
71064 82.850010 15.000000
51125 208.526640 15.000000
22713 145.650000 15.000000
23237 471.010830 15.000000
49373 -522.049440 15.000000
53414 -6.310830 25.000000
22706 83.240670 25.000000
34615 -68.063340 25.000000
41639 207.399990 25.000000
56815 361.838340 25.000000
53471 35.700000 25.000000
90351 -229.923060 25.000000
49995 260.543340 25.000000
72278 156.195000 25.000000
35998 -144.465810 25.000000
72665 322.430040 25.000000
58012 390.649650 25.000000
50618 496.140810 25.000000
23238 443.524440 25.000000
38888 205.809870 35.000000
39123 261.835410 35.000000
53484 13.541430 35.000000
90495 383.000010 35.000000
90339 -221.750010 35.000000
50818 -42.000000 35.000000
53528 66.480810 35.000000
53724 -279.751200 35.000000
18903 153.434040 35.000000
90330 -167.100000 35.000000
71073 113.000010 35.000000
90471 301.050000 35.000000
34525 -13.449990 35.000000
57916 344.946600 45.000000
72592 280.550010 45.000000
72208 -67.332180 45.000000
71069 73.600830 45.000000
90592 117.620010 45.000000
35728 -313.539810 45.000000
41747 211.850010 45.000000
72235 -34.200000 45.000000
36394 -228.620430 45.000000
53221 24.335340 45.000000
55715 387.525840 45.000000
90465 313.800000 45.000000
50952 -141.220020 45.000000
90593 150.973260 45.000000
35967 452.508330 45.000000
40548 200.543820 55.000000
51989 -330.382980 55.000000
50896 267.468330 55.000000
40986 233.566050 55.000000
19411 -248.965710 55.000000
50973 -77.849250 55.000000
71083 81.649170 55.000000
63013 -174.317160 55.000000
70994 150.552510 55.000000
72855 338.357670 55.000000
53197 0.050400 55.000000
81278 -477.270000 55.000000
50895 298.299990 55.000000
81039 -416.747490 55.000000
36008 315.473070 65.000000
39055 241.109160 65.000000
70984 99.657510 65.000000
10581 -265.149120 65.000000
51708 -342.999990 65.000000
74128 387.939990 65.000000
70989 134.478330 65.000000
41053 194.349990 65.000000
10639 -179.465820 65.000000
81407 -497.574990 65.000000
19645 -16.431660 65.000000
50972 -81.100830 65.000000
81912 -455.218320 65.000000
54985 163.640820 65.000000
41659 274.666680 65.000000
72516 37.282500 65.000000
59860 180.246600 75.000000
2824 256.222320 75.000000
74135 346.595550 75.000000
70998 122.165550 75.000000
39931 223.050000 75.000000
8638 299.150010 75.000000
52018 -327.950010 75.000000
51710 -273.750000 75.000000
19949 82.926300 75.000000
74129 386.225700 75.000000
83707 -225.580980 75.000000
19987 -74.873940 75.000000
50368 23.755170 75.000000
39255 216.650010 85.000000
9399 318.275820 85.000000
9033 377.658330 85.000000
40279 263.750010 85.000000
81464 -307.089810 85.000000
42052 139.616400 85.000000
51726 -362.900010 85.000000
19977 85.650000 85.000000
84557 -237.225210 85.000000
21341 -124.250010 85.000000
19988 11.512500 85.000000
41902 184.071000 85.000000
9088 340.374180 95.000000
19916 78.749010 95.000000
59904 205.030830 95.000000
8448 291.200010 95.000000
41935 134.032830 95.000000
51483 -358.449990 95.000000
78586 -272.420010 95.000000
50376 18.562380 95.000000
50412 -50.971860 95.000000
81747 -208.966950 95.000000
48763 428.225010 95.000000
60034 244.629390 95.000000
88920 -303.440010 95.000000
41 171.349140 95.000000
49155 383.000010 95.000000
19867 102.876660 95.000000
49108 403.743900 105.000000
42065 136.264530 105.000000
9165 333.360000 105.000000
82972 -387.731040 105.000000
49615 372.120840 105.000000
49188 454.927500 105.000000
8846 290.376660 105.000000
50390 -52.830000 105.000000
56 192.516990 105.000000
49955 88.483260 105.000000
50425 -5.497650 105.000000
85691 -315.222120 105.000000
59978 238.740540 105.000000
83630 -249.146940 105.000000
19477 33.522420 105.000000
75569 -281.035020 105.000000
82057 -179.028030 105.000000
72413 108.618150 105.000000
49619 365.933490 115.000000
8392 328.191690 115.000000
73170 80.562810 115.000000
19462 -11.874090 115.000000
85677 -261.491370 115.000000
42059 120.875700 115.000000
49628 396.026670 115.000000
49002 452.615820 115.000000
87031 -389.684880 115.000000
72938 199.149990 115.000000
73094 45.497370 115.000000
78774 -332.954100 115.000000
8823 242.939160 115.000000
8785 282.521670 115.000000
88473 -192.593760 115.000000
41881 153.209700 115.000000
2452 140.279100 115.000000
63505 -116.000010 115.000000
63377 -57.931050 115.000000
73604 62.848980 125.000000
84628 -261.017910 125.000000
9108 346.298340 125.000000
21455 -29.107680 125.000000
46578 25.451700 125.000000
49681 212.850000 125.000000
48994 457.040820 125.000000
73299 102.183330 125.000000
8593 389.769990 125.000000
2467 137.676030 125.000000
76822 -195.179310 125.000000
8342 252.793320 125.000000
9205 285.500010 125.000000
86967 -377.673150 125.000000
86153 -319.975590 125.000000
90248 166.091670 125.000000
28844 -0.249990 125.000000
6751 -259.248900 135.000000
6489 -196.763430 135.000000
8666 361.950000 135.000000
64256 51.318780 135.000000
9208 244.749990 135.000000
75010 107.197860 135.000000
47688 5.060460 135.000000
8961 418.800000 135.000000
86009 -392.028630 135.000000
67013 174.147510 135.000000
21090 -31.993320 135.000000
88790 -340.984470 135.000000
50925 294.524730 135.000000
84145 -295.998210 135.000000
28734 -7.953600 145.000000
6764 -396.358020 145.000000
37053 33.119730 145.000000
69558 161.141670 145.000000
74594 89.400000 145.000000
9058 350.901660 145.000000
50935 287.649720 145.000000
8673 409.100010 145.000000
6809 -315.441120 145.000000
6589 -231.643620 145.000000
70778 479.200980 145.000000
6620 -189.197190 145.000000
6715 -128.127930 145.000000
79710 -275.369400 145.000000
82009 -354.704520 145.000000
49872 236.551680 145.000000
33321 -18.377220 155.000000
12599 22.231590 155.000000
74725 79.571400 155.000000
74709 129.750000 155.000000
6197 -363.255870 155.000000
67776 291.889170 155.000000
69144 189.296400 155.000000
70345 346.829370 155.000000
49700 232.337940 155.000000
68155 471.045720 155.000000
6680 -292.903560 155.000000
11416 52.908510 155.000000
8343 386.150010 155.000000
6685 -226.146240 155.000000
6354 -114.994590 155.000000
68774 94.846680 165.000000
14355 9.000000 165.000000
69033 215.803320 165.000000
70327 159.112500 165.000000
38243 -36.801570 165.000000
68289 311.375010 165.000000
6289 -364.406130 165.000000
50172 54.839400 165.000000
69528 131.572500 165.000000
6695 -300.956100 165.000000
70303 389.150010 165.000000
69103 416.843340 165.000000
6585 -429.960360 165.000000
88664 -523.610010 165.000000
67564 464.100000 165.000000
69603 42.792510 175.000000
70711 142.837500 175.000000
70313 217.581660 175.000000
31837 -30.300000 175.000000
70401 274.985820 175.000000
68596 431.400000 175.000000
68875 346.947300 175.000000
81896 -421.259160 175.000000
66896 391.168320 175.000000
81384 -469.644990 175.000000
69111 462.849990 175.000000
6314 -335.100600 175.000000
69192 497.900010 175.000000
22855 50.806350 185.000000
70054 202.250010 185.000000
69296 139.040730 185.000000
75795 -476.700840 185.000000
68914 271.659300 185.000000
70671 368.199180 185.000000
54455 -2.027550 185.000000
68484 329.783340 185.000000
6800 -375.161250 185.000000
6815 -310.057650 185.000000
23247 -44.300010 185.000000
89106 -427.318320 185.000000
70857 407.488320 185.000000
70064 465.500010 185.000000
34538 -162.099990 185.000000
6592 -240.249720 185.000000
70196 525.300000 185.000000
34535 -105.650010 185.000000
66976 85.645830 195.000000
54773 4.185180 195.000000
42093 -92.686230 195.000000
70344 146.118000 195.000000
69076 268.899990 195.000000
68828 202.550010 195.000000
79608 -470.149170 195.000000
67028 352.500000 195.000000
34537 -167.164710 195.000000
66940 511.449990 195.000000
70418 402.600000 195.000000
6375 -226.543470 195.000000
84838 -412.048320 195.000000
6518 -344.498700 195.000000
68804 75.245820 205.000000
68947 240.608100 205.000000
70602 171.000000 205.000000
66963 121.180830 205.000000
70119 286.191600 205.000000
54465 31.215030 205.000000
67192 475.311630 205.000000
34539 -185.049990 205.000000
69299 525.939990 205.000000
34533 -126.300000 205.000000
67092 382.899990 205.000000
82149 -511.790010 205.000000
6373 -419.165430 205.000000
6400 -372.289470 205.000000
6328 -257.635080 205.000000
54532 41.046270 215.000000
70195 371.608320 215.000000
54780 104.246160 215.000000
76224 -488.365830 215.000000
67998 283.500000 215.000000
67404 473.750010 215.000000
34541 -195.500010 215.000000
71989 -59.156100 215.000000
67455 223.639170 225.000000
71988 10.920210 235.000000
34536 -224.527500 235.000000
