521 621.661360 -315.000000
8179 -319.666680 -215.000000
1174 -252.200000 -215.000000
35648 -173.036800 -215.000000
1040 -312.866680 -205.000000
1017 -223.066680 -205.000000
1008 -305.600000 -195.000000
72556 229.866680 -195.000000
668 -324.000000 -185.000000
54870 661.014440 -185.000000
54910 701.920360 -185.000000
54866 654.533320 -175.000000
1162 -279.220200 -175.000000
1014 -221.200000 -175.000000
1913 571.317640 -175.000000
54882 711.560520 -175.000000
54955 -682.133320 -175.000000
54962 669.102280 -165.000000
8175 -327.747760 -165.000000
54890 -710.333320 -165.000000
2003 558.666680 -165.000000
1188 -270.000000 -165.000000
2157 612.666680 -165.000000
2074 552.853280 -155.000000
922 -269.200000 -155.000000
54877 677.133320 -155.000000
54940 -711.333320 -155.000000
1746 611.133320 -155.000000
54856 675.066680 -145.000000
54893 -704.480560 -145.000000
1677 533.497880 -145.000000
1676 620.512280 -145.000000
8200 -322.466680 -145.000000
8116 -262.199080 -145.000000
707 -209.666680 -145.000000
71821 31.753800 -145.000000
584 -269.508920 -135.000000
2333 586.829280 -135.000000
90643 46.666680 -135.000000
90141 -194.669400 -135.000000
1532 530.400000 -135.000000
90753 144.333320 -135.000000
2151 634.105880 -135.000000
2048 438.800000 -135.000000
1799 477.866680 -135.000000
54935 678.866680 -135.000000
2210 448.333320 -125.000000
677 -277.733320 -125.000000
5338 -168.920000 -125.000000
5245 -230.370000 -125.000000
2174 578.607400 -125.000000
90761 77.533320 -125.000000
90799 133.133320 -125.000000
1715 651.533320 -125.000000
1679 499.672560 -125.000000
90663 106.066680 -115.000000
1861 583.733320 -115.000000
4547 -233.196680 -115.000000
90764 164.400000 -115.000000
8119 -309.374440 -115.000000
90800 61.000000 -115.000000
1562 650.145360 -115.000000
1844 431.400000 -115.000000
2076 490.933320 -115.000000
90697 76.174520 -105.000000
4466 -221.092240 -105.000000
90758 136.751320 -105.000000
1642 588.112360 -105.000000
1095 -323.866680 -105.000000
4861 -168.382240 -105.000000
2250 651.366960 -105.000000
50557 211.333320 -105.000000
8162 -476.402120 -105.000000
62820 -547.405880 -105.000000
5623 -213.544440 -95.000000
5428 -130.830000 -95.000000
1054 -276.666680 -95.000000
53166 44.332920 -95.000000
5904 127.634360 -95.000000
50610 195.666680 -95.000000
2269 569.000000 -95.000000
1657 636.400000 -95.000000
5913 86.400000 -95.000000
1538 496.533320 -95.000000
1686 427.533320 -95.000000
53191 678.933320 -95.000000
55516 -560.876680 -95.000000
4272 -254.585560 -85.000000
90899 90.333320 -85.000000
5416 -149.241120 -85.000000
50585 152.333320 -85.000000
51092 259.995560 -85.000000
4844 -203.231120 -85.000000
51116 211.913320 -85.000000
53179 647.828800 -85.000000
2037 578.800000 -85.000000
53178 693.333320 -85.000000
2122 531.000000 -85.000000
73103 -670.800000 -85.000000
2272 441.533320 -85.000000
8091 -621.100000 -85.000000
53141 35.866680 -85.000000
4137 -217.751120 -75.000000
90919 106.215560 -75.000000
50569 226.123920 -75.000000
53107 154.355560 -75.000000
55454 -295.993320 -75.000000
4587 -107.797760 -75.000000
2360 557.200000 -75.000000
23228 701.765960 -75.000000
53160 64.066680 -75.000000
90512 646.287520 -75.000000
55498 -610.400000 -75.000000
55511 -577.266680 -75.000000
1647 470.933320 -75.000000
1555 598.600000 -75.000000
73102 -677.933320 -75.000000
4186 -215.718880 -65.000000
90860 95.145440 -65.000000
3824 -294.627200 -65.000000
51133 164.055480 -65.000000
5063 -136.446680 -65.000000
1670 565.066680 -65.000000
512 30.608880 -65.000000
50595 250.066680 -65.000000
23226 696.533320 -65.000000
55505 -615.800000 -65.000000
90509 638.666680 -65.000000
1981 487.933320 -65.000000
71823 -49.867000 -65.000000
5463 -178.043320 -55.000000
51142 111.133320 -55.000000
55270 -302.912240 -55.000000
498 44.956680 -55.000000
53111 210.691120 -55.000000
4247 -129.296680 -55.000000
5858 -261.583320 -55.000000
90516 -699.066640 -55.000000
1252 -664.880000 -55.000000
1953 502.066680 -55.000000
51139 147.733320 -55.000000
1539 572.676680 -55.000000
90513 658.200000 -55.000000
55329 -320.112960 -45.000000
6867 79.866680 -45.000000
4011 -169.286680 -45.000000
55282 -276.933320 -45.000000
37942 476.333320 -45.000000
5169 -211.441120 -45.000000
74396 160.600000 -45.000000
1770 541.367400 -45.000000
50571 230.133320 -45.000000
5249 -128.345560 -45.000000
74405 125.133320 -45.000000
55558 581.666680 -45.000000
71022 671.681800 -45.000000
10673 374.716480 -45.000000
503 34.937760 -35.000000
5392 -157.524440 -35.000000
55469 -340.119920 -35.000000
37967 432.521600 -35.000000
38091 483.039040 -35.000000
5137 -121.421120 -35.000000
55251 -290.313320 -35.000000
5352 -222.615560 -35.000000
74297 118.800000 -35.000000
55556 552.718880 -35.000000
74188 160.800000 -35.000000
6848 81.962240 -35.000000
71021 618.800000 -35.000000
74121 692.776680 -35.000000
71019 654.813400 -35.000000
55497 -574.133320 -35.000000
71822 -27.666680 -35.000000
37892 406.380520 -25.000000
74166 118.078040 -25.000000
38113 475.003320 -25.000000
5089 -155.837760 -25.000000
5734 -195.207760 -25.000000
4858 -106.452240 -25.000000
55248 -343.366680 -25.000000
6855 57.272240 -25.000000
55221 -287.001080 -25.000000
55546 579.000000 -25.000000
55530 607.200000 -25.000000
38140 519.000000 -25.000000
74422 170.866680 -25.000000
55540 637.533320 -25.000000
6857 37.285840 -15.000000
4554 -181.172240 -15.000000
4952 -258.100000 -15.000000
38007 391.983200 -15.000000
37968 457.554000 -15.000000
49271 137.666680 -15.000000
6871 79.565560 -15.000000
55302 -313.988880 -15.000000
37792 497.800000 -15.000000
37898 538.800000 -15.000000
49261 181.466680 -15.000000
4010 -132.564440 -15.000000
55544 591.066680 -15.000000
71024 245.800000 -15.000000
4177 -223.375560 -15.000000
55552 636.733320 -15.000000
49278 126.266680 -5.000000
19695 -346.600000 -5.000000
4131 -209.017760 -5.000000
19740 -299.099800 -5.000000
38002 383.417080 -5.000000
38044 464.333320 -5.000000
3989 -163.488880 -5.000000
72271 197.181440 -5.000000
38099 543.000000 -5.000000
31828 2.133320 -5.000000
38097 417.637280 -5.000000
6841 55.066680 -5.000000
4879 -242.368880 -5.000000
51121 265.333320 -5.000000
55547 613.066680 -5.000000
54851 -685.350120 -5.000000
51127 304.933320 -5.000000
71820 388.400280 5.000000
72288 154.375000 5.000000
31813 7.800000 5.000000
53036 462.333320 5.000000
6859 73.800000 5.000000
37969 517.382000 5.000000
10037 -324.124440 5.000000
4933 -222.265560 5.000000
10065 -285.452640 5.000000
49377 673.907840 5.000000
49367 -696.503400 5.000000
51130 264.733320 5.000000
49376 -581.950920 5.000000
9571 -314.327000 15.000000
37979 379.666680 15.000000
53028 442.746120 15.000000
8254 20.833600 15.000000
8338 67.066680 15.000000
10386 -255.506560 15.000000
34519 -31.000000 15.000000
71064 114.466680 15.000000
75478 141.222240 15.000000
72256 192.600000 15.000000
51125 282.035520 15.000000
34447 -188.333320 15.000000
59392 503.175560 15.000000
49373 652.934080 15.000000
51128 306.266680 15.000000
53513 -1.416680 25.000000
53414 33.585560 25.000000
9947 -326.144440 25.000000
56815 487.451120 25.000000
50060 -67.187600 25.000000
49995 298.391120 25.000000
9576 -259.503320 25.000000
53022 425.266680 25.000000
37805 351.288800 25.000000
8310 84.333320 25.000000
72307 -190.667280 25.000000
22719 138.866680 25.000000
58012 516.866200 25.000000
22799 184.400000 25.000000
50618 667.521080 25.000000
23238 595.365920 25.000000
63668 552.916360 25.000000
23236 625.600000 25.000000
22706 121.987560 35.000000
34615 -81.751120 35.000000
34616 -33.709160 35.000000
41639 285.533320 35.000000
53471 26.600000 35.000000
90351 -292.564080 35.000000
53596 6.733320 35.000000
72278 200.260000 35.000000
56425 456.588880 35.000000
10493 -360.333320 35.000000
57501 526.007760 35.000000
53470 67.866680 35.000000
50011 338.054800 35.000000
72785 375.592400 35.000000
90419 -234.595560 35.000000
23230 573.516680 35.000000
53484 22.055240 45.000000
90495 363.666680 45.000000
90339 -288.666680 45.000000
53528 79.641080 45.000000
3461 -39.153360 45.000000
53724 -366.001600 45.000000
56661 468.566680 45.000000
18903 148.578720 45.000000
90330 -231.800000 45.000000
57896 531.688880 45.000000
72261 201.065560 45.000000
39925 273.266680 45.000000
53754 -328.333320 45.000000
3466 1.420000 45.000000
57916 465.928800 55.000000
72592 381.066680 55.000000
38888 283.413160 55.000000
72208 -84.776240 55.000000
50818 -50.000000 55.000000
35728 -404.053080 55.000000
36394 -315.827240 55.000000
53221 -9.552880 55.000000
90580 138.818080 55.000000
90594 194.083640 55.000000
53626 38.956080 55.000000
55715 508.701120 55.000000
38671 335.406680 55.000000
72799 423.031920 55.000000
2801 -208.466680 55.000000
2441 -261.933320 55.000000
35967 561.344440 55.000000
72517 82.341200 55.000000
35978 591.542240 55.000000
50896 363.624440 65.000000
39679 286.897760 65.000000
71069 106.134440 65.000000
90592 161.826680 65.000000
90449 411.883320 65.000000
51175 -453.560400 65.000000
36359 -310.133320 65.000000
55700 518.333320 65.000000
59074 464.270000 65.000000
72242 -98.958480 65.000000
54993 237.369480 65.000000
53197 8.067200 65.000000
90593 195.297680 65.000000
34665 -216.000000 65.000000
35688 -376.466680 65.000000
72209 -49.919720 65.000000
50943 615.774440 65.000000
40548 273.391760 75.000000
51989 -429.510640 75.000000
40986 307.421400 75.000000
19411 -318.954280 75.000000
41762 375.200000 75.000000
50973 -93.799000 75.000000
71083 118.865560 75.000000
63013 -240.422880 75.000000
70987 212.916680 75.000000
52887 -383.733320 75.000000
90502 434.666680 75.000000
59573 531.907760 75.000000
57425 467.374440 75.000000
81278 -632.360000 75.000000
72540 55.417120 75.000000
50832 -9.368880 75.000000
81042 -553.892240 75.000000
36008 429.630760 85.000000
2821 337.345560 85.000000
41495 276.333320 85.000000
70984 138.876680 85.000000
51708 -446.333320 85.000000
70989 174.304440 85.000000
51918 -394.666680 85.000000
51984 -340.466680 85.000000
10639 -255.287760 85.000000
81407 -655.433320 85.000000
50851 386.600000 85.000000
50972 -98.134440 85.000000
81912 -612.957760 85.000000
74126 506.975560 85.000000
54978 214.200000 85.000000
50971 -19.048800 85.000000
72516 54.710000 85.000000
59860 247.328800 95.000000
2824 346.629760 95.000000
70998 168.887400 95.000000
8629 426.000000 95.000000
9109 480.273200 95.000000
10581 -347.532160 95.000000
38963 291.600000 95.000000
51599 -453.558880 95.000000
51615 -397.666680 95.000000
19901 116.595560 95.000000
10602 -302.310000 95.000000
54986 211.062880 95.000000
2815 377.600000 95.000000
19987 -90.831920 95.000000
19645 -10.908880 95.000000
50349 75.200000 95.000000
74135 468.127400 105.000000
39931 303.400000 105.000000
40279 344.666680 105.000000
59818 246.479600 105.000000
8638 405.866680 105.000000
52018 -428.266680 105.000000
70935 173.456680 105.000000
51710 -374.000000 105.000000
19949 115.568400 105.000000
74129 507.967600 105.000000
83707 -305.774640 105.000000
19988 -103.650000 105.000000
50345 33.600000 105.000000
19612 -20.314400 105.000000
86463 -329.956840 105.000000
39255 293.866680 115.000000
9399 431.367760 115.000000
9033 497.544440 115.000000
81464 -402.453080 115.000000
54832 368.282400 115.000000
42052 192.155200 115.000000
51449 -451.333320 115.000000
19977 118.200000 115.000000
84557 -327.300280 115.000000
60044 257.466680 115.000000
21341 -139.666680 115.000000
40731 324.320000 115.000000
70982 151.787760 115.000000
9031 467.533320 115.000000
41902 224.428000 115.000000
50399 -19.240000 115.000000
48883 529.933320 115.000000
50356 42.085520 115.000000
50377 82.556160 115.000000
75754 -370.185880 115.000000
9088 461.832240 125.000000
19916 109.998680 125.000000
8969 400.338960 125.000000
59904 279.374440 125.000000
41818 164.155400 125.000000
40280 327.400000 125.000000
51483 -464.933320 125.000000
41882 209.677200 125.000000
50412 -58.962480 125.000000
81747 -362.622600 125.000000
50353 56.266680 125.000000
48654 561.232560 125.000000
19478 9.133320 125.000000
87111 -300.399320 125.000000
48588 505.800000 125.000000
42030 242.258880 125.000000
79237 -411.382520 125.000000
3800 -222.712240 125.000000
9468 429.117760 135.000000
41845 156.603520 135.000000
8817 478.393320 135.000000
82972 -505.974720 135.000000
50390 -60.440000 135.000000
56 261.689320 135.000000
48953 569.008720 135.000000
59999 322.271600 135.000000
50425 -12.330200 135.000000
52715 -447.066680 135.000000
78586 -405.226680 135.000000
50376 31.749840 135.000000
42023 194.505600 135.000000
48982 526.866680 135.000000
76019 -358.551920 135.000000
41966 223.745760 135.000000
50346 81.066680 135.000000
78182 -300.139240 135.000000
10688 117.700000 135.000000
49108 543.325200 145.000000
42065 187.686040 145.000000
9165 450.480000 145.000000
49615 501.161120 145.000000
49188 594.570000 145.000000
8846 394.168880 145.000000
41991 259.424800 145.000000
19462 -8.832120 145.000000
72418 130.634440 145.000000
87031 -511.579840 145.000000
19510 40.908680 145.000000
83630 -381.195920 145.000000
77724 -296.372520 145.000000
82499 -433.548880 145.000000
42039 224.226080 145.000000
8695 304.707760 145.000000
73780 96.135560 145.000000
63361 -43.733320 145.000000
76798 -341.698200 145.000000
49619 492.911320 155.000000
8392 444.588920 155.000000
73170 113.417080 155.000000
85677 -336.655160 155.000000
42059 167.167600 155.000000
49002 593.487760 155.000000
22463 -25.509560 155.000000
87022 -528.677680 155.000000
34832 76.864880 155.000000
72938 209.533320 155.000000
45848 32.439040 155.000000
49475 531.145560 155.000000
78774 -437.938800 155.000000
72882 299.116200 155.000000
76074 -401.327680 155.000000
8785 384.695560 155.000000
88473 -266.791680 155.000000
72954 259.333320 155.000000
84345 -477.142120 155.000000
63505 -141.666680 155.000000
63377 -83.241400 155.000000
73604 91.798640 165.000000
84628 -335.023880 165.000000
9108 469.731120 165.000000
21455 -32.810240 165.000000
46578 37.935600 165.000000
90298 252.865080 165.000000
73299 131.244440 165.000000
8593 513.693320 165.000000
8382 421.288880 165.000000
2467 187.568040 165.000000
76822 -266.239080 165.000000
90263 310.690280 165.000000
85147 -398.751160 165.000000
48465 592.960000 165.000000
8826 359.587760 165.000000
20489 3.200000 165.000000
86967 -489.564200 165.000000
73818 163.515560 165.000000
86153 -431.634120 165.000000
48918 547.273320 165.000000
2477 212.305560 165.000000
6751 -338.665200 175.000000
8426 474.291120 175.000000
49681 289.800000 175.000000
48994 598.387760 175.000000
8782 521.241120 175.000000
64256 77.425040 175.000000
9208 332.333320 175.000000
27809 -5.400000 175.000000
68606 157.008880 175.000000
83884 -406.055360 175.000000
6347 -275.289560 175.000000
49835 235.036680 175.000000
9205 374.666680 175.000000
20009 -57.584000 175.000000
86946 -507.140400 175.000000
76481 -473.261240 175.000000
26047 33.333320 175.000000
50925 420.699640 175.000000
6489 -318.351240 185.000000
8666 488.600000 185.000000
37053 52.159640 185.000000
69558 200.855560 185.000000
75010 107.930480 185.000000
8673 539.466680 185.000000
86009 -514.704840 185.000000
6589 -266.858160 185.000000
27633 7.400000 185.000000
28389 -24.213440 185.000000
49878 347.666680 185.000000
88219 -471.777160 185.000000
70778 621.934640 185.000000
6730 -222.732400 185.000000
76619 -410.002760 185.000000
70753 138.095600 185.000000
49713 278.980000 185.000000
50914 433.466680 185.000000
75837 -358.548720 185.000000
65096 84.600000 185.000000
28734 -5.604800 195.000000
6764 -519.477360 195.000000
1501 47.488320 195.000000
74583 181.933320 195.000000
50935 394.532960 195.000000
74862 81.092960 195.000000
6809 -412.588160 195.000000
67979 510.371120 195.000000
87200 -468.328280 195.000000
49823 262.397760 195.000000
75082 117.266680 195.000000
8650 460.800000 195.000000
6620 -308.262920 195.000000
8344 337.466680 195.000000
6715 -240.837240 195.000000
69927 612.151360 195.000000
6386 -359.734920 195.000000
23695 22.013720 195.000000
33321 -18.502960 205.000000
74725 110.095200 205.000000
62530 66.047120 205.000000
74709 166.000000 205.000000
6197 -477.341160 205.000000
67776 396.185560 205.000000
69144 244.395200 205.000000
70345 454.439160 205.000000
49700 303.783920 205.000000
12775 16.400000 205.000000
68155 608.060960 205.000000
6680 -399.538080 205.000000
8750 517.466680 205.000000
49836 352.053320 205.000000
14669 38.666680 205.000000
6200 -542.978360 205.000000
38335 -56.810560 205.000000
6685 -292.528320 205.000000
67740 201.514440 205.000000
6625 -192.600680 205.000000
12599 35.642120 215.000000
6048 95.266680 215.000000
69614 182.600000 215.000000
70327 215.150000 215.000000
38243 -43.068760 215.000000
6289 -477.874840 215.000000
67081 314.054440 215.000000
68996 384.439600 215.000000
69584 137.960000 215.000000
69286 559.593200 215.000000
49837 270.482240 215.000000
32270 2.800000 215.000000
6695 -414.274800 215.000000
6736 -535.413800 215.000000
69824 239.766680 215.000000
68749 458.066680 215.000000
6402 -306.645480 215.000000
6354 -175.326120 215.000000
60747 66.205200 215.000000
88664 -690.146680 215.000000
68774 132.462240 225.000000
69033 298.737760 225.000000
70711 203.450000 225.000000
18951 20.262120 225.000000
68289 404.166680 225.000000
50313 84.423560 225.000000
32829 -38.030520 225.000000
70221 354.866680 225.000000
68875 471.596400 225.000000
6335 -517.210840 225.000000
70303 513.866680 225.000000
6741 -415.423160 225.000000
70406 712.911120 225.000000
67564 622.800000 225.000000
67027 564.666680 225.000000
69603 73.056680 235.000000
69253 210.000000 235.000000
68933 278.860000 235.000000
68135 143.354240 235.000000
54737 -4.066720 235.000000
70401 377.647760 235.000000
68596 582.200000 235.000000
81896 -555.678880 235.000000
67308 175.120000 235.000000
66896 486.557760 235.000000
67216 435.773320 235.000000
70220 523.170000 235.000000
81384 -621.193320 235.000000
69111 614.133320 235.000000
67780 232.856680 235.000000
6314 -457.800800 235.000000
69192 657.866680 235.000000
22855 75.741800 245.000000
70054 275.666680 245.000000
69296 173.387640 245.000000
75795 -626.601120 245.000000
68914 348.212400 245.000000
70671 497.932240 245.000000
54455 3.296600 245.000000
23196 118.163960 245.000000
70760 232.327760 245.000000
68484 444.711120 245.000000
6800 -510.215000 245.000000
6815 -424.410200 245.000000
23247 -51.066680 245.000000
89106 -576.757760 245.000000
70857 537.317760 245.000000
54653 38.182600 245.000000
69193 582.600000 245.000000
34538 -208.133320 245.000000
69153 630.800000 245.000000
70196 691.400000 245.000000
34535 -150.866680 245.000000
66976 126.194440 255.000000
54773 14.580240 255.000000
42093 -114.581640 255.000000
69079 274.802680 255.000000
70344 199.824000 255.000000
71766 69.038880 255.000000
68736 437.844440 255.000000
79608 -617.865560 255.000000
67706 336.010440 255.000000
34537 -218.886280 255.000000
66940 688.933320 255.000000
69091 491.327760 255.000000
70418 545.800000 255.000000
42090 -50.800000 255.000000
70064 613.666680 255.000000
6375 -295.057960 255.000000
70283 389.000000 255.000000
84673 -673.625560 255.000000
6592 -404.332960 255.000000
84838 -559.397760 255.000000
23051 89.872640 265.000000
69076 267.533320 265.000000
67892 162.647760 265.000000
54465 45.620040 265.000000
42076 -96.351200 265.000000
67028 428.000000 265.000000
70320 473.600000 265.000000
70369 334.466680 265.000000
34539 -238.733320 265.000000
70917 579.400000 265.000000
69952 653.733320 265.000000
82149 -674.386680 265.000000
34534 -184.600000 265.000000
42085 -48.400000 265.000000
6542 -295.850080 265.000000
6313 -581.541720 265.000000
6518 -471.331600 265.000000
68804 108.327760 275.000000
68947 328.810800 275.000000
70602 235.000000 275.000000
66963 154.574440 275.000000
70119 374.588800 275.000000
54772 57.820320 275.000000
67192 641.748840 275.000000
69299 696.253320 275.000000
34533 -231.400000 275.000000
67092 517.533320 275.000000
6373 -552.887240 275.000000
69114 431.876400 275.000000
6400 -487.385960 275.000000
6328 -413.513440 275.000000
54532 64.728360 285.000000
70195 500.477760 285.000000
54780 133.994880 285.000000
76224 -645.154440 285.000000
67998 386.000000 285.000000
67404 561.666680 285.000000
6239 -307.365720 285.000000
71989 -67.874800 285.000000
34541 -251.666680 295.000000
67455 304.185560 295.000000
34536 -293.370000 305.000000
71988 26.560280 315.000000
