521 788.326700 -385.000000
1174 -362.500000 -275.000000
35648 -209.546000 -275.000000
8179 -318.583350 -265.000000
1040 -310.083350 -255.000000
8176 -404.437250 -255.000000
1085 -368.583350 -245.000000
72556 300.083350 -245.000000
54881 805.750000 -235.000000
591 -298.666650 -235.000000
985 -378.833350 -235.000000
54875 856.717850 -235.000000
668 -283.500000 -225.000000
54870 873.518050 -225.000000
8113 -387.330950 -225.000000
54928 813.313550 -225.000000
54866 827.166650 -215.000000
1162 -344.525250 -215.000000
1014 -286.250000 -215.000000
1913 754.647050 -215.000000
8104 -386.865950 -215.000000
1972 712.583350 -215.000000
54882 884.200650 -215.000000
54955 -858.666650 -215.000000
54962 -896.122150 -205.000000
8175 -400.684700 -205.000000
2003 705.833350 -205.000000
54905 848.416650 -205.000000
1188 -297.000000 -205.000000
2292 767.583350 -205.000000
565 -275.416650 -195.000000
952 -361.333350 -195.000000
1840 742.803450 -195.000000
1841 685.750000 -195.000000
54934 860.225800 -195.000000
54878 -891.754100 -195.000000
2074 751.816600 -185.000000
922 -248.750000 -185.000000
54856 849.833350 -185.000000
54893 -889.600700 -185.000000
8200 -335.583350 -185.000000
8120 -386.666650 -185.000000
1560 695.250000 -185.000000
71821 19.442250 -185.000000
584 -327.886150 -175.000000
90141 -250.836750 -175.000000
1532 717.000000 -175.000000
1677 808.622350 -175.000000
90702 133.235650 -175.000000
90683 74.083350 -175.000000
1534 571.458350 -175.000000
2108 653.583350 -175.000000
54909 896.500000 -175.000000
8196 -404.284250 -165.000000
8195 -328.832800 -165.000000
2333 738.036600 -165.000000
90643 65.083350 -165.000000
1045 -282.331950 -165.000000
90753 169.916650 -165.000000
2151 785.882350 -165.000000
5431 -230.493050 -165.000000
2048 602.500000 -165.000000
90647 111.583350 -165.000000
1656 557.166650 -165.000000
2406 666.916650 -165.000000
2210 594.166650 -155.000000
677 -341.916650 -155.000000
5338 -220.150000 -155.000000
5245 -282.712500 -155.000000
2174 797.509250 -155.000000
90761 164.416650 -155.000000
90614 97.500000 -155.000000
2339 747.333350 -155.000000
1644 674.166650 -155.000000
2290 545.821550 -155.000000
90663 137.083350 -145.000000
4365 -294.897200 -145.000000
5129 -216.652800 -145.000000
90764 196.500000 -145.000000
864 -358.250000 -145.000000
90800 82.250000 -145.000000
2019 787.386500 -145.000000
1844 546.000000 -145.000000
2312 725.750000 -145.000000
2076 607.666650 -145.000000
53232 863.831400 -145.000000
90697 176.218150 -135.000000
90779 121.333350 -135.000000
1642 789.140450 -135.000000
1095 -389.083350 -135.000000
4861 -217.227800 -135.000000
998 -300.416650 -135.000000
2358 732.833350 -135.000000
958 -260.666650 -135.000000
53140 54.666650 -135.000000
8162 -507.752650 -135.000000
8131 -574.166650 -135.000000
1944 546.833350 -135.000000
4466 -270.365300 -125.000000
90758 164.939150 -125.000000
1054 -312.083350 -125.000000
5360 -196.013900 -125.000000
90646 113.852800 -125.000000
2250 804.458700 -125.000000
50557 257.416650 -125.000000
1657 734.750000 -125.000000
50575 207.250000 -125.000000
8201 -370.416650 -125.000000
1686 541.166650 -125.000000
53143 57.916650 -125.000000
62820 -677.507350 -125.000000
5623 -206.180550 -115.000000
4264 -259.304150 -115.000000
8094 -385.000000 -115.000000
53166 109.416150 -115.000000
8100 -326.666650 -115.000000
90751 174.250000 -115.000000
50610 239.333350 -115.000000
53179 850.286000 -115.000000
2269 785.500000 -115.000000
53164 42.526400 -115.000000
1538 708.416650 -115.000000
2153 580.666650 -115.000000
55516 -653.845850 -115.000000
55506 -738.666650 -115.000000
4272 -309.231950 -105.000000
90899 118.916650 -105.000000
5416 -197.051400 -105.000000
8133 -371.833350 -105.000000
50585 271.416650 -105.000000
90934 178.138300 -105.000000
2037 764.000000 -105.000000
4999 -256.829150 -105.000000
2122 670.500000 -105.000000
73103 894.000000 -105.000000
53157 50.238600 -105.000000
2272 558.666650 -105.000000
8091 -780.875000 -105.000000
1627 726.166650 -105.000000
53193 830.323050 -105.000000
53176 803.416650 -105.000000
73104 -853.750000 -105.000000
4137 -177.688900 -95.000000
50569 201.654900 -95.000000
4423 -244.268050 -95.000000
90908 122.377750 -95.000000
55454 -366.241650 -95.000000
3892 -311.313700 -95.000000
50609 273.916650 -95.000000
2360 704.000000 -95.000000
23228 -895.792550 -95.000000
53162 70.583350 -95.000000
1555 746.000000 -95.000000
73102 -851.916650 -95.000000
2344 632.000000 -95.000000
90508 825.333350 -95.000000
90919 173.269450 -85.000000
3886 -384.833350 -85.000000
4581 -225.269450 -85.000000
1670 710.833350 -85.000000
5350 -159.323600 -85.000000
90855 96.316800 -85.000000
5774 -271.444450 -85.000000
53106 235.543050 -85.000000
23227 899.083350 -85.000000
90512 814.609400 -85.000000
55498 -736.000000 -85.000000
1647 629.166650 -85.000000
1931 757.166650 -85.000000
55526 -779.750000 -85.000000
4186 -263.648600 -75.000000
90860 159.431800 -75.000000
53126 217.333000 -75.000000
5864 -144.197200 -75.000000
55296 -387.654150 -75.000000
55312 -329.666650 -75.000000
505 46.500000 -75.000000
90864 114.833350 -75.000000
50568 275.416650 -75.000000
90509 865.833350 -75.000000
1252 -871.600000 -75.000000
1953 634.333350 -75.000000
1251 -826.512500 -75.000000
3987 -220.677800 -75.000000
90511 808.250000 -75.000000
71823 -1.583750 -75.000000
55329 -397.141200 -65.000000
5463 -168.554150 -65.000000
51142 192.916650 -65.000000
4535 -242.833350 -65.000000
90853 126.000000 -65.000000
55282 -352.166650 -65.000000
498 60.695850 -65.000000
1770 672.209250 -65.000000
50571 279.416650 -65.000000
90516 -846.833300 -65.000000
49454 233.383350 -65.000000
90531 -880.012650 -65.000000
2000 624.158600 -65.000000
90513 849.750000 -65.000000
6817 451.112550 -65.000000
6867 167.333350 -55.000000
4011 -206.358350 -55.000000
6863 115.666650 -55.000000
37942 635.916650 -55.000000
5169 -259.801400 -55.000000
74330 218.916650 -55.000000
55257 -362.547200 -55.000000
55285 -404.038900 -55.000000
5249 -164.931950 -55.000000
518 54.166650 -55.000000
4840 -300.331950 -55.000000
55558 732.333350 -55.000000
71022 785.602250 -55.000000
10673 480.395600 -55.000000
503 84.172200 -45.000000
5392 -192.405550 -45.000000
55469 -419.149900 -45.000000
37868 600.083350 -45.000000
5137 -156.276400 -45.000000
55251 -368.891650 -45.000000
5352 -286.519450 -45.000000
37900 550.515850 -45.000000
74297 182.250000 -45.000000
55556 771.898600 -45.000000
72935 639.868050 -45.000000
6848 142.952800 -45.000000
74249 213.583350 -45.000000
55532 704.000000 -45.000000
74121 871.970850 -45.000000
55497 -677.166650 -45.000000
37892 513.225650 -35.000000
74166 157.347550 -35.000000
38113 587.754150 -35.000000
6875 88.000000 -35.000000
4858 -207.315300 -35.000000
55248 -375.208350 -35.000000
4022 -268.036100 -35.000000
55546 726.000000 -35.000000
37819 550.641650 -35.000000
4212 -150.169450 -35.000000
55318 -429.530550 -35.000000
55530 762.750000 -35.000000
74394 215.750000 -35.000000
4495 -325.368050 -35.000000
55542 688.500000 -35.000000
55540 793.166650 -35.000000
71822 -42.083350 -35.000000
6857 100.607300 -25.000000
37966 621.110500 -25.000000
6922 43.416350 -25.000000
38121 451.333350 -25.000000
49271 219.333350 -25.000000
5089 -161.047200 -25.000000
5734 -238.009700 -25.000000
55388 -418.166650 -25.000000
74402 180.500000 -25.000000
37982 541.533350 -25.000000
74400 146.000000 -25.000000
55259 -370.812500 -25.000000
4738 -303.918050 -25.000000
38140 675.750000 -25.000000
3925 -193.543050 -25.000000
55551 754.083350 -25.000000
71024 301.250000 -25.000000
55560 703.500000 -25.000000
4554 -219.715300 -15.000000
19695 -372.500000 -15.000000
4952 -282.125000 -15.000000
38007 550.729000 -15.000000
37968 612.442500 -15.000000
74342 182.500000 -15.000000
37792 656.000000 -15.000000
3751 119.800000 -15.000000
37824 487.327700 -15.000000
19709 -420.833350 -15.000000
37898 727.500000 -15.000000
6819 62.833350 -15.000000
49261 221.583350 -15.000000
4010 -170.955550 -15.000000
55538 775.000000 -15.000000
4000 -323.220850 -15.000000
49278 205.083350 -5.000000
4131 -257.522200 -5.000000
19740 -377.624750 -5.000000
38002 519.771350 -5.000000
70928 132.294250 -5.000000
38044 573.666650 -5.000000
3989 -211.861100 -5.000000
19756 -485.750000 -5.000000
38099 638.250000 -5.000000
31828 10.916650 -5.000000
38023 476.599850 -5.000000
37973 697.416650 -5.000000
6841 73.333350 -5.000000
5142 -306.330550 -5.000000
49270 166.666650 -5.000000
51121 338.416650 -5.000000
54851 -878.437650 -5.000000
51127 378.166650 -5.000000
71820 546.250350 5.000000
75485 141.910950 5.000000
52993 485.789000 5.000000
31813 77.250000 5.000000
37969 642.227500 5.000000
10037 -371.405550 5.000000
4933 -237.331950 5.000000
49219 197.416650 5.000000
19697 -408.583350 5.000000
72310 9.636600 5.000000
72291 249.666650 5.000000
49377 882.884800 5.000000
38136 603.196000 5.000000
49366 825.605250 5.000000
9957 -338.866650 5.000000
51130 337.666650 5.000000
49372 -745.375100 5.000000
72288 199.718750 15.000000
9604 -370.612500 15.000000
37979 508.333350 15.000000
8338 78.583350 15.000000
10065 -404.065800 15.000000
4158 -330.366650 15.000000
37827 474.427000 15.000000
8258 38.666650 15.000000
53082 547.083350 15.000000
52977 586.166650 15.000000
75478 149.527800 15.000000
72277 245.583350 15.000000
6833 111.666650 15.000000
34456 -181.000000 15.000000
51124 334.833350 15.000000
49376 -835.438650 15.000000
49373 825.917600 15.000000
34446 -279.750000 15.000000
51128 379.833350 15.000000
9571 -352.408750 25.000000
8028 -41.140300 25.000000
34462 14.015500 25.000000
8254 66.542000 25.000000
52988 493.414500 25.000000
6889 110.774800 25.000000
53022 619.333350 25.000000
10045 -399.480550 25.000000
37805 446.611000 25.000000
53048 557.916650 25.000000
72307 -245.834100 25.000000
71064 170.083350 25.000000
51125 379.544400 25.000000
72259 256.018050 25.000000
34480 -10.166650 25.000000
71106 144.393050 25.000000
22772 198.250000 25.000000
52976 521.416650 25.000000
72301 -300.166650 25.000000
23237 833.018050 25.000000
51129 345.666650 25.000000
23235 766.926600 25.000000
53513 31.979150 35.000000
9947 -401.680550 35.000000
34497 -26.083350 35.000000
56815 613.063900 35.000000
50060 -77.984500 35.000000
9699 -344.526400 35.000000
49995 420.238900 35.000000
53021 541.193000 35.000000
35998 -260.776350 35.000000
8310 97.916650 35.000000
52959 471.800700 35.000000
50030 378.179000 35.000000
22719 207.333350 35.000000
22771 172.166650 35.000000
71104 149.000000 35.000000
58012 643.082750 35.000000
53422 6.978750 35.000000
72275 258.154150 35.000000
50618 838.901350 35.000000
23238 747.207400 35.000000
63668 687.395450 35.000000
23236 777.500000 35.000000
22706 226.734450 45.000000
34615 -41.438900 45.000000
41639 417.666650 45.000000
40307 369.583350 45.000000
53471 35.500000 45.000000
53454 4.750000 45.000000
90351 -271.205100 45.000000
56425 665.236100 45.000000
8266 85.000000 45.000000
90381 -336.883350 45.000000
55132 -379.598650 45.000000
10493 -444.416650 45.000000
57137 589.000000 45.000000
71078 137.280550 45.000000
90485 502.900000 45.000000
22759 174.916650 45.000000
53416 57.750000 45.000000
10430 -410.333350 45.000000
53484 30.569050 55.000000
90495 596.333350 55.000000
90339 -313.583350 55.000000
90378 -385.202800 55.000000
49353 494.580050 55.000000
53528 92.801350 55.000000
41553 399.416650 55.000000
39191 354.833350 55.000000
18903 191.723400 55.000000
35981 -59.916650 55.000000
72261 246.081950 55.000000
50845 -7.348500 55.000000
53727 -448.470850 55.000000
53304 51.972900 55.000000
35985 -100.166650 55.000000
72592 523.583350 65.000000
38888 415.016450 65.000000
50818 -58.000000 65.000000
3461 25.308300 65.000000
53724 -410.252000 65.000000
40581 365.248600 65.000000
72551 102.173950 65.000000
90594 202.104550 65.000000
90578 240.183350 65.000000
72386 -481.935900 65.000000
71073 148.333350 65.000000
90473 572.916650 65.000000
56037 629.300000 65.000000
72750 478.494150 65.000000
72253 -111.359700 65.000000
10672 -314.667700 65.000000
2441 -367.916650 65.000000
35967 742.180550 65.000000
3467 -21.333350 65.000000
35976 699.883350 65.000000
90585 291.166650 65.000000
57916 622.911000 75.000000
72208 -72.220300 75.000000
72215 -120.276400 75.000000
71069 186.668050 75.000000
90592 236.033350 75.000000
71082 138.186100 75.000000
35728 -410.566350 75.000000
39672 390.833350 75.000000
35761 -468.031950 75.000000
56806 574.683350 75.000000
38874 351.500000 75.000000
72726 459.509800 75.000000
50841 -5.971000 75.000000
50952 -263.366700 75.000000
53224 44.346000 75.000000
50829 -42.170500 75.000000
52188 -533.333350 75.000000
72541 85.551500 75.000000
19238 -324.940400 75.000000
72776 524.999050 75.000000
50943 761.468050 75.000000
50944 704.113900 75.000000
50896 459.780550 85.000000
39679 365.372200 85.000000
48327 -359.967900 85.000000
90449 520.104150 85.000000
51175 -445.450500 85.000000
39569 420.250000 85.000000
55835 584.965300 85.000000
70994 238.920850 85.000000
72242 -49.448100 85.000000
54993 291.461850 85.000000
59573 653.634700 85.000000
71076 130.926000 85.000000
70985 197.755550 85.000000
53197 16.084000 85.000000
51917 -556.000000 85.000000
10654 -103.902100 85.000000
34665 -277.500000 85.000000
10658 -155.323550 85.000000
62896 -322.580050 85.000000
40548 346.239700 95.000000
51989 -528.638300 95.000000
40986 381.276750 95.000000
19411 -388.942850 95.000000
51815 -465.259700 95.000000
50886 513.648600 95.000000
50973 -49.748750 95.000000
41780 421.916650 95.000000
71083 216.081950 95.000000
63013 -306.528600 95.000000
9082 562.525000 95.000000
50892 461.083350 95.000000
57425 617.968050 95.000000
81278 -787.450000 95.000000
71050 151.914950 95.000000
50832 22.038900 95.000000
81042 -708.865300 95.000000
55773 590.876500 95.000000
53199 79.582150 95.000000
41495 379.166650 105.000000
70984 178.095850 105.000000
9450 579.914550 105.000000
40604 413.500000 105.000000
51708 -549.666650 105.000000
90460 511.205850 105.000000
70989 214.130550 105.000000
50869 456.417950 105.000000
51918 -496.333350 105.000000
51984 -430.083350 105.000000
10639 -331.109700 105.000000
38937 333.750000 105.000000
81407 -765.291650 105.000000
50972 -115.168050 105.000000
88950 -811.045850 105.000000
10650 -396.766650 105.000000
52814 -460.750000 105.000000
56021 624.850850 105.000000
50971 -31.311000 105.000000
72516 72.137500 105.000000
2824 467.037200 115.000000
36008 543.788450 115.000000
39055 417.848600 115.000000
38494 336.083350 115.000000
10581 -393.915200 115.000000
74128 628.566650 115.000000
54989 274.966650 115.000000
52366 -549.916650 115.000000
52585 -468.250000 115.000000
41177 378.583350 115.000000
50878 497.500000 115.000000
19987 -106.789900 115.000000
19645 -5.386100 115.000000
10539 -427.731950 115.000000
70996 213.161100 115.000000
70977 160.952800 115.000000
81932 -811.594750 115.000000
75791 -775.569400 115.000000
5876 -335.916650 115.000000
59860 314.411000 125.000000
74135 625.659250 125.000000
70998 215.609250 125.000000
40866 440.583350 125.000000
59818 368.849500 125.000000
17 261.400000 125.000000
52018 -528.583350 125.000000
74133 579.419500 125.000000
8829 492.591650 125.000000
51710 -474.250000 125.000000
8634 533.431950 125.000000
39477 413.000000 125.000000
19949 178.210500 125.000000
83707 -415.968300 125.000000
5883 -368.715300 125.000000
19938 150.763900 125.000000
50349 98.500000 125.000000
50368 51.591950 125.000000
51476 -615.322200 125.000000
39931 419.750000 135.000000
39728 361.083350 135.000000
8602 614.530550 135.000000
8638 554.583350 135.000000
8506 486.103600 135.000000
70935 223.570850 135.000000
52214 -470.416650 135.000000
19902 140.913900 135.000000
59910 320.083350 135.000000
52066 -533.583350 135.000000
88246 -397.292150 135.000000
48863 662.405550 135.000000
19965 175.636100 135.000000
19988 -116.812500 135.000000
3748 270.916000 135.000000
50345 48.000000 135.000000
82479 -428.936600 135.000000
19566 -14.696550 135.000000
54827 451.666650 135.000000
41654 392.666650 135.000000
39255 371.083350 145.000000
9399 586.459700 145.000000
8461 505.763900 145.000000
81464 -455.816350 145.000000
86978 -525.468150 145.000000
42052 244.694000 145.000000
40473 406.500000 145.000000
8993 625.747250 145.000000
42072 325.314500 145.000000
19977 174.750000 145.000000
21341 -155.083350 145.000000
19878 127.200000 145.000000
85230 -385.896200 145.000000
8855 440.500000 145.000000
41902 282.785000 145.000000
50399 -29.300000 145.000000
19651 25.154900 145.000000
48883 659.416650 145.000000
52482 -602.750000 145.000000
50362 70.738600 145.000000
8463 549.163900 145.000000
9088 631.290300 155.000000
19916 171.248350 155.000000
8969 506.423700 155.000000
59904 353.718050 155.000000
9234 586.333350 155.000000
19876 119.595850 155.000000
41818 265.944250 155.000000
40280 403.250000 155.000000
51483 -571.416650 155.000000
50412 -66.953100 155.000000
81747 -372.278250 155.000000
76081 -506.715300 155.000000
59989 317.062500 155.000000
48828 693.119450 155.000000
83930 -458.215250 155.000000
19478 6.916650 155.000000
19600 47.625100 155.000000
8414 549.186100 155.000000
71015 211.265300 155.000000
8964 445.000000 155.000000
79870 -423.418000 155.000000
9468 543.147200 165.000000
41845 243.004400 165.000000
50390 -68.050000 165.000000
8974 614.888900 165.000000
49955 195.472100 165.000000
59999 335.339500 165.000000
48514 685.090300 165.000000
59799 400.941550 165.000000
52715 -564.083350 165.000000
86997 -612.786300 165.000000
78586 -502.033350 165.000000
50376 44.937300 165.000000
50353 124.333350 165.000000
50415 -9.750000 165.000000
76019 -442.939900 165.000000
49964 163.969450 165.000000
87111 -381.499150 165.000000
42020 280.921950 165.000000
3800 -287.390300 165.000000
49108 682.906500 175.000000
42065 239.107550 175.000000
8817 592.741650 175.000000
82972 -558.218400 175.000000
49615 630.201400 175.000000
49188 734.212500 175.000000
9250 529.643050 175.000000
56 330.861650 175.000000
50425 -49.162750 175.000000
59978 381.900900 175.000000
50396 -15.900000 175.000000
72449 195.583350 175.000000
83630 -471.244900 175.000000
19599 8.791650 175.000000
77724 -377.215650 175.000000
72464 157.916650 175.000000
76147 -628.093550 175.000000
19477 45.870700 175.000000
48 295.998350 175.000000
8668 558.962500 175.000000
34969 98.717050 175.000000
81188 -427.706000 175.000000
72413 181.030250 175.000000
77256 -508.143350 175.000000
49619 649.889150 185.000000
9165 567.600000 185.000000
8846 497.961100 185.000000
49572 612.658350 185.000000
41991 319.031000 185.000000
19462 36.209850 185.000000
41859 200.594450 185.000000
73112 161.644450 185.000000
41835 235.053100 185.000000
87031 -585.474800 185.000000
87022 -651.097100 185.000000
34832 100.581100 185.000000
22247 -50.934700 185.000000
21472 -4.101700 185.000000
84372 -406.922200 185.000000
48889 728.118050 185.000000
88907 -337.889900 185.000000
88608 -464.963900 185.000000
89643 -507.687700 185.000000
42039 277.282600 185.000000
64 362.285000 185.000000
49141 679.333350 185.000000
8695 414.634700 185.000000
63505 -167.333350 185.000000
35592 131.040450 185.000000
85347 -545.279150 185.000000
63377 -108.551750 185.000000
8392 560.986150 195.000000
9188 606.883350 195.000000
73170 146.271350 195.000000
49511 655.771600 195.000000
85677 -411.818950 195.000000
42059 213.459500 195.000000
49002 734.359700 195.000000
22463 22.113050 195.000000
45848 87.798800 195.000000
78774 -506.923500 195.000000
72882 319.895250 195.000000
63408 -27.666650 195.000000
9375 507.365300 195.000000
86812 -637.472000 195.000000
41890 262.466500 195.000000
8823 364.898600 195.000000
86366 -587.069000 195.000000
63231 -67.154150 195.000000
82388 -549.406850 195.000000
88473 -340.989600 195.000000
9083 404.202800 195.000000
2452 233.798500 195.000000
73732 177.399450 195.000000
86950 -470.057100 195.000000
63235 -187.083350 195.000000
73604 120.748300 205.000000
84628 -409.029850 205.000000
9108 641.163900 205.000000
21455 -0.512800 205.000000
46578 74.419500 205.000000
90298 370.081350 205.000000
73299 160.305550 205.000000
8382 531.111100 205.000000
8353 596.950000 205.000000
2467 261.460050 205.000000
477 201.568050 205.000000
85147 -494.688950 205.000000
8342 413.322200 205.000000
22471 -53.583350 205.000000
48465 733.700000 205.000000
90026 -348.493750 205.000000
8826 445.734700 205.000000
86967 -601.455250 205.000000
72945 320.833350 205.000000
86153 -543.292650 205.000000
48918 687.841650 205.000000
85574 -463.203300 205.000000
42753 30.491350 205.000000
2538 236.565300 205.000000
23273 53.000000 205.000000
6751 -418.081500 215.000000
8426 599.613900 215.000000
49681 402.750000 215.000000
48994 673.734700 215.000000
9208 455.916650 215.000000
3687 131.620750 215.000000
49315 352.001400 215.000000
27809 0.000000 215.000000
2739 67.782200 215.000000
76822 -373.298850 215.000000
83861 -466.532350 215.000000
87621 -319.247450 215.000000
68606 204.511100 215.000000
48469 738.851400 215.000000
22519 -55.583350 215.000000
90266 313.051400 215.000000
66721 106.606950 215.000000
49692 271.000000 215.000000
76766 -596.017250 215.000000
83589 -635.377950 215.000000
81588 -527.170700 215.000000
8563 538.883350 215.000000
6489 -391.939050 225.000000
8666 651.250000 225.000000
64256 157.531300 225.000000
45203 27.947550 225.000000
66559 78.325650 225.000000
68255 221.884700 225.000000
9110 409.166650 225.000000
86009 -637.381050 225.000000
83884 -499.319200 225.000000
6347 -296.861950 225.000000
8363 590.083350 225.000000
49835 300.545850 225.000000
24167 -26.833350 225.000000
8428 457.583350 225.000000
88790 -586.307450 225.000000
6189 -343.329150 225.000000
79039 -450.834450 225.000000
48447 745.348550 225.000000
66570 119.476400 225.000000
49862 351.750000 225.000000
50925 498.874550 225.000000
48882 694.288900 225.000000
37053 119.199550 235.000000
69558 240.569450 235.000000
75010 168.663100 235.000000
9058 598.836100 235.000000
50935 501.416200 235.000000
8673 669.833350 235.000000
87200 -632.660350 235.000000
6589 -338.072700 235.000000
8023 24.750000 235.000000
28389 -25.766800 235.000000
1331 65.250000 235.000000
87810 -566.130250 235.000000
8346 638.583350 235.000000
70778 764.668300 235.000000
6341 -449.950050 235.000000
8344 425.583350 235.000000
6730 -282.915500 235.000000
49923 371.833350 235.000000
6715 -233.546550 235.000000
82009 -599.174200 235.000000
49696 296.333350 235.000000
83231 -522.447900 235.000000
6593 -386.579350 235.000000
50917 556.805550 235.000000
28734 -3.256000 245.000000
6764 -588.596700 245.000000
1501 99.860400 245.000000
74583 216.916650 245.000000
74862 135.116200 245.000000
6809 -461.735200 245.000000
67979 705.463900 245.000000
49823 335.497200 245.000000
49903 461.051400 245.000000
6773 -640.846500 245.000000
8650 580.500000 245.000000
29317 35.166650 245.000000
24311 -37.416650 245.000000
6620 -331.328650 245.000000
9415 637.583350 245.000000
50922 541.416650 245.000000
12021 65.466500 245.000000
6380 -383.244200 245.000000
83896 -521.481350 245.000000
49747 278.720850 245.000000
6252 -253.742000 245.000000
49855 393.226400 245.000000
70616 762.500000 245.000000
33321 17.371300 255.000000
74725 140.619000 255.000000
74709 202.250000 255.000000
11579 57.103800 255.000000
6197 -591.426450 255.000000
69636 251.166650 255.000000
61262 109.333350 255.000000
69144 299.494000 255.000000
32210 -33.916650 255.000000
70345 562.048950 255.000000
49700 375.229900 255.000000
49850 416.137500 255.000000
68155 745.076200 255.000000
6596 -541.089000 255.000000
8750 641.583350 255.000000
68444 457.250000 255.000000
8343 603.583350 255.000000
6200 -668.222950 255.000000
50932 504.038900 255.000000
6685 -358.910400 255.000000
6816 -491.338300 255.000000
61187 84.973250 255.000000
6625 -251.250850 255.000000
49685 339.670850 255.000000
74663 164.702800 255.000000
12599 85.052650 265.000000
6048 152.833350 265.000000
14355 29.000000 265.000000
69614 268.750000 265.000000
38243 -49.335950 265.000000
6289 -591.343550 265.000000
70216 220.062500 265.000000
67081 397.818050 265.000000
67776 542.481950 265.000000
68996 471.549500 265.000000
68602 331.236100 265.000000
67401 582.750000 265.000000
33059 -13.676250 265.000000
6680 -506.172600 265.000000
69286 718.241500 265.000000
9164 611.666650 265.000000
60568 120.823450 265.000000
6402 -295.556850 265.000000
88664 -856.683350 265.000000
6304 -356.410200 265.000000
68774 206.077800 275.000000
69033 381.672200 275.000000
18951 92.827650 275.000000
67961 263.624000 275.000000
32829 -42.288150 275.000000
50172 147.399000 275.000000
67970 454.416650 275.000000
32684 11.000000 275.000000
68393 308.666650 275.000000
70279 517.895850 275.000000
6335 -552.013550 275.000000
70303 608.583350 275.000000
6736 -622.017250 275.000000
6585 -690.600600 275.000000
6741 -465.278950 275.000000
19091 50.583350 275.000000
70342 488.269450 275.000000
67564 781.500000 275.000000
68047 571.498600 275.000000
67414 700.575000 275.000000
70711 342.062500 285.000000
68931 172.010250 285.000000
68289 430.958350 285.000000
50313 108.529450 285.000000
67815 245.166650 285.000000
71290 32.833950 285.000000
67280 490.070850 285.000000
31837 -34.500000 285.000000
68875 596.245500 285.000000
71193 79.700500 285.000000
69529 284.584700 285.000000
6316 -643.264600 285.000000
67412 648.552000 285.000000
82141 -780.036100 285.000000
6549 -553.429950 285.000000
70406 749.388900 285.000000
70680 547.212500 285.000000
69603 199.320850 295.000000
71695 63.324500 295.000000
69253 296.250000 295.000000
68068 263.291650 295.000000
54737 1.666600 295.000000
70206 365.333350 295.000000
19839 118.625450 295.000000
70401 480.309700 295.000000
68596 733.000000 295.000000
81896 -690.098600 295.000000
66896 641.947200 295.000000
70209 429.132500 295.000000
81384 -772.741650 295.000000
69111 765.416650 295.000000
34027 -58.833350 295.000000
69238 584.702800 295.000000
6314 -580.501000 295.000000
70560 547.788900 295.000000
69192 817.833350 295.000000
67602 323.710500 295.000000
78853 -822.287500 295.000000
22855 100.677250 305.000000
70054 385.083350 305.000000
69296 207.734550 305.000000
75795 -722.501400 305.000000
70097 281.061100 305.000000
54455 44.620750 305.000000
23196 143.204950 305.000000
69495 340.291200 305.000000
68484 589.638900 305.000000
6800 -645.268750 305.000000
54445 10.916650 305.000000
69361 669.636100 305.000000
81971 -771.291650 305.000000
33253 -26.750000 305.000000
69715 519.204150 305.000000
76565 -826.779150 305.000000
69193 775.500000 305.000000
34538 -206.166650 305.000000
67255 441.090300 305.000000
70196 857.500000 305.000000
70671 669.665300 315.000000
54773 78.975300 315.000000
69079 404.253350 315.000000
70344 253.530000 315.000000
22968 156.385150 315.000000
68119 351.395300 315.000000
23188 123.078850 315.000000
69084 305.968050 315.000000
54429 9.774600 315.000000
68736 587.805550 315.000000
68737 219.698600 315.000000
6815 -538.762750 315.000000
23247 -57.833350 315.000000
68645 630.634700 315.000000
70064 761.833350 315.000000
42096 -125.985600 315.000000
6375 -363.572450 315.000000
67384 520.356950 315.000000
6592 -424.416200 315.000000
34532 -212.750000 315.000000
67173 860.583350 315.000000
88459 -723.927800 315.000000
81089 -759.830550 315.000000
54425 48.000000 315.000000
66976 238.743050 325.000000
69709 163.237500 325.000000
42093 -82.477050 325.000000
68828 377.583350 325.000000
69235 307.081950 325.000000
71482 95.773250 325.000000
79608 -711.581950 325.000000
42089 -136.564900 325.000000
54739 30.476850 325.000000
34537 -270.607850 325.000000
78138 -760.013900 325.000000
66940 866.416650 325.000000
70418 743.000000 325.000000
22863 120.833350 325.000000
70283 513.250000 325.000000
70293 469.916650 325.000000
84673 -839.031950 325.000000
34540 -212.183800 325.000000
68551 -876.583350 325.000000
6518 -598.164500 325.000000
54796 69.836700 325.000000
69076 344.166650 335.000000
66963 145.968050 335.000000
54465 84.025050 335.000000
68072 189.359700 335.000000
54631 43.713900 335.000000
67028 575.500000 335.000000
67728 414.916650 335.000000
67791 238.755850 335.000000
34539 -244.416650 335.000000
67092 694.166650 335.000000
69952 807.416650 335.000000
70873 640.855550 335.000000
82149 -836.983350 335.000000
42087 -82.620000 335.000000
67545 877.166650 335.000000
67767 288.829700 335.000000
70076 474.750000 335.000000
6542 -361.562600 335.000000
6400 -548.482450 335.000000
6313 -716.427150 335.000000
68804 189.409700 345.000000
68947 465.013500 345.000000
54772 112.775400 345.000000
67955 411.719450 345.000000
54536 61.708250 345.000000
68127 153.081950 345.000000
67192 808.186050 345.000000
69299 866.566650 345.000000
34533 -282.500000 345.000000
67447 732.500000 345.000000
6373 -650.609050 345.000000
69114 580.345500 345.000000
68819 331.951400 345.000000
6328 -509.391800 345.000000
54532 88.410450 355.000000
70195 659.347200 355.000000
54780 163.743600 355.000000
76224 -765.943050 355.000000
67998 536.500000 355.000000
67404 709.583350 355.000000
69645 597.416650 355.000000
6239 -375.957150 355.000000
71989 -76.593500 355.000000
34541 -307.833350 365.000000
67455 384.731950 365.000000
34536 -362.212500 385.000000
71988 114.200350 395.000000
