521 1121.657380 -545.000000
1174 -499.100000 -385.000000
8179 -532.416690 -375.000000
35648 -282.564400 -375.000000
1040 -520.516690 -365.000000
23229 -425.950000 -365.000000
716 -538.937740 -355.000000
1017 -428.616690 -355.000000
1085 -504.016690 -345.000000
72556 440.516690 -345.000000
1008 -503.300000 -335.000000
668 -526.500000 -325.000000
54870 1172.525270 -325.000000
8113 -531.463330 -315.000000
54944 1180.750000 -315.000000
1128 -456.583310 -315.000000
54866 1172.433310 -305.000000
1162 -475.135350 -305.000000
1913 1013.305870 -305.000000
733 -517.216690 -305.000000
1030 -437.700000 -305.000000
2286 1058.472260 -305.000000
54882 1229.480910 -305.000000
54955 -1211.733310 -305.000000
8175 -546.558580 -295.000000
2003 1000.166690 -295.000000
1014 -416.350000 -295.000000
54858 1193.669600 -295.000000
1858 1057.931510 -295.000000
54962 1193.428990 -285.000000
8161 -530.050000 -285.000000
54890 1254.416690 -285.000000
1188 -459.000000 -285.000000
1661 1003.416690 -285.000000
1780 1051.450000 -285.000000
565 -471.983310 -275.000000
8202 -526.200000 -275.000000
54878 1213.944260 -275.000000
1021 -404.583310 -275.000000
54904 1256.416690 -275.000000
2176 974.200000 -275.000000
2074 987.743240 -265.000000
922 -441.850000 -265.000000
54877 1202.983310 -265.000000
8152 -539.450000 -265.000000
54940 1257.166690 -265.000000
1746 1046.983310 -265.000000
1210 -362.811280 -265.000000
54856 1199.366690 -255.000000
54893 -1259.840980 -255.000000
8200 -541.816690 -255.000000
8116 -481.348390 -255.000000
1116 -419.983310 -255.000000
1535 1010.416690 -255.000000
2005 1055.533310 -255.000000
2140 955.168100 -255.000000
71821 -167.180850 -255.000000
584 -444.640610 -245.000000
90141 -363.171450 -245.000000
1532 946.200000 -245.000000
1677 1106.871290 -245.000000
8199 -516.666690 -245.000000
90691 110.633310 -245.000000
1534 807.241690 -245.000000
1838 989.133310 -245.000000
90635 170.233310 -245.000000
1945 1025.736120 -245.000000
54886 1241.631730 -245.000000
54935 1199.266690 -245.000000
2030 855.568310 -245.000000
8196 -545.597950 -235.000000
8195 -469.965920 -235.000000
2333 1040.451240 -235.000000
90643 101.916690 -235.000000
1045 -403.664730 -235.000000
90753 221.083310 -235.000000
2151 1089.435290 -235.000000
90616 153.383310 -235.000000
2085 974.050000 -235.000000
5513 -304.576420 -235.000000
1656 788.433310 -235.000000
1554 840.016690 -235.000000
1754 929.133310 -235.000000
2210 795.833310 -225.000000
1109 -496.900000 -225.000000
5245 -387.397500 -225.000000
5431 -334.690270 -225.000000
90761 158.183310 -225.000000
90799 219.483310 -225.000000
2233 1028.416690 -225.000000
1679 847.426980 -225.000000
2222 928.366690 -225.000000
677 -470.283310 -215.000000
5338 -394.610000 -215.000000
5847 -339.163310 -215.000000
2174 1037.312950 -215.000000
8163 -516.401960 -215.000000
1715 1110.933310 -215.000000
90755 171.150000 -215.000000
1946 820.266690 -215.000000
90774 245.250000 -215.000000
1625 871.383310 -215.000000
90663 199.116690 -205.000000
4365 -397.256080 -205.000000
5129 -318.913920 -205.000000
90764 260.700000 -205.000000
864 -491.950000 -205.000000
90699 146.366690 -205.000000
2019 1051.941100 -205.000000
1844 775.200000 -205.000000
1561 1095.966690 -205.000000
2384 832.316690 -205.000000
1724 910.284650 -205.000000
1635 998.066690 -205.000000
53232 1151.763960 -205.000000
1642 1047.196630 -195.000000
1861 1104.033310 -195.000000
90816 169.133310 -195.000000
4547 -378.844190 -195.000000
90737 236.533310 -195.000000
1122 -506.866690 -195.000000
90800 124.750000 -195.000000
2076 793.133310 -195.000000
8131 -793.033310 -195.000000
90697 160.305410 -185.000000
90758 221.314810 -185.000000
1095 -519.516690 -185.000000
4861 -368.918920 -185.000000
745 -428.283310 -185.000000
4739 -322.633580 -185.000000
2250 1032.642180 -185.000000
2100 1101.816690 -185.000000
53142 82.116080 -185.000000
8162 -804.453710 -185.000000
4466 -368.911420 -175.000000
63681 -427.451370 -175.000000
1054 -472.916690 -175.000000
4401 -323.569190 -175.000000
5904 157.360130 -175.000000
53130 214.509190 -175.000000
50557 295.583310 -175.000000
1657 1039.450000 -175.000000
2359 1091.066690 -175.000000
50586 364.998670 -175.000000
53144 98.766690 -175.000000
8201 -511.383310 -175.000000
1686 768.433310 -175.000000
62820 -937.710290 -175.000000
5623 -353.452770 -165.000000
5428 -260.452500 -165.000000
8094 -525.800000 -165.000000
90751 179.150000 -165.000000
53121 229.430540 -165.000000
50610 284.666690 -165.000000
5309 -315.413040 -165.000000
2269 1020.500000 -165.000000
1097 -427.066690 -165.000000
53164 71.536960 -165.000000
50579 331.683310 -165.000000
1851 1085.750000 -165.000000
1538 898.183310 -165.000000
2153 820.133310 -165.000000
5934 131.016690 -165.000000
55516 -965.784190 -165.000000
5115 -337.157770 -155.000000
4492 -258.181690 -155.000000
53166 95.582610 -155.000000
50585 293.583310 -155.000000
4490 -407.638920 -155.000000
3895 -471.106920 -155.000000
53179 1147.200400 -155.000000
5973 169.016690 -155.000000
50594 360.116690 -155.000000
5960 210.933310 -155.000000
53178 1193.083310 -155.000000
8204 -518.400000 -155.000000
2104 1012.326270 -155.000000
2353 797.551700 -155.000000
2287 1062.516690 -155.000000
55506 -1077.333310 -155.000000
4272 -418.524730 -145.000000
90899 176.083310 -145.000000
5416 -292.671960 -145.000000
8133 -512.166690 -145.000000
51092 372.492230 -145.000000
51051 426.641960 -145.000000
90934 239.793620 -145.000000
2037 1026.400000 -145.000000
4564 -360.583920 -145.000000
50604 306.733310 -145.000000
2122 949.500000 -145.000000
73103 -1256.400000 -145.000000
53157 83.534040 -145.000000
2272 792.933310 -145.000000
2227 865.966690 -145.000000
8091 -1136.425000 -145.000000
53193 1164.852270 -145.000000
53182 1130.333310 -145.000000
73104 -1203.650000 -145.000000
4137 -349.564460 -135.000000
50569 296.716860 -135.000000
53107 228.872230 -135.000000
4587 -233.646080 -135.000000
3892 -471.839180 -135.000000
90918 193.716690 -135.000000
2360 997.600000 -135.000000
4438 -424.573310 -135.000000
5939 151.916690 -135.000000
50592 365.600000 -135.000000
53135 90.816690 -135.000000
1555 1040.800000 -135.000000
51041 445.299190 -135.000000
73102 -1235.883310 -135.000000
2344 900.400000 -135.000000
90508 1163.866690 -135.000000
54852 -1174.430690 -135.000000
90919 199.377230 -125.000000
3886 -511.166690 -125.000000
90908 250.528850 -125.000000
50609 318.683310 -125.000000
90855 148.043520 -125.000000
5732 -329.536960 -125.000000
23228 1237.090430 -125.000000
5126 -242.603580 -125.000000
90512 1151.253160 -125.000000
53153 85.783310 -125.000000
4444 -398.320000 -125.000000
55498 -1059.200000 -125.000000
55511 -1025.966690 -125.000000
50583 405.916690 -125.000000
1647 837.633310 -125.000000
1931 995.233310 -125.000000
1779 882.766690 -125.000000
4186 -359.508040 -115.000000
55203 -524.745000 -115.000000
3845 -459.050000 -115.000000
51133 221.097090 -115.000000
5063 -268.031690 -115.000000
50591 297.216690 -115.000000
1670 1002.366690 -115.000000
90864 170.366690 -115.000000
50595 399.366690 -115.000000
4925 -406.533310 -115.000000
23226 1234.683310 -115.000000
514 89.133310 -115.000000
1981 874.133310 -115.000000
55526 -1083.250000 -115.000000
55524 -1042.033310 -115.000000
90510 1153.683310 -115.000000
71823 -67.017250 -115.000000
90860 180.004520 -105.000000
4460 -410.676690 -105.000000
53126 253.866200 -105.000000
5864 -225.876080 -105.000000
55312 -511.933310 -105.000000
53111 332.709460 -105.000000
90841 214.150000 -105.000000
505 73.500000 -105.000000
4550 -352.341080 -105.000000
90867 146.933310 -105.000000
90509 1140.166690 -105.000000
1252 -1213.040000 -105.000000
1953 898.866690 -105.000000
55401 -468.033310 -105.000000
3987 -302.948920 -105.000000
5463 -293.575810 -95.000000
51142 212.483310 -95.000000
55270 -518.846420 -95.000000
4905 -220.290540 -95.000000
53116 270.683920 -95.000000
90516 -1214.366620 -95.000000
55448 -477.582770 -95.000000
5331 -371.040270 -95.000000
55357 -576.220330 -95.000000
50606 330.166690 -95.000000
490 72.783310 -95.000000
502 130.773310 -95.000000
3883 -426.016690 -95.000000
1251 -1167.917500 -95.000000
2228 876.850000 -95.000000
1539 981.934190 -95.000000
90514 -1257.221710 -95.000000
90513 1160.850000 -95.000000
55329 -551.197680 -85.000000
6867 162.266690 -85.000000
4535 -320.766690 -85.000000
90853 212.400000 -85.000000
55282 -502.633310 -85.000000
498 92.174190 -85.000000
4247 -244.269190 -85.000000
1770 897.892950 -85.000000
50571 311.983310 -85.000000
5858 -442.020810 -85.000000
2195 946.883100 -85.000000
51153 253.200000 -85.000000
6817 644.757570 -85.000000
4011 -280.501690 -75.000000
6863 169.133310 -75.000000
37942 847.083310 -75.000000
5169 -356.521960 -75.000000
74396 231.550000 -75.000000
74330 299.283310 -75.000000
55239 -575.866690 -75.000000
3870 -489.700000 -75.000000
5249 -238.104730 -75.000000
3837 -421.683310 -75.000000
518 81.833310 -75.000000
4091 -316.991690 -75.000000
515 125.883310 -75.000000
55558 1033.666690 -75.000000
71022 1109.443150 -75.000000
10673 691.753840 -75.000000
503 74.641080 -65.000000
4938 -268.146960 -65.000000
37868 782.516690 -65.000000
37977 833.816690 -65.000000
55251 -574.048310 -65.000000
5352 -480.327230 -65.000000
74297 219.150000 -65.000000
55556 994.258040 -65.000000
74208 256.316690 -65.000000
509 135.416960 -65.000000
4050 -414.285810 -65.000000
71021 1098.650000 -65.000000
37978 876.477700 -65.000000
74249 293.016690 -65.000000
5167 -225.141690 -65.000000
4166 -337.510270 -65.000000
55230 -529.679730 -65.000000
55543 1052.133310 -65.000000
71019 1136.923450 -65.000000
55497 -991.233310 -65.000000
38113 765.255810 -55.000000
5392 -262.167770 -55.000000
55469 -577.209860 -55.000000
38091 825.068320 -55.000000
5137 -225.986960 -55.000000
55390 -497.877090 -55.000000
72935 867.015270 -55.000000
74188 231.900000 -55.000000
4022 -364.450540 -55.000000
4079 -304.248920 -55.000000
519 93.350000 -55.000000
74175 277.783310 -55.000000
4633 -420.145810 -55.000000
6851 148.283310 -55.000000
55343 -538.064190 -55.000000
55531 1008.550000 -55.000000
55561 1036.016690 -55.000000
71020 1085.893020 -55.000000
74121 1230.359190 -55.000000
90849 189.666690 -55.000000
71822 -130.916690 -55.000000
37892 726.915910 -45.000000
74166 235.886570 -45.000000
37807 774.330270 -45.000000
6875 135.200000 -45.000000
5089 -261.466080 -45.000000
4858 -211.041420 -45.000000
55248 -582.891690 -45.000000
6872 76.150000 -45.000000
38108 818.066690 -45.000000
55546 1020.000000 -45.000000
5261 -305.268580 -45.000000
55354 -511.766690 -45.000000
55530 1073.850000 -45.000000
55551 976.516690 -45.000000
4588 -340.970270 -45.000000
74394 294.850000 -45.000000
5552 -417.965000 -45.000000
55540 1104.433310 -45.000000
6857 83.250220 -35.000000
37966 811.954700 -35.000000
38121 661.866690 -35.000000
5734 -323.613580 -35.000000
6871 125.739730 -35.000000
55388 -579.433310 -35.000000
74402 258.700000 -35.000000
5073 -240.409190 -35.000000
74217 189.386690 -35.000000
37982 752.146690 -35.000000
38149 869.295300 -35.000000
55259 -531.137500 -35.000000
38140 917.250000 -35.000000
3971 -282.220000 -35.000000
55548 1002.600000 -35.000000
74422 290.016690 -35.000000
55544 1047.866690 -35.000000
71024 364.150000 -35.000000
74191 226.383310 -35.000000
4323 -444.270810 -35.000000
4177 -402.157230 -35.000000
4554 -296.801420 -25.000000
4952 -438.175000 -25.000000
38007 706.220600 -25.000000
6922 73.982890 -25.000000
49271 256.666690 -25.000000
37813 769.137000 -25.000000
55302 -533.730540 -25.000000
37792 882.400000 -25.000000
3751 178.520000 -25.000000
19709 -580.766690 -25.000000
37923 836.492230 -25.000000
5781 -368.707500 -25.000000
49261 301.816690 -25.000000
4010 -247.737770 -25.000000
37790 920.416690 -25.000000
37992 966.383310 -25.000000
55562 1020.433310 -25.000000
55557 1083.283310 -25.000000
19695 -586.300000 -15.000000
4131 -354.531080 -15.000000
37968 814.219500 -15.000000
5608 -286.119460 -15.000000
70928 192.411950 -15.000000
74342 248.300000 -15.000000
37893 710.316690 -15.000000
5504 -406.958310 -15.000000
19688 -543.833310 -15.000000
37898 960.900000 -15.000000
38067 772.650000 -15.000000
31807 62.083310 -15.000000
6879 138.783310 -15.000000
49248 298.323310 -15.000000
4548 -489.641690 -15.000000
55538 1034.600000 -15.000000
49278 236.716690 -5.000000
19740 -564.674650 -5.000000
38002 684.479890 -5.000000
38044 738.333310 -5.000000
3989 -368.605540 -5.000000
37802 847.802090 -5.000000
72271 324.817520 -5.000000
4350 -308.484730 -5.000000
38099 900.750000 -5.000000
31828 28.483310 -5.000000
49303 274.485310 -5.000000
75513 193.730810 -5.000000
37973 965.583310 -5.000000
6822 128.066690 -5.000000
19674 -512.933310 -5.000000
51121 484.583310 -5.000000
19733 -668.462320 -5.000000
6925 94.743920 -5.000000
54851 1081.387290 -5.000000
51127 524.633310 -5.000000
71820 699.950490 5.000000
75485 207.075330 5.000000
31813 36.150000 5.000000
6859 149.400000 5.000000
10037 -555.967770 5.000000
4933 -375.464730 5.000000
49219 267.983310 5.000000
72282 320.253920 5.000000
37887 834.416500 5.000000
38134 912.800000 5.000000
37927 750.433310 5.000000
49377 1192.838720 5.000000
10077 -502.497760 5.000000
6932 91.433310 5.000000
49367 -1257.130950 5.000000
51130 483.533310 5.000000
72288 290.406250 15.000000
52993 693.304600 15.000000
53036 751.333310 15.000000
37969 855.918500 15.000000
10065 -557.292120 15.000000
4158 -451.713310 15.000000
53082 794.716690 15.000000
34682 56.250000 15.000000
75478 214.138920 15.000000
37829 894.276800 15.000000
6842 178.316690 15.000000
75503 242.368040 15.000000
6830 142.266690 15.000000
10056 -508.334950 15.000000
72277 336.616690 15.000000
31827 93.083310 15.000000
49376 -1150.414110 15.000000
49372 -1060.325140 15.000000
51122 474.300000 15.000000
49375 1161.844780 15.000000
9604 -547.657500 25.000000
37979 675.666690 25.000000
53028 747.805710 25.000000
8254 49.958800 25.000000
8338 101.616690 25.000000
9995 -511.973160 25.000000
53099 810.300000 25.000000
72256 287.550000 25.000000
6893 143.910810 25.000000
51125 502.562160 25.000000
75498 212.206690 25.000000
72270 360.400000 25.000000
75527 247.516690 25.000000
9844 -454.467230 25.000000
34448 -347.683310 25.000000
49373 1171.884640 25.000000
51128 526.966690 25.000000
9571 -536.572250 35.000000
8028 -49.196420 35.000000
34462 13.621700 35.000000
53603 88.093800 35.000000
52988 695.580300 35.000000
6889 147.884720 35.000000
53033 769.985600 35.000000
37805 637.255400 35.000000
71064 209.316690 35.000000
10333 -498.574460 35.000000
53041 858.289000 35.000000
34447 -387.333310 35.000000
72259 286.425270 35.000000
34480 -10.633310 35.000000
34454 -320.866690 35.000000
6916 176.500000 35.000000
72279 354.678920 35.000000
23237 1123.025270 35.000000
51129 492.333310 35.000000
22803 240.383310 35.000000
53513 8.770810 45.000000
9947 -552.752770 45.000000
34497 -29.316690 45.000000
56815 864.289460 45.000000
53295 69.392430 45.000000
50060 -99.578300 45.000000
49995 537.934460 45.000000
9576 -478.880810 45.000000
53022 773.466690 45.000000
53021 685.670200 45.000000
35998 -377.086890 45.000000
49998 583.041000 45.000000
22719 254.266690 45.000000
58012 895.515850 45.000000
57216 835.015540 45.000000
8293 124.100000 45.000000
72275 311.015810 45.000000
36000 -426.100000 45.000000
71086 189.836790 45.000000
71051 229.914190 45.000000
50618 1181.661890 45.000000
51123 469.489860 45.000000
23234 1086.050000 45.000000
23231 1128.458310 45.000000
63671 968.906080 45.000000
53414 9.274730 55.000000
53454 49.850000 55.000000
72138 -116.609580 55.000000
41574 484.416690 55.000000
90351 -480.487140 55.000000
8050 -53.231420 55.000000
56425 830.530540 55.000000
8310 125.083310 55.000000
22791 256.866690 55.000000
40599 569.033310 55.000000
71104 187.000000 55.000000
72785 670.786700 55.000000
72611 724.815560 55.000000
9516 -560.381090 55.000000
58321 897.789190 55.000000
72284 364.504460 55.000000
90419 -421.792230 55.000000
71062 217.765170 55.000000
53416 77.250000 55.000000
23238 1050.890360 55.000000
22805 289.983310 55.000000
63668 956.353630 55.000000
23236 1081.300000 55.000000
22706 238.228230 65.000000
34615 -122.814460 65.000000
34616 -74.741030 65.000000
41639 519.933310 65.000000
53471 53.300000 65.000000
72278 332.455000 65.000000
8266 111.800000 65.000000
90381 -463.236690 65.000000
55132 -574.638110 65.000000
34520 -23.833310 65.000000
90382 -516.015000 65.000000
57501 854.513580 65.000000
53614 11.683310 65.000000
50011 578.095900 65.000000
72835 662.331770 65.000000
90485 768.860000 65.000000
90437 718.050000 65.000000
53663 75.383310 65.000000
90417 -410.357140 65.000000
56089 901.372500 65.000000
71047 179.759820 65.000000
10475 -623.868520 65.000000
22790 285.816690 65.000000
58167 813.830100 65.000000
72538 147.614510 65.000000
23230 945.904190 65.000000
90495 683.666690 75.000000
90339 -489.416690 75.000000
53474 34.067960 75.000000
9555 -559.574730 75.000000
41553 530.383310 75.000000
53669 69.076260 75.000000
56661 840.241690 75.000000
90330 -425.900000 75.000000
90434 771.716690 75.000000
3432 -72.085300 75.000000
8285 118.211440 75.000000
57896 903.455540 75.000000
72261 294.114730 75.000000
41567 581.050000 75.000000
71065 187.016690 75.000000
34525 -23.383310 75.000000
72260 383.277500 75.000000
10452 -619.033310 75.000000
22718 226.733310 75.000000
3457 -5.700000 75.000000
39990 481.316690 75.000000
53484 47.596670 85.000000
49353 704.412070 85.000000
50818 -74.000000 85.000000
53528 119.121890 85.000000
53724 -624.752800 85.000000
40581 518.548040 85.000000
41199 562.166690 85.000000
18903 278.012760 85.000000
90578 330.256690 85.000000
35981 -127.083310 85.000000
90473 791.283310 85.000000
71054 210.514400 85.000000
90394 -521.394190 85.000000
53727 -584.659190 85.000000
10672 -452.534780 85.000000
40962 619.250000 85.000000
53301 -6.617500 85.000000
58666 889.257770 85.000000
53652 76.915350 85.000000
72290 370.117230 85.000000
58664 835.623200 85.000000
72592 682.616690 95.000000
38888 516.223030 95.000000
39123 582.949290 95.000000
36394 -643.447670 95.000000
53221 -3.217540 95.000000
90594 290.146370 95.000000
53626 54.673140 95.000000
71060 187.516690 95.000000
72810 740.177250 95.000000
71073 243.666690 95.000000
56444 827.156960 95.000000
90587 318.283310 95.000000
57610 869.320540 95.000000
71058 127.150000 95.000000
53728 -574.416690 95.000000
2801 -447.316690 95.000000
50844 -58.509900 95.000000
34553 -137.522770 95.000000
72222 -89.650000 95.000000
35967 995.852770 95.000000
53223 25.582300 95.000000
35978 1026.198920 95.000000
2803 -395.733310 95.000000
57916 828.875400 105.000000
72208 -137.108420 105.000000
71069 203.735270 105.000000
90592 294.446690 105.000000
35728 -675.592890 105.000000
72235 -103.800000 105.000000
39672 511.166690 105.000000
19991 254.533310 105.000000
55715 872.226960 105.000000
36359 -574.233310 105.000000
40703 580.766690 105.000000
90581 373.869680 105.000000
72726 663.713720 105.000000
39432 544.316690 105.000000
10659 -179.560760 105.000000
50841 -44.359400 105.000000
50952 -469.513380 105.000000
49942 755.483310 105.000000
53224 18.884400 105.000000
50956 -394.065310 105.000000
90595 325.645650 105.000000
53202 65.355000 105.000000
72523 125.416690 105.000000
50943 986.855270 105.000000
50946 1053.164460 105.000000
50896 652.092770 115.000000
41747 534.316690 115.000000
90449 736.545810 115.000000
51175 -753.230700 115.000000
52809 -603.816690 115.000000
39859 599.516690 115.000000
55835 826.151420 115.000000
72242 -148.427340 115.000000
54993 357.646590 115.000000
59062 874.840900 115.000000
70985 282.857770 115.000000
50880 699.014730 115.000000
53197 32.117600 115.000000
50825 -9.313040 115.000000
34665 -460.500000 115.000000
71089 216.038700 115.000000
72240 -73.905810 115.000000
52779 -674.250000 115.000000
90464 776.345000 115.000000
34663 -403.383310 115.000000
39679 522.321080 125.000000
19411 -528.919990 125.000000
41762 625.100000 125.000000
50973 -141.648250 125.000000
63013 -438.740040 125.000000
70987 257.104190 125.000000
52865 -686.416690 125.000000
70994 327.289190 125.000000
72855 749.501230 125.000000
50852 687.358040 125.000000
51433 -594.100000 125.000000
59573 897.088580 125.000000
57425 829.155270 125.000000
41635 565.850000 125.000000
72540 112.729960 125.000000
50832 -5.145540 125.000000
52716 -635.383310 125.000000
62873 -475.815310 125.000000
10656 -211.643440 125.000000
40548 491.935580 135.000000
51989 -726.893620 135.000000
51815 -663.363580 135.000000
40674 531.600000 135.000000
19410 -416.900000 135.000000
50886 639.908040 135.000000
71083 230.514730 135.000000
40727 573.816690 135.000000
72648 722.892760 135.000000
36855 -538.429190 135.000000
8798 794.044730 135.000000
81278 -1097.630000 135.000000
71088 282.324700 135.000000
51323 -597.683310 135.000000
56671 871.595000 135.000000
81042 -1018.811420 135.000000
50816 -48.685430 135.000000
53199 75.415010 135.000000
41495 494.833310 145.000000
9450 747.080370 145.000000
40604 535.700000 145.000000
51708 -756.333310 145.000000
70989 263.782770 145.000000
51918 -699.666690 145.000000
38967 636.833310 145.000000
51984 -645.316690 145.000000
10639 -578.753580 145.000000
70973 306.910810 145.000000
81407 -1129.008310 145.000000
10577 -496.464190 145.000000
39377 580.983310 145.000000
50972 -149.235270 145.000000
81912 -1086.176080 145.000000
56021 838.791190 145.000000
50971 -55.835400 145.000000
36008 772.103830 155.000000
39055 594.588040 155.000000
2821 672.854730 155.000000
70984 256.534190 155.000000
39696 512.833100 155.000000
74128 869.193310 155.000000
52366 -751.883310 155.000000
39762 466.466690 155.000000
52585 -663.950000 155.000000
10636 -592.766690 155.000000
10554 -509.333580 155.000000
19645 5.659460 155.000000
54997 407.702230 155.000000
39610 554.700000 155.000000
83809 -1145.007770 155.000000
70952 301.886420 155.000000
75604 -1077.864460 155.000000
41659 628.888920 155.000000
19863 191.433310 155.000000
50847 -54.885270 155.000000
72516 106.992500 155.000000
2824 617.852080 165.000000
38494 481.316690 165.000000
8629 765.750000 165.000000
10581 -594.681280 165.000000
38963 559.800000 165.000000
9097 838.003530 165.000000
54989 392.153310 165.000000
51615 -753.666690 165.000000
2822 659.431080 165.000000
19901 215.292230 165.000000
71018 308.340270 165.000000
8820 702.126040 165.000000
8345 804.766440 165.000000
10602 -547.042500 165.000000
19987 -138.705860 165.000000
51969 -677.550000 165.000000
50349 145.100000 165.000000
40431 523.666690 165.000000
59860 448.575400 175.000000
74135 832.722950 175.000000
70998 309.052950 175.000000
40866 580.816690 175.000000
59818 505.589300 175.000000
70990 259.299190 175.000000
17 371.960000 175.000000
52018 -729.216690 175.000000
8829 698.028310 175.000000
51710 -674.750000 175.000000
2877 644.200000 175.000000
8634 754.004730 175.000000
19949 213.494700 175.000000
74129 873.193300 175.000000
5883 -559.401420 175.000000
12 406.045280 175.000000
39565 553.216690 175.000000
51718 -780.150000 175.000000
8359 792.616690 175.000000
50360 59.209460 175.000000
5878 -500.550000 175.000000
39931 544.450000 185.000000
40279 587.416690 185.000000
8602 817.142770 185.000000
8638 726.016690 185.000000
8506 686.545040 185.000000
39821 490.210000 185.000000
70935 323.799190 185.000000
52410 -774.100000 185.000000
52214 -666.983310 185.000000
83707 -576.355620 185.000000
48863 869.767770 185.000000
2879 645.750000 185.000000
19965 217.090540 185.000000
19988 -143.137500 185.000000
79953 -516.003660 185.000000
70954 378.458310 185.000000
8851 769.013560 185.000000
50345 76.800000 185.000000
48935 915.609730 185.000000
19966 238.250000 185.000000
19612 -19.800200 185.000000
19466 25.583310 185.000000
59716 452.177700 185.000000
8435 766.766690 195.000000
54832 570.244200 195.000000
8901 816.433310 195.000000
39407 514.216690 195.000000
9227 865.667740 195.000000
71009 241.083310 195.000000
19902 203.279460 195.000000
60044 464.066690 195.000000
21341 -185.916690 195.000000
41903 354.965600 195.000000
52066 -732.616690 195.000000
88246 -592.209010 195.000000
70982 276.878580 195.000000
51491 -811.533310 195.000000
82477 -678.552780 195.000000
85230 -548.654680 195.000000
54843 612.333310 195.000000
9279 694.843940 195.000000
5895 648.493370 195.000000
41997 414.560700 195.000000
50441 -56.722470 195.000000
19566 44.224830 195.000000
48883 918.383310 195.000000
50356 114.899660 195.000000
39255 525.516690 205.000000
9399 770.643580 205.000000
8461 718.869460 205.000000
9033 821.202770 205.000000
81464 -688.542890 205.000000
42052 349.771600 205.000000
40473 561.900000 205.000000
8993 868.846150 205.000000
51449 -769.583310 205.000000
59707 471.783310 205.000000
42072 405.040300 205.000000
19977 215.850000 205.000000
84557 -597.525490 205.000000
71002 263.460270 205.000000
8855 622.700000 205.000000
50399 -91.420000 205.000000
50450 -50.121340 205.000000
19651 25.616860 205.000000
81461 -650.036710 205.000000
50377 94.973280 205.000000
21424 -188.300000 205.000000
19976 163.636640 205.000000
9088 826.206420 215.000000
19916 203.747690 215.000000
8969 718.593180 215.000000
9234 784.866690 215.000000
41818 307.521950 215.000000
59782 481.583310 215.000000
40280 554.950000 215.000000
41882 355.685100 215.000000
81747 -607.589550 215.000000
76081 -702.201420 215.000000
50381 -85.187050 215.000000
41970 417.568610 215.000000
19962 253.152500 215.000000
51730 -821.533310 215.000000
50341 117.561420 215.000000
9459 891.432550 215.000000
50444 -35.138650 215.000000
77109 -659.589720 215.000000
85954 -518.699480 215.000000
51384 -751.100000 215.000000
50358 42.505040 215.000000
59904 502.405270 225.000000
9125 757.446420 225.000000
8974 810.444460 225.000000
41935 340.743270 225.000000
51483 -784.383310 225.000000
48387 236.615210 225.000000
78586 -695.646690 225.000000
9238 854.019990 225.000000
38583 548.058920 225.000000
50412 -82.934340 225.000000
48402 279.615720 225.000000
48763 951.191690 225.000000
50353 116.466690 225.000000
42070 392.572500 225.000000
57 435.970910 225.000000
8952 709.279680 225.000000
87421 -626.251260 225.000000
78200 -570.913970 225.000000
50361 41.005000 225.000000
19478 -33.516690 225.000000
50375 185.834730 225.000000
63375 -139.300000 225.000000
48616 889.301420 225.000000
8964 629.000000 225.000000
81757 -731.354570 225.000000
3800 -488.746420 225.000000
9468 771.206080 235.000000
41845 289.806160 235.000000
82972 -860.705760 235.000000
50390 -83.270000 235.000000
49955 230.460940 235.000000
59999 481.475300 235.000000
50425 -32.827850 235.000000
48514 879.926420 235.000000
85691 -805.518280 235.000000
50376 71.312220 235.000000
48730 945.833310 235.000000
41466 547.716690 235.000000
41889 335.824120 235.000000
76019 -611.715860 235.000000
8920 813.246960 235.000000
83686 -770.758480 235.000000
41966 378.055080 235.000000
85846 -691.892230 235.000000
80231 -655.472160 235.000000
83032 -733.986190 235.000000
78182 -543.243670 235.000000
19591 3.521630 235.000000
42058 413.457500 235.000000
63295 -135.333310 235.000000
49108 962.069100 245.000000
42065 341.950570 245.000000
8817 779.438310 245.000000
49615 888.281960 245.000000
49188 1013.497500 245.000000
56 469.206310 245.000000
49636 920.216690 245.000000
72449 245.016690 245.000000
9034 823.036960 245.000000
83630 -651.342860 245.000000
19599 -16.491690 245.000000
41856 292.745540 245.000000
77724 -592.901910 245.000000
85099 -721.615010 245.000000
50446 -58.606940 245.000000
76147 -866.130970 245.000000
19477 28.218980 245.000000
73073 63.321960 245.000000
48 420.397690 245.000000
42019 381.982230 245.000000
59936 530.535400 245.000000
8892 704.444730 245.000000
10709 207.233310 245.000000
34969 149.003870 245.000000
85377 -802.815220 245.000000
79752 -516.148520 245.000000
73035 95.435540 245.000000
59774 494.128920 245.000000
9165 801.840000 255.000000
8846 705.545540 255.000000
49630 885.137770 255.000000
41991 396.243400 255.000000
19462 0.293790 255.000000
41859 286.832230 255.000000
72418 242.110270 255.000000
41965 341.987400 255.000000
48980 956.595990 255.000000
19510 51.340190 255.000000
73171 193.828040 255.000000
50440 -61.695550 255.000000
9474 838.443310 255.000000
84372 -634.491080 255.000000
82499 -832.960540 255.000000
48797 1000.300000 255.000000
88907 -489.845860 255.000000
88608 -686.949460 255.000000
73 511.776090 255.000000
86225 -571.470270 255.000000
81132 -777.873580 255.000000
8875 762.632230 255.000000
47390 130.911000 255.000000
32 453.280400 255.000000
8695 574.488580 255.000000
49654 920.415000 255.000000
45642 93.485030 255.000000
82718 -727.447000 255.000000
49619 873.844810 265.000000
9171 766.921960 265.000000
73607 174.968660 265.000000
42059 306.043300 265.000000
49628 904.062230 265.000000
49002 956.103580 265.000000
87031 -877.264720 265.000000
73708 212.377500 265.000000
72938 384.683310 265.000000
9356 831.800000 265.000000
22247 -62.908580 265.000000
45848 72.518320 265.000000
72882 457.453350 265.000000
9375 719.911420 265.000000
21669 10.183310 265.000000
89643 -702.362780 265.000000
43515 126.610330 265.000000
73243 269.925470 265.000000
87984 -825.035460 265.000000
82714 -540.209850 265.000000
82998 -630.315870 265.000000
9397 801.123580 265.000000
48628 1019.100000 265.000000
72954 420.833310 265.000000
86157 -750.263980 265.000000
41881 341.489300 265.000000
21414 -26.900000 265.000000
9083 522.683920 265.000000
63505 -218.666690 265.000000
63549 -143.550000 265.000000
73462 239.385470 265.000000
8392 793.780610 275.000000
9188 841.236690 275.000000
73170 211.979890 275.000000
49511 907.280240 275.000000
85677 -562.146530 275.000000
22463 -26.641730 275.000000
73315 251.038760 275.000000
81613 -639.106280 275.000000
78774 -752.892900 275.000000
63408 -81.933310 275.000000
86812 -880.460800 275.000000
73449 309.938580 275.000000
21799 33.551680 275.000000
48456 1007.723310 275.000000
90291 441.718040 275.000000
76074 -715.823440 275.000000
8823 516.858040 275.000000
73762 173.985220 275.000000
9233 732.685540 275.000000
86366 -826.696600 275.000000
42907 87.942340 275.000000
8774 661.100000 275.000000
88473 -489.385440 275.000000
42013 359.421800 275.000000
48987 960.985000 275.000000
43933 134.751330 275.000000
90306 485.701420 275.000000
63235 -241.516690 275.000000
86103 -790.674970 275.000000
73604 178.647620 285.000000
84628 -557.041790 285.000000
21455 -43.917920 285.000000
90298 460.513890 285.000000
20329 42.112930 285.000000
73299 218.427770 285.000000
8382 750.755540 285.000000
8353 842.930000 285.000000
2467 337.244070 285.000000
477 290.595270 285.000000
45574 117.750000 285.000000
8400 881.355000 285.000000
8688 799.565540 285.000000
90263 525.707990 285.000000
85147 -686.564530 285.000000
8342 573.851080 285.000000
48465 955.180000 285.000000
48539 1017.500000 285.000000
90026 -496.291250 285.000000
86967 -825.237350 285.000000
73818 253.152230 285.000000
85620 -645.122930 285.000000
21992 -4.251910 285.000000
86153 -766.609710 285.000000
2531 376.815270 285.000000
79559 -887.145690 285.000000
79567 -717.845330 285.000000
43135 84.540910 285.000000
85651 -614.482160 285.000000
63370 -107.066690 285.000000
9108 840.029460 295.000000
77830 -634.550350 295.000000
46578 75.387300 295.000000
8593 885.463310 295.000000
3687 148.269050 295.000000
34424 292.835760 295.000000
78816 -560.320250 295.000000
22688 -30.141380 295.000000
76822 -515.418390 295.000000
87621 -461.346430 295.000000
49870 463.200000 295.000000
3644 194.250000 295.000000
49471 935.430810 295.000000
22519 -73.016690 295.000000
48545 1009.156690 295.000000
90266 402.271960 295.000000
22329 38.116690 295.000000
8826 588.028580 295.000000
8656 642.150000 295.000000
44746 108.330100 295.000000
67448 359.031960 295.000000
80244 -599.425010 295.000000
73215 236.348580 295.000000
87479 -704.802170 295.000000
49323 527.800000 295.000000
83589 -881.129130 295.000000
82899 -797.840730 295.000000
75972 -837.966360 295.000000
78906 -758.675470 295.000000
6751 -576.914100 305.000000
8426 850.259460 305.000000
49681 520.650000 305.000000
48994 956.428580 305.000000
8782 900.921960 305.000000
9208 595.083310 305.000000
27809 10.800000 305.000000
2739 104.495080 305.000000
83861 -642.345290 305.000000
68606 299.515540 305.000000
49882 484.566690 305.000000
48469 1023.591960 305.000000
20435 -38.476960 305.000000
28480 62.862560 305.000000
3718 180.416690 305.000000
64498 227.550000 305.000000
77152 -531.148590 305.000000
9205 642.166690 305.000000
66696 144.323310 305.000000
20009 -82.772000 305.000000
49692 373.400000 305.000000
76766 -828.424150 305.000000
79550 -879.607250 305.000000
87480 -709.902310 305.000000
9289 785.233310 305.000000
83226 -470.183530 305.000000
90272 436.253310 305.000000
77523 -762.191560 305.000000
49751 554.167150 305.000000
86456 -798.404790 305.000000
6489 -539.114670 315.000000
64256 155.743820 315.000000
45203 46.326570 315.000000
8961 877.200000 315.000000
68255 245.838580 315.000000
9110 581.233310 315.000000
86009 -882.733470 315.000000
8814 928.766690 315.000000
42684 100.371250 315.000000
83884 -685.846880 315.000000
70009 323.813310 315.000000
6347 -466.006730 315.000000
49835 431.564190 315.000000
86914 -621.652890 315.000000
24167 -27.966690 315.000000
49878 509.416690 315.000000
88790 -831.630430 315.000000
64291 202.833310 315.000000
49160 967.717230 315.000000
76866 -756.269920 315.000000
50925 703.224370 315.000000
48835 1027.467500 315.000000
24633 11.266690 315.000000
6755 -427.857660 315.000000
50931 743.814170 315.000000
81787 -500.513190 315.000000
49884 380.475270 315.000000
45587 71.715090 315.000000
83900 -579.908110 315.000000
8666 868.550000 325.000000
75010 200.128340 325.000000
36831 93.845860 325.000000
9137 954.077230 325.000000
6589 -516.501780 325.000000
74936 251.000000 325.000000
67013 366.344190 325.000000
27633 21.950000 325.000000
65504 135.533310 325.000000
70778 1050.135620 325.000000
6341 -611.930070 325.000000
27451 -12.195400 325.000000
6437 -483.245510 325.000000
67094 299.246080 325.000000
6730 -439.281700 325.000000
76619 -783.504830 325.000000
8407 901.616690 325.000000
79710 -692.528600 325.000000
90004 -861.541300 325.000000
49713 503.965000 325.000000
43846 51.612080 325.000000
64660 172.300000 325.000000
49696 419.666690 325.000000
50914 667.816690 325.000000
6329 -392.698860 325.000000
50913 762.954190 325.000000
49901 553.415810 325.000000
49829 452.752500 325.000000
82885 -734.904020 325.000000
37053 109.279370 335.000000
16003 57.028430 335.000000
69558 235.997230 335.000000
9058 846.770540 335.000000
50935 715.182680 335.000000
8673 894.566690 335.000000
67979 975.649460 335.000000
87200 -877.324490 335.000000
65063 181.200000 335.000000
28389 -28.873520 335.000000
69730 302.440810 335.000000
87810 -800.982350 335.000000
23412 14.150000 335.000000
6620 -521.460110 335.000000
8344 601.816690 335.000000
49923 441.366690 335.000000
6744 -658.217810 335.000000
6715 -398.965170 335.000000
82009 -843.643880 335.000000
37134 154.613030 335.000000
80615 -746.105670 335.000000
6746 -590.331840 335.000000
6606 -455.667720 335.000000
49708 545.074190 335.000000
50926 629.493580 335.000000
67992 357.789900 335.000000
50921 772.669460 335.000000
68025 932.624730 335.000000
49678 494.833310 335.000000
28734 1.441600 345.000000
6764 -888.835380 345.000000
70580 285.100810 345.000000
74862 153.162680 345.000000
6809 -704.029280 345.000000
17840 91.239140 345.000000
49823 481.696080 345.000000
6724 -841.775630 345.000000
75362 226.383310 345.000000
70599 340.401690 345.000000
49903 626.271960 345.000000
8650 819.900000 345.000000
29317 43.233310 345.000000
9335 866.133310 345.000000
50922 707.583310 345.000000
67197 963.650000 345.000000
50919 759.459460 345.000000
6436 -759.729920 345.000000
30150 -44.116690 345.000000
6137 -510.042580 345.000000
6664 -595.215100 345.000000
49747 395.009190 345.000000
6252 -369.638800 345.000000
69389 1028.816690 345.000000
74449 184.666690 345.000000
6466 -454.653790 345.000000
49855 555.316960 345.000000
67195 915.266690 345.000000
86670 -652.339390 345.000000
6677 -805.882300 345.000000
74725 201.666600 355.000000
74709 274.750000 355.000000
11579 85.945320 355.000000
6197 -819.597030 355.000000
2984 6.469390 355.000000
61069 121.416690 355.000000
49765 357.066690 355.000000
49700 482.121860 355.000000
75259 231.473580 355.000000
49850 546.592500 355.000000
68155 899.106680 355.000000
49694 418.450260 355.000000
75118 168.750000 355.000000
33669 -53.001350 355.000000
14995 48.500000 355.000000
6596 -750.324600 355.000000
6381 -866.234400 355.000000
68269 787.116690 355.000000
49836 602.593310 355.000000
50932 716.454460 355.000000
6685 -491.674560 355.000000
6816 -696.273620 355.000000
69889 989.233310 355.000000
67319 659.083310 355.000000
6625 -368.551190 355.000000
69710 1137.875000 355.000000
6404 -633.428120 355.000000
33321 -18.880180 365.000000
12599 75.873710 365.000000
62530 129.082460 365.000000
69636 301.233310 365.000000
70603 250.345890 365.000000
13610 34.116690 365.000000
67776 709.074730 365.000000
69144 361.691600 365.000000
6016 195.883310 365.000000
70345 777.268530 365.000000
49815 514.650000 365.000000
67203 581.450540 365.000000
6680 -773.441640 365.000000
38235 -71.470810 365.000000
68444 646.150000 365.000000
68378 414.483310 365.000000
9164 861.133310 365.000000
69788 923.900000 365.000000
66844 615.649460 365.000000
6803 -894.011570 365.000000
69785 830.233310 365.000000
68945 981.166690 365.000000
6367 -711.878500 365.000000
6304 -490.574280 365.000000
69184 1062.616690 365.000000
6723 -820.447240 365.000000
6048 177.966690 375.000000
14355 49.000000 375.000000
69614 333.050000 375.000000
38243 -61.870330 375.000000
6289 -818.280970 375.000000
67081 565.345270 375.000000
68996 645.769300 375.000000
69241 300.000000 375.000000
70278 251.277770 375.000000
33242 -25.834950 375.000000
68602 449.330540 375.000000
62371 125.871140 375.000000
33059 9.653250 375.000000
69286 1035.538100 375.000000
49775 512.718310 375.000000
67140 381.786420 375.000000
6584 -898.271070 375.000000
67351 754.472500 375.000000
6695 -754.230900 375.000000
70888 702.309400 375.000000
70853 878.866690 375.000000
69668 217.700000 375.000000
16746 84.916690 375.000000
68749 817.366690 375.000000
6402 -507.379590 375.000000
6354 -356.320710 375.000000
6738 -687.778910 375.000000
88664 -1189.756690 375.000000
70211 915.300000 375.000000
69033 547.541080 385.000000
18951 57.958710 385.000000
69124 501.800000 385.000000
67345 397.008040 385.000000
70352 308.800000 385.000000
50172 155.958600 385.000000
69584 257.180000 385.000000
67970 626.583310 385.000000
60596 112.524590 385.000000
32054 -62.533310 385.000000
6058 197.836960 385.000000
32307 3.432600 385.000000
68177 452.528580 385.000000
70279 689.054190 385.000000
6335 -873.618970 385.000000
70303 858.016690 385.000000
6245 -798.411900 385.000000
68421 728.525270 385.000000
82032 -948.522770 385.000000
6306 -740.054790 385.000000
68407 796.100000 385.000000
67414 923.205000 385.000000
68774 245.308920 395.000000
70711 385.287500 395.000000
67961 325.873600 395.000000
68289 616.541690 395.000000
50313 156.741230 395.000000
32829 -50.803410 395.000000
32684 4.600000 395.000000
67280 693.299190 395.000000
18919 56.475320 395.000000
67881 484.494460 395.000000
68189 285.778920 395.000000
50130 197.450000 395.000000
68875 845.543700 395.000000
71314 113.997320 395.000000
70413 763.538310 395.000000
6316 -884.970440 395.000000
6741 -708.990530 395.000000
6268 -805.653120 395.000000
67412 898.372800 395.000000
87486 -962.310000 395.000000
70406 1074.344460 395.000000
67027 955.166690 395.000000
69253 378.750000 405.000000
70690 249.115760 405.000000
70313 437.690540 405.000000
71290 56.767530 405.000000
68208 310.482770 405.000000
70471 170.983310 405.000000
70206 501.866690 405.000000
70401 685.633580 405.000000
68504 614.379460 405.000000
71193 105.580700 405.000000
33094 -56.633310 405.000000
81896 -958.938040 405.000000
32692 -8.333310 405.000000
67216 778.353310 405.000000
70209 564.785500 405.000000
82141 -1084.850540 405.000000
70357 351.398920 405.000000
6359 -849.952350 405.000000
70192 1092.666690 405.000000
68341 834.251690 405.000000
68467 905.616690 405.000000
69603 163.849190 415.000000
54662 63.222630 415.000000
68068 332.608310 415.000000
70588 258.220200 415.000000
67169 424.563040 415.000000
54737 13.133240 415.000000
68596 1034.600000 415.000000
69872 295.843920 415.000000
66896 862.726080 415.000000
54530 97.712780 415.000000
68118 673.291080 415.000000
68077 377.868580 415.000000
68704 509.533310 415.000000
68707 226.466690 415.000000
70220 902.047500 415.000000
67924 590.000540 415.000000
33199 -44.711110 415.000000
81384 -1075.838310 415.000000
69111 1067.983310 415.000000
69105 982.100000 415.000000
69238 768.183920 415.000000
6314 -891.901400 415.000000
69192 1101.766690 415.000000
78853 -1139.202500 415.000000
69164 1159.503580 415.000000
80822 -966.108770 415.000000
80131 -1026.066960 415.000000
22855 150.548150 425.000000
70054 495.916690 425.000000
75795 -1076.301960 425.000000
68914 577.871700 425.000000
54455 19.269050 425.000000
23196 193.286930 425.000000
71280 104.992180 425.000000
68213 308.588920 425.000000
70628 247.728920 425.000000
68193 356.900270 425.000000
70364 441.430810 425.000000
54531 62.475860 425.000000
68484 789.494460 425.000000
6800 -975.376250 425.000000
67809 404.943920 425.000000
69112 869.984730 425.000000
33253 -29.050000 425.000000
69715 705.285810 425.000000
76565 -1150.290810 425.000000
66936 911.725810 425.000000
69193 1035.300000 425.000000
34538 -346.233310 425.000000
70417 968.733310 425.000000
87269 -1028.095540 425.000000
70196 1135.700000 425.000000
70190 636.386690 425.000000
6789 -867.962510 425.000000
34535 -286.516690 425.000000
70114 1087.250000 425.000000
69296 204.428370 435.000000
70671 887.131420 435.000000
70097 328.685540 435.000000
23161 145.509840 435.000000
68119 500.353420 435.000000
69084 436.755270 435.000000
71714 94.144100 435.000000
69503 569.325000 435.000000
54429 22.084440 435.000000
68736 779.727770 435.000000
68737 264.378040 435.000000
70736 370.934460 435.000000
6815 -833.467850 435.000000
23247 -71.366690 435.000000
70047 841.423580 435.000000
89106 -1067.076080 435.000000
70857 926.806080 435.000000
70064 1016.166690 435.000000
85381 -1025.789460 435.000000
69125 1117.600000 435.000000
67107 656.590000 435.000000
6592 -680.582680 435.000000
67255 621.126420 435.000000
23239 -32.250000 435.000000
34532 -384.250000 435.000000
67518 1073.850000 435.000000
81413 -1192.676690 435.000000
54773 45.765420 445.000000
42093 -180.267870 445.000000
69079 501.154690 445.000000
70344 360.942000 445.000000
22968 175.739210 445.000000
71766 129.818040 445.000000
22898 215.085990 445.000000
69662 261.216690 445.000000
69910 407.179460 445.000000
34537 -374.050990 445.000000
70734 313.250000 445.000000
69091 810.323580 445.000000
70551 875.373040 445.000000
42090 -115.900000 445.000000
54789 98.371900 445.000000
6375 -500.601430 445.000000
70283 689.750000 445.000000
67384 745.299730 445.000000
69720 1043.033310 445.000000
67173 1219.216690 445.000000
88459 -1009.898920 445.000000
81089 -1057.762770 445.000000
66976 247.840270 455.000000
23051 166.277120 455.000000
68828 492.616690 455.000000
69235 379.514730 455.000000
68984 315.664190 455.000000
71647 116.669530 455.000000
79608 -1061.014730 455.000000
67706 565.518270 455.000000
42076 -150.614600 455.000000
66940 1221.383310 455.000000
70418 975.400000 455.000000
54641 62.470040 455.000000
84673 -1169.844730 455.000000
68815 437.666690 455.000000
34534 -397.300000 455.000000
42080 -67.763880 455.000000
34540 -287.457320 455.000000
84838 -1001.446080 455.000000
68551 -1220.016690 455.000000
6518 -923.830300 455.000000
69076 497.433310 465.000000
70385 384.696420 465.000000
23115 153.016690 465.000000
54631 71.999460 465.000000
22972 225.283310 465.000000
67028 762.500000 465.000000
70320 810.800000 465.000000
70369 569.566690 465.000000
34539 -399.783310 465.000000
70293 645.883310 465.000000
68700 291.680000 465.000000
70917 1031.950000 465.000000
70873 887.597770 465.000000
82149 -1162.176690 465.000000
42095 -173.476080 465.000000
42085 -100.450000 465.000000
67545 1238.833310 465.000000
67767 433.161580 465.000000
6542 -492.987640 465.000000
70602 427.000000 475.000000
66963 212.755270 475.000000
54465 88.835070 475.000000
68072 256.703580 475.000000
71409 123.575910 475.000000
68842 338.608790 475.000000
67728 588.083310 475.000000
70160 523.900000 475.000000
67192 1141.060470 475.000000
67092 921.433310 475.000000
69952 1036.783310 475.000000
6373 -954.052670 475.000000
69114 769.283700 475.000000
6400 -832.675430 475.000000
69865 650.180000 475.000000
68804 207.573580 485.000000
68947 593.418900 485.000000
70119 639.780400 485.000000
69712 266.916690 485.000000
54772 114.685560 485.000000
54430 150.901550 485.000000
69299 1177.193310 485.000000
34533 -384.700000 485.000000
67387 1105.100000 485.000000
67447 946.300000 485.000000
6328 -701.148520 485.000000
54532 135.774630 495.000000
54780 193.241040 495.000000
76224 -1115.520270 495.000000
67404 1005.416690 495.000000
54784 232.774620 495.000000
70414 919.200000 495.000000
6239 -513.140010 495.000000
71989 -94.030900 495.000000
70195 887.086080 505.000000
67998 693.500000 505.000000
69645 771.583310 505.000000
34541 -420.166690 505.000000
67455 545.824730 515.000000
71988 73.480490 545.000000
34536 -499.897500 545.000000
