521 1621.653400 -775.000000
1174 -704.000000 -545.000000
35648 -392.092000 -545.000000
8179 -745.166700 -535.000000
1040 -728.166700 -515.000000
23229 -599.500000 -515.000000
716 -755.768200 -505.000000
1017 -634.166700 -505.000000
1085 -707.166700 -495.000000
72556 651.166700 -495.000000
1008 -701.000000 -475.000000
54881 1647.500000 -465.000000
591 -714.333300 -465.000000
54875 1701.435700 -465.000000
668 -729.000000 -455.000000
54870 1684.036100 -455.000000
54910 1727.800900 -455.000000
54944 1694.500000 -445.000000
8174 -766.000000 -445.000000
777 -657.833300 -445.000000
54866 1690.333300 -435.000000
1162 -671.050500 -435.000000
1030 -633.000000 -435.000000
8177 -778.166700 -435.000000
54882 1747.401300 -435.000000
1602 1434.166700 -435.000000
54955 -1789.333300 -435.000000
1014 -689.500000 -425.000000
1913 1455.294100 -425.000000
8104 -755.731900 -425.000000
2286 1500.531800 -425.000000
54876 1685.000000 -425.000000
54962 1717.755700 -415.000000
8175 -765.369400 -415.000000
54890 1779.166700 -415.000000
2003 1441.666700 -415.000000
715 -688.166700 -415.000000
1138 -614.666700 -415.000000
2292 1505.166700 -415.000000
8161 -749.500000 -405.000000
54919 1708.166700 -405.000000
1188 -648.000000 -405.000000
8142 -706.833300 -405.000000
54895 1783.575000 -405.000000
2427 1436.166700 -405.000000
1639 1498.000000 -405.000000
8207 -756.458900 -395.000000
774 -639.833300 -395.000000
54878 1744.491800 -395.000000
54904 1787.166700 -395.000000
8171 -704.542700 -395.000000
565 -658.833300 -385.000000
8202 -744.000000 -385.000000
1840 1422.606900 -385.000000
951 -563.500000 -385.000000
54934 1741.451600 -385.000000
1746 1482.833300 -385.000000
54874 -1795.958300 -385.000000
2074 1422.633200 -375.000000
922 -614.500000 -375.000000
54877 1728.833300 -375.000000
8152 -756.500000 -375.000000
54940 1785.666700 -375.000000
1821 1494.953900 -375.000000
1210 -533.730400 -375.000000
8158 -701.333300 -375.000000
71821 -204.115500 -375.000000
54856 1723.666700 -365.000000
54893 1784.798600 -365.000000
8200 -761.166700 -365.000000
8116 -700.497700 -365.000000
1116 -612.833300 -365.000000
1535 1451.166700 -365.000000
707 -555.666700 -365.000000
1923 1401.000000 -365.000000
2005 1496.333300 -365.000000
1677 1428.244700 -355.000000
1676 1515.280700 -355.000000
8199 -731.666700 -355.000000
8146 -695.000000 -355.000000
770 -601.333300 -355.000000
54967 1716.239100 -355.000000
1534 1160.916700 -355.000000
54909 1769.000000 -355.000000
551 -658.333300 -355.000000
584 -619.772300 -345.000000
90141 -531.673500 -345.000000
1532 1362.000000 -345.000000
2411 1478.833300 -345.000000
8183 -731.500000 -345.000000
90702 212.471300 -345.000000
90683 169.166700 -345.000000
8154 -685.666700 -345.000000
1684 1538.333300 -345.000000
90750 278.666700 -345.000000
1838 1405.333300 -345.000000
2050 1137.500000 -345.000000
1778 1194.532100 -345.000000
54935 1719.666700 -345.000000
8196 -757.568500 -335.000000
8195 -681.665600 -335.000000
2333 1494.073200 -335.000000
90643 157.166700 -335.000000
90753 297.833300 -335.000000
90796 227.022200 -335.000000
1039 -613.500000 -335.000000
90136 -556.191700 -335.000000
2061 1536.333300 -335.000000
1656 1135.333300 -335.000000
2406 1354.833300 -335.000000
2235 1410.166700 -335.000000
1554 1187.166700 -335.000000
1812 1246.000000 -335.000000
1045 -627.663900 -325.000000
931 -709.166700 -325.000000
2151 1490.764700 -325.000000
5431 -550.986100 -325.000000
90627 256.333300 -325.000000
2048 1133.000000 -325.000000
90621 186.833300 -325.000000
90640 314.500000 -325.000000
2237 1559.634800 -325.000000
1679 1195.181400 -325.000000
2222 1341.666700 -325.000000
934 -665.139600 -325.000000
2213 1424.333300 -325.000000
2210 1143.333300 -315.000000
677 -662.833300 -315.000000
1109 -535.000000 -315.000000
1084 -709.363900 -315.000000
2174 1496.018500 -315.000000
90761 238.833300 -315.000000
90799 305.833300 -315.000000
2233 1571.166700 -315.000000
1644 1381.333300 -315.000000
90811 158.000000 -315.000000
989 -624.000000 -315.000000
1719 1170.633600 -315.000000
1713 1443.166700 -315.000000
2080 1206.666700 -315.000000
5338 -548.300000 -305.000000
5847 -492.233300 -305.000000
8163 -730.002800 -305.000000
1715 1492.333300 -305.000000
90755 262.500000 -305.000000
1946 1184.666700 -305.000000
823 -674.000000 -305.000000
734 -616.333300 -305.000000
90774 337.500000 -305.000000
1625 1235.833300 -305.000000
2418 1562.000000 -305.000000
2279 1335.954600 -305.000000
1941 1132.375000 -305.000000
90663 292.166700 -295.000000
90628 226.000000 -295.000000
4365 -550.794400 -295.000000
5129 -472.305600 -295.000000
864 -692.500000 -295.000000
1032 -629.500000 -295.000000
90782 334.000000 -295.000000
2312 1490.500000 -295.000000
90780 151.833300 -295.000000
2039 1553.166700 -295.000000
1724 1314.549500 -295.000000
1781 1128.333300 -295.000000
53232 1655.662800 -295.000000
90764 285.000000 -285.000000
5587 -515.666700 -285.000000
1072 -762.833300 -285.000000
90699 220.666700 -285.000000
5778 -469.069400 -285.000000
5520 -578.630600 -285.000000
2019 1511.773000 -285.000000
1562 1571.363400 -285.000000
1844 1119.000000 -285.000000
53152 134.333300 -285.000000
807 -638.166700 -285.000000
2076 1191.333300 -285.000000
1642 1506.280900 -275.000000
1861 1564.333300 -275.000000
90816 249.333300 -275.000000
4547 -524.491700 -275.000000
90737 326.333300 -275.000000
1035 -622.833300 -275.000000
8118 -724.333300 -275.000000
90698 215.500000 -275.000000
8162 -1132.505300 -275.000000
1944 1117.666700 -275.000000
90697 244.436300 -265.000000
1095 -715.166700 -265.000000
90623 301.166700 -265.000000
4861 -515.455600 -265.000000
745 -602.833300 -265.000000
4739 -468.619400 -265.000000
2100 1501.166700 -265.000000
1672 1558.333300 -265.000000
53140 145.333300 -265.000000
72493 343.333300 -265.000000
4466 -516.730600 -255.000000
90758 257.878300 -255.000000
63681 -600.359100 -255.000000
53119 307.891700 -255.000000
4401 -471.241700 -255.000000
53130 357.441700 -255.000000
63757 -561.000000 -255.000000
2250 1491.917400 -255.000000
50557 433.833300 -255.000000
50586 505.998100 -255.000000
824 -698.833300 -255.000000
5982 217.833300 -255.000000
62820 -1328.014700 -255.000000
1054 -669.166700 -245.000000
1103 -590.000000 -245.000000
5360 -428.027800 -245.000000
5904 235.085900 -245.000000
90757 329.166700 -245.000000
4748 -491.888900 -245.000000
1657 1496.500000 -245.000000
50558 423.500000 -245.000000
53144 152.666700 -245.000000
1686 1109.333300 -245.000000
5623 -493.361100 -235.000000
4620 -438.333300 -235.000000
8094 -737.000000 -235.000000
90751 267.500000 -235.000000
53121 335.472200 -235.000000
50610 415.666700 -235.000000
5806 -557.250000 -235.000000
2269 1472.000000 -235.000000
50579 464.833300 -235.000000
1851 1539.500000 -235.000000
1538 1299.833300 -235.000000
53159 146.833300 -235.000000
805 -626.500000 -235.000000
1153 -674.666700 -235.000000
2153 1179.333300 -235.000000
5912 216.333300 -235.000000
55516 -1370.691700 -235.000000
5428 -474.075000 -225.000000
5103 -410.036100 -225.000000
53166 146.832300 -225.000000
4490 -572.055600 -225.000000
8100 -707.333300 -225.000000
53179 1646.572000 -225.000000
3909 -657.833300 -225.000000
5973 249.166700 -225.000000
90793 337.833300 -225.000000
50594 456.166700 -225.000000
53178 1692.833300 -225.000000
2104 1456.466100 -225.000000
2353 1150.931000 -225.000000
5926 288.333300 -225.000000
55506 -1531.333300 -225.000000
5416 -520.102800 -215.000000
4869 -397.502800 -215.000000
50585 434.833300 -215.000000
3895 -665.295600 -215.000000
5902 242.166700 -215.000000
63839 518.833300 -215.000000
2037 1474.000000 -215.000000
63826 582.166700 -215.000000
5036 -452.047200 -215.000000
5972 318.172200 -215.000000
73103 -1782.000000 -215.000000
53145 142.166700 -215.000000
3904 -602.000000 -215.000000
8091 -1615.750000 -215.000000
53188 1660.833300 -215.000000
2287 1510.166700 -215.000000
73104 -1728.500000 -215.000000
4272 -582.463900 -205.000000
90899 261.833300 -205.000000
5857 -432.925000 -205.000000
4557 -492.008300 -205.000000
8133 -722.666700 -205.000000
51092 544.988900 -205.000000
51051 599.202800 -205.000000
90934 332.276600 -205.000000
50604 452.333300 -205.000000
3816 -653.166700 -205.000000
2122 1368.000000 -205.000000
53157 133.477200 -205.000000
2272 1144.333300 -205.000000
2227 1221.666700 -205.000000
1627 1467.333300 -205.000000
53193 1666.646100 -205.000000
2258 1509.000000 -205.000000
53146 201.333300 -205.000000
53182 1626.333300 -205.000000
4137 -481.377800 -195.000000
53107 333.388900 -195.000000
5485 -405.513900 -195.000000
3892 -667.627400 -195.000000
90918 283.166700 -195.000000
2360 1438.000000 -195.000000
4438 -597.533300 -195.000000
50570 440.166700 -195.000000
5939 222.166700 -195.000000
50592 512.000000 -195.000000
53135 145.166700 -195.000000
4881 -555.016700 -195.000000
1555 1483.000000 -195.000000
51041 618.141700 -195.000000
2344 1303.000000 -195.000000
73105 -1761.500000 -195.000000
90508 1671.666700 -195.000000
54852 -1714.186700 -195.000000
50569 439.309800 -185.000000
5800 -512.772200 -185.000000
90908 277.755500 -185.000000
55454 -717.483300 -185.000000
4587 -359.494400 -185.000000
50609 520.833300 -185.000000
90939 344.708600 -185.000000
4023 -457.872200 -185.000000
23228 1772.414900 -185.000000
4444 -562.600000 -185.000000
3848 -639.333300 -185.000000
1928 1443.666700 -185.000000
5974 197.500000 -185.000000
53151 123.399800 -185.000000
73102 -1757.833300 -185.000000
3862 -684.666700 -185.000000
1894 1244.666700 -185.000000
90919 292.538900 -175.000000
3886 -700.666700 -175.000000
53128 341.883300 -175.000000
90855 225.633600 -175.000000
5732 -454.052800 -175.000000
4841 -532.144400 -175.000000
5126 -360.719400 -175.000000
50559 440.166700 -175.000000
50552 526.166700 -175.000000
23227 1762.166700 -175.000000
90512 1656.218800 -175.000000
53153 132.833300 -175.000000
55498 -1508.000000 -175.000000
55511 -1474.666700 -175.000000
3835 -612.500000 -175.000000
1647 1204.333300 -175.000000
1931 1433.333300 -175.000000
1779 1254.666700 -175.000000
4581 -513.538900 -165.000000
55203 -739.350000 -165.000000
3845 -663.500000 -165.000000
4003 -432.438900 -165.000000
1670 1439.666700 -165.000000
5448 -582.355600 -165.000000
53129 323.866700 -165.000000
53106 435.086100 -165.000000
53123 364.569400 -165.000000
90836 254.833300 -165.000000
50595 548.666700 -165.000000
90868 289.833300 -165.000000
23226 1772.833300 -165.000000
90887 211.666700 -165.000000
55526 -1538.500000 -165.000000
55524 -1496.333300 -165.000000
90510 1655.833300 -165.000000
4186 -503.297200 -155.000000
90860 264.863600 -155.000000
51133 326.138700 -155.000000
4460 -578.966700 -155.000000
53126 371.666000 -155.000000
55312 -722.333300 -155.000000
50591 436.166700 -155.000000
55398 -688.333300 -155.000000
5308 -446.141700 -155.000000
512 103.522200 -155.000000
4762 -372.477800 -155.000000
90867 216.333300 -155.000000
50598 533.333300 -155.000000
55342 -799.102800 -155.000000
90509 1641.666700 -155.000000
1981 1260.333300 -155.000000
71823 -84.167500 -155.000000
5864 -468.394400 -145.000000
55296 -766.308300 -145.000000
53111 358.727800 -145.000000
4726 -371.802800 -145.000000
90841 269.500000 -145.000000
505 114.000000 -145.000000
50568 478.833300 -145.000000
55448 -733.261100 -145.000000
511 200.909900 -145.000000
55324 -658.463800 -145.000000
5104 -581.275000 -145.000000
1252 -1725.200000 -145.000000
1953 1295.666700 -145.000000
1251 -1680.025000 -145.000000
51142 313.833300 -135.000000
55270 -734.780600 -135.000000
55252 -797.323500 -135.000000
4845 -418.836100 -135.000000
90857 260.000000 -135.000000
53116 376.405600 -135.000000
5825 -369.730600 -135.000000
90516 -1729.666600 -135.000000
5355 -541.666700 -135.000000
50548 463.500000 -135.000000
490 116.833300 -135.000000
50553 514.500000 -135.000000
489 171.666700 -135.000000
55223 -704.500000 -135.000000
90530 -1692.418100 -135.000000
1539 1337.191700 -135.000000
90514 -1785.745300 -135.000000
90513 1663.500000 -135.000000
55329 -782.282400 -125.000000
5463 -409.108300 -125.000000
90853 267.000000 -125.000000
90883 301.333300 -125.000000
55282 -728.333300 -125.000000
498 139.391700 -125.000000
4247 -359.241700 -125.000000
4104 -476.900000 -125.000000
499 184.333300 -125.000000
53127 390.177500 -125.000000
1770 1290.418500 -125.000000
50571 459.833300 -125.000000
5858 -622.458300 -125.000000
2195 1339.833000 -125.000000
90859 352.833300 -125.000000
6817 935.225100 -125.000000
6867 244.666700 -115.000000
55257 -788.094400 -115.000000
5546 -411.063900 -115.000000
4626 -508.686100 -115.000000
4229 -632.472200 -115.000000
55462 -741.908300 -115.000000
49430 414.550600 -115.000000
90863 303.833300 -115.000000
518 123.333300 -115.000000
3823 -705.691800 -115.000000
5267 -572.936100 -115.000000
507 184.166700 -115.000000
51160 356.666700 -115.000000
49423 448.775000 -115.000000
4011 -391.716700 -105.000000
6863 249.333300 -105.000000
37942 1217.833300 -105.000000
5169 -501.602800 -105.000000
74396 338.500000 -105.000000
74330 383.833300 -105.000000
90850 294.000000 -105.000000
55239 -804.666700 -105.000000
3870 -688.000000 -105.000000
5249 -347.863900 -105.000000
3837 -617.833300 -105.000000
504 210.333300 -105.000000
74261 424.333300 -105.000000
515 128.833300 -105.000000
55200 -750.047200 -105.000000
55558 1485.666700 -105.000000
71022 1595.204500 -105.000000
10673 1008.791200 -105.000000
4938 -375.352800 -95.000000
55251 -809.783300 -95.000000
55556 1435.797200 -95.000000
5420 -708.100000 -95.000000
5256 -432.008300 -95.000000
74208 315.166700 -95.000000
509 142.452800 -95.000000
55287 -757.333300 -95.000000
4050 -603.408300 -95.000000
71021 1578.500000 -95.000000
38146 1178.641000 -95.000000
74367 365.666700 -95.000000
74249 412.166700 -95.000000
516 225.000000 -95.000000
3961 -520.000000 -95.000000
37796 1227.925000 -95.000000
5610 -295.611100 -95.000000
55497 -1408.333300 -95.000000
71023 1622.475900 -95.000000
503 114.344400 -85.000000
5392 -366.811100 -85.000000
55469 -814.299800 -85.000000
37868 1128.166700 -85.000000
5137 -330.552800 -85.000000
37977 1182.166700 -85.000000
55390 -721.538700 -85.000000
5352 -606.038900 -85.000000
74297 319.500000 -85.000000
72935 1243.736100 -85.000000
6848 231.905600 -85.000000
74273 375.333300 -85.000000
5458 -418.191700 -85.000000
495 154.641700 -85.000000
55554 1452.333300 -85.000000
55323 -771.500000 -85.000000
71020 1556.418600 -85.000000
74121 1767.941700 -85.000000
71019 1595.033500 -85.000000
90849 278.666700 -85.000000
55550 1392.500000 -85.000000
38113 1103.508300 -75.000000
4858 -381.630600 -75.000000
38091 1167.097600 -75.000000
37812 1051.877800 -75.000000
55221 -812.002700 -75.000000
74188 339.000000 -75.000000
4022 -509.072200 -75.000000
74399 286.166700 -75.000000
4079 -442.355600 -75.000000
519 138.500000 -75.000000
55310 -746.313500 -75.000000
74215 387.572200 -75.000000
4633 -651.208300 -75.000000
6851 220.833300 -75.000000
55531 1448.500000 -75.000000
4743 -321.255600 -75.000000
55561 1476.166700 -75.000000
71822 -174.166700 -75.000000
37892 1047.451300 -65.000000
74166 353.695100 -65.000000
37807 1097.186100 -65.000000
6875 206.000000 -65.000000
55248 -822.416700 -65.000000
6836 266.500000 -65.000000
55546 1461.000000 -65.000000
38141 1135.500000 -65.000000
4674 -410.986100 -65.000000
517 111.666700 -65.000000
4239 -355.977800 -65.000000
4546 -454.225000 -65.000000
55354 -742.666700 -65.000000
55530 1540.500000 -65.000000
55490 -783.841700 -65.000000
55549 1421.500000 -65.000000
74394 413.500000 -65.000000
4495 -674.736100 -65.000000
5552 -573.950000 -65.000000
55540 1571.333300 -65.000000
37966 1170.221000 -55.000000
38121 977.666700 -55.000000
5089 -367.094400 -55.000000
5734 -452.019400 -55.000000
6850 203.177800 -55.000000
55388 -821.333300 -55.000000
74402 376.000000 -55.000000
6872 116.500000 -55.000000
37982 1068.066700 -55.000000
6846 270.947100 -55.000000
4964 -509.177800 -55.000000
74400 310.000000 -55.000000
55259 -771.625000 -55.000000
38090 1220.530000 -55.000000
38140 1315.500000 -55.000000
55551 1409.166700 -55.000000
3971 -409.600000 -55.000000
55548 1476.000000 -55.000000
74422 409.166700 -55.000000
55541 1516.500000 -55.000000
4960 -637.002800 -55.000000
4880 -704.000000 -55.000000
6857 129.214600 -45.000000
49271 375.666700 -45.000000
6871 171.913900 -45.000000
74217 278.266700 -45.000000
55451 -827.852800 -45.000000
37821 1017.666700 -45.000000
6840 220.833300 -45.000000
4396 -450.855600 -45.000000
38149 1176.279000 -45.000000
4738 -583.836100 -45.000000
74392 326.500000 -45.000000
38133 1097.333300 -45.000000
4346 -406.419400 -45.000000
4392 -646.413900 -45.000000
4012 -356.697200 -45.000000
37914 1243.167000 -45.000000
55458 -767.447200 -45.000000
55544 1504.666700 -45.000000
71024 530.500000 -45.000000
4323 -692.958300 -45.000000
74305 425.333300 -45.000000
55528 1407.333300 -45.000000
55529 1461.666700 -45.000000
4554 -412.430600 -35.000000
4952 -618.250000 -35.000000
37813 1112.910000 -35.000000
55302 -753.472200 -35.000000
37792 1267.000000 -35.000000
74142 348.833300 -35.000000
3751 266.600000 -35.000000
37824 998.655400 -35.000000
19709 -820.666700 -35.000000
37923 1203.988900 -35.000000
74319 388.333300 -35.000000
6819 149.666700 -35.000000
5781 -517.725000 -35.000000
6865 219.333300 -35.000000
37948 1050.333300 -35.000000
4010 -362.911100 -35.000000
37790 1307.166700 -35.000000
5728 -659.113900 -35.000000
37992 1372.833300 -35.000000
5849 -465.036100 -35.000000
5010 -562.186100 -35.000000
74189 314.333300 -35.000000
55562 1421.333300 -35.000000
31815 85.500000 -35.000000
4537 -207.108300 -35.000000
55552 1497.333300 -35.000000
19695 -826.000000 -25.000000
38007 1020.458000 -25.000000
37968 1170.885000 -25.000000
5608 -467.027800 -25.000000
74342 311.000000 -25.000000
19687 -771.833300 -25.000000
6828 270.608300 -25.000000
5504 -571.083300 -25.000000
38006 1102.333300 -25.000000
5208 -393.766700 -25.000000
37898 1383.000000 -25.000000
74154 353.666700 -25.000000
4257 -512.958300 -25.000000
6879 161.833300 -25.000000
38058 1222.978000 -25.000000
49248 397.033300 -25.000000
5442 -644.997200 -25.000000
31829 83.333300 -25.000000
55538 1487.000000 -25.000000
55559 1431.000000 -25.000000
49278 347.166700 -15.000000
4131 -500.044400 -15.000000
70928 282.588500 -15.000000
3989 -453.722200 -15.000000
37802 1138.288700 -15.000000
37893 1021.166700 -15.000000
19731 -834.500000 -15.000000
19665 -768.167500 -15.000000
49303 385.693300 -15.000000
38045 1195.524000 -15.000000
31807 102.833300 -15.000000
6841 164.666700 -15.000000
38083 1061.833300 -15.000000
5142 -585.661100 -15.000000
3919 -537.180600 -15.000000
34696 44.325000 -15.000000
4963 -668.666700 -15.000000
72265 448.378800 -15.000000
19740 -800.249500 -5.000000
38002 985.542700 -5.000000
38044 1066.333300 -5.000000
38065 1144.500000 -5.000000
38009 1186.707000 -5.000000
49280 342.666700 -5.000000
72271 398.453600 -5.000000
38099 1294.500000 -5.000000
31828 54.833300 -5.000000
75513 285.758300 -5.000000
5493 -532.816700 -5.000000
37973 1367.833300 -5.000000
38097 1021.593200 -5.000000
37960 1242.875000 -5.000000
5460 -440.561100 -5.000000
6822 190.666700 -5.000000
5856 -496.416700 -5.000000
6935 141.080600 -5.000000
19674 -744.333300 -5.000000
51121 703.833300 -5.000000
19733 -939.517600 -5.000000
4089 -653.241700 -5.000000
19746 -857.174400 -5.000000
31804 104.333300 -5.000000
54851 1582.124700 -5.000000
51127 744.333300 -5.000000
75485 304.821900 5.000000
38032 987.500000 5.000000
31813 64.500000 5.000000
6859 225.000000 5.000000
4933 -528.663900 5.000000
49219 373.833300 5.000000
72282 448.505600 5.000000
6873 158.666700 5.000000
37887 1203.595000 5.000000
38123 1083.500000 5.000000
19697 -799.166700 5.000000
38134 1253.000000 5.000000
37835 1154.000000 5.000000
9846 -755.444400 5.000000
31824 112.833300 5.000000
51130 702.333300 5.000000
71820 1011.500700 15.000000
53036 1082.333300 15.000000
37969 1230.455000 15.000000
10037 -787.811100 15.000000
34682 85.500000 15.000000
37829 1269.824000 15.000000
9764 -729.111200 15.000000
6831 287.500000 15.000000
75512 326.794400 15.000000
49244 368.000000 15.000000
72291 418.333300 15.000000
6820 218.000000 15.000000
49377 1711.769600 15.000000
31827 127.833300 15.000000
53083 1144.527800 15.000000
6934 178.516700 15.000000
49367 1782.241500 15.000000
9957 -689.733300 15.000000
49372 -1616.750200 15.000000
49364 -1531.652600 15.000000
72288 426.437500 25.000000
53079 995.333300 25.000000
9995 -767.818800 25.000000
4158 -633.733300 25.000000
53082 1106.166700 25.000000
53045 1040.480600 25.000000
75478 311.055600 25.000000
6842 261.166700 25.000000
75503 341.097200 25.000000
6830 209.666700 25.000000
8257 90.500000 25.000000
8328 149.833300 25.000000
72277 473.166700 25.000000
53011 1144.333300 25.000000
38084 939.801000 25.000000
10129 -734.588900 25.000000
9773 -838.216700 25.000000
49376 -1622.877300 25.000000
51122 693.000000 25.000000
49375 1681.635400 25.000000
51128 747.666700 25.000000
9604 -777.225000 35.000000
37979 971.666700 35.000000
53028 1052.865300 35.000000
8338 94.166700 35.000000
10030 -742.036100 35.000000
52977 1151.333300 35.000000
72256 418.500000 35.000000
6838 179.666700 35.000000
38125 1197.333300 35.000000
75498 310.866700 35.000000
6832 229.833300 35.000000
6915 148.666700 35.000000
72270 502.000000 35.000000
49251 374.000000 35.000000
9844 -658.238900 35.000000
34456 -440.000000 35.000000
35999 -601.833300 35.000000
51124 699.666700 35.000000
49373 1690.835200 35.000000
34446 -541.500000 35.000000
9571 -758.817500 45.000000
8254 79.084000 45.000000
52988 998.829000 45.000000
6889 167.549600 45.000000
10386 -697.266400 45.000000
53099 1164.000000 45.000000
34519 -41.500000 45.000000
53048 1127.833300 45.000000
8076 -93.166700 45.000000
8281 109.351000 45.000000
71064 304.166700 45.000000
34513 4.000000 45.000000
51125 723.088800 45.000000
52983 1049.166700 45.000000
53077 1210.111800 45.000000
34447 -544.333300 45.000000
72259 422.036100 45.000000
37951 961.683000 45.000000
6837 237.166700 45.000000
71096 340.677800 45.000000
34454 -477.666700 45.000000
72269 490.166700 45.000000
22784 371.000000 45.000000
35995 -606.833300 45.000000
8028 -61.280600 55.000000
34462 -16.969000 55.000000
53233 64.666700 55.000000
53022 1121.666700 55.000000
8228 122.582400 55.000000
53072 1205.179000 55.000000
9933 -782.205600 55.000000
52985 970.354300 55.000000
72307 -581.668200 55.000000
53039 1020.617700 55.000000
34523 11.833300 55.000000
10264 -705.297200 55.000000
50025 787.352800 55.000000
8227 88.124800 55.000000
8267 184.500000 55.000000
22797 368.166700 55.000000
22774 428.833300 55.000000
50053 -124.466700 55.000000
34457 -471.333300 55.000000
57011 1264.033300 55.000000
6916 256.000000 55.000000
72279 500.255600 55.000000
71092 295.666700 55.000000
23237 1612.036100 55.000000
51129 712.333300 55.000000
10020 -742.555600 55.000000
53513 18.958300 65.000000
9947 -779.361100 65.000000
34497 -34.166700 65.000000
53295 86.274900 65.000000
50060 -131.969000 65.000000
49995 777.477800 65.000000
59687 1193.738900 65.000000
53021 992.386000 65.000000
35998 -611.552700 65.000000
49998 822.630000 65.000000
8055 -79.519400 65.000000
57332 1275.469400 65.000000
10047 -697.536100 65.000000
8293 167.000000 65.000000
22713 342.500000 65.000000
72275 453.308300 65.000000
6908 227.833300 65.000000
22743 395.166700 65.000000
36003 -536.166700 65.000000
53061 1046.833300 65.000000
59132 1234.936100 65.000000
53020 1134.305000 65.000000
51123 688.699800 65.000000
23234 1560.500000 65.000000
23231 1603.083300 65.000000
63671 1371.294400 65.000000
53414 20.963900 75.000000
56815 1241.127800 75.000000
53596 48.333300 75.000000
9699 -743.052800 75.000000
8050 -68.330600 75.000000
53530 106.121000 75.000000
90402 -683.250000 75.000000
8310 165.833300 75.000000
72665 983.766800 75.000000
72127 -123.383300 75.000000
50030 777.358000 75.000000
22719 369.666700 75.000000
71104 271.000000 75.000000
50016 821.356000 75.000000
72611 1026.450800 75.000000
9516 -790.258700 75.000000
22799 416.000000 75.000000
58321 1274.841700 75.000000
37808 1109.833300 75.000000
34483 -28.666700 75.000000
50618 1695.802700 75.000000
22801 342.500000 75.000000
57166 1213.861100 75.000000
72274 489.166700 75.000000
23238 1506.414800 75.000000
71095 298.838900 75.000000
63668 1329.790900 75.000000
35994 -552.076900 75.000000
55854 1149.645000 75.000000
72189 -147.575000 75.000000
72129 -103.258300 75.000000
23236 1537.000000 75.000000
63667 1360.577800 75.000000
41639 754.333300 85.000000
53454 27.500000 85.000000
72138 -156.299400 85.000000
90351 -668.410200 85.000000
56425 1204.472200 85.000000
55132 -813.197300 85.000000
90382 -729.450000 85.000000
57501 1279.019400 85.000000
22791 374.666700 85.000000
53447 82.000000 85.000000
72549 139.833300 85.000000
72728 942.666700 85.000000
50043 845.335000 85.000000
72164 -102.500000 85.000000
72284 440.577800 85.000000
8068 -30.000000 85.000000
9632 -775.966700 85.000000
90419 -608.988900 85.000000
22750 324.833300 85.000000
71047 261.942600 85.000000
72537 193.500000 85.000000
72751 1035.019500 85.000000
71075 292.333300 85.000000
10439 -852.500000 85.000000
22706 354.468900 95.000000
34615 -163.877800 95.000000
34616 -115.772900 95.000000
40307 760.166700 95.000000
53471 80.000000 95.000000
72278 416.650000 95.000000
8266 116.000000 95.000000
90381 -652.766700 95.000000
34520 -26.333300 95.000000
10493 -864.833300 95.000000
55170 -756.000000 95.000000
53540 50.569400 95.000000
50011 818.137000 95.000000
71078 295.561100 95.000000
58562 1142.352800 95.000000
57233 1258.122200 95.000000
72835 960.331100 95.000000
90485 1032.800000 95.000000
72555 171.923000 95.000000
72263 470.369400 95.000000
55045 -814.013900 95.000000
3788 17.044400 95.000000
90417 -596.510200 95.000000
72536 146.065800 95.000000
55748 1213.164000 95.000000
72538 204.449300 95.000000
72257 541.166700 95.000000
23230 1360.291700 95.000000
90495 1003.666700 105.000000
90339 -690.166700 105.000000
90378 -743.405600 105.000000
53474 56.382800 105.000000
41553 762.833300 105.000000
56661 1211.916700 105.000000
41591 837.833300 105.000000
90330 -620.000000 105.000000
90434 1092.166700 105.000000
8285 125.159200 105.000000
57896 1275.222200 105.000000
72261 429.163900 105.000000
90353 -659.852800 105.000000
34631 -146.500000 105.000000
34628 -75.000000 105.000000
3787 -16.250000 105.000000
8337 170.328800 105.000000
10474 -866.333300 105.000000
22734 338.333300 105.000000
72273 494.700000 105.000000
53624 92.574900 105.000000
39990 699.166700 105.000000
6894 212.907300 105.000000
53484 73.138100 115.000000
49353 1019.160100 115.000000
53528 158.602700 115.000000
39191 739.666700 115.000000
41199 796.666700 115.000000
18903 407.446800 115.000000
10223 -775.016700 115.000000
35981 -173.833300 115.000000
3432 -84.979000 115.000000
90448 1102.419300 115.000000
90352 -708.734400 115.000000
58325 1223.063900 115.000000
71054 313.592000 115.000000
53727 -878.941700 115.000000
40962 897.500000 115.000000
3783 14.386100 115.000000
53707 -838.577200 115.000000
72260 530.825000 115.000000
34472 -17.416700 115.000000
90368 -605.627800 115.000000
53207 46.491900 115.000000
72515 226.827000 115.000000
53652 103.450500 115.000000
22707 362.833300 115.000000
18908 447.905600 115.000000
59399 1271.155600 115.000000
56918 1172.955600 115.000000
38888 749.032900 125.000000
50818 -98.000000 125.000000
3461 17.616600 125.000000
53724 -883.504000 125.000000
72551 123.347900 125.000000
90578 435.366700 125.000000
90473 1064.833300 125.000000
41732 812.333300 125.000000
50883 971.000000 125.000000
72253 -192.719400 125.000000
22761 356.666700 125.000000
53786 -836.970600 125.000000
10672 -719.335400 125.000000
71041 260.333300 125.000000
3455 -50.666700 125.000000
59219 1215.933300 125.000000
56472 1270.041700 125.000000
72222 -134.500000 125.000000
72636 1017.666700 125.000000
53399 78.911900 125.000000
71052 317.500000 125.000000
71107 210.833300 125.000000
22731 392.650000 125.000000
90585 519.333300 125.000000
34355 -575.484900 125.000000
3913 -652.666700 125.000000
72592 984.166700 135.000000
39123 781.784700 135.000000
53221 3.117800 135.000000
90594 422.209100 135.000000
53626 70.390200 135.000000
72386 -927.871800 135.000000
71060 278.166700 135.000000
72810 1041.967500 135.000000
71073 341.666700 135.000000
72400 -864.513900 135.000000
41343 734.666700 135.000000
71057 226.500000 135.000000
56037 1186.600000 135.000000
90587 450.833300 135.000000
57610 1234.172200 135.000000
90481 1116.333300 135.000000
53231 107.883700 135.000000
2801 -626.166700 135.000000
50844 -77.157000 135.000000
34553 -187.461100 135.000000
50839 -39.659000 135.000000
35967 1430.361100 135.000000
39987 836.166700 135.000000
34546 -147.780300 135.000000
53203 141.113400 135.000000
72517 174.353000 135.000000
71053 369.666700 135.000000
53223 32.689000 135.000000
35978 1460.855600 135.000000
50834 -106.895000 135.000000
9979 -789.666700 135.000000
2803 -574.333300 135.000000
57916 1191.822000 145.000000
72208 -189.440600 145.000000
35728 -947.132700 145.000000
72235 -156.000000 145.000000
36394 -839.068100 145.000000
90580 396.545200 145.000000
55715 1235.752800 145.000000
40703 778.666700 145.000000
71101 304.989000 145.000000
90581 461.242400 145.000000
72726 970.019600 145.000000
10659 -250.086800 145.000000
50841 -56.942000 145.000000
41106 726.166700 145.000000
50952 -652.733400 145.000000
39989 817.833300 145.000000
53224 34.692000 145.000000
50829 -99.341000 145.000000
90467 1059.000000 145.000000
50956 -577.093300 145.000000
3442 -12.345000 145.000000
53212 80.600000 145.000000
72541 144.103000 145.000000
72523 188.166700 145.000000
71074 231.666700 145.000000
36052 -888.666700 145.000000
50944 1432.227800 145.000000
71069 301.336100 155.000000
90592 427.066700 155.000000
39672 736.666700 155.000000
19991 371.333300 155.000000
36359 -922.333300 155.000000
38877 790.333300 155.000000
55700 1169.833300 155.000000
58802 1242.898000 155.000000
36062 -858.530200 155.000000
72854 1000.528900 155.000000
49942 1072.833300 155.000000
90593 461.244200 155.000000
72209 -166.799300 155.000000
72227 -115.766000 155.000000
52188 -1018.666700 155.000000
19238 -631.880800 155.000000
53195 44.793000 155.000000
10661 -265.666700 155.000000
50840 6.022000 155.000000
34660 -580.000000 155.000000
50943 1423.936100 155.000000
50946 1490.377800 155.000000
36165 -811.333300 155.000000
72535 207.500000 155.000000
50896 940.561100 165.000000
41747 776.166700 165.000000
90449 1061.208300 165.000000
51175 -1052.901000 165.000000
41226 727.641700 165.000000
52809 -883.166700 165.000000
50873 1006.255600 165.000000
41037 850.833300 165.000000
55835 1187.930600 165.000000
72242 -197.896200 165.000000
59062 1239.487000 165.000000
70985 410.511100 165.000000
50825 -9.447200 165.000000
10654 -270.804200 165.000000
34665 -645.000000 165.000000
71089 316.341000 165.000000
70934 458.354900 165.000000
72240 -121.008300 165.000000
52779 -955.500000 165.000000
34663 -587.833300 165.000000
71103 377.032000 165.000000
50826 -57.707500 165.000000
39679 757.744400 175.000000
41762 875.000000 175.000000
48327 -791.935800 175.000000
52865 -965.166700 175.000000
70994 423.841700 175.000000
72855 997.858900 175.000000
50852 952.797200 175.000000
54993 519.923700 175.000000
59573 1172.269400 175.000000
71076 300.852000 175.000000
53197 56.168000 175.000000
51917 -1067.000000 175.000000
72806 1077.472500 175.000000
57132 1236.892400 175.000000
6106 -848.975600 175.000000
41635 813.500000 175.000000
112 -654.500000 175.000000
72540 170.042800 175.000000
48343 -734.166700 175.000000
52716 -912.833300 175.000000
10658 -280.647100 175.000000
108 -588.000000 175.000000
10655 -232.166700 175.000000
40986 726.553500 185.000000
19411 -738.885700 185.000000
50973 -189.497500 185.000000
41780 771.833300 185.000000
63013 -637.057200 185.000000
70987 385.291700 185.000000
51591 -1022.500000 185.000000
52623 -949.833300 185.000000
72648 959.846800 185.000000
41765 870.166700 185.000000
90502 1044.666700 185.000000
62984 -681.140600 185.000000
9082 1080.050000 185.000000
51477 -867.333300 185.000000
57425 1190.936100 185.000000
9214 1124.966700 185.000000
41203 817.166700 185.000000
72705 1011.074500 185.000000
55723 1234.406000 185.000000
71050 321.829900 185.000000
50832 -0.922200 185.000000
48332 -796.666700 185.000000
50816 -59.264900 185.000000
53199 114.164300 185.000000
40548 710.479400 195.000000
51989 -1024.276600 195.000000
51815 -960.519400 195.000000
40674 753.000000 195.000000
19410 -785.000000 195.000000
50886 928.297200 195.000000
71083 342.163900 195.000000
39096 823.000000 195.000000
40991 870.500000 195.000000
19379 -670.833300 195.000000
90494 1030.666700 195.000000
8798 1124.063900 195.000000
81278 -1562.900000 195.000000
71088 394.321000 195.000000
70968 445.333300 195.000000
72767 980.788300 195.000000
71042 292.166700 195.000000
81042 -1483.730600 195.000000
51455 -890.000000 195.000000
51708 -1066.333300 205.000000
38967 822.333300 205.000000
51984 -914.166700 205.000000
8647 1085.416700 205.000000
52202 -976.833300 205.000000
38581 753.500000 205.000000
90458 1042.822200 205.000000
39205 879.792700 205.000000
10639 -806.219400 205.000000
10577 -722.091700 205.000000
50851 944.000000 205.000000
41739 682.666700 205.000000
50901 994.333300 205.000000
70942 390.666700 205.000000
9057 1130.541700 205.000000
70995 465.000000 205.000000
50972 -200.336100 205.000000
41717 717.049300 205.000000
52711 -880.333300 205.000000
81910 -1585.700000 205.000000
82053 -1549.655600 205.000000
56021 1204.701700 205.000000
50971 -92.622000 205.000000
41495 713.333300 215.000000
70984 374.191700 215.000000
9450 1078.829100 215.000000
40604 773.000000 215.000000
70989 413.261100 215.000000
50869 936.835900 215.000000
51918 -1028.666700 215.000000
41031 834.333300 215.000000
51387 -886.465600 215.000000
9343 1146.666700 215.000000
81407 -1602.583300 215.000000
10548 -803.169400 215.000000
52680 -1064.000000 215.000000
40960 669.092900 215.000000
51495 -951.166700 215.000000
90506 1027.666700 215.000000
10617 -730.027800 215.000000
38807 874.434900 215.000000
50864 982.333300 215.000000
81912 -1559.394400 215.000000
38580 741.000000 215.000000
72516 159.275000 215.000000
36008 1114.576900 225.000000
39055 859.697200 225.000000
2821 948.363900 225.000000
39696 740.333000 225.000000
74128 1176.133300 225.000000
41053 689.833300 225.000000
8979 1062.166700 225.000000
52366 -1054.833300 225.000000
40144 811.833300 225.000000
52585 -957.500000 225.000000
39282 775.666700 225.000000
10636 -832.666700 225.000000
39673 899.025000 225.000000
90484 1023.441500 225.000000
74136 1247.444000 225.000000
19645 22.227800 225.000000
54990 560.333300 225.000000
54997 586.288900 225.000000
10606 -771.275000 225.000000
70996 372.322200 225.000000
81932 -1608.189500 225.000000
70961 444.591700 225.000000
19863 286.333300 225.000000
50847 -66.836100 225.000000
75791 -1572.138800 225.000000
2824 889.074400 235.000000
38494 699.166700 235.000000
8629 1105.500000 235.000000
10581 -841.830400 235.000000
38963 756.000000 235.000000
9097 1188.147900 235.000000
39709 823.500600 235.000000
54989 567.933300 235.000000
2822 933.044400 235.000000
51977 -1088.166700 235.000000
74127 1237.044400 235.000000
51496 -946.333300 235.000000
8820 1012.037200 235.000000
8345 1154.809200 235.000000
10602 -791.775000 235.000000
8408 1054.133300 235.000000
19987 -186.579800 235.000000
51969 -1033.500000 235.000000
70939 414.333300 235.000000
70938 495.650000 235.000000
70977 354.905600 235.000000
41126 859.500000 235.000000
5876 -710.833300 235.000000
59860 649.822000 245.000000
70998 449.218500 245.000000
70990 378.141700 245.000000
74133 1182.839000 245.000000
2877 862.000000 245.000000
9101 1111.833300 245.000000
10 516.666700 245.000000
51599 -1097.897200 245.000000
51615 -1025.666700 245.000000
41644 715.918300 245.000000
13 578.605600 245.000000
74138 1236.686100 245.000000
2858 934.000000 245.000000
41267 793.333300 245.000000
19901 313.988900 245.000000
41144 825.000000 245.000000
39565 761.166700 245.000000
8648 1007.754800 245.000000
9451 1061.666700 245.000000
51923 -974.677800 245.000000
50349 215.000000 245.000000
82048 -841.825900 245.000000
50360 89.727800 245.000000
83305 -786.903500 245.000000
5884 -732.000000 245.000000
74135 1197.318500 255.000000
40866 836.166700 255.000000
59818 656.699000 255.000000
17 537.800000 255.000000
52018 -1030.166700 255.000000
38536 791.500000 255.000000
8829 1006.183300 255.000000
40152 746.333300 255.000000
51710 -975.500000 255.000000
8634 1084.863900 255.000000
21 574.911100 255.000000
19949 311.421000 255.000000
74129 1238.419000 255.000000
83707 -816.936600 255.000000
38913 897.000000 255.000000
63815 503.224500 255.000000
5883 -755.430600 255.000000
51931 -1119.666700 255.000000
40785 721.333300 255.000000
8455 1154.333300 255.000000
39343 958.333300 255.000000
70970 414.022200 255.000000
19966 336.500000 255.000000
59805 696.227300 255.000000
50368 121.183900 255.000000
85090 -789.506000 255.000000
71001 461.002800 255.000000
39931 785.500000 265.000000
39728 740.166700 265.000000
40279 830.166700 265.000000
8602 1175.061100 265.000000
8638 1046.166700 265.000000
8506 987.207200 265.000000
39580 893.509500 265.000000
70935 474.141700 265.000000
8681 1102.150000 265.000000
52214 -1003.833300 265.000000
70978 415.716700 265.000000
48863 1252.811100 265.000000
19965 315.272200 265.000000
59963 657.105200 265.000000
79953 -846.433800 265.000000
70954 529.083300 265.000000
48935 1299.013900 265.000000
83515 -961.300100 265.000000
51735 -1110.666700 265.000000
42022 577.719000 265.000000
85946 -762.247700 265.000000
41557 946.000000 265.000000
50350 109.666700 265.000000
19612 -19.286000 265.000000
19466 28.833300 265.000000
9042 1207.472200 265.000000
19565 66.666700 265.000000
54832 826.206000 275.000000
38492 768.166700 275.000000
9227 1185.668200 275.000000
9472 1110.500000 275.000000
9477 1054.072200 275.000000
19902 296.827800 275.000000
60044 670.666700 275.000000
41903 523.808000 275.000000
52066 -1031.166700 275.000000
88246 -839.584300 275.000000
78334 -931.963800 275.000000
70982 401.969400 275.000000
51491 -1141.333300 275.000000
41377 736.500000 275.000000
19988 -182.625000 275.000000
54843 868.333300 275.000000
9279 1001.634200 275.000000
50345 120.000000 275.000000
39333 922.000000 275.000000
86027 -755.503300 275.000000
19864 334.166700 275.000000
41997 585.801000 275.000000
70980 368.879800 275.000000
60002 704.000000 275.000000
19566 -2.393100 275.000000
71010 462.333300 275.000000
19964 228.666700 275.000000
39255 757.166700 285.000000
8435 1105.666700 285.000000
8968 1182.833300 285.000000
40473 795.000000 285.000000
51449 -1087.833300 285.000000
38986 712.000000 285.000000
8769 1241.427800 285.000000
71009 350.833300 285.000000
21341 -232.166700 285.000000
9366 1031.238300 285.000000
19891 283.444400 285.000000
85230 -834.792400 285.000000
54844 860.685100 285.000000
59821 657.331600 285.000000
41904 466.385000 285.000000
52153 -963.166700 285.000000
50399 -121.600000 285.000000
41940 524.482000 285.000000
78753 -791.636700 285.000000
41973 597.158200 285.000000
41926 560.444400 285.000000
48883 1282.833300 285.000000
51844 -1033.000000 285.000000
40848 929.333300 285.000000
52482 -1169.500000 285.000000
9399 1109.919400 295.000000
8461 1038.527800 295.000000
9033 1180.861100 295.000000
81464 -974.632700 295.000000
39535 729.833300 295.000000
42052 507.388000 295.000000
8993 1233.494500 295.000000
51726 -1139.666700 295.000000
42072 587.629000 295.000000
19977 313.500000 295.000000
41180 805.500000 295.000000
84557 -867.750700 295.000000
83691 -925.528500 295.000000
51472 -1045.521700 295.000000
9031 1150.833300 295.000000
71002 384.086100 295.000000
80168 -790.248300 295.000000
8855 896.000000 295.000000
41820 466.741200 295.000000
60035 666.764000 295.000000
50450 -115.316200 295.000000
19651 -21.690200 295.000000
38365 337.516700 295.000000
50377 143.390400 295.000000
22320 -156.500000 295.000000
41671 766.541700 295.000000
50416 -75.200000 295.000000
19976 240.195200 295.000000
50351 191.869400 295.000000
9073 864.260100 295.000000
19916 297.496700 305.000000
8969 1036.847400 305.000000
9234 1127.666700 305.000000
41818 450.888500 305.000000
8662 1177.688900 305.000000
40280 734.500000 305.000000
39091 797.933000 305.000000
81747 -852.556500 305.000000
76081 -995.430600 305.000000
9092 1229.711100 305.000000
59989 652.125000 305.000000
50381 -113.981500 305.000000
41970 552.812300 305.000000
41875 501.043000 305.000000
19906 345.102800 305.000000
8613 1082.029400 305.000000
50341 178.230600 305.000000
82194 -947.198400 305.000000
59911 694.390400 305.000000
50444 -61.769500 305.000000
51728 -1166.500000 305.000000
85954 -762.856400 305.000000
51384 -1082.000000 305.000000
48898 1346.000000 305.000000
75 597.383000 305.000000
50358 71.007200 305.000000
82063 -906.350500 305.000000
81681 -1033.979100 305.000000
9088 1190.580600 315.000000
59904 725.436100 315.000000
19876 269.191700 315.000000
51483 -1103.833300 315.000000
48387 344.450300 315.000000
38583 772.655600 315.000000
41882 471.693000 315.000000
50412 -106.906200 315.000000
48654 1266.581400 315.000000
42070 531.675000 315.000000
57 633.101300 315.000000
9158 1112.630600 315.000000
41813 413.306300 315.000000
48828 1350.238900 315.000000
8952 1023.542400 315.000000
51669 -1190.166700 315.000000
19478 -40.166700 315.000000
19600 32.250200 315.000000
50373 153.886600 315.000000
88920 -983.466700 315.000000
19936 314.991700 315.000000
83753 -1041.779100 315.000000
9285 1146.647200 315.000000
19619 77.501800 315.000000
75631 -859.557400 315.000000
50369 124.812000 315.000000
60083 682.480600 315.000000
81022 -925.903400 315.000000
42030 583.147200 315.000000
8964 905.000000 315.000000
81286 -785.959500 315.000000
50371 187.500000 315.000000
9468 1113.294400 325.000000
8974 1166.777800 325.000000
41935 495.776100 325.000000
59799 711.883100 325.000000
52715 -1191.166700 325.000000
78586 -986.066700 325.000000
50376 110.874600 325.000000
48402 333.879600 325.000000
48763 1271.416700 325.000000
50353 176.666700 325.000000
51987 -1130.683300 325.000000
60034 766.431300 325.000000
41853 416.084700 325.000000
50426 -104.371800 325.000000
80231 -945.388800 325.000000
8628 1031.230000 325.000000
84015 -892.999700 325.000000
41914 571.211400 325.000000
78200 -825.877100 325.000000
9385 1212.788900 325.000000
50409 -42.063000 325.000000
48902 1337.666700 325.000000
50375 221.763900 325.000000
63375 -190.000000 325.000000
77709 -769.309200 325.000000
82492 -1037.783400 325.000000
19456 21.166700 325.000000
41 636.163800 325.000000
63423 -146.666700 325.000000
85727 -1086.275800 325.000000
3800 -682.780600 325.000000
41845 423.008800 335.000000
50390 -106.100000 335.000000
49955 336.944200 335.000000
59999 700.679000 335.000000
48514 1271.180600 335.000000
85691 -1141.740400 335.000000
48730 1338.333300 335.000000
8700 1146.916700 335.000000
59891 754.166700 335.000000
8705 1211.191700 335.000000
50415 -37.500000 335.000000
82924 -1211.892300 335.000000
76019 -864.879800 335.000000
83686 -1106.226400 335.000000
41977 516.558300 335.000000
85846 -981.988900 335.000000
83032 -1039.551700 335.000000
8665 1046.302800 335.000000
73050 91.922800 335.000000
19574 4.651400 335.000000
72444 376.027000 335.000000
83551 -942.152700 335.000000
87014 -804.785400 335.000000
73099 129.121600 335.000000
41854 463.263700 335.000000
42058 584.225000 335.000000
19526 51.500000 335.000000
96 645.474000 335.000000
63295 -184.333300 335.000000
8817 1122.483300 345.000000
82972 -1215.436800 345.000000
9250 1074.286100 345.000000
56 676.723300 345.000000
48953 1328.021800 345.000000
50425 -83.325500 345.000000
59978 739.801800 345.000000
9199 1195.570700 345.000000
50396 -58.800000 345.000000
42023 499.764000 345.000000
72449 355.166700 345.000000
41961 452.553000 345.000000
49036 1419.830600 345.000000
50423 -34.175400 345.000000
49656 1265.377800 345.000000
73073 95.602800 345.000000
49177 1365.000000 345.000000
48 606.996700 345.000000
86983 -1130.897700 345.000000
82839 -955.895900 345.000000
81553 -835.861000 345.000000
10709 306.333300 345.000000
19657 7.850000 345.000000
19591 56.030900 345.000000
89730 -749.447100 345.000000
8389 1040.933300 345.000000
78680 -890.833400 345.000000
72429 394.333300 345.000000
41946 565.836500 345.000000
40263 784.833300 345.000000
72976 140.833300 345.000000
78068 -1050.052300 345.000000
75746 -1008.339800 345.000000
49108 1380.813000 355.000000
42065 496.215100 355.000000
49615 1275.402800 355.000000
49188 1432.425000 355.000000
48779 1342.538500 355.000000
9464 1152.025900 355.000000
49636 1308.166700 355.000000
41842 409.374900 355.000000
50440 -79.136500 355.000000
83630 -921.489800 355.000000
19599 -18.416700 355.000000
77724 -835.431300 355.000000
85099 -1014.164300 355.000000
75657 -1099.511400 355.000000
72464 336.833300 355.000000
76147 -1223.187100 355.000000
19477 46.741400 355.000000
86225 -765.386100 355.000000
42019 536.688900 355.000000
9068 1212.552800 355.000000
9195 1063.897200 355.000000
8892 1014.063900 355.000000
73084 88.411100 355.000000
34969 224.434100 355.000000
42067 649.194900 355.000000
73051 132.333300 355.000000
19637 7.063100 355.000000
84061 -959.867000 355.000000
59774 727.755600 355.000000
82077 -1161.530100 355.000000
34964 284.352800 355.000000
59795 761.087000 355.000000
76030 -882.781400 355.000000
72413 362.060500 355.000000
9165 1153.200000 365.000000
8846 1016.922200 365.000000
41991 575.062000 365.000000
19462 9.419700 365.000000
41859 416.188900 365.000000
9044 1224.719400 365.000000
72418 353.586100 365.000000
49631 1292.197200 365.000000
41835 455.106200 365.000000
19510 61.771700 365.000000
73171 285.897200 365.000000
73094 116.657900 365.000000
21472 -62.203400 365.000000
84372 -894.844400 365.000000
82499 -1178.372200 365.000000
48681 1402.255600 365.000000
88907 -801.779800 365.000000
88608 -974.927800 365.000000
42073 502.787000 365.000000
73 713.108700 365.000000
81132 -1122.819400 365.000000
8875 1097.188900 365.000000
41888 535.633300 365.000000
8373 1060.080600 365.000000
86952 -1237.555000 365.000000
32 653.972000 365.000000
48748 1343.508800 365.000000
49542 1258.041700 365.000000
46388 165.171900 365.000000
73792 325.375000 365.000000
79724 -1052.186900 365.000000
85297 -940.547100 365.000000
82057 -708.760100 365.000000
35463 201.963900 365.000000
35250 246.513200 365.000000
49619 1254.778300 375.000000
9171 1104.602800 375.000000
73112 338.288900 375.000000
49628 1285.088900 375.000000
73468 400.825000 375.000000
87031 -1242.949600 375.000000
34832 219.162200 375.000000
72938 559.833300 375.000000
9356 1196.000000 375.000000
22247 -80.869400 375.000000
42029 480.831900 375.000000
48889 1357.236100 375.000000
21669 -29.166700 375.000000
8522 1144.925000 375.000000
48638 1423.833300 375.000000
89643 -994.375400 375.000000
73374 269.875000 375.000000
43515 129.871900 375.000000
87984 -1188.907800 375.000000
82706 -871.777200 375.000000
20631 17.166700 375.000000
86409 -798.602600 375.000000
79112 -727.316100 375.000000
90299 654.783300 375.000000
47390 176.730000 375.000000
72992 77.739100 375.000000
72954 606.333300 375.000000
8695 784.269400 375.000000
41916 445.561000 375.000000
72903 712.819400 375.000000
86864 -1099.841200 375.000000
81880 -927.132800 375.000000
63505 -295.666700 375.000000
75629 -1037.700200 375.000000
73569 307.699600 375.000000
63549 -220.500000 375.000000
75927 -959.002400 375.000000
73607 256.383800 385.000000
8481 1198.022200 385.000000
9113 1108.786100 385.000000
42059 444.919000 385.000000
49002 1378.719400 385.000000
45848 112.597600 385.000000
73666 333.852800 385.000000
89091 -800.363700 385.000000
72882 663.790500 385.000000
63408 -109.333300 385.000000
9375 1038.730600 385.000000
86812 -1244.944000 385.000000
49502 1236.077800 385.000000
73758 404.166700 385.000000
41890 503.933000 385.000000
78176 -1096.213600 385.000000
20151 -28.814900 385.000000
86892 -934.978900 385.000000
45179 176.496900 385.000000
73762 292.264600 385.000000
49474 1272.147200 385.000000
48628 1443.000000 385.000000
86699 -1185.880100 385.000000
86157 -1028.091400 385.000000
9425 983.516700 385.000000
9083 754.405600 385.000000
21064 16.166700 385.000000
87464 -731.260900 385.000000
63234 -76.155700 385.000000
76416 -869.839900 385.000000
72944 558.100000 385.000000
81066 -981.267700 385.000000
72908 708.250000 385.000000
72957 623.866700 385.000000
35470 222.059900 385.000000
63235 -323.166700 385.000000
63525 -222.666700 385.000000
47647 66.722400 385.000000
8392 1142.972300 395.000000
9188 1192.766700 395.000000
73170 310.542700 395.000000
49511 1284.543200 395.000000
85677 -787.637900 395.000000
22463 -27.773900 395.000000
73315 349.626800 395.000000
81613 -897.580400 395.000000
78774 -1067.847000 395.000000
81930 -978.785700 395.000000
73449 391.769400 395.000000
21799 11.502400 395.000000
48456 1374.033300 395.000000
48455 1416.166700 395.000000
90291 642.597200 395.000000
76074 -1030.319200 395.000000
8823 744.797200 395.000000
73224 251.861100 395.000000
9233 1053.122200 395.000000
86366 -1210.138000 395.000000
42907 67.346200 395.000000
35154 206.202800 395.000000
8774 956.000000 395.000000
88473 -711.979200 395.000000
42013 455.174000 395.000000
20515 -84.722400 395.000000
72941 513.650000 395.000000
87780 -1179.526900 395.000000
43933 141.501900 395.000000
9163 1003.666700 395.000000
49465 1244.647200 395.000000
90306 687.430600 395.000000
77450 -843.180400 395.000000
72950 563.905600 395.000000
42137 175.837900 395.000000
88658 -1247.077800 395.000000
63397 -294.833300 395.000000
86103 -1123.107100 395.000000
47359 105.200000 395.000000
84628 -779.059700 405.000000
21455 -55.025600 405.000000
73299 275.611100 405.000000
8382 1080.222200 405.000000
2467 486.920100 405.000000
477 424.136100 405.000000
8502 1150.913900 405.000000
45574 124.500000 405.000000
8486 1222.947200 405.000000
90263 692.725700 405.000000
35559 193.438900 405.000000
90204 744.438900 405.000000
48465 1377.400000 405.000000
49520 1264.980600 405.000000
73113 331.033300 405.000000
8358 800.636100 405.000000
82755 -987.669600 405.000000
48539 1442.000000 405.000000
20074 17.333300 405.000000
90026 -717.987500 405.000000
86967 -1160.910500 405.000000
90264 635.791700 405.000000
73998 380.544400 405.000000
84833 -859.842600 405.000000
85620 -913.889900 405.000000
63330 -105.166700 405.000000
86153 -1101.585300 405.000000
86310 -1244.916800 405.000000
76829 -1031.705500 405.000000
2531 526.736100 405.000000
49490 1308.277800 405.000000
2463 457.755600 405.000000
35174 241.786100 405.000000
47873 93.883300 405.000000
82656 -949.477200 405.000000
83102 -1067.713800 405.000000
73604 265.496600 415.000000
9108 1210.327800 415.000000
77830 -897.500500 415.000000
46578 112.839000 415.000000
90298 668.162700 415.000000
20329 -5.410100 415.000000
8593 1257.233300 415.000000
34424 427.336800 415.000000
78011 -843.954100 415.000000
73875 345.300000 415.000000
85147 -974.377900 415.000000
171 180.188900 415.000000
8342 790.644400 415.000000
49471 1324.758300 415.000000
22471 -77.166700 415.000000
48545 1383.366700 415.000000
8796 1113.058300 415.000000
20304 46.474100 415.000000
75616 -800.190100 415.000000
8826 846.469400 415.000000
86151 -744.128300 415.000000
90220 719.822200 415.000000
72945 578.666700 415.000000
84442 -676.342000 415.000000
73867 393.219400 415.000000
85074 -1134.738300 415.000000
8831 817.363900 415.000000
82567 -1101.710500 415.000000
2548 483.705600 415.000000
35495 217.497200 415.000000
90248 618.638900 415.000000
77829 -1024.202500 415.000000
48852 1427.169400 415.000000
42307 141.270700 415.000000
2533 460.241700 415.000000
73926 308.133300 415.000000
85585 -944.163100 415.000000
78436 -1281.017500 415.000000
90052 -1211.344700 415.000000
3687 218.241500 425.000000
78816 -851.457500 425.000000
49315 725.002800 425.000000
8594 1201.588900 425.000000
76822 -728.597700 425.000000
87621 -674.494900 425.000000
68606 442.022200 425.000000
8868 1275.358300 425.000000
49870 672.000000 425.000000
6443 -794.330400 425.000000
3644 268.500000 425.000000
22519 -99.166700 425.000000
9205 873.666700 425.000000
22658 18.333300 425.000000
90266 581.102800 425.000000
48777 1422.747200 425.000000
20489 -55.000000 425.000000
86578 -914.940000 425.000000
68833 1352.947200 425.000000
8656 922.500000 425.000000
50536 165.636100 425.000000
67448 503.902800 425.000000
47629 111.498700 425.000000
87479 -994.003100 425.000000
49323 805.000000 425.000000
83589 -1249.755900 425.000000
8595 1232.450000 425.000000
77523 -1081.130800 425.000000
85917 -1151.455300 425.000000
90218 618.752800 425.000000
73936 336.712400 425.000000
75972 -1206.094800 425.000000
49321 760.472200 425.000000
24170 79.263600 425.000000
76257 -761.177600 425.000000
83126 -951.564200 425.000000
6751 -815.163000 435.000000
8426 1226.227800 435.000000
49681 751.500000 435.000000
48994 1380.469400 435.000000
8782 1280.602800 435.000000
9208 857.833300 435.000000
27809 27.000000 435.000000
2739 159.564400 435.000000
83861 -906.064700 435.000000
44233 88.500000 435.000000
48469 1450.702800 435.000000
20435 -47.252800 435.000000
69868 382.302800 435.000000
70564 479.677800 435.000000
3718 264.166700 435.000000
66696 210.033300 435.000000
6534 -770.495700 435.000000
20009 -107.960000 435.000000
76766 -1177.034500 435.000000
87480 -1000.003300 435.000000
9289 1133.333300 435.000000
79833 -851.874600 435.000000
49898 655.500000 435.000000
9212 1321.634200 435.000000
28742 -12.666700 435.000000
66857 414.236100 435.000000
86008 -726.553300 435.000000
90272 564.933300 435.000000
49769 703.108300 435.000000
81588 -1087.341400 435.000000
49879 793.327800 435.000000
65266 309.833300 435.000000
77104 -672.653300 435.000000
86674 -1257.417400 435.000000
50918 1008.250000 435.000000
90262 608.213900 435.000000
65183 236.166700 435.000000
81520 -949.336300 435.000000
80428 -1216.011800 435.000000
75893 -1145.002800 435.000000
64256 234.062600 445.000000
66559 180.651300 445.000000
8961 1266.000000 445.000000
44438 71.338600 445.000000
9110 839.333300 445.000000
75168 302.224000 445.000000
42684 134.387500 445.000000
83884 -965.638400 445.000000
6347 -656.723900 445.000000
75194 374.055800 445.000000
49835 628.091700 445.000000
86914 -900.932700 445.000000
24167 -29.666700 445.000000
66985 432.202800 445.000000
8428 894.166700 445.000000
6144 -814.663400 445.000000
86946 -1245.351000 445.000000
6395 -740.809800 445.000000
8424 1315.000000 445.000000
76481 -1201.153100 445.000000
31259 28.000000 445.000000
8819 1210.500000 445.000000
86267 -1062.310100 445.000000
48447 1418.697100 445.000000
49918 776.000000 445.000000
49862 685.500000 445.000000
50925 1009.749100 445.000000
50931 1074.163100 445.000000
49861 503.166700 445.000000
85167 -1148.629400 445.000000
85238 -701.719800 445.000000
70777 1503.555600 445.000000
69573 1367.594400 445.000000
45587 99.878700 445.000000
83900 -850.297300 445.000000
49849 559.363900 445.000000
6489 -759.878100 455.000000
8666 1248.500000 455.000000
45203 73.895100 455.000000
36831 141.779800 455.000000
68255 362.769400 455.000000
86009 -1250.762100 455.000000
27633 36.500000 455.000000
8814 1297.666700 455.000000
70009 449.733300 455.000000
8363 1204.166700 455.000000
66223 239.272200 455.000000
64855 298.500000 455.000000
6444 -708.180600 455.000000
49878 743.166700 455.000000
88790 -1199.614900 455.000000
27451 -8.422000 455.000000
45495 107.748500 455.000000
49877 819.738900 455.000000
76619 -1109.006900 455.000000
8454 1337.666700 455.000000
6661 -630.676600 455.000000
85909 -958.555100 455.000000
49720 609.166700 455.000000
77051 -894.563400 455.000000
36740 182.163900 455.000000
49160 1392.738900 455.000000
48786 1445.211100 455.000000
75549 -1008.864800 455.000000
49925 661.780600 455.000000
6369 -822.163200 455.000000
50927 1032.708300 455.000000
49727 534.000000 455.000000
82885 -1060.148600 455.000000
68395 1502.833300 455.000000
75010 292.326200 465.000000
9137 1275.538900 465.000000
6589 -730.145400 465.000000
74936 347.000000 465.000000
67013 450.491700 465.000000
64469 203.000000 465.000000
71889 118.051300 465.000000
7275 43.456900 465.000000
70778 1376.336600 465.000000
63955 254.000000 465.000000
9207 1196.833300 465.000000
6341 -854.900100 465.000000
6437 -696.779300 465.000000
6730 -619.831000 465.000000
79710 -982.898000 465.000000
90004 -1223.059000 465.000000
70753 397.739000 465.000000
29036 -20.666700 465.000000
78973 -939.065800 465.000000
49713 728.950000 465.000000
83917 -1163.940000 465.000000
76640 -1031.837400 465.000000
49832 519.197800 465.000000
68190 1451.813000 465.000000
77235 -1110.347400 465.000000
49696 604.666700 465.000000
50914 968.166700 465.000000
6329 -572.569800 465.000000
7601 74.395500 465.000000
50913 1102.791700 465.000000
77432 -659.119700 465.000000
49790 774.455600 465.000000
49695 820.666700 465.000000
85046 -1277.562900 465.000000
6455 -783.660500 465.000000
71847 155.286100 465.000000
37053 166.399100 475.000000
69558 355.138900 475.000000
9058 1218.672200 475.000000
50935 1035.832400 475.000000
8673 1285.666700 475.000000
50469 264.575000 475.000000
87200 -1244.320700 475.000000
8023 67.500000 475.000000
28389 -33.533600 475.000000
69730 423.058300 475.000000
87810 -1195.260500 475.000000
49706 500.833300 475.000000
23412 12.500000 475.000000
8344 866.166700 475.000000
49923 644.666700 475.000000
6715 -557.093100 475.000000
8588 1335.322200 475.000000
15211 115.758200 475.000000
66505 215.500000 475.000000
80615 -1080.008100 475.000000
80532 -1003.328500 475.000000
49708 786.391700 475.000000
68017 1399.569400 475.000000
6608 -740.341900 475.000000
6481 -627.654400 475.000000
50921 1093.527800 475.000000
49910 830.666700 475.000000
81185 -908.376900 475.000000
49796 548.166700 475.000000
67477 1449.000000 475.000000
81058 -1149.865800 475.000000
81458 -861.690100 475.000000
49687 716.575000 475.000000
75571 -956.153500 475.000000
28734 8.488000 485.000000
1501 145.720800 485.000000
16003 91.754900 485.000000
74583 307.833300 485.000000
74594 402.000000 485.000000
70580 472.858300 485.000000
67979 1320.927800 485.000000
71995 201.067400 485.000000
6773 -1257.693000 485.000000
29331 -34.833300 485.000000
6620 -734.657300 485.000000
9415 1203.166700 485.000000
8988 1260.333300 485.000000
28384 47.000000 485.000000
6744 -926.168300 485.000000
76435 -1194.882200 485.000000
6746 -834.331200 485.000000
6606 -661.239600 485.000000
83896 -1027.962700 485.000000
50926 904.419400 485.000000
69927 1453.878400 485.000000
74722 247.977800 485.000000
50920 1034.578600 485.000000
49747 569.441700 485.000000
6252 -543.484000 485.000000
81920 -1116.129100 485.000000
6126 -793.162400 485.000000
49827 683.902800 485.000000
49704 731.433300 485.000000
49785 815.541700 485.000000
49677 855.000000 485.000000
49801 519.836100 485.000000
49826 771.588900 485.000000
49908 630.666700 485.000000
68794 1379.000000 485.000000
86756 -984.962500 485.000000
83193 -1063.742800 485.000000
50916 1115.000000 485.000000
6764 -1258.193400 495.000000
74862 225.232400 495.000000
6809 -995.470400 495.000000
16366 83.683300 495.000000
49823 700.994400 495.000000
74712 312.000000 495.000000
6724 -1210.250900 495.000000
10833 154.079600 495.000000
49903 874.102800 495.000000
8650 1179.000000 495.000000
29317 25.333300 495.000000
27170 -22.923300 495.000000
9335 1228.333300 495.000000
8991 1276.166700 495.000000
50922 1019.833300 495.000000
12008 188.666700 495.000000
50919 1077.227800 495.000000
6436 -1158.185600 495.000000
75138 407.669400 495.000000
67587 457.516700 495.000000
6137 -714.489400 495.000000
11540 126.475000 495.000000
49810 544.233300 495.000000
49756 785.761100 495.000000
70455 1384.543400 495.000000
69389 1458.166700 495.000000
6386 -926.337300 495.000000
66979 1321.842000 495.000000
6299 -1050.842200 495.000000
6383 -857.330800 495.000000
6733 -1106.518100 495.000000
6639 -601.924300 495.000000
49893 613.980600 495.000000
68437 1107.666700 495.000000
6465 -800.327700 495.000000
74725 293.238000 505.000000
74709 341.500000 505.000000
11579 129.207600 505.000000
2984 19.527700 505.000000
15172 84.500000 505.000000
61069 181.166700 505.000000
49765 521.666700 505.000000
67128 389.870000 505.000000
49850 787.275000 505.000000
68155 1310.152400 505.000000
49694 590.071800 505.000000
75118 247.500000 505.000000
33669 -65.430500 505.000000
6596 -1064.178000 505.000000
49888 705.483300 505.000000
8750 1220.166700 505.000000
6381 -1227.192000 505.000000
6470 -1142.683400 505.000000
68269 1141.166700 505.000000
49836 853.133300 505.000000
49697 648.113900 505.000000
70381 447.000000 505.000000
6200 -1294.445900 505.000000
50932 1035.077800 505.000000
33820 -23.666700 505.000000
6685 -690.820800 505.000000
69889 1400.333300 505.000000
6683 -989.845200 505.000000
49693 745.627800 505.000000
13134 56.333300 505.000000
68196 916.666700 505.000000
6356 -581.986200 505.000000
67563 966.623000 505.000000
6153 -935.166900 505.000000
69710 1516.250000 505.000000
60584 214.589800 505.000000
33321 -19.257400 515.000000
6197 -1161.852900 515.000000
69636 439.333300 515.000000
70603 367.922700 515.000000
61262 182.666700 515.000000
62670 149.333300 515.000000
54240 71.791700 515.000000
69144 526.988000 515.000000
2914 23.166700 515.000000
70345 1052.097900 515.000000
61293 243.666700 515.000000
49700 696.459800 515.000000
69156 573.700000 515.000000
38235 -96.958300 515.000000
34063 -60.432300 515.000000
69565 785.500000 515.000000
68444 929.500000 515.000000
74756 311.000000 515.000000
70087 1254.333300 515.000000
68648 482.486100 515.000000
6119 -1119.352800 515.000000
69294 1154.333300 515.000000
70702 616.791700 515.000000
6816 -1045.676600 515.000000
67336 1357.166700 515.000000
66931 883.325000 515.000000
67826 971.333300 515.000000
68945 1410.666700 515.000000
62029 207.327400 515.000000
6266 -979.502300 515.000000
49917 655.133300 515.000000
6625 -628.501700 515.000000
69184 1532.166700 515.000000
18094 112.833300 515.000000
12599 116.105300 525.000000
62530 192.117800 525.000000
32097 -49.166700 525.000000
53814 21.896900 525.000000
67776 1021.963900 525.000000
68523 374.745000 525.000000
14374 73.332200 525.000000
6016 288.833300 525.000000
49815 745.500000 525.000000
67401 1120.500000 525.000000
5993 252.000000 525.000000
70124 432.338900 525.000000
67203 837.072200 525.000000
67062 501.941100 525.000000
6680 -1093.345200 525.000000
49837 613.205600 525.000000
38280 -110.230600 525.000000
6595 -1162.020000 525.000000
68684 577.166700 525.000000
9164 1235.333300 525.000000
49859 669.000000 525.000000
62215 158.150800 525.000000
70550 1551.027800 525.000000
70143 905.894000 525.000000
69788 1307.000000 525.000000
6803 -1260.445100 525.000000
6402 -708.113700 525.000000
6098 329.808300 525.000000
68026 1073.666700 525.000000
68126 1160.500000 525.000000
70284 954.191700 525.000000
6471 -1025.176800 525.000000
67956 864.105000 525.000000
67226 1440.455600 525.000000
6048 260.666700 535.000000
14355 79.000000 535.000000
69614 483.500000 535.000000
38243 -80.671900 535.000000
6289 -1158.687100 535.000000
67081 816.636100 535.000000
68996 907.099000 535.000000
69241 435.000000 535.000000
33288 -2.779400 535.000000
67286 322.805600 535.000000
68602 554.472200 535.000000
62371 169.530200 535.000000
6018 220.147200 535.000000
15630 124.872900 535.000000
49831 659.833300 535.000000
69286 1511.483000 535.000000
49775 720.883300 535.000000
6584 -1266.530100 535.000000
67351 997.675000 535.000000
6695 -1094.187000 535.000000
68790 386.547200 535.000000
54280 41.589000 535.000000
38201 -48.983300 535.000000
68897 1347.300000 535.000000
70853 1260.666700 535.000000
70085 1051.325000 535.000000
68749 1176.666700 535.000000
49761 611.297200 535.000000
49750 769.572200 535.000000
6354 -669.315300 535.000000
6738 -1033.541300 535.000000
67080 1120.166700 535.000000
88664 -1689.366700 535.000000
70115 1230.000000 535.000000
70820 853.072200 535.000000
38163 -130.166700 535.000000
70327 551.375000 545.000000
70352 454.000000 545.000000
50172 231.798000 545.000000
69584 376.400000 545.000000
60596 168.463700 545.000000
69857 296.401000 545.000000
32054 -80.333300 545.000000
15048 89.348900 545.000000
49819 652.627800 545.000000
34051 16.177800 545.000000
68481 807.737000 545.000000
67142 880.976000 545.000000
70296 516.127000 545.000000
31995 -38.689500 545.000000
70279 990.791700 545.000000
69655 1042.648000 545.000000
6736 -1307.034500 545.000000
69320 593.125000 545.000000
13636 121.166700 545.000000
69906 917.466700 545.000000
67364 727.055000 545.000000
6245 -1129.017000 545.000000
6799 -1186.854800 545.000000
6306 -1045.649700 545.000000
68407 1127.000000 545.000000
6698 -1247.742800 545.000000
70377 1211.000000 545.000000
60747 197.013000 545.000000
69896 1274.333300 545.000000
67414 1329.150000 545.000000
68774 358.155600 555.000000
69033 796.344400 555.000000
18951 95.655300 555.000000
69124 722.000000 555.000000
67961 473.248000 555.000000
67345 581.297200 555.000000
32829 -63.576300 555.000000
67970 884.833300 555.000000
32684 -5.000000 555.000000
68393 635.333300 555.000000
6095 274.944400 555.000000
71491 148.007300 555.000000
68822 404.338900 555.000000
50147 209.166700 555.000000
6335 -1230.027100 555.000000
70156 958.933300 555.000000
70303 1232.166700 555.000000
69708 1048.166700 555.000000
66866 518.355000 555.000000
6741 -1002.557900 555.000000
70458 682.466700 555.000000
6697 -1117.689600 555.000000
82032 -1343.461100 555.000000
68906 1134.500000 555.000000
70342 994.538900 555.000000
67564 1575.000000 555.000000
70711 567.125000 565.000000
68931 392.020500 565.000000
68289 894.916700 565.000000
50313 229.058900 565.000000
70221 834.666700 565.000000
67280 998.141700 565.000000
18919 87.107600 565.000000
67881 670.277800 565.000000
32621 -47.666700 565.000000
71329 159.943700 565.000000
68352 459.925000 565.000000
68875 1219.491000 565.000000
69595 328.305600 565.000000
70413 1080.483300 565.000000
68785 504.158300 565.000000
50284 285.573500 565.000000
70128 755.712000 565.000000
31914 -1.833300 565.000000
6316 -1247.529200 565.000000
70112 1127.794400 565.000000
67412 1273.104000 565.000000
66842 948.600000 565.000000
6549 -1139.859900 565.000000
70406 1561.777800 565.000000
85666 -1359.555600 565.000000
67326 1167.630600 565.000000
67027 1369.666700 565.000000
70690 368.736800 575.000000
70313 634.272200 575.000000
71290 92.667900 575.000000
68933 560.650000 575.000000
68208 433.261100 575.000000
69467 268.496000 575.000000
31837 -45.000000 575.000000
71385 168.561800 575.000000
69168 301.543000 575.000000
70684 499.822200 575.000000
50271 237.745600 575.000000
33656 9.166700 575.000000
67216 1120.933300 575.000000
67273 684.217000 575.000000
68062 1060.119400 575.000000
70900 771.313900 575.000000
68951 1000.094400 575.000000
87486 -1368.300000 575.000000
70139 924.977800 575.000000
67051 841.711100 575.000000
82141 -1542.072200 575.000000
70192 1568.666700 575.000000
69253 547.500000 585.000000
68068 481.583300 585.000000
69587 367.333300 585.000000
70471 264.833300 585.000000
54737 30.333200 585.000000
70206 658.666700 585.000000
70401 993.619400 585.000000
71466 129.166700 585.000000
68584 596.052800 585.000000
68504 891.827800 585.000000
54699 78.352100 585.000000
81896 -1362.197200 585.000000
69746 434.144400 585.000000
68134 799.088900 585.000000
66896 1238.894400 585.000000
66841 703.944400 585.000000
71253 181.673900 585.000000
70220 1280.925000 585.000000
33199 -53.587300 585.000000
70683 512.052800 585.000000
6314 -1260.002000 585.000000
68626 1116.986100 585.000000
6359 -1141.360500 585.000000
68341 1180.216700 585.000000
69603 254.641700 595.000000
71695 153.649000 595.000000
54662 95.460900 595.000000
67360 346.000000 595.000000
70588 419.886000 595.000000
67169 540.947200 595.000000
69694 590.787000 595.000000
68596 1487.000000 595.000000
71728 192.687200 595.000000
54538 25.680000 595.000000
68954 645.006000 595.000000
54715 117.357600 595.000000
69502 469.500000 595.000000
67924 784.572200 595.000000
81384 -1530.483300 595.000000
69111 1521.833300 595.000000
69105 1412.000000 595.000000
70436 700.952800 595.000000
69238 1106.405600 595.000000
69192 1581.666700 595.000000
54759 68.000000 595.000000
78853 -1614.575000 595.000000
69164 1648.719400 595.000000
80822 -1372.441100 595.000000
80131 -1479.952800 595.000000
22855 225.354500 605.000000
68914 723.531000 605.000000
54455 35.241500 605.000000
23196 268.409900 605.000000
70639 305.500000 605.000000
71280 156.417400 605.000000
70023 805.889000 605.000000
70364 635.758300 605.000000
69714 560.563900 605.000000
70472 421.105600 605.000000
54531 95.679800 605.000000
68484 1134.277800 605.000000
6800 -1380.537500 605.000000
68574 484.470000 605.000000
67148 351.000000 605.000000
69112 1177.263900 605.000000
81971 -1527.583300 605.000000
33253 -32.500000 605.000000
69715 984.408300 605.000000
76565 -1635.558300 605.000000
66936 1307.608300 605.000000
87953 -1483.647200 605.000000
69193 1488.000000 605.000000
34538 -484.333300 605.000000
70417 1372.333300 605.000000
54446 125.604600 605.000000
78314 -1436.575000 605.000000
70196 1634.000000 605.000000
70190 914.266700 605.000000
6789 -1254.089300 605.000000
34535 -422.166700 605.000000
2450 189.166700 605.000000
70054 716.166700 615.000000
69296 307.469100 615.000000
75795 -1526.002800 615.000000
70097 481.122200 615.000000
23161 216.871200 615.000000
67991 645.019400 615.000000
68681 779.136000 615.000000
68735 427.394400 615.000000
69085 377.969400 615.000000
54602 71.662800 615.000000
71363 141.035800 615.000000
69361 1267.272200 615.000000
89106 -1473.394400 615.000000
68670 1317.811100 615.000000
70412 566.869400 615.000000
70419 1463.333300 615.000000
67107 945.700000 615.000000
67255 891.180600 615.000000
67567 1574.333300 615.000000
70740 1047.108300 615.000000
23239 -82.500000 615.000000
81413 -1690.966700 615.000000
70671 1276.330600 625.000000
22968 258.770300 625.000000
68119 723.790600 625.000000
22884 318.666700 625.000000
69084 632.936100 625.000000
71714 146.063000 625.000000
69503 801.750000 625.000000
54429 40.549200 625.000000
68736 1121.611100 625.000000
68160 369.833300 625.000000
23135 201.333300 625.000000
68737 421.397200 625.000000
54633 86.591200 625.000000
70736 493.477800 625.000000
6815 -1176.525500 625.000000
23247 -91.666700 625.000000
70047 1158.319400 625.000000
70857 1316.294400 625.000000
70064 1460.666700 625.000000
67987 1380.000000 625.000000
23242 -41.890100 625.000000
69125 1531.000000 625.000000
70620 570.633300 625.000000
6592 -956.832400 625.000000
66946 673.877800 625.000000
34532 -533.500000 625.000000
88232 -1528.094400 625.000000
54773 76.950600 635.000000
69079 727.506700 635.000000
70344 522.060000 635.000000
71766 190.597200 635.000000
23188 231.157700 635.000000
69662 322.166700 635.000000
69910 568.827800 635.000000
69128 365.791700 635.000000
67145 633.722200 635.000000
22997 282.166700 635.000000
70734 438.500000 635.000000
69091 1165.319400 635.000000
70551 1240.247200 635.000000
71679 145.666700 635.000000
42096 -230.971200 635.000000
6375 -706.144900 635.000000
67384 1082.713900 635.000000
69625 1292.738900 635.000000
42101 -160.733900 635.000000
68817 1444.858300 635.000000
67173 1757.166700 635.000000
88459 -1438.855600 635.000000
81089 -1504.661100 635.000000
66976 369.486100 645.000000
42093 -245.954100 645.000000
68984 438.091700 645.000000
22898 256.265700 645.000000
71647 179.527900 645.000000
79608 -1504.163900 645.000000
67706 735.026100 645.000000
54739 87.953700 645.000000
70134 807.850000 645.000000
34537 -529.215700 645.000000
23148 305.166700 645.000000
66940 1753.833300 645.000000
70418 1405.000000 645.000000
42090 -181.000000 645.000000
70283 990.500000 645.000000
84673 -1666.063900 645.000000
69632 579.166700 645.000000
69459 -1766.000000 645.000000
71390 221.845300 645.000000
84838 -1443.494400 645.000000
23051 242.681600 655.000000
68828 710.166700 655.000000
69235 551.163900 655.000000
71482 206.546500 655.000000
70385 593.280600 655.000000
22972 312.833300 655.000000
42076 -204.878000 655.000000
69198 765.859300 655.000000
54634 110.907600 655.000000
70423 485.500000 655.000000
70293 849.833300 655.000000
68700 424.400000 655.000000
70917 1484.500000 655.000000
68815 631.666700 655.000000
34534 -556.000000 655.000000
42080 -110.948400 655.000000
71486 175.424300 655.000000
34540 -400.367600 655.000000
68551 -1735.166700 655.000000
68462 -1680.000000 655.000000
6518 -1304.329000 655.000000
69076 727.333300 665.000000
69608 639.019400 665.000000
23115 230.166700 665.000000
54631 114.427800 665.000000
67028 1097.000000 665.000000
70320 1148.000000 665.000000
22927 304.166700 665.000000
70353 355.469400 665.000000
34539 -560.833300 665.000000
70873 1209.711100 665.000000
82149 -1649.966700 665.000000
71384 174.232400 665.000000
42087 -264.240000 665.000000
42085 -194.500000 665.000000
67545 1781.333300 665.000000
67767 589.659400 665.000000
70076 850.500000 665.000000
6542 -690.125200 665.000000
69211 562.000000 665.000000
70602 619.000000 675.000000
66963 312.936100 675.000000
54465 132.050100 675.000000
68072 357.719400 675.000000
71409 184.251300 675.000000
68842 497.869700 675.000000
23144 239.000000 675.000000
67728 847.833300 675.000000
67791 558.511700 675.000000
70160 760.000000 675.000000
67092 1325.333300 675.000000
69952 1497.833300 675.000000
69931 671.166700 675.000000
67093 1265.113900 675.000000
6400 -1177.964900 675.000000
6313 -1390.854300 675.000000
68804 306.819400 685.000000
69113 362.528700 685.000000
54536 144.416500 685.000000
54642 192.272000 685.000000
22870 255.288100 685.000000
67192 1640.372100 685.000000
69169 422.130600 685.000000
67387 1589.000000 685.000000
34530 -549.666700 685.000000
6373 -1355.218100 685.000000
67120 1431.166700 685.000000
69114 1106.691000 685.000000
68819 699.902800 685.000000
34531 -472.833300 685.000000
69865 841.400000 685.000000
6328 -988.783600 685.000000
68947 858.027000 695.000000
70119 904.972000 695.000000
69712 301.166700 695.000000
54772 171.550800 695.000000
69376 361.477800 695.000000
54430 220.716500 695.000000
69299 1688.133300 695.000000
34533 -538.000000 695.000000
67447 1366.000000 695.000000
54532 206.820900 705.000000
54780 282.487200 705.000000
67404 1449.166700 705.000000
54784 326.106600 705.000000
70414 1326.000000 705.000000
6239 -718.914300 705.000000
71989 -120.187000 705.000000
70195 1273.694400 715.000000
76224 -1585.886100 715.000000
67998 1001.000000 715.000000
69645 1113.833300 715.000000
54622 260.491700 715.000000
34541 -588.666700 725.000000
67455 787.463900 735.000000
34536 -706.425000 775.000000
71988 120.400700 785.000000
