0
9
27
94
137
163
215
221
236
248
306
324
337
395
456
497
550
594
648
688
692
696
736
740
786
848
879
901
905
956
998
1058
1067
1073
1141
1178
1183
1238
1299
1315
1378
1420
1481
1485
1508
1547
1615
1677
1717
1781
1782
1828
1893
1917
1976
2029
2061
2111
2151
2175
2183
2201
2219
2280
2350
2367
2381
2437
2449
2513
2582
2596
2622
2635
2665
2708
2738
2759
2820
2864
2882
2883
2924
2969
3017
3034
3055
3121
3179
3197
3237
3280
3303
3368
3422
3485
3553
3618
3650
3686
3707
3718
3745
3765
3826
3877
3932
3939
3985
4028
4062
4066
4134
4203
4247
4286
4349
4400
4433
4498
4543
4557
4594
4639
4701
4711
4781
4850
4866
4895
4910
4936
4955
4973
5005
5062
5132
5162
5164
5196
5248
5291
5308
5342
5377
5382
5431
5457
5500
5563
5622
5668
5732
5765
5771
5800
5823
5830
5899
5966
6027
6050
6108
6116
6135
6180
6244
6298
6333
6352
6378
6379
6423
6431
6442
6450
6457
6507
6525
6535
6595
6618
6635
6697
6702
6744
6760
6768
6785
6802
6817
6847
6906
6909
6937
6984
7049
7075
7088
7100
7141
7184
7188
7244
7273
7318
7326
7368
7415
7440
17019
17042
17057
17061
17110
17153
17158
17169
17208
17269
17337
17403
17465
17518
17523
17586
17587
17606
17670
17727
17768
17773
17797
17846
17896
17919
17949
17990
18039
18094
18128
18180
18241
18292
18295
18315
18326
18342
18400
18403
18413
18440
18483
18541
18559
18565
18573
18609
18622
18629
18661
18705
18761
18788
18857
18860
18919
18936
18997
19066
19107
19125
19168
19191
19236
19296
19359
19401
19415
19434
19463
19531
19590
19646
19698
19742
19769
19801
19825
19849
19892
19928
19950
20013
20080
20101
20170
20219
20221
20252
20254
20304
20338
20406
20455
20494
20514
20536
20578
20631
20699
20754
20812
20880
20905
20972
21027
21029
21037
21053
21104
21168
21238
21269
21274
21334
21350
21365
21382
21387
21409
21422
21433
21485
21554
21595
21659
21698
21726
21747
21810
21817
21843
21898
21950
21990
22016
22023
22073
22079
22116
22177
22192
22249
22272
22317
22354
22388
22442
22495
22527
22560
22624
22689
22733
22741
22746
22799
22821
22863
22926
22961
22978
22993
23063
23120
23175
23184
23190
23250
23312
23381
23396
23462
23521
23579
23598
23622
23635
23664
23708
23769
23835
23852
23881
23921
23943
23964
24026
24081
24104
24155
24157
24222
24223
24249
292124
292185
292216
292272
292335
292378
292427
292442
292448
292468
295369
295398
295402
295442
295446
295503
295543
295544
295577
295603
295624
295689
295691
295698
295758
295770
295823
295869
295879
295906
295947
295987
296014
296026
296046
296071
296086
296092
296097
296117
296132
296135
296196
296205
296237
296282
296286
296334
296372
296405
296455
296463
296511
296580
296600
296611
296677
296696
296765
296766
296831
296897
296918
296949
296971
297023
297061
297091
297093
297143
297208
297209
297230
297258
297315
297375
297405
297438
297457
297516
297575
297596
297643
297710
297771
297834
297904
297963
298033
298085
298113
298150
298213
298247
298251
298281
298322
298383
298398
298428
298464
298504
298564
298568
298575
298642
320877
320915
320927
320943
321006
321037
321100
321142
321192
321220
321246
321292
321348
321400
321470
321538
321607
321671
321730
321740
321780
321841
321884
321895
321935
321977
321999
322016
322034
322072
322137
322189
322230
322300
322332
322383
322422
322449
322497
322522
322544
322557
322562
322566
322629
322691
322735
322736
322774
322804
322868
322935
322962
323029
323087
323089
323121
323188
323225
323251
323280
323316
323348
323386
323391
323407
323439
323464
323519
323566
323585
323653
323679
323731
323758
323771
323835
323898
323959
324018
324070
324111
324161
324181
324192
324246
324310
324344
324350
324377
324421
324482
324511
324535
324540
324585
324630
324636
324693
324718
324770
324800
324854
324860
324878
324901
324927
324946
324956
325010
325065
325087
325139
325184
325225
325292
325356
325407
325460
325474
325485
325532
325534
325565
325632
325660
325726
325796
325812
325859
325860
325915
325947
325997
326045
326048
326102
326112
326135
326151
326159
326227
326284
326323
326332
326391
326399
326418
326420
326485
326514
326548
326609
326643
326668
326721
326727
326737
326792
326821
326856
326877
326923
326951
327009
327051
327098
327162
327178
327220
327280
327350
327404
327442
327502
327543
327559
327616
327669
327716
327744
327755
327780
327815
327826
327839
327883
327923
327991
328054
328116
328123
328177
328231
328270
328340
328390
328418
328448
328462
328486
328532
328593
328661
328727
328779
328799
328828
328845
328870
328913
328957
328996
329063
329093
329113
329166
329174
329234
329300
329305
329365
329383
329436
329440
329490
329497
329562
329598
329610
329616
329637
329700
329753
329806
329842
329846
329909
329943
329992
330028
330047
330112
330135
330168
330225
330247
330280
330325
330343
330401
330456
330503
330542
330587
330616
330628
330679
330729
330759
330816
330833
330863
330916
330945
330964
330981
330994
331058
331072
331114
331173
331186
331241
331270
331337
331400
331423
331465
331490
331522
331544
331561
331583
331594
331623
331634
331649
331713
331714
331779
331809
331850
331896
331963
332023
332065
332089
332149
332213
332270
332290
332359
332393
332445
332492
332561
332593
332611
332651
332653
332700
332764
332816
332852
332865
332916
332942
332996
333062
333108
333134
333189
333230
333287
333304
333373
333401
333447
333510
333515
333584
333597
333652
333695
333751
333791
333860
333925
333983
333993
334044
334050
334087
334146
334151
334177
334214
334279
334285
334306
334320
334334
334343
334381
334390
334445
334497
334538
334550
334586
334612
334631
334636
334660
334683
334740
334779
334794
334808
334853
334916
334948
334982
334992
334995
335050
335070
335102
335115
335153
335174
335191
335253
335270
335271
335313
335342
335387
335431
335432
335479
335518
335562
335605
335660
335699
335711
335778
335815
335850
335879
335896
335922
335929
335941
335989
336025
336066
336133
336166
336194
336228
336282
336350
336361
336381
336438
336504
336554
336585
336587
336600
336649
336653
336675
336702
336753
336756
336816
336844
336886
336942
336972
336995
337049
337066
337092
337121
337134
337167
337232
337240
337285
337351
337363
337367
337387
337408
337470
337490
337555
337593
337631
337645
337698
337725
337794
337847
337869
337902
337932
337998
338028
338087
338092
338122
338158
338206
338232
338294
338326
338354
338415
338434
338487
338523
338557
338602
338666
338716
338761
338786
338842
338899
338969
339017
339069
339072
339102
339112
339125
339127
339156
339157
339213
339229
339267
339289
339328
339393
339417
339453
339522
339586
339587
339633
339675
339728
339784
339790
339816
339834
339871
339903
339972
340009
340059
340092
340151
340208
340248
340309
340333
340387
340436
340445
340512
340514
340546
340613
340658
340728
340789
340811
340861
340902
340962
341004
341012
341053
341068
341076
341134
341167
341224
341267
341296
341324
341329
341386
341446
341465
341493
341533
341574
341644
341645
341702
341704
341744
341805
341835
341859
341906
341919
341931
341936
341941
341992
342014
342018
342078
342144
342165
342203
342208
342244
342279
342280
342331
342344
342345
342403
342430
342448
342490
342515
342519
342531
342539
342548
342588
342625
342637
342648
342649
342672
342675
342719
342752
342757
342769
342822
342890
342895
342958
342983
342995
343050
343063
343103
343148
343180
343201
343240
343306
343342
343349
343355
343362
343425
343490
343524
343549
343603
343611
343665
343731
343739
343751
343768
343835
343853
343875
343887
343894
343922
343988
344058
344094
344095
344096
344147
344210
344274
344325
344333
344359
344426
344448
344473
344509
344553
344606
344629
344689
344690
344701
344713
344748
344785
344795
344838
344885
344944
344985
345023
345066
345101
345161
345163
345219
345288
345327
345341
345386
345451
345484
345513
345578
345579
345586
345599
345604
345673
345706
345763
345804
345852
345883
345910
345944
345990
346052
346110
346116
346143
346181
346226
346228
346295
346362
346395
346428
346461
346475
346481
346551
346602
346661
346675
346686
346718
346775
346798
346865
346914
346916
346977
347039
347042
347057
347106
347122
347147
347215
347259
347291
347294
347334
347347
347394
347431
347470
347495
347518
347580
347585
347634
347677
347683
347718
347747
347776
347812
347860
347913
347965
347979
347980
348021
348039
348088
348094
348133
348148
348154
348218
348287
348312
348375
348412
348450
348485
348516
348580
348606
348665
348667
348675
348682
348740
348786
348845
348914
348945
348963
349003
349039
349054
349070
349077
349146
349147
349163
349227
349236
349270
349301
349306
349343
349383
349392
349414
349482
349517
349521
349549
349600
349642
349688
349713
349781
349784
349822
349888
349913
349973
350010
350030
350031
350046
350061
350116
350119
350170
350227
350253
350293
350338
350376
350412
350473
350527
350547
350605
350628
350682
350729
350731
350792
350854
350923
350929
350992
351030
351057
351083
351139
351143
351187
351196
351220
351260
351307
351352
351398
351459
351514
351577
351604
351662
351724
351753
351821
351828
351856
351882
351943
352007
352029
352031
352075
352095
352139
352181
352226
352238
352245
352276
352296
352353
352360
352367
352388
352423
352443
352465
352468
352527
352541
352594
352622
352688
352720
352742
352747
352772
352785
352820
352838
352902
352968
353024
353071
353117
353168
353212
353223
353261
353324
353373
353425
353450
353484
353542
353569
353572
353620
353643
353657
353725
368826
368844
368849
368916
368941
368964
368993
369050
369063
369066
369133
369151
369171
369235
369248
369305
369333
369335
369348
369367
369417
369487
369544
369607
369677
369697
369752
369756
369782
369811
369828
369859
369873
369914
369950
370017
370036
370060
370108
370168
370193
370235
370270
370300
370316
370378
370416
370435
370497
370500
370540
370573
370584
370646
370663
370713
370750
370814
370880
370924
370991
371001
371009
371078
371094
371114
371130
371171
371234
371256
371265
371286
371309
371328
371365
371421
371470
371532
371580
371585
371591
371610
371648
371666
371683
371687
371753
371818
371833
371903
371906
371935
371992
371996
372030
372077
372095
372148
372198
372267
372289
372359
372419
372433
372488
372508
372557
372621
372677
372701
372743
372777
372814
372821
372860
372909
372950
373007
373043
373046
373112
373174
373209
373240
373281
373330
373377
373439
373451
373479
373547
373608
373621
373642
373683
373747
373760
373809
373844
373858
373863
373916
373973
374036
374048
374097
374163
374176
374192
374204
374210
374231
374251
374274
374325
374363
374404
374409
374460
374528
374579
374610
374639
374690
374740
374780
374834
374872
374930
374966
374996
375012
375051
375062
375106
375116
375132
375187
375220
375223
375282
375307
375334
375357
376917
376966
376975
377025
377053
377057
377123
377131
377166
377199
377223
377259
377316
377344
377365
377398
377410
377457
377517
377582
377629
377662
377688
377725
377741
377752
377776
377815
377865
377921
377928
377954
378003
378033
378100
378138
378180
378203
378224
378226
378258
378319
378360
378381
378441
378485
378496
378564
378598
378662
378672
378721
378780
378813
378856
378915
378958
378963
378971
379038
379059
379107
379177
379191
379254
379255
379306
379314
379326
379334
379349
379399
379412
379449
379451
379509
379524
379560
379629
379640
379697
379744
379785
379802
379852
379858
379901
379959
380028
380050
380110
380150
380176
380208
380266
380302
380367
380429
380458
380459
380482
380526
380571
380577
380644
380681
380739
380787
380808
380840
380869
380932
380989
381055
381099
381132
381197
381234
381259
381326
381328
381337
381342
381368
381371
381374
381391
381400
381410
381470
381538
381547
381564
381596
381608
381632
381692
381754
381804
381869
381899
381928
381967
381993
381995
382037
382096
382134
382178
382194
382197
382199
382222
382235
382288
382296
382335
382362
382424
382480
382527
382533
382539
382567
382568
382614
382666
382714
382729
382731
382780
382849
382879
382938
382990
383028
383078
383086
383126
383161
383163
383189
383212
383236
383269
383307
383370
383436
383505
383520
383544
383577
383600
383620
383649
383694
383701
383719
384622
384654
384677
384679
384746
384773
384828
384852
384901
384951
384973
384983
385031
385052
385089
385129
385170
385234
385240
385298
385364
385398
385458
385510
385548
385563
385583
385608
385661
385715
385744
385755
385813
385815
385818
385870
385920
385930
385999
386049
386067
386119
386179
386209
386273
386338
386359
386402
386469
386499
386566
386626
386682
386736
386805
386827
386882
386889
386916
386971
387001
387037
387090
387115
387171
387179
387189
387195
387228
387245
387286
387305
387373
387393
387422
387429
387457
387521
387555
387559
387626
387629
387689
387744
387763
387772
387832
387859
387900
387961
387977
388045
388097
388108
388129
388137
388147
388160
388224
388268
388321
388373
388404
388453
388484
388504
388553
388595
388632
388689
388719
388746
388802
388855
388897
388924
388935
388944
388975
388990
389011
389058
389090
389151
389178
389188
389222
389241
389268
389304
389346
389351
389372
389433
389443
389451
389478
389534
389596
389616
389630
389677
389727
389774
389823
389862
389886
389929
389980
390021
390089
390128
390157
390201
390243
390266
390300
390354
390416
390417
390431
390438
390488
390521
390535
390580
390604
390658
390662
390714
390738
390798
390845
390851
390883
390901
390971
391012
391080
391088
391105
391152
391213
391225
391284
391304
391315
391353
391401
391412
391442
391498
391520
391584
391652
391671
391680
391699
391725
391777
391814
391843
391892
391954
391992
392010
392075
392119
392131
392167
392175
392233
392262
392288
392352
392375
392441
392479
392540
392564
392571
392640
392710
392723
392743
392812
392844
392890
392911
392955
392983
393014
393026
393062
393087
393089
393097
393136
393193
393249
393276
393300
393332
393381
393407
393423
393451
393468
393505
393553
393568
393630
393633
393665
393683
393722
393755
393785
393834
393892
393898
393929
393942
393992
394000
394057
394105
394120
394153
394180
394250
394262
394309
394363
394405
394475
394501
394521
394563
394601
394606
394671
394690
394716
394740
394764
394800
394855
394909
394925
394986
394997
395052
395065
395108
395163
395183
395228
395274
395328
395351
395360
395424
395444
395488
395494
395548
395557
395582
395635
395704
395739
395751
395777
395795
395815
395867
395936
395974
395975
396006
396015
396081
396082
396113
396157
396180
396211
396228
396292
396301
396342
396410
396477
396486
396541
396580
396590
396600
396635
396689
396715
396778
396846
396909
396920
396956
397015
397027
397075
397108
397125
397157
397180
397214
397232
397263
397266
397324
397331
397383
397411
397422
397455
397497
397532
397587
397615
397649
397667
397693
397744
397777
397809
397875
397883
397917
397968
397969
398022
398074
398094
398114
398164
398222
398276
398330
398345
398403
398413
398454
398511
398561
398619
398648
398674
398697
398729
398745
398799
398863
398866
398904
398926
398973
399012
399049
399078
399117
399121
399183
399187
399239
399253
399283
399345
399359
399406
399471
399496
399524
399539
399561
399564
399595
399637
399641
399686
399696
399760
399782
399838
399841
399870
399879
399921
399924
399993
399999
400038
400058
400078
400081
400135
400138
400161
400163
400223
400267
400294
400336
400366
400406
400416
400482
400528
400562
400624
400642
400683
400685
400703
400705
400770
400838
400873
400929
400962
400963
401000
401066
401100
401137
401166
401198
401212
401239
401296
401344
401406
401445
401478
401536
401551
401581
401632
401686
401700
401755
401814
401848
401892
401930
401990
402035
402082
402087
402101
402157
402216
402274
402337
402369
402420
402421
402425
402482
402542
402554
402568
402572
402619
402623
402669
402674
402718
402772
402822
402847
402905
402955
403023
403062
403103
403161
403220
403274
403326
403342
403344
403378
403413
403415
403482
403512
403579
403604
403661
403731
403758
403771
403832
403884
403904
403957
403997
404052
404067
404132
404181
404244
404292
404328
404398
404442
404453
404523
404568
404589
404615
404655
404681
404695
404696
404760
404786
404793
404800
404811
404878
404935
405003
405015
405031
405093
405159
405201
405247
405267
405270
405322
405329
405394
405438
405480
405490
405540
405578
405605
405615
405676
405683
405692
405735
405742
405751
405757
405793
405825
405882
405926
405969
406039
406052
406055
406110
406115
406172
406199
406211
406237
406258
406327
406388
406426
406430
406434
406481
406539
406596
406628
406681
406689
406737
406740
406757
406775
406786
406823
406866
406916
406976
407032
407074
407114
407166
407233
407292
407347
407373
407374
407395
407419
407425
407437
407443
407493
407514
407545
407556
407604
407608
407622
407627
407638
407658
407720
407789
407797
407810
407858
407868
407934
407973
407985
407997
408021
408048
408059
408074
408076
408104
408144
408209
408224
408238
408243
408286
408332
408382
408409
408423
408424
408456
408470
408492
408562
408565
408584
408621
408669
408683
408739
408774
408798
408808
408860
408881
408884
408953
409010
409051
409118
409185
409203
409244
409291
409349
409413
409456
409520
409545
409580
409592
409608
409637
409670
409714
409777
409832
409885
409946
409949
410000
410060
410116
410141
410178
410226
410228
410256
410294
410346
410400
410411
410461
410506
410566
410569
410576
410625
410650
410655
410686
410731
410776
410783
410804
410847
410889
410933
410996
411025
411031
411050
411054
411093
411155
411156
411208
411211
411216
411220
411281
411313
411341
411366
411408
411421
411480
411526
411566
411638
411644
411674
411738
411744
411765
411815
411827
411883
411932
411965
411981
411987
411996
412055
412104
412138
412197
412222
412225
412229
412260
412328
412378
412411
412455
412479
412547
412604
412664
412731
412777
412778
412783
412819
412829
412884
412946
412958
413013
413039
413109
413172
413193
413220
413265
413314
413331
413340
413350
413412
413477
413546
413549
413612
413636
413687
413692
413738
413796
413843
413865
413927
413931
413941
413981
414015
414054
414114
414153
414203
414239
414253
414299
414361
414428
414433
414497
414539
414544
414608
414626
414647
414671
414726
414778
414810
414875
414914
414976
415036
415083
415120
415153
415161
415169
415182
415230
415288
415331
415365
415411
415441
415497
415553
415601
415670
415695
415764
415812
415877
415880
415893
415897
415966
416034
416104
416166
416181
416247
416317
416363
416397
416407
416439
416462
416489
416525
416530
416568
416575
416641
416675
416689
416739
416802
416841
416871
416898
416930
416955
417021
417022
417086
417098
417130
417186
417233
417255
417308
417356
417373
417381
417449
417493
417504
417547
417598
417657
417658
417707
417743
417752
417794
417812
417860
417894
417913
417979
418043
418062
418079
418144
418203
418265
418270
418279
418286
418290
418293
418358
418367
418372
418376
418426
418439
418461
418515
418522
418555
418623
418626
418667
418714
418757
418764
418785
418855
418917
418948
419008
419024
419071
419072
419139
419206
419266
419268
419301
419319
419376
419384
419445
419484
419539
419602
419662
419696
419740
419756
419823
419878
419934
419968
420038
420046
420096
420164
420209
420217
420243
420265
420281
420315
420366
420411
420445
420471
420501
420539
420583
420631
420682
420727
420781
420839
420901
420942
420995
421000
421058
421122
421149
421173
421200
421267
421311
421328
421351
421394
421437
421472
421537
421592
421593
421640
421688
421733
421774
421805
421837
421902
421914
421983
421989
422056
422091
422110
422121
422122
422156
422164
422187
422207
422211
422270
422293
422315
422345
422355
422362
422413
422472
422487
422523
422575
422591
422657
422698
422702
422732
422791
422817
422887
422935
422963
422965
423020
423063
423097
423101
423157
423218
423266
423308
423376
423398
423447
423493
423512
423547
423605
423636
423639
423677
423710
423727
423744
423808
423850
423866
423923
423940
423989
424032
424087
424140
424199
424254
424274
424313
424363
424413
424427
424448
424492
424555
424622
424677
424685
424715
424774
424842
424847
424903
424947
425005
425029
425034
425054
425070
425126
425186
425205
425213
425247
425280
425290
425328
425367
425391
425458
425488
425522
425542
425552
425610
430467
430494
430543
430570
430573
430594
430650
430693
430697
430703
430747
430753
430775
430814
430846
430849
430868
430873
430895
430896
430939
430966
430975
431042
431094
431095
431134
431153
431221
431232
431264
431269
431337
431401
431450
431506
431521
431524
431525
431531
431592
431626
431647
431692
431741
431810
431824
431894
431954
431962
431978
432027
432038
432059
432118
432146
432198
432246
432254
432295
432355
432424
432481
432497
432540
432561
432609
432659
432660
432717
432747
432780
432819
432831
432848
432887
432894
432933
432975
433035
433099
433115
433131
433190
433205
433229
433250
433253
433256
433298
433358
433416
433485
433515
433550
433582
433607
433610
433668
433671
433677
433684
433696
433698
433733
433789
433819
433828
433836
433858
433879
433889
433907
433941
433953
433976
434020
434052
434111
434151
434168
434192
434257
434311
434364
434403
434458
434485
434533
434559
434565
434571
434634
435357
435411
435433
435467
435518
435538
435564
435629
435665
435690
435709
435744
435794
435832
435885
435892
435919
435948
435980
435984
436047
436098
436147
436156
436199
436203
436232
436264
436284
436306
436333
436366
436410
436456
436467
436533
436559
436594
436636
436699
436713
436737
436779
436784
436800
436838
436849
436892
436923
436924
436942
436984
437020
437039
437041
437081
437106
437157
437185
437238
437297
437361
437418
437426
437488
437501
437548
437575
437622
437625
437692
437724
437781
437787
437827
437847
437904
437944
437990
437993
438024
438087
438153
438211
438250
438267
438295
438362
438363
438393
438454
438464
438495
438553
438574
438639
438679
438729
438775
438777
438813
438821
438822
438836
438874
438883
438897
438927
438994
439002
439052
439063
439074
439103
439173
439208
439261
439316
439341
439390
439419
439476
439516
439544
439566
439574
439589
439595
439614
439680
439702
439771
439772
439839
439867
439882
439902
439961
439969
440034
440068
440078
440090
440133
440168
440198
440216
440272
440275
440302
440326
440351
440405
440449
440502
440516
440517
440539
440555
440610
440645
440656
440668
440716
440772
440828
440898
440935
440981
441041
441060
441076
441099
441102
441116
441141
441194
441246
441262
441331
441384
441391
441446
441460
441530
441569
441636
441654
441679
441719
441764
441828
441887
441898
441907
441916
441921
441954
442002
442069
442125
442188
442246
442268
442299
442342
442357
442407
442416
442443
442455
443226
443267
443332
443351
443353
443398
443426
443467
443509
443572
443581
443645
443673
443712
443762
443790
443803
443872
443940
443975
443986
443987
444006
444040
444097
444156
444159
444186
444195
444255
444261
444265
444321
444384
444432
444493
444554
444584
444610
444653
444721
444758
444770
444776
444840
444845
444858
444880
444907
444967
445004
445038
445057
445069
445138
445159
445211
445235
445274
445292
445319
445372
445437
445446
445496
445540
445602
445666
445704
445770
445807
445816
445818
445828
445831
445862
445931
445980
445987
446007
446025
446041
446092
446154
446216
446226
446270
446300
446319
446340
446387
446442
446487
446537
446591
446631
446663
446673
446743
446804
446824
446870
446888
446904
446956
447020
447089
447152
447219
447229
447261
447319
447367
447382
447430
447496
447503
447509
447536
447544
447576
447646
447664
447708
447735
447756
447786
447795
447847
447891
447928
447933
448003
448040
448085
448131
448187
448246
448266
448285
448352
448356
448379
448420
448476
448513
448542
448562
448592
448595
448628
448679
448680
448727
448759
448766
448823
448863
448872
448912
448962
449012
449052
449112
449147
449200
449268
449318
449362
449404
449438
449469
449509
449510
449569
449606
449657
449685
449709
449740
449776
449839
449909
449940
449971
450019
450041
450089
450158
450186
450223
450242
450304
450333
450366
450399
450468
450512
450532
450537
450601
450614
450645
450673
450704
450758
450782
450792
450838
450842
450866
450919
450975
450993
451062
451131
451177
451185
451199
451200
451240
451288
451306
451373
451419
451435
451440
451480
451502
451522
451592
451635
451650
451698
451707
451756
451806
451844
451848
451903
451915
451950
452015
452046
452069
452092
452146
452160
452222
452236
452298
452358
452376
452431
452434
452498
452521
452576
452593
452609
452668
452676
452689
452695
452713
452762
452768
452804
452823
452866
452918
452946
452978
453033
453071
453095
453137
453177
453216
453231
453253
453289
453325
453330
453383
453453
453520
453562
453619
453681
453712
453764
453766
453767
453811
453869
453905
453949
453971
453972
454011
454054
454081
454120
454123
454191
454220
454272
454276
454334
454336
454400
454407
454475
454533
454538
454597
454658
454713
454720
454782
454791
454815
454828
454849
454882
454921
454978
455013
455053
455059
455084
455151
455199
455205
455242
455264
455323
455336
455390
455414
455476
455482
455510
455574
455603
455637
455654
455670
455683
455737
455778
455810
455873
455917
455963
456009
456029
456036
456078
456094
456131
456169
456842
456890
456895
456938
456984
457028
457030
457084
457141
457186
457232
457271
457316
457359
457389
457423
457446
457460
457529
457535
457602
457607
457636
457678
457740
457765
457828
457877
457890
457943
458001
458013
458022
458079
458141
458169
458218
458256
458307
458341
458399
458449
458505
458518
458525
458561
458631
458647
458679
458723
458751
458819
458849
458871
458937
458978
458995
459032
459075
459089
459119
459185
459218
459257
459273
459293
459356
459394
459405
459417
459482
459534
459561
459563
459604
459619
459677
459694
459745
459748
459765
459780
459800
459816
459837
459887
459908
459921
459958
459988
459997
460019
460023
460085
460089
460101
460169
460228
460245
460311
460344
460358
460405
460440
460454
460523
460535
460553
460607
460660
460728
460757
460759
460788
460815
460872
460880
460884
460929
460991
461019
461089
461103
461146
461185
461186
461225
461280
461285
461352
461387
461432
461489
461541
461575
461635
461697
461729
461776
461810
461861
461892
461925
461974
462038
462051
462080
462129
462158
462208
462270
462299
462358
462425
462444
462466
462480
462497
462525
462550
462564
462594
462619
462676
462746
462793
462805
462831
462855
462891
462945
462982
463001
463017
463062
463109
463114
463146
463164
463190
463219
463223
463288
463310
463332
463368
463376
463423
463471
463487
463488
463494
463496
463532
463543
463610
463659
463672
463674
463738
463763
463765
463800
463815
463860
463868
463925
463975
464038
464059
464129
464158
464166
464236
464265
464282
464296
464328
464382
464449
464463
464504
464570
464579
464617
464679
464728
464777
464803
464840
464902
464918
464970
465005
465007
465028
465065
465076
465133
465195
465219
465260
465327
465352
465381
465404
465449
465516
465548
465588
465604
465667
465676
465686
465701
465717
465769
465832
465892
465930
465980
466032
466077
466146
466216
466251
466301
466326
466358
466377
466446
466508
466520
466532
466572
466619
466666
466671
466693
466728
466795
466846
466894
466955
466987
467014
467049
467052
467116
467159
467180
467227
467241
467247
467268
467271
467309
467348
467407
467432
467468
467491
467505
467542
467550
467554
467583
467640
467650
467705
467756
467768
467819
467886
467946
468014
468021
468043
468081
468100
468111
468181
468219
468236
468305
468348
468390
468432
468438
468493
468502
468543
468603
468662
468712
468774
468777
468819
468838
468903
468972
468992
469047
469099
469131
469140
469210
469241
469299
469322
469347
469366
469427
469439
469497
469498
469504
469531
469560
469627
469662
469686
469735
469749
469785
469835
469852
469876
469904
469961
470005
470059
470097
470115
470144
470154
470160
470226
470289
470359
470380
470438
470445
470463
470481
470536
470538
470608
470651
470665
470720
470781
470826
470880
470905
470919
470921
470973
471016
471061
471078
471113
471142
471170
471218
471251
471265
471311
471365
471419
471433
471435
471459
471507
471573
471629
471696
471751
471807
471868
471886
471933
471976
471984
472016
472026
472049
472108
472146
472201
472210
472246
472269
472336
472386
472403
472437
472500
472502
472510
472513
472579
472645
472662
472667
472678
472707
472753
472784
472817
472849
472854
472872
472875
472938
472975
472996
473041
473100
473161
473203
473217
473276
473281
473321
473390
473416
473420
473457
473507
473532
473541
473604
473611
473619
473650
473658
473662
473721
473777
473818
473844
473861
473895
473906
473959
474020
474042
474073
474127
474170
474180
474245
474248
474287
474348
474405
474441
474494
474510
474518
474528
474546
474567
474583
474595
474978
475010
475053
475054
475100
475107
475146
475147
475152
475174
475198
475215
475269
475273
475322
475359
475386
475454
475466
475467
475472
475516
475558
475626
475628
475666
475684
475727
475779
475823
475873
475930
475947
475972
476000
476017
476020
476063
476131
476145
476193
476251
476292
476323
476708
476721
476788
476827
476876
476919
476964
476977
476981
477042
477069
477078
477102
477134
477176
477236
477246
477272
477309
477373
477399
477467
477535
477579
477629
477647
477665
477687
477731
477799
477813
477880
477881
477930
477945
477987
478026
478077
478128
478184
478213
478214
478282
478352
478389
478443
478469
478477
478528
478558
478575
478609
478667
478683
478715
478750
478757
478762
478781
478847
478901
478925
478980
479016
479065
479110
479123
479185
479219
479228
479249
479274
479289
479330
479379
479382
479417
479424
479490
479495
479526
479593
479654
479670
479683
479694
479748
479782
479833
479902
479923
479988
480050
480056
480059
480062
480113
480179
480216
480222
480278
480315
480337
480388
480439
480488
480536
480551
480620
480644
480675
480687
480728
480786
480807
480816
480840
480896
480917
480944
480976
481026
481071
481099
481151
481187
481189
481239
481264
481302
481331
481394
481395
481417
481463
481524
481555
481565
481577
481624
481677
481725
481778
481791
481801
481802
481818
481847
481887
481911
481968
482006
482042
482099
482150
482193
482241
482291
482344
482378
482407
482472
482542
482598
482621
482665
482689
482694
482748
482779
482825
482869
482937
482965
483005
483016
483084
483102
483129
483179
483215
483271
483284
483328
483351
483419
483444
483451
483493
483536
483558
483605
483619
483662
483697
483732
483789
483821
483843
483896
483958
483962
484013
484046
484057
484121
484128
484144
484160
484192
484253
484283
484336
484375
484382
484424
484453
484462
484514
484543
484552
484613
484637
484690
484737
484784
484817
484872
484901
484953
485010
485050
485051
485097
485117
485133
485177
485190
485213
485234
485273
485338
485383
485394
485460
485469
485521
485526
485528
485555
485588
485592
485638
485706
485751
485809
485840
485905
485935
485951
485999
486069
486121
486165
486213
486241
486301
486302
486366
486436
486452
486483
486546
486599
486612
486677
486711
486751
486763
486803
486852
486882
486941
487008
487066
487078
487142
487183
487201
487252
487287
487350
487395
487427
487428
487429
487475
487540
487550
487603
487669
487688
487727
487734
487735
487781
487837
487888
487948
487989
488035
488082
488086
488122
488162
488178
488192
488250
488296
488302
488303
488334
488380
488404
488427
488432
488480
488505
488557
488599
488641
488677
488712
488762
488773
488776
488832
488900
488962
488988
489053
489060
489106
489131
489186
489229
489269
489296
489335
489368
489372
489393
489394
489430
489459
489462
489497
489532
489568
489580
489586
489602
489670
489734
489746
489796
489852
489909
489941
489958
490026
490083
490111
490115
490166
490220
490240
490299
490304
490322
490327
490378
490434
490491
490508
490571
490587
490626
490669
490690
490735
490762
490830
490870
490875
490915
490934
490964
490997
491015
491030
491037
491069
491096
491129
491138
491171
491188
491248
491277
491333
491358
491415
491475
491486
491497
491544
491549
491557
491599
491605
491647
491700
491759
491763
491765
491830
491837
491893
491935
491964
492025
492033
492038
492100
492398
492421
492425
492482
492488
492553
492622
492638
492659
492660
492717
492761
492821
492874
492942
492979
492988
493017
493021
493051
493079
493146
493148
493189
493249
493268
493319
493387
493400
493419
493470
493477
493517
493566
493577
493605
493623
493669
493701
493757
493799
493831
493873
493926
493955
493989
494030
494042
494060
494120
494163
494194
494229
494265
494296
494334
494357
494422
494446
494460
494481
494507
494525
494562
494622
494685
494735
494791
494841
494890
494955
494970
494986
494989
495035
495070
495088
495103
495155
495216
495236
495259
495312
495322
495328
495335
495383
495420
495475
495511
495545
495591
495656
495701
495753
495774
495843
495853
495891
495947
495979
496042
496090
496110
496162
496186
496192
496227
496295
496334
496385
496453
496511
496541
496601
496625
496685
496706
496764
496775
496781
496810
496852
496915
496933
496968
496970
497032
497087
497121
497140
497209
497256
497297
497353
497354
497357
497406
497420
497451
497497
497524
497541
497577
497636
497677
497727
497783
497846
497886
497893
497955
497982
498042
498078
498108
498113
498169
498176
498182
498198
498252
498291
498361
498423
498463
498523
498564
498628
498698
498732
498764
498765
498816
498865
498901
498966
499021
499030
499098
499117
499124
499141
499163
499214
499237
499252
499285
499353
499423
499484
499530
499539
499567
499593
499595
499638
499666
499694
499725
499735
499758
499811
499839
499893
499894
499930
499955
500020
500065
500096
500120
500183
500253
500314
500331
500338
500381
500383
500390
500452
500521
500525
500545
500548
500589
500629
500661
500663
500724
500756
500781
500806
500865
500885
500906
500907
500956
500970
500979
501042
501043
501112
501130
501154
501194
501256
501299
501364
501374
501417
501457
501497
501527
501533
501547
501589
501657
501727
501769
501838
501865
501923
501990
502009
502010
502038
502050
502062
502110
502113
502180
502222
502225
502251
502270
502288
502296
502321
502352
502355
502360
502371
502374
502375
502380
502405
502432
502500
502538
502607
502677
502738
502760
502807
502808
502868
502878
502908
502938
502946
502968
502999
503022
503046
503068
503108
503171
503204
503229
503296
503358
503359
503403
503417
503470
503483
503501
503533
503536
503606
503675
503715
503754
503820
503873
503923
503992
504061
504088
504127
504178
504206
504236
504263
504332
504333
504360
504405
504467
504537
504561
504616
504674
504736
504739
504745
504752
504763
504799
504861
504920
504946
504971
504996
505011
505048
505061
505075
505079
505092
505134
505136
505146
505178
505240
505254
505291
505350
505379
505400
505453
505460
508304
508369
508435
508474
508526
508560
508606
508669
508693
508720
508746
508771
508836
508869
508898
508910
508971
509030
509088
509103
509156
509190
509251
509272
509320
509367
509415
509419
509468
509508
509548
509612
509660
509695
509722
509752
509787
509828
509880
509897
509905
509972
509995
510042
510043
510059
510111
510176
510185
510198
510223
510290
510358
510365
510404
510434
510477
510487
510556
510583
510631
510661
510698
510738
510773
510803
510872
510922
510936
510995
511047
511053
511085
511143
511155
511161
511200
511267
511276
511345
511403
511449
511509
511552
511559
511626
511644
511710
511752
511772
511795
511796
511837
511848
511852
511903
511919
511962
511964
5777
463190
463208
5771
441384
463198
409608
409633
409629
409623
474512
463194
393407
463191
410669
423850
463190
848
393416
444208
409618
474510
510043
410655
865
420764
444195
511345
511382
323391
511384
409619
420727
511383
420749
485097
392441
457423
457428
339229
392453
392451
339244
339248
339253
339258
339254
480664
480644
323402
323391
465516
465542
465540
433205
403067
403062
1420
380367
504989
371309
21105
380393
1461
380383
380374
21104
1466
1467
509695
509711
504973
448680
407292
448713
448723
407332
483117
485383
483102
467550
20482
504971
407335
407342
20460
509717
401726
324246
453231
448716
20455
7275
471629
394319
394309
504141
504127
324269
471680
401700
335163
7273
473024
5823
482042
472996
411638
408798
401720
480816
480824
401709
481198
479040
350376
499075
345355
481189
441891
441887
20631
473003
491830
500906
491835
410273
324284
335153
324287
350381
391401
345341
479019
499045
324300
487350
410256
491606
457860
482046
350397
433205
370646
459677
20644
487364
370660
370654
482084
499030
420366
348954
20636
350389
440757
459690
348950
457829
331963
491605
437157
493669
411827
430775
295728
331997
495475
440716
487389
482082
340729
468609
479016
348945
456078
335584
295698
430788
495482
493674
414054
495503
295712
414087
440738
457828
493670
332001
397263
417021
430805
430790
349070
411842
420378
405329
420603
409190
335564
333983
295709
468603
1332
341520
298383
409185
333990
410346
331998
298389
370168
400821
333987
437171
472849
400770
400802
371259
464902
440737
408409
410393
414064
420403
437173
371256
487375
437180
347259
411831
400789
458023
414079
400268
400267
21498
458399
458022
344448
347282
416530
464906
1315
478353
340728
410373
416533
478352
430873
420385
445038
400777
335562
437548
341493
19652
371130
344458
502352
343895
437566
21485
420583
410386
409809
447229
409790
409777
471886
327162
343894
447251
444054
405369
498108
471914
463223
458425
420589
393332
416552
341498
416686
393341
444040
341510
19646
416675
296196
323029
416548
458421
340546
405345
400789
408076
295709
444554
17518
488082
340589
296765
405360
498869
18403
463269
410381
437550
379334
418544
445987
463255
393361
402361
371132
495701
370175
438874
340597
402341
394987
323044
484514
454720
471160
410374
323121
323143
393346
402337
394986
498865
379341
418522
370584
328151
489372
503417
323178
380367
503437
508971
454745
408084
441102
410373
371146
444560
495720
478206
455654
495727
127
455963
444575
416593
455662
447255
455998
402554
503434
94
454754
441109
484537
484536
495742
22378
471143
447254
430788
98
107
393970
334754
328123
495735
17768
370599
323034
369859
481887
471142
419319
346295
346331
323039
476251
493873
416579
393942
328136
493909
22355
476278
445816
298281
298306
346329
328147
495738
455242
416575
478184
393960
478188
473041
390521
419364
419370
343355
413650
372743
298114
298289
400038
397524
377319
403132
486069
377316
370615
478192
370639
350605
454272
409623
22354
403116
400053
391152
454763
417291
509001
436264
350612
436277
476269
17191
441046
508978
374460
395183
478189
395197
486100
345267
322018
395205
460344
473072
473087
491613
99
473075
397503
433298
413638
334740
402420
455249
372767
508990
391178
441041
391200
353472
103
413636
345239
342780
471230
467491
491606
405360
460348
17169
352527
345225
453712
502330
453727
325726
478683
417255
471218
394262
395198
377057
329305
480807
325761
402482
374513
387458
325758
374506
322016
491759
22378
433328
333447
406745
350606
419484
478706
475174
502325
394275
419506
329356
22354
410669
298113
433329
397497
417281
502321
351083
329323
394277
333451
462483
419520
351085
462480
446663
350047
402510
465404
377316
394301
453714
351084
328117
498605
432553
432540
341882
342769
417271
402524
475187
335584
475178
451177
465432
465412
377089
452330
335592
3877
465422
378360
418079
452306
406740
418136
433342
493051
493060
440405
345219
384773
387457
329234
453713
3901
498588
350046
447509
397797
3903
3904
418127
417308
496888
441887
417315
509695
401239
481302
509705
397777
324514
20254
401119
481310
325139
452298
20297
498577
440428
400378
401247
496877
495727
461198
466997
330047
7084
418119
329254
333489
7076
438214
406786
457608
441460
353450
333481
433344
341859
403103
4286
419529
384778
478561
475175
3915
483157
461189
353569
329339
351365
452028
439544
7075
295987
493017
461186
496856
403104
401100
384806
511992
483129
296006
370168
417324
380350
439556
20482
324511
339258
452015
328449
400366
505240
345386
469322
505366
478558
483146
345401
297208
328448
377107
351352
505244
457607
351353
296005
462038
380302
369063
401000
404328
380319
381025
505350
511795
325164
404358
473629
472022
333408
328116
486100
324078
329753
6647
406808
388518
332764
382695
388504
488603
345397
333401
332783
430509
401636
470160
450838
373608
345393
466894
387001
411836
4301
466912
401264
440415
491602
19652
387002
382879
387025
466906
297242
417328
337609
332802
484131
6635
438211
388415
470209
412800
411831
488599
469686
384778
348845
466987
341870
491599
384785
473619
329779
405632
452593
385090
441522
329275
441515
459394
411375
411366
477422
401288
386402
297230
472016
329294
399637
480896
412783
421643
484128
333510
417343
21844
401284
325376
382667
498564
17061
380318
19693
412792
433230
406793
436819
330096
430494
511964
325371
380994
485588
393992
418367
23181
385089
339264
401012
370599
384818
458829
401011
401632
377106
388404
458819
491129
417341
430500
466728
21079
448962
380374
501043
325356
377199
495190
501076
488303
501102
436808
405615
382666
417291
339834
406792
351943
372251
499067
501077
444845
471
401066
415897
337593
296471
347634
469704
393249
352029
495155
329351
380989
491134
351948
459766
421640
296463
324070
21843
496852
330730
421902
415880
339848
466771
511976
480899
433229
17096
436800
329755
511971
4309
495591
499105
341764
469690
19687
322640
503419
375051
325360
3718
501078
415899
401068
448985
347670
478561
20280
330729
503606
380740
401281
23175
341882
415952
415092
332359
503651
483732
456
334006
401273
401094
511965
402619
401091
415083
351993
347660
501095
496334
322629
417292
341754
401406
445319
393014
449005
395170
348862
441691
22283
333993
393261
380739
448628
393266
385583
5431
483746
391444
344701
496014
442342
386437
477410
499060
447254
447891
488316
465358
22272
332370
384622
440502
338842
459765
495158
5823
335157
341889
382527
338883
331969
453869
503754
415670
407114
455919
488308
334334
487350
441679
448667
328418
341895
465352
391442
384636
495618
415684
329754
500661
441522
21053
338434
487669
329779
820
460523
432865
395163
5434
478568
499098
5435
508546
329793
348898
17106
448650
510698
348903
397587
499045
465065
495617
386434
475053
495981
372199
404383
382921
390627
508533
386430
20277
374097
469852
407115
330099
470861
437173
415914
491043
344707
508526
486213
500764
321494
491037
458736
460880
24157
470842
391954
442070
477707
24187
494955
455917
493669
348911
337725
510729
4330
338889
421328
421338
407136
338852
430500
374148
405201
486214
337777
432933
432852
495157
382927
375116
342515
332387
404342
486229
495979
445909
407129
375128
328427
440512
405584
338842
477762
335153
443872
483757
510715
432848
404328
453892
404360
380318
484953
483755
493831
24161
391973
21073
4338
475010
341744
440351
796
17096
351998
415931
344509
503417
321470
453891
338461
496341
477373
470833
445862
374145
404361
499731
394301
495070
390612
445878
405234
3722
416260
372198
452222
4286
348352
458723
325360
405220
484977
495095
493832
20219
477392
470154
337789
321486
337782
4340
390604
327682
297615
477749
323402
475045
324320
391964
400777
496339
470826
409118
502325
442246
372841
432964
421335
463975
20316
374485
4296
378258
445882
391957
374460
477731
442069
509190
344540
405228
3737
18420
475516
405632
20308
405652
500756
469861
445896
374481
372731
18413
327669
392727
326391
477402
475530
443925
502792
405480
371996
378295
387626
475022
331963
499725
343608
452231
467554
321483
493862
411966
470831
443511
416247
421328
338465
405668
20304
405578
324310
339767
477693
295398
297023
344532
431221
496092
493864
475521
445342
497393
377688
433208
475042
345401
477687
412260
339746
497357
474512
332942
459257
405655
455662
326396
786
343603
445896
503790
338472
321479
404453
484999
297051
497372
332977
499727
496881
404490
298383
820
509194
372710
17153
498577
416255
412299
510534
410155
412277
492038
321884
438513
370599
497664
297024
497637
348316
502776
295693
486230
492071
438506
372821
438495
377705
2882
342598
411965
391089
466666
447907
374474
452223
460815
401441
499655
342588
297597
416643
440387
495979
416641
297596
323669
412887
463449
463423
453949
339735
443467
401427
342595
503796
372767
332962
385596
321106
492081
297035
322259
499638
353170
446956
828
424868
377691
492080
457208
445904
378288
446972
462108
295691
322072
419370
412292
412378
412282
497636
17096
502760
297041
24155
467568
24178
341267
372013
400962
509240
460836
499648
468712
412403
468742
436147
340387
23198
339728
486214
322103
353168
402274
475035
395065
404514
444657
467388
340400
481463
502374
348312
297451
496877
327543
22442
511239
391088
433205
22456
409180
380441
337490
341289
463164
345442
457186
341284
337387
409167
322251
467348
371648
328438
511223
345332
297438
463426
460929
402275
443488
463987
402308
337537
447918
434052
434485
392723
481505
372027
386434
331270
397590
463978
340415
452918
505061
457199
511200
380429
474547
412884
346395
503806
337
390580
337902
509210
421592
401429
487350
434515
452935
490303
389329
460978
374251
348244
496042
497783
20232
389307
405450
445329
333695
326336
321100
352276
322245
369157
390594
348218
331293
420620
377691
410996
369151
383161
487021
360
345327
497827
346407
369816
510490
424863
340425
326332
23190
384773
434063
474546
394221
22480
384774
467349
490299
488086
298033
509229
511213
335287
481512
385593
482399
385744
392451
479283
496082
390592
434513
424526
487008
20221
482378
341277
481562
467370
378033
322083
405438
394211
341276
337528
385590
333714
330456
393553
330168
410141
394200
462059
481555
468761
337915
409095
503434
408621
434052
488104
462051
492906
323653
496065
430790
393554
401428
482394
342014
444653
22354
372025
410997
447172
322230
333704
412731
410576
408649
372701
328846
463435
396622
470973
497836
394185
408643
447152
345428
479274
420603
377984
298043
345436
470115
408230
380989
331308
509232
346416
502375
389304
477930
492889
322081
380367
410616
412283
436849
395072
454912
340261
454882
463443
337379
458788
337523
377975
436662
396600
372
481319
430551
292155
430546
352388
463441
495259
298060
470980
392119
445138
331327
460828
394180
495293
412735
410592
420604
401066
412056
412741
430800
409080
340248
330481
371659
477939
424492
497830
503798
510487
448679
448003
408382
503715
443483
495281
504405
329753
408387
377954
378088
481310
441636
434488
488108
446968
480840
492884
6450
352414
504425
475276
322502
372705
492874
504448
473100
388230
402302
460952
443477
441110
454898
379399
417086
399539
323391
431042
447536
436871
483179
501769
445139
387840
322497
409061
387832
7228
380755
409051
412055
503746
470124
396541
20297
424847
503735
446591
454897
477474
436636
494622
475273
411007
332965
349146
501787
441109
473129
398697
340431
7206
338000
324630
330191
441646
330217
460822
405329
398715
489368
413176
501784
377955
390700
328845
397108
502069
483188
330204
447430
4028
462564
430543
371652
337368
420667
330201
412284
477467
410609
7188
321037
462565
470983
395067
434485
337367
508836
483206
388225
369811
5622
295968
477934
488302
445141
328438
463929
340255
408224
413172
20812
337998
462571
424505
412772
503719
325975
20302
348225
21221
21189
463925
502062
431080
407627
7189
412769
400683
424886
448016
448024
480874
446619
472502
462587
325964
424871
502360
335271
335282
388224
487142
460940
19125
508847
470984
497101
436875
497827
508839
295947
17488
335660
431692
471143
389
475174
348220
398094
410593
21168
4044
5654
390662
410998
20863
464570
7199
332962
18944
336153
399549
295951
387393
497087
380740
446016
21726
292124
431086
390680
430546
336142
292137
20843
436639
447456
346295
470059
470998
17469
420631
2882
457829
436637
404773
510198
403173
329314
390694
470130
396557
7084
321400
321436
372731
378062
496781
416181
442299
495701
351033
406628
470127
460939
487143
406672
399555
431703
430547
353223
474441
335676
353236
470089
490096
393346
334320
446426
334146
400789
470988
18936
381407
321426
422025
353242
496061
326045
346321
416185
330841
298065
352527
326548
455025
499117
335677
396562
20837
487175
331327
438821
495503
401667
329339
378088
474454
347937
424868
385692
474978
395114
350606
401636
371138
474466
19158
431087
421983
401651
330833
19157
342539
431718
446007
377957
296132
474465
325947
495704
508845
450694
377025
380318
382927
393351
371132
490083
487157
487149
378057
298113
6545
1141
423308
370060
431711
445522
447470
377956
496792
420635
421733
494017
17465
396082
403161
338164
395108
331634
321416
450673
499168
466650
446387
347914
6535
496791
450376
1146
321409
336184
401661
406659
329174
450370
399958
501086
380681
480807
420655
370085
445831
455013
390773
404760
400314
377047
335686
448863
396090
463763
457877
475000
493757
387397
298069
450366
332370
497097
494650
329305
1145
336133
1311
295738
493762
493784
481331
326554
397667
446393
475467
445497
390738
422018
453703
321073
335817
442313
329209
348329
370091
436719
474998
396093
500314
445852
401537
468819
352414
416225
501078
438307
380724
421443
438296
442300
495979
481363
381400
421437
321087
435948
481377
445190
422015
476251
410784
410997
494009
410783
435984
483211
331337
457852
335815
494670
397968
418867
489319
499163
499319
377410
329228
337232
494229
498006
499285
22354
466631
418290
458769
347505
22098
453681
387395
475516
384760
435988
339861
438295
436199
373174
329147
510204
499304
20455
400294
338158
401091
423311
505061
464571
386359
445174
422293
443762
295728
401632
408967
497982
464574
401536
445496
346420
390707
477934
399924
462945
465028
331342
422294
489296
501865
347495
390750
452028
496065
435975
433889
391843
337234
386372
417707
460984
432848
326579
397678
380731
396583
401068
455242
510205
445159
460978
401281
444195
329113
396090
441076
408953
474349
371009
421751
399049
383299
433330
329213
433230
497999
351031
493864
332379
377442
505068
470124
489308
1917
432359
2061
326584
413636
386386
336166
377445
395596
395582
460815
418855
391884
494675
401085
446414
22086
392860
458751
418857
372701
371256
1299
493989
348316
2102
412292
417725
399549
433329
445853
331353
339848
423328
446405
371062
330099
465053
494235
399072
341520
435962
324909
436017
385669
351030
1954
127
341645
493990
347913
501883
435950
465033
341947
445170
384746
493757
413856
332802
435904
397684
373625
479593
441083
474348
494671
400058
2088
408669
329351
21239
326581
396229
378203
420539
17403
501890
22079
383269
324901
390751
454011
417720
455245
341941
410600
454033
379334
416198
493759
439052
21238
390762
453688
400065
379314
390700
325860
446404
384747
371072
1967
390761
458851
416202
343458
458849
476254
18420
399067
396573
503536
416216
479625
503438
466619
510212
324906
503569
466626
454036
380660
383270
331396
504790
329117
381099
501914
2081
331388
336178
423317
457186
423318
343438
336135
503437
410593
377445
383291
476258
386395
454407
350170
297626
330589
436713
432355
373621
341668
325896
501917
374506
440757
431711
321671
482378
487175
503555
465033
468992
483129
469032
422296
449776
380644
17450
449782
341694
385199
504763
445791
350211
482180
399939
399953
385170
494250
400307
17420
417281
391864
435958
435892
378205
443771
396228
462946
372025
494249
20252
443785
399948
297615
421747
325568
297240
378206
481791
405642
453686
454455
445831
370235
325565
474183
413847
392812
399055
421738
445786
436024
385185
481796
473155
448728
482150
321718
446456
480280
20536
372419
388925
467922
501299
388924
297230
385661
501323
400070
330587
373175
20537
479614
449781
486230
388097
17438
17423
469043
447487
403750
20544
347677
448727
376966
20572
470720
400789
480278
504764
470757
381117
484552
392571
446442
329116
346228
420564
445770
327109
465449
473139
375223
392597
447172
17432
379317
484595
436026
454468
420243
347680
381114
389451
375236
379314
370258
465478
20557
350217
509251
482379
450158
447199
504766
345808
467886
372621
2924
504772
465498
484604
297380
474180
472088
472390
462158
437904
447190
343425
462972
2929
330100
404508
500096
341267
500545
405633
327098
500521
445840
385665
472386
474465
297375
325874
397503
385172
459130
373179
372633
327906
343107
423744
482165
383064
440133
477402
383136
342345
459120
341062
495701
389942
435954
392827
383126
381632
482551
392824
473041
450159
455054
347616
482379
450179
400705
482161
465501
501353
352536
329753
504141
501325
452866
347609
466619
438574
372624
472049
500114
330336
342360
383028
828
500111
389931
372625
496852
436039
467900
482385
453325
410373
511971
467899
472050
438586
420249
402955
459119
342346
377445
341053
413843
452901
1615
462173
450333
352527
327883
404490
420252
472069
381651
471460
423801
392582
437625
402963
18403
477799
472082
346269
401700
440156
24095
431141
373202
383278
343103
377976
381683
346241
346242
440162
450680
404493
389929
436726
436719
295603
400739
452896
501333
295615
398094
1666
403731
346252
438627
462160
326159
18413
392589
321212
327891
503483
375224
462161
403734
441898
403738
370248
2940
473065
19107
431134
347518
375231
373112
472083
444168
501346
489095
4560
347534
326195
452885
436036
377975
497834
147
1664
497830
387395
373198
4557
330326
321202
327350
404445
405676
483111
469322
450673
401536
327362
441916
483102
444159
2607
499893
450339
383032
421311
405632
489060
421316
414520
383281
438622
345804
2596
19687
402984
441246
446119
471459
373183
447922
469334
437915
399993
374036
441887
334779
394265
466846
441917
352839
445446
441257
330325
492647
1327
504170
142
489085
343894
446260
383257
445995
489090
352838
327357
329116
453688
373184
483107
7049
493495
446103
414513
482542
446092
373189
450350
446232
439074
438416
437666
394262
321192
377372
2598
492638
455053
373194
394185
404442
445987
450340
431703
340861
421312
438393
470253
370573
347574
400562
466997
347555
447918
420243
437937
1315
448513
24081
296026
493477
340608
448517
7059
420753
347558
439084
335989
448522
326194
448518
437670
494890
344426
295689
7088
411738
493488
402976
455637
454720
344438
439088
414976
446095
493484
340597
341754
24084
19804
458907
2965
400683
383050
331072
296039
400732
331104
383236
445460
2950
373118
340870
399067
472707
458871
137
377365
504117
472742
438398
477495
2367
445451
336014
397587
458902
347585
414497
420749
464918
494891
503798
504097
19801
477474
373155
400612
438412
373163
466882
350116
383250
7097
1320
378003
466881
495511
438407
344443
504088
415027
347558
350253
3778
385583
99
400609
20252
331095
494913
347563
494929
508731
414507
347606
499751
373156
407265
510146
7090
409533
17403
7056
325500
415007
393416
1324
494947
350271
4711
495535
409520
478189
510111
343603
447787
407233
465676
331713
385091
3289
336005
495245
383044
470227
470226
325485
340882
446226
340878
392812
495236
477478
386049
447786
337146
22317
433819
508720
348021
471976
372885
4727
6697
370895
337134
344838
452160
3765
420736
370880
343835
410374
496061
394189
448759
447367
348033
417894
4717
372874
393942
482241
351207
466906
499735
452207
493990
504236
325486
509190
331963
445141
3280
494685
489430
336184
447377
452164
397558
423447
343845
454734
488563
17415
482250
385090
17450
423483
352007
324861
464959
399993
423782
344865
491358
458894
464965
452195
351882
351908
378020
407443
381538
397538
415000
2596
372868
402980
510118
494721
494692
458895
454882
479417
347598
393950
372860
452467
387257
352021
445150
454733
351897
494691
504239
438639
432529
344058
324860
423477
452192
504246
482252
405510
345091
482279
510127
510120
477476
342531
491405
325860
22331
4724
410609
407249
484459
22332
9
380841
489436
348220
480807
378007
17407
387001
499308
499304
10
416841
494956
344074
350285
420727
472502
447509
344073
405491
385172
399996
345080
494955
345074
407237
22345
393948
387245
380442
489446
420656
476251
488557
324097
475558
17412
397532
447708
447716
504158
420655
385755
404293
407479
475569
397533
438674
336554
351196
491399
444434
447523
491089
22344
443975
380441
387251
407471
452935
501527
447727
383257
431080
499638
336559
324219
482262
444432
345066
483419
328090
336578
405490
441907
350628
413927
422315
407335
463194
321483
372814
324078
475577
324086
504141
337134
404292
483424
491079
336005
347558
432497
482254
473416
452456
396610
371146
416847
17408
385763
391777
491069
447524
392833
396600
487375
391778
452447
422328
383637
425247
352076
326668
377223
483435
492917
509880
438657
324205
410949
328082
491893
492906
483434
388224
495035
392182
484453
390488
380840
377231
438665
383620
390493
328054
391795
432513
387305
390514
347596
387349
440168
4214
392175
430790
322422
324192
452236
399374
447759
447756
459075
475615
480976
439173
350634
392831
492908
452263
410942
399370
21239
495062
345401
473113
452290
328845
425260
21256
392827
410933
472975
416863
324361
473102
385780
324350
425255
484454
425248
488689
322436
499893
481394
449268
389438
352075
480981
491924
467159
326671
329116
389433
422296
387345
385787
345421
3737
449306
21247
347733
391805
350630
439188
436699
488678
460425
393136
385782
401755
452434
459077
340415
377226
488677
324351
473100
4206
445174
326678
395704
452441
478192
467165
481021
478194
472981
322430
460417
440133
330191
467164
351948
397422
328071
373953
491931
19742
347718
481016
345416
4203
19765
393181
393169
345413
388224
459085
351173
408419
432511
397435
351977
439556
478193
460405
399360
408409
370108
399359
351151
440187
410686
442258
351955
478077
439558
373925
394986
326706
351957
481778
351143
440183
397450
422300
416034
370135
457608
416127
497406
422293
497414
422299
497413
322843
393175
481788
486230
457627
402361
370157
351966
328850
477738
472992
478119
461010
410707
395729
410694
410695
445185
353263
500111
440144
460991
401783
328846
477731
326679
399768
449998
326692
347585
395727
478106
443960
401773
437141
347725
486234
399760
328065
439191
328078
466626
372731
326693
449975
393266
449971
483717
478109
380739
483697
432848
439203
373916
393273
330192
353261
416126
330191
322804
336205
19754
400271
373922
422345
2708
437106
336194
379629
460884
372738
322823
443942
473420
473446
437118
369761
2722
322817
489734
489738
486231
404445
488505
483709
297051
324174
460998
420766
410141
420764
461007
19296
488537
483706
442246
437136
460888
352050
463984
400366
418623
2715
322821
431087
482280
468992
386281
405751
352031
352042
460906
495400
414239
19346
386275
324161
474348
400268
352527
386273
460891
442249
447907
482279
340821
492668
369756
19325
495387
478107
511710
461001
19316
488521
495383
377367
505146
372289
348580
463979
490378
340811
459816
487149
493488
467529
443940
492666
504239
440072
5709
5668
440068
505165
346116
378100
372701
412676
403815
469022
498291
435730
463978
488520
474998
504244
378226
412665
467505
5697
490398
372341
466671
473453
492660
466687
412664
490402
420620
378231
479093
392486
475433
336066
322502
473507
462587
377365
392479
329117
454191
403771
456339
336097
471489
378101
430500
473087
478389
456299
430505
335584
389433
391285
444610
391012
5703
473509
498329
325965
346130
341324
451806
490416
496295
478429
435709
511730
325964
498353
419602
419613
458466
444631
478402
476131
474045
498356
442247
458022
479065
373922
478396
476137
475035
406823
496324
472619
471462
380799
346241
422246
19964
348593
475386
19950
377123
348585
378129
403792
476133
450366
372352
391034
438279
422211
481319
391058
480216
482161
380787
393441
22388
435710
458449
490276
479071
451832
456271
472579
391284
489941
411441
4717
438024
341134
4612
490240
396565
424886
334702
479082
499725
511713
416589
22436
471460
411428
329193
490249
459690
5771
451807
479289
394574
439772
444770
423605
424893
438074
329174
489946
504973
353263
411421
475403
391138
391127
334693
474375
490255
496327
334690
489944
472585
439823
688
416580
422213
335153
465432
393423
4594
438267
4433
449971
406842
396562
490271
416579
4596
391105
22426
334683
4607
372886
489446
423856
451806
456170
382222
336122
422294
352536
502507
439812
502500
419646
465540
422231
445331
391120
456169
406830
489451
353305
397744
472610
391115
466229
397765
297615
373399
494460
341147
495618
347232
372025
394566
371903
383086
479949
474042
336112
474350
495686
495679
353299
495676
423850
348598
393424
451818
479307
474349
422216
391012
397766
1782
445329
393683
394563
2671
347225
479316
336104
466216
383102
393451
479942
297375
321246
4477
17153
373387
4486
422215
479923
383107
433836
476981
335282
448872
2665
423853
423266
372885
373377
433848
348593
477008
393433
477006
347215
391018
1788
510508
479937
483733
1816
374068
338461
387001
460096
458022
423629
501444
344492
344481
475402
483732
1794
393713
344473
341141
479928
402572
494685
451814
393719
462480
501418
329589
423276
347282
455433
498050
448875
423267
297376
494461
321268
417048
448900
374049
460089
501417
455414
448908
455428
494463
510496
459837
378138
329562
510490
498042
417022
374048
498045
463435
329094
402604
423626
419656
7432
378174
419301
402601
398171
7415
329564
417030
329063
329563
492659
419307
398164
20297
482378
7427
459859
5669
378155
378152
329087
463062
509001
404695
329073
335998
335989
438454
417041
494462
321247
321255
325726
1797
395727
459865
334456
1798
502010
401692
7076
5668
471976
509020
398947
7077
395065
334729
401686
336153
463077
324181
439818
439812
329077
336154
410393
459882
1799
502011
341694
325737
334992
509022
398938
329078
398926
463093
334446
350046
502021
393346
334445
502022
334702
500322
463097
334719
325753
325743
417324
325738
500314
385004
463101
384983
384992
454713
439823
334713
6635
439835
471978
325376
325392
486738
6636
343821
325381
323498
384984
323478
433190
421983
422001
22582
486711
326668
442443
22332
340811
423731
423727
442446
378152
486723
436853
343806
470147
451818
486720
419835
436849
343768
323464
19956
419696
470144
343791
22560
451824
19950
343790
22574
374481
419823
445690
445673
437827
486715
445666
433196
392582
395242
419301
431115
323467
411981
21422
492458
419733
437834
422868
489133
422817
1508
1532
393089
21423
489131
1518
413176
393091
445691
459185
390851
437844
433344
445690
465195
413187
459189
390856
1528
404028
405322
1525
455670
393092
492425
431095
94
419724
483444
483446
450333
422855
492446
1522
489053
489055
490103
323519
390874
459188
323555
500086
492436
403999
465205
403997
323530
413179
469043
431096
407419
431097
422853
323535
385199
385206
395228
410650
490096
385205
500065
487888
492438
323537
493437
460759
500070
460766
493429
419721
500074
499025
487923
460776
392837
392833
500080
493420
487942
483005
499021
493419
489337
340522
487928
489335
321960
296034
460767
393777
396228
487924
491599
327362
321935
340514
6378
321954
439812
491600
393755
332359
473087
490939
492327
296026
490934
337379
415365
393762
327388
501457
415392
417899
492100
296028
417894
451807
472679
388595
474348
330589
393770
388601
407265
393771
492239
498449
498423
498429
341805
407267
370157
498430
407332
330605
431517
501364
498442
447795
388599
394800
370158
22354
494046
394832
377445
334660
431508
388129
494042
488082
499826
377446
496014
386179
386197
496024
498438
1395
1378
394849
1379
492298
472791
480240
496021
469840
431506
373189
471976
492317
472784
480222
342346
447799
422963
373505
447843
483732
469836
373489
409545
407273
334675
334667
330325
469835
341825
347946
480228
424555
447831
436039
499811
387832
7075
407272
19928
378780
347937
341826
19941
19942
412964
373479
417328
350030
342353
407608
487078
487117
462600
329294
462594
424583
351190
417332
385240
17898
487112
17896
424595
480230
436040
412958
469506
409570
431506
378787
472678
424598
445437
466446
409574
466495
447787
385270
424601
448728
447788
424600
385289
352688
466484
21027
385225
5830
378666
431337
378662
431359
431384
385206
491359
447536
469504
351187
509695
491358
509696
5867
494460
478096
441011
321383
478757
335287
448738
23559
23521
448748
440981
352712
478078
460767
478077
388420
336600
396943
388415
494270
494265
23531
23551
335294
440997
352702
440991
336616
5883
398674
479694
460769
488962
440986
443645
388417
424199
396932
398677
396921
411532
398690
336602
424246
411526
479735
396920
479740
388990
335292
389443
352031
389006
322081
3901
424230
413941
3050
352039
424242
321368
335288
424240
443657
3034
450758
488979
321348
352438
338510
321174
493864
321150
338487
351993
338489
352423
338494
335287
6164
407249
6142
413971
6135
413975
321142
321143
328938
328919
494955
328913
473629
433671
473644
489430
478352
473637
400268
334824
334808
406737
3738
3737
480978
480976
504467
504506
504526
504527
502375
502377
350116
393898
393904
393926
458341
458367
296092
458363
393919
345130
458356
345110
345101
377057
393920
377075
511350
377070
377073
511345
494163
494169
393136
393156
338889
346260
445666
445668
344327
344325
473100
386420
346252
346255
386406
386402
451241
451240
431147
431144
431141
424413
440441
424422
510995
440428
440431
511037
440433
511035
371094
371106
321483
483647
483630
483619
484160
415497
415533
343751
343757
343763
343355
438211
386741
386736
487688
487693
491924
487734
487705
487708
396301
394601
394604
438408
438407
390856
511037
414336
414299
414317
397792
397785
397780
414319
397777
414320
495387
466216
330204
414332
20297
445904
330216
496192
407974
407973
344094
471251
471254
466881
322436
471252
447907
4955
425136
425127
452290
4965
510596
1798
389443
425126
510584
510583
483435
329294
483440
483436
489319
489325
420942
489320
420949
420962
420959
341012
507532
506858
505460
479283
506561
506445
506509
506484
506481
506475
496327
496329
402087
402096
339069
495400
405450
492317
472938
481512
405457
405459
472953
405458
472970
411425
411421
351459
351507
351483
351501
457607
420764
469504
6116
392417
6120
392401
392389
381328
392381
23835
392375
23843
23841
445138
499607
1023
499595
499602
1002
998
473623
473619
465005
20578
20625
20620
390738
390747
828
837
831
835
380796
380787
498047
463487
417598
498045
420635
451931
372874
386420
22192
417626
451920
401581
22235
451915
22215
22228
401601
389151
401593
493387
460766
352438
478653
478609
326136
326135
456110
343895
478638
497601
456106
378414
378383
378381
386461
445673
497596
445676
442258
463763
445683
386437
456094
497577
402631
456103
497583
4062
497584
402623
497590
480976
386451
442259
2381
2405
2406
2428
342958
342968
342979
413971
384883
452952
384852
402082
470127
326299
341267
326284
420329
420315
484595
342353
320927
444493
452946
420322
469212
438568
469210
444506
444515
21843
338158
444540
472120
384863
472108
438553
472114
438564
444539
496515
482379
496511
485752
384875
432198
485751
395052
432207
432211
472115
370842
370814
337794
432234
337821
370820
337841
370837
370821
4707
4702
372710
342491
498302
4701
449709
435455
372716
498292
342490
372711
435433
498291
413843
436984
449725
467650
415027
467670
435444
322868
322901
345332
404501
431384
431395
24084
336688
4711
24087
436995
24086
467686
322894
404493
352828
352820
23635
23657
467678
437000
504766
391680
336675
432027
329497
329538
477042
437001
417598
326584
347555
417599
326601
329551
452693
486546
7157
296618
373174
329593
7142
477053
434522
434515
441921
341493
441934
296611
434519
296614
329589
4711
438044
23636
352290
511403
441939
417617
394849
452689
346226
374949
374936
372251
339248
23654
486612
329549
441949
23651
374930
491344
436779
436719
511431
352276
503606
486657
352284
491333
438024
352541
438036
352581
438038
342648
503618
503642
458561
486555
475147
511424
346130
7141
409580
434403
437012
393656
458871
417616
501333
393633
434444
297597
425205
352577
458581
369335
421244
486658
436414
409052
380322
335922
409051
352576
447907
480956
408084
408098
436410
344325
337234
458627
380319
408085
421206
486669
393643
458616
458875
392239
421328
458881
486576
377776
369342
386882
478032
1702
424555
459882
402921
480944
402910
334446
392234
486592
390222
434443
377782
377801
421200
438024
1677
437692
499955
341284
5377
390201
500004
500012
500008
405003
380150
402905
424574
333062
344716
424556
333069
343391
389443
1696
394577
380170
420209
382199
394574
422563
388045
329820
382208
393646
393643
458889
424563
329806
437707
388062
333100
389166
422524
422523
343372
437718
389151
509885
382204
464679
483623
333089
490571
392233
417256
329812
511542
343362
344713
417255
464707
475053
478026
1691
483619
423755
438029
424564
405793
343363
423744
424601
423749
329807
424608
389162
467164
337593
333078
353479
509880
336844
346865
511517
388055
346886
343369
323498
17120
420213
336856
437118
351993
423989
464717
511509
344509
474219
17110
506858
336860
474183
405810
437131
386281
393424
454468
341931
21990
386301
408074
346608
424606
325565
506896
337594
505075
335050
466484
346602
472114
423997
399727
353472
495535
424847
385270
420378
380169
371540
336228
371532
399696
17670
325407
507369
474170
336259
442259
415497
507221
328903
297405
297413
479495
462587
507239
507249
328882
487875
487837
325565
424230
491659
498878
328870
345578
507306
498869
491647
422056
487858
507307
507326
421163
344513
422071
487870
487864
421149
394671
425542
475823
425544
344509
414539
433099
507308
21243
475842
341906
433103
507321
475852
21239
507315
475867
494169
6116
456029
453156
393468
18860
18868
465179
453146
453137
18871
393495
389162
22331
471230
478750
420149
458341
422362
465155
393498
401085
393496
473662
420096
445987
422369
484552
420128
422405
349924
422391
465133
447367
473709
348154
474312
17208
384773
18908
484566
374872
387397
422385
471240
405742
1183
352029
348203
422732
349913
438363
343342
510223
473704
348156
465338
486803
387418
499602
387415
473689
495475
465327
343343
474287
487948
467506
510275
343739
2953
17241
343740
484569
17235
371088
374875
2950
342983
1222
462982
410669
487966
348160
374897
484567
371078
462995
374882
351
422776
434513
489308
401406
401420
378078
447097
383612
401419
337
447089
328687
459748
422780
348189
335592
343741
383600
335598
339872
467505
374966
487977
422785
5434
378062
351139
474290
435958
374989
491599
339871
19804
341687
333622
504405
328680
438373
486818
339328
348173
333614
438385
341668
374988
333597
474441
474443
328846
328661
486842
341670
339370
333608
487112
508371
486837
431384
377316
474301
432933
325997
342685
458309
464959
434257
431097
434267
434292
404101
383603
350630
348175
473509
432952
328000
404453
404471
458307
473529
432937
325998
504394
504369
404079
473521
490271
510047
442069
326034
454456
341530
405891
341671
408700
339354
454455
405887
339346
471240
342979
511200
504411
341680
405882
327991
342675
380459
485935
504360
380469
404068
404067
414671
452306
341520
465604
408683
404568
491037
421443
392728
404569
465659
510043
455245
392727
414699
421460
421451
335699
508369
398626
351381
381237
341527
487540
336025
381234
347946
460089
466912
398619
404786
328532
374835
336054
465632
466937
465633
325999
386977
336049
328561
479748
335153
374834
457190
403917
460311
336038
403907
382527
460337
339828
386971
409916
328583
487671
465644
333728
479772
487669
328588
413549
422615
424432
339816
371138
403904
495176
413566
409885
351365
441454
22142
424427
431703
498395
431706
421058
421328
413563
335432
405228
6409
392861
441451
392831
322426
322422
335437
409909
335465
390592
421093
6379
441446
7056
343768
488178
503419
21168
448612
503420
339817
21174
340793
326013
340608
6398
503423
422591
422607
373451
326025
333718
394682
373466
396562
477939
457186
329551
488189
488185
439088
340789
333714
449509
439091
19693
464283
295689
491089
343779
394672
498361
391115
343382
392860
498373
335460
464282
422608
343786
498369
394211
6387
373473
491605
482180
482184
343372
6391
495168
495158
394671
421110
340892
490934
460319
482181
488181
495159
340882
22119
439089
490935
347740
377957
489321
403023
347733
347232
403040
448595
377958
507321
329557
494729
347249
334675
410686
440997
425299
22116
377964
489320
338767
21182
483157
342531
483169
397214
390416
487693
403051
441007
383620
329314
342534
2102
416823
296344
331058
411155
441004
477102
412056
471061
387534
321246
477118
397215
397653
1532
430547
460316
397649
296334
455014
412075
448603
463035
383044
413931
443483
412076
379254
371001
439091
478667
480056
387521
416802
328166
371005
353542
385548
463017
503108
326668
347242
455013
494721
353552
410933
475984
338761
371132
451440
495281
388225
464777
388504
451461
478676
456339
342490
401686
379462
451445
385557
321212
353544
341324
328156
379451
503140
451454
405642
470988
468305
330191
321999
433828
6703
464785
328151
416824
468319
329116
503164
464959
475972
416863
490870
375325
385902
401284
456484
388579
387228
472678
6702
451453
467686
491924
425127
385870
352983
480050
425290
340929
322004
345808
456754
456507
325381
371124
424947
321871
467700
335592
340902
404508
353479
347718
378203
472050
462831
385889
495328
336038
424985
345838
462849
330616
321815
424964
422725
388553
423997
400624
463097
411744
498698
393713
456569
380170
340092
334958
400633
325387
340921
328123
456641
394574
334949
321780
321801
340097
371115
498700
375313
334948
422712
424017
336364
352972
457190
474477
487143
456589
422702
340135
470147
470150
412090
486213
331388
331394
452896
371114
336361
385534
474470
368860
441460
385510
424027
341622
432780
335864
412095
341585
456581
368849
341574
329063
346865
335847
335817
391777
352968
460828
474466
432795
468761
1395
504263
500986
346331
509705
1409
466057
466032
326207
432785
385518
343180
501102
329065
491447
375307
341835
483084
509210
466047
352042
509224
335834
491425
491415
336178
441468
480488
346357
504271
4349
441491
472996
385526
498423
22689
346354
7059
335831
504297
6937
6955
6954
415169
498721
504290
7062
22717
401091
7069
504263
480499
441508
504264
450242
500979
499735
394185
480507
480521
500983
450262
499742
441510
323319
383649
326195
491830
383661
382296
22442
505048
499639
382327
457852
382297
445329
343731
4357
487395
421059
499638
4382
450261
421058
297375
323316
383684
503171
498725
415007
469334
415011
382304
485460
503188
387228
4372
487407
4376
444265
475198
387415
487408
458386
382318
475202
6146
439104
352527
503171
439103
443793
487411
503176
6142
6378
387231
444310
491893
377351
415092
458104
387241
383678
444289
415102
393087
458367
445162
505250
505244
849
444293
489580
491918
443790
505246
458095
383163
387235
444304
332359
20092
445159
444298
491909
458375
383176
410942
419333
483828
490263
458079
458088
17184
483825
490255
433582
483821
848
471160
377344
415008
399948
472667
348173
433603
332965
433588
415106
449776
419319
17169
17180
458372
20080
449112
21314
21274
413303
20089
408357
413265
21300
482250
408347
408332
408342
334550
21302
413294
449136
413295
21301
454193
449125
454191
334565
334575
334577
336012
334584
469835
334578
387245
331634
331641
336010
452873
336007
452866
296334
331645
336005
454061
349570
405450
452867
347730
454054
347725
430939
349561
434565
430960
349554
423667
423642
496580
496561
423639
496541
406786
444631
444651
444647
436832
447462
496551
496552
436825
496553
496557
436819
436823
349549
1788
495793
495774
399924
447456
22355
378195
490402
22360
22356
495780
495787
378180
344865
378191
438295
344869
344879
336856
346226
380028
486373
486366
408604
408584
411211
489335
408598
431592
431618
431611
495322
333401
474512
488380
492648
488397
492647
23082
408587
23063
23066
504290
431615
483435
385815
23078
23069
440574
440555
94
440561
440569
440565
440564
407658
388632
388663
491351
491347
388653
399055
491344
399056
441916
21382
420655
407702
297451
410788
2287
22355
411211
411212
390883
2280
296611
462038
497584
410784
335387
328661
335403
458627
398915
390895
414307
328663
398904
385813
446931
328662
390886
423755
21174
413193
414299
446909
413211
446904
334575
419656
412887
423771
402087
412898
412904
412932
420545
412940
420539
335388
452521
452562
380369
458631
458632
452559
469736
380367
469735
295968
295977
502380
485460
334199
334177
342598
342612
415161
502399
342599
342607
20277
329351
334184
334183
468543
494507
471016
471039
468594
470984
416397
397649
416400
471042
409619
468590
494519
458022
406628
406629
330343
406643
389162
406636
453177
453203
471041
465498
416397
295634
330379
330729
295624
463888
463868
425020
453182
419756
404122
469099
404101
404116
330365
6819
6817
425005
453183
2738
453196
419800
330362
4594
425011
342890
489449
489446
393656
425006
419794
447456
463870
334390
469107
391779
334414
336844
451950
463879
435744
392902
2754
391778
2743
406258
463881
400271
465195
438506
406307
392890
400286
446909
465201
393745
343349
446924
433328
298281
420736
393722
406278
406297
339741
339735
334393
400528
334401
400534
334410
443803
393723
446923
328680
400533
468236
418426
469334
490934
452005
409623
342331
463435
468242
393724
443827
399641
418430
451974
468281
393728
399668
397324
399655
435780
443832
406115
480507
478443
478448
445987
451980
397325
478445
390592
443860
404292
406131
468294
435784
406163
451981
451008
445150
450993
443842
400070
396272
334402
480834
387373
391564
473529
396245
296347
396233
440428
296344
377053
480828
396229
379449
344689
351763
351753
480824
351759
391520
391545
449776
449777
493605
326332
495259
395314
395274
395305
495273
495271
495268
385298
483821
385355
385344
446404
457186
339728
339732
421320
343342
415161
421316
343391
343421
387415
343411
343414
390612
412777
504616
405584
488521
458561
390619
504632
504658
504664
342144
342159
336653
487837
333597
487855
487852
336657
342151
488537
460523
336658
503054
503046
503050
336659
460524
336668
368849
488539
488538
368857
483732
396301
460414
396330
460405
396320
396324
396323
460410
460407
1145
481021
338858
511713
338852
511726
511722
511715
342959
342958
329808
416423
416411
340912
407705
329807
407702
340902
481417
481418
481430
481427
481421
416407
398413
398417
398431
398429
467014
467046
467040
5343
5342
400528
446931
446948
466687
466688
326552
326548
326886
326883
326877
452534
452527
452521
455654
493655
435744
493623
435745
495070
495084
435760
493642
435774
344701
472115
493629
388138
388137
490115
490149
413636
336205
437919
391968
142
336206
441451
437915
391964
477693
338461
484970
484953
336221
350974
350929
350932
350951
343201
22926
343216
22945
458016
343203
343922
350952
350961
350963
389727
389752
458013
374961
507315
374955
394185
491830
422025
389766
343976
417493
422044
21125
343966
389753
389757
389763
374949
20536
343951
21105
21114
21112
21107
421254
421244
370639
343791
343794
343798
436713
436714
401429
499308
336653
1005
1002
344095
469409
401419
335479
333401
335508
499316
335509
339586
469394
469374
469366
6746
6744
458079
460117
460109
478396
478397
460101
432118
432139
478400
386430
321871
321879
432128
397587
430573
469601
421747
430582
438674
381099
469560
432126
469578
469586
491544
439366
469592
439352
21301
439344
439341
478206
489532
462038
489547
489563
478207
462043
508735
406628
508731
490271
490273
386273
494515
494507
469026
469022
296006
432840
432831
453289
453318
453311
453312
453315
416489
416515
416513
297457
297469
495735
297485
297495
404656
404655
445110
445099
445069
445079
445078
297508
486121
509705
486161
486151
486150
329562
465005
297514
325480
325474
511074
473906
430707
502500
397553
430703
338087
458875
445779
488678
468390
445770
23841
397538
338475
433342
468412
473911
468319
504263
449242
449200
487966
511056
412772
468323
17898
509706
373179
511053
338472
377782
377796
463901
447922
468330
407114
482092
478638
449212
23708
452146
449209
23724
463888
22274
482084
473928
389312
405360
405683
344775
405361
473924
347609
380914
380869
22272
23756
344749
458095
459285
459273
380897
344748
389763
380318
372357
372352
378780
418690
340097
487555
292124
487550
17432
504181
504178
467348
380899
425367
292131
466358
476708
418667
467116
380903
19687
389307
412887
478952
478925
467145
340113
459276
475000
472083
494425
17907
494422
340100
430929
430896
340103
430921
418669
395210
490103
395205
345578
425368
353544
425427
399067
438214
388130
1019
336054
340213
348862
404655
343731
477246
478109
425386
478939
425412
340208
477259
348887
438233
373175
344701
348883
330948
336055
478947
340102
339289
477248
477255
453196
388129
438235
1010
505240
5765
478944
418668
2186
457105
438236
453198
438245
5162
339308
425409
344705
379852
377199
7273
339307
403734
1005
377209
2183
326299
465367
498710
326300
347518
465358
330945
326301
339834
407858
498700
326316
326313
457084
457086
4702
501271
457095
329436
454120
377705
377713
422025
501256
501260
444298
18574
18573
452562
511110
341277
503358
511104
409167
511085
433336
433330
511092
490299
511094
511093
350389
350391
384973
447789
402308
402323
447788
404358
402327
382151
382146
382134
495475
478724
382136
478715
325480
481021
413829
413796
413812
413810
404656
404675
404667
405887
17191
17193
329806
337613
17204
337609
475174
423499
423493
393929
330191
393940
393936
378672
378709
439052
476300
439056
492438
476292
339229
339231
339240
476297
492025
347225
347229
296630
340728
384746
416236
416225
393273
296618
416226
482937
482958
24026
347334
449709
449720
435954
511095
24071
24069
322422
406976
340113
340124
407003
22388
422056
370039
406997
511094
22407
370036
407702
350425
421738
457740
452236
22420
457762
350412
457755
389188
345912
458264
389191
350421
458256
447523
346662
484970
389195
350414
460998
397622
460728
379744
345910
450782
447928
431384
484440
473709
379747
379765
460732
397615
450787
377956
381407
346661
389192
392177
460742
484427
484424
460750
452239
446414
399768
295879
452243
379770
392175
340124
481911
379778
452252
296005
295889
333614
481952
452254
503434
335409
295902
481935
401651
7141
481926
481924
333108
335403
469394
502085
394800
394808
333123
487143
425290
469397
450999
394827
333116
450997
332974
332965
469396
450993
425293
231
437095
437081
476145
221
394821
390594
437082
476183
502077
502069
496076
438233
496065
464707
439056
400624
476180
443504
334636
334638
476176
443497
