0
1
2
4
5
6
7
8
9
10
11
12
13
14
16
18
19
20
21
22
24
25
26
27
29
30
31
32
33
34
35
36
37
38
39
40
41
42
43
44
45
46
47
48
49
50
51
52
53
54
55
57
58
59
60
61
62
63
64
65
67
68
70
71
73
74
75
76
77
78
79
80
81
82
83
84
85
86
87
88
89
90
91
93
94
95
96
97
98
99
100
101
102
103
104
105
106
107
108
109
110
111
112
114
116
117
118
119
120
121
122
123
124
125
126
127
128
129
130
132
133
134
135
136
137
138
139
140
141
142
143
144
145
146
147
148
149
150
151
152
153
154
156
157
158
159
160
161
162
163
164
165
167
168
169
170
171
172
173
174
176
177
178
179
180
181
182
183
185
186
188
190
191
193
194
195
196
197
198
199
200
201
202
203
204
205
206
207
208
209
210
211
212
213
214
215
217
218
219
220
221
222
223
225
226
227
228
229
231
232
233
234
235
237
238
239
240
241
242
243
245
247
248
249
250
251
252
253
254
256
257
258
259
260
261
262
263
264
266
267
269
270
271
272
273
275
276
554
555
557
558
560
561
562
563
565
566
567
568
569
570
571
572
573
574
575
576
578
579
581
582
584
585
586
587
588
589
590
591
592
593
594
595
596
597
598
599
600
602
603
604
605
606
607
608
609
611
612
613
614
615
616
617
618
619
620
621
622
623
624
625
626
628
629
630
631
633
634
635
636
638
639
640
641
642
643
644
645
646
647
648
649
651
653
655
656
657
658
660
661
662
663
665
666
667
669
670
672
673
675
676
677
679
680
682
683
684
685
686
687
688
689
690
691
692
693
694
695
696
697
699
700
701
702
703
704
705
707
708
710
711
712
713
714
715
716
718
719
720
721
722
723
724
725
726
727
728
729
730
731
733
734
735
737
738
739
740
741
742
744
746
747
749
750
753
754
755
756
757
759
760
761
762
763
765
766
767
768
769
771
772
773
775
776
777
778
779
781
782
783
784
785
786
788
789
790
791
792
793
794
795
796
797
798
799
800
801
803
804
805
806
807
808
809
810
811
812
813
814
815
816
817
818
819
820
821
822
823
825
826
827
828
829
830
832
833
834
835
836
837
839
840
841
842
843
844
845
846
848
849
850
851
852
853
855
856
857
858
860
861
862
864
865
866
867
868
870
871
872
873
874
876
877
879
880
881
882
884
885
887
888
889
890
891
893
894
895
896
897
898
899
900
901
902
903
904
905
906
908
909
910
911
912
913
914
916
917
918
979
980
981
982
983
984
985
987
988
989
991
992
993
994
995
996
998
999
1000
1001
1002
1003
1004
1005
1006
1007
1008
1009
1010
1011
1012
1013
1014
1015
1016
1017
1018
1019
1020
1021
1022
1023
266
172
272
766
1019
789
157
857
837
34
254
985
715
248
57
631
779
153
52
877
1013
140
51
37
823
694
882
746
1
773
12
111
271
710
849
723
1006
680
811
120
587
703
822
135
64
901
769
252
776
719
112
882
871
879
775
860
152
111
687
765
93
141
730
856
835
146
203
146
59
30
142
644
816
256
710
2
233
101
257
