0
21
34
40
105
156
159
257
285
309
397
463
545
565
592
626
699
706
770
843
853
858
900
986
1022
1096
1157
1175
1465
1515
1547
1618
1687
1774
1841
1866
1894
1904
1915
1994
2054
2120
2132
2192
2239
2285
2297
2344
2368
2445
2518
2573
2581
2667
2687
2740
2797
2867
2953
3008
3085
3088
3162
3195
3249
3315
3387
3434
3441
3451
3455
3486
4401
4453
4481
4501
8110
8176
8186
8269
8358
8421
8466
8521
8581
8593
8967
9010
9036
9123
9137
9204
9231
9290
9437
9455
9470
9552
9569
9613
9667
9732
9786
9810
9900
9911
9982
10010
10083
10168
10210
10276
10328
10363
10453
10461
10465
10489
10565
10607
10630
10648
10721
10782
10844
10890
10968
16366
1175
1431
1350
1339
820
1331
780
9123
8521
770
9130
8562
1333
8618
8557
8593
8176
8181
156
1331
551
545
9231
397
417
9281
3442
414
3441
10607
9275
406
410
10609
2166
2134
4501
4453
5402
4966
2132
8581
4453
3195
4886
4459
1904
4948
4914
4934
3234
9710
4935
10295
10276
3214
3196
1866
4401
1875
8562
9667
1876
592
2285
2291
603
2368
617
1841
2412
2434
4413
4437
9671
9682
2428
2430
9688
1465
1474
1504
3104
3099
9322
9290
3088
10010
9123
10053
3195
9667
9312
8181
9316
2691
1333
2687
10049
9313
1334
9911
3486
4203
706
3677
3928
4147
4081
4128
4129
3048
3008
3029
10168
9786
3195
9306
10194
9322
9290
9396
9292
10786
10319
9387
159
222
10782
10295
3677
3866
612
10281
603
608
3904
3914
237
3913
2344
234
2360
1504
10276
3099
1334
10306
159
211
208
3034
3029
248
4934
237
626
4453
661
3441
639
2428
242
9552
10792
654
9562
10786
9561
8521
2129
1467
2124
2120
1465
1515
2360
2120
1519
34
1528
1533
1531
9732
9752
9750
1471
8598
8593
1467
10844
10871
10884
10881
40
49
94
9561
60
75
10049
10881
66
9396
9423
4140
4129
4136
9689
9688
9204
9220
301
285
3441
424
50
3214
9216
3225
414
296
3227
288
49
4886
9205
4905
4887
4892
3196
1157
10597
10565
1158
4013
3928
3986
3119
3913
3106
3104
3996
2581
3999
8358
1904
2610
2657
8408
9312
