0
46
132
173
211
266
276
299
328
387
432
507
556
586
661
687
706
749
825
860
931
1013
1018
1030
1034
1054
1076
1109
1115
1116
1139
1201
1257
1328
1355
1432
1492
1560
1634
1654
1689
1698
1743
1751
1800
1829
1846
1861
1922
1978
2046
2065
2096
2126
2166
2203
2220
2245
2283
2284
2320
2395
2484
2554
2579
2600
2662
2671
2735
2808
2814
2849
2853
2901
2935
3017
3040
3047
3080
3132
3137
3217
3242
3247
3334
3336
3349
3366
3403
3461
3462
3469
3477
3507
3510
3568
3607
3672
3725
3748
3838
3912
3916
3954
4000
4002
4011
4068
4153
4165
4192
4279
4332
4363
4412
4491
4511
4570
4575
4597
4643
4726
4810
4840
4855
4869
4952
4970
5009
5019
5038
5121
5187
5259
5275
5294
5361
5372
5375
5400
5432
5496
5522
5553
5574
5619
5668
5714
5761
5821
5898
5921
6002
6084
6173
6180
6217
6257
6265
6311
6332
6406
6412
6418
6497
6579
6609
6685
6762
6847
6899
6947
7006
7092
7175
7221
7297
7332
7357
7401
7414
7432
7471
7555
7633
7705
7717
7744
7784
7818
7870
7960
7970
7999
8020
8107
8176
8260
8274
8354
8355
8359
8388
8448
8482
8542
8543
8564
8629
8653
8723
8750
8837
8911
8918
9006
9086
9165
9250
9283
9355
9434
9469
9525
9564
9609
9659
9699
9731
9792
9839
9872
9900
9980
10017
10024
10026
10111
10151
10177
10238
10324
10363
10414
10483
10500
10511
10600
10670
10752
10770
10828
10830
10883
10936
10998
10999
11021
11040
11127
11208
11213
11297
11382
11470
11497
11583
11614
11704
11794
11815
11900
11919
12008
12034
12057
12063
12075
12085
12174
12251
12324
12339
12425
12500
12520
12595
12620
12689
12719
12788
12798
12869
12896
12956
13044
13121
13146
13177
13210
13237
13304
13307
13371
13431
13440
13500
13538
13593
13659
13724
13769
13805
13859
13881
13904
13980
14018
14028
14039
14071
14122
14170
14209
14252
14289
14321
14351
14407
14459
14541
14623
14705
14718
14726
14752
14777
14827
14899
14977
15067
15077
15085
15170
15238
15320
15398
15461
15544
15612
15614
15685
15696
15775
15863
15932
15938
16004
16067
16118
16193
16209
16257
16332
16384
16439
16468
16556
16563
16630
16645
16714
16759
16778
16842
16852
16916
17001
17019
17023
17064
17115
17177
17181
17235
17247
17297
17299
17338
17408
17418
17484
17512
17532
17545
17550
17567
17591
17641
17716
17751
17769
17774
17779
17793
17815
17832
17917
17994
18059
18097
18131
18139
18149
18230
18231
18311
18389
18446
18509
18548
18560
18622
18668
18730
18750
18755
18811
18832
18881
18928
18982
19012
19057
19081
19149
19236
19297
19367
19411
19450
19506
19565
19576
19637
19670
19706
19796
19807
19868
19930
19941
20022
20023
20089
20093
20117
20153
20193
20250
20331
20372
20398
20459
20537
20620
20708
20720
20754
20804
20849
20881
20888
20932
21006
21088
21090
21172
21255
21328
21396
21424
21425
21464
21514
21536
21604
21643
21701
21763
21791
21839
21847
21901
21919
21967
21970
21996
22000
22001
22063
22105
22190
22224
22314
22373
22442
22483
22556
22575
22594
22624
22625
22688
22761
22825
22889
22929
22972
23039
23052
23105
23125
23136
23187
23264
23312
23348
23377
47326
47364
47435
47466
47541
47558
47581
47648
47699
47742
47786
47823
47853
47865
47938
47949
47960
48009
48018
48049
48057
48103
48118
48195
48210
48273
48343
48377
48429
48439
48452
48491
48534
48578
48593
48650
48702
48787
48872
48926
48960
49034
49091
49167
49172
49207
49242
49250
49330
49384
49411
49478
49498
49584
49593
49654
49734
49735
49787
49826
49912
49944
50004
50090
50123
50137
50181
50211
50257
50326
50371
50377
50425
50427
50465
50533
50613
50675
50748
50831
50873
50923
51003
51090
51133
51190
51234
51292
51323
51334
51378
51384
51400
51429
51496
51516
51579
51657
51701
51707
51708
51794
51844
51928
51995
52029
52049
52074
52134
52139
52151
52153
52209
52291
52350
52428
52502
52584
52638
52682
52726
52732
52777
52818
52891
52934
52973
53044
53129
53168
53236
53260
53263
53311
53364
53375
53388
53439
53468
53486
53566
53628
53683
53690
53747
53794
53838
53925
53979
53987
54053
54059
54075
54135
54201
54283
54303
54390
54407
54486
54553
54574
54601
54629
54653
54727
54794
54839
54918
54927
54960
54963
54970
54988
55008
55083
55150
55186
55210
55218
55219
55273
55280
55331
55388
55399
55451
55485
55561
55586
55592
55593
55632
55649
55690
55733
55823
55876
55940
56016
56053
56118
56201
56274
56319
56329
56346
56419
57200
57274
57345
57380
57422
57439
57462
57501
57510
57584
57650
57736
57819
57829
57918
57984
58070
58093
58143
58216
58273
58307
58385
58451
58525
58542
58562
58588
58632
58695
58743
58768
58829
58914
58917
58920
58976
59039
59063
59143
59144
59197
59283
59355
59362
59374
59386
59437
59504
59522
59582
59642
59665
59751
59823
59842
59926
60003
60063
60078
60103
60145
60170
60225
60263
60282
60335
60340
60362
60406
60489
60491
60567
60619
60667
60708
60758
60807
60832
60853
60896
60899
60975
61017
61092
61155
61194
61217
61257
61316
61401
61439
93478
93537
93620
93674
93723
93774
93827
93846
93928
93944
93950
93957
94016
94071
94108
94152
94208
94276
94304
94310
94333
94416
94469
94544
94614
94666
94737
94802
94854
94876
94912
94973
94986
95023
95025
95065
95123
95144
95169
95215
95216
95299
95383
95453
95485
95564
95594
95674
95713
95776
95860
95897
95937
95963
96030
96082
96107
96171
96257
96293
96298
96387
96424
96472
96489
96499
96562
96584
96656
96691
96745
96791
96852
96919
96992
97034
97041
97085
97172
97224
97254
97312
97375
97460
97538
97578
97603
97608
97665
97702
97714
97778
97863
97894
97896
97910
97961
98013
98014
98073
98152
98166
98226
98286
98339
98386
98413
98472
98520
98597
98664
98680
98759
98832
98852
98912
98997
99059
99084
99133
99156
99175
99230
99289
99348
99354
99407
99476
99555
99607
99680
99736
99737
99792
99803
99874
99922
99952
100024
100102
100133
100161
100241
100260
100337
100386
100430
100462
100534
100541
100553
100621
100636
100663
100753
100838
100864
100891
100932
100933
100986
101039
101061
101072
101097
101181
101235
101252
101316
101317
101377
101394
101399
101470
101556
101631
101689
101767
101815
101858
101873
101912
102000
102021
102060
102063
102125
102156
102192
102281
102349
102406
102424
102426
102483
102540
102562
102594
102607
102667
102757
102828
102887
102977
103005
103089
103126
103149
103221
103247
103305
103345
103392
103450
103485
103535
103611
103687
103758
103764
103797
103870
103944
103980
104069
104090
104122
104178
104229
104244
104276
104282
104289
104355
104438
104525
104593
104657
104706
104723
104728
104780
104784
104803
104860
104915
104990
105014
105041
105130
105159
105224
105288
105329
105337
105363
105390
105473
105523
105594
105607
105632
155052
155136
155201
155235
155268
155329
155407
155431
155478
155507
155561
155583
155645
155663
155738
155759
155829
155885
155928
155951
155980
156041
156085
156112
156175
156237
156423
156448
156529
156571
156628
156716
156720
156731
156807
156877
156944
156989
157008
157076
157161
157250
157301
157356
157429
157469
157474
157554
157567
157607
157645
157712
157754
157769
157825
157888
157977
158002
158020
158088
158137
158198
158283
158362
158435
158483
158564
158588
158672
158744
158750
158803
158884
158929
158996
159035
159091
159132
159194
159236
159244
159294
159367
159378
159450
159475
159527
159552
159639
159719
159734
159740
159788
159802
159814
159830
159856
159868
159949
160007
160020
160052
160062
160066
160069
160123
160142
160144
160186
160233
160269
160318
160406
160442
160455
160509
160578
160612
160620
160626
160657
160705
160731
160805
160850
160890
160919
160931
160990
161040
161113
161221
161271
161327
161345
161354
161408
161439
161508
161543
161619
161666
161755
161762
161818
161857
161907
161938
161994
162012
162055
162095
162125
162170
162221
162229
162251
162285
162334
162408
162494
162572
162618
162676
162765
162773
162785
162800
162869
162956
163045
163086
163173
163206
163287
163367
163393
163431
163433
163503
163518
163540
163567
163624
163640
163681
163706
163775
163793
49330
49356
49346
161408
98226
13416
13391
95023
102828
5638
5619
5633
13383
13371
158803
102874
158841
158826
97585
2688
2671
102859
100816
12425
102862
57501
5633
100753
5634
98269
7427
98265
100793
12480
2684
97578
56053
7414
55915
55150
99354
55169
21663
99393
56100
60063
98256
21653
55876
160020
160037
55895
21643
56085
99380
6002
47938
2505
6076
2484
2489
6046
100864
101956
48963
12789
20398
95985
95963
101912
48960
162494
10201
156529
101931
162514
9202
156555
97321
20442
10177
97312
162495
9609
12788
157161
97312
97665
9176
4823
97681
18249
48767
9611
159741
10179
6332
10186
49593
20432
100793
157209
18234
100811
9564
157230
22784
6344
162221
157240
49637
9629
9165
60489
18231
13679
4810
17181
47549
48702
100932
156944
48735
48712
17187
94208
49611
20419
156963
50090
5496
157859
159740
53993
94249
17779
58914
94514
6371
94469
1560
155180
6380
94476
13659
22761
94854
105146
105130
94221
98265
17198
17226
22778
105139
162334
9574
157851
13667
99393
8646
53987
4582
54563
55714
59582
17728
52350
157825
57422
157846
17716
8850
162339
9570
47541
157835
162376
52400
8640
8629
155136
162365
59335
8837
5259
56075
8418
101556
2489
59628
104237
48926
104229
14718
56053
160144
56283
53925
56201
48929
102063
59926
157469
99403
100534
1204
54553
102100
101608
105048
156470
160212
156448
160207
55690
55210
49589
94478
105041
100430
54960
59995
60699
54554
50336
100793
1597
101612
53967
59287
2671
155164
1592
4575
18548
104151
8359
60679
59979
53961
100553
98832
56255
100439
53964
94518
103764
8370
8414
60674
56062
50326
59283
60667
8405
49584
104229
9611
54390
59957
59081
16510
56061
56207
16468
100454
48057
94310
94509
59936
94496
56243
59063
6847
101767
100604
104127
104122
98848
18552
95398
16499
2673
98842
100575
95383
1201
98848
103775
50090
158750
158785
6876
53798
22008
103781
22001
50114
103784
155143
103785
19637
12023
47862
101982
100553
6875
53794
48086
47853
17177
159830
6036
5686
19663
101956
5668
20439
98204
155136
98191
15077
100554
50108
19657
101804
48478
12008
6006
2284
48468
105146
48960
98286
98325
158796
48452
3469
1030
20432
52934
7591
19648
98265
2306
96030
96064
22575
7555
13121
1201
102192
7581
13659
101808
58571
54918
5903
2047
52957
7705
50097
6002
161408
3672
98315
159814
161419
3708
102349
5898
14028
10752
7633
9469
98314
58562
10762
100210
161619
161653
103394
102234
104888
99736
7297
7324
97245
7663
7686
9497
102242
13128
102240
102390
100167
103392
100161
99230
159892
104874
2298
7688
159868
7709
50286
2294
105523
59114
100501
162095
97224
59089
100462
53683
52601
99274
104860
105527
706
2046
3163
13137
59081
13500
161543
10913
10883
3334
101072
157846
5198
5904
100024
100086
13532
13523
13135
3362
3153
105560
97910
3701
10896
10900
161598
725
102388
9402
50259
101346
5187
159410
52584
60263
156594
9355
50257
161641
5634
100462
10897
7687
21970
52589
105582
100491
97911
98181
161581
17235
739
159381
3349
159378
59362
3137
12896
5903
22841
100494
58750
3141
94737
103319
58743
60130
12898
18811
158564
53979
97939
22825
11794
94748
12901
60105
53524
9383
104237
8414
53486
58102
58093
60103
14827
157754
59114
156580
51685
51667
59133
156571
14864
98166
101317
22385
5574
49589
17348
3247
18548
94744
3282
101323
51657
5595
2489
19796
161559
14887
8734
10639
5590
17338
22379
162191
4000
8725
158884
9370
1492
156578
12928
156085
51391
15067
22373
6385
156094
9359
162170
156572
51384
158907
10921
158897
161556
10603
507
10600
100604
3284
53501
6380
1550
155052
47364
530
1538
103306
93478
47409
100430
47395
48468
100491
155112
16067
3547
53514
12925
8723
9629
17769
100619
155103
47400
10913
98265
15696
103305
9644
544
15733
3317
3531
16080
93499
16107
15749
3515
549
57501
162494
57924
95937
3510
97005
95945
48439
48445
53987
53990
59751
59758
56201
59791
57918
12788
96992
100613
15762
23215
155407
15754
95956
59801
10607
22164
59799
97797
10603
59656
22105
22151
22150
5761
93521
23200
59642
97789
48436
23187
97778
5802
5770
48429
5772
5784
5775
3477
3499
20917
11763
20888
20906
3284
11297
161519
11704
11733
161508
11351
47395
8020
104684
104669
103474
11738
163239
104657
97603
98314
8087
163211
103465
101097
163206
101140
100851
54918
100838
3155
3153
49427
49411
11751
50130
11738
50123
103450
1201
544
159719
98354
101158
101170
101087
98350
12029
12023
17187
98339
98345
101161
103454
18774
21644
55714
55715
18755
18767
55728
7717
21643
18761
3282
7736
55716
101080
55723
160678
101072
7723
160657
100491
119082
113008
105632
108363
108231
108219
60578
108199
108212
60575
61204
15085
108201
3708
60567
51090
61201
3462
15136
51118
15131
3718
9166
61194
162629
162625
51117
162618
99555
9165
156578
48195
13177
13199
61195
53838
53892
60667
15696
160805
53881
13186
13190
15717
55940
15716
55957
99559
22872
22841
56243
56252
9839
55987
55667
53961
99556
99230
99245
59926
96992
56095
20439
99257
56085
9854
103221
103224
160829
22849
55649
55662
22857
93944
56005
160844
20888
98832
98838
55998
55989
101917
20891
99922
20898
53566
7591
22868
103127
157080
101912
157076
52529
99937
103240
53610
96006
7620
103126
99936
52258
18509
7614
158803
18522
52220
52502
51213
22860
20250
18544
95993
52506
53605
1861
100161
159450
18532
1872
1866
95985
20258
51196
51190
20259
52209
20304
20301
55561
55564
15863
15891
96414
15872
15865
96387
96406
60190
99936
96405
1550
99632
101804
11834
99607
99611
159132
60170
21172
11815
52034
52534
99626
159148
21196
556
52029
11014
99613
96293
48103
23107
23105
17348
159184
10999
54554
17361
17728
2320
96006
13371
51529
11011
558
21248
51516
160881
96013
95160
157835
157839
12788
99611
2368
54839
2381
54891
157836
160850
100386
579
100409
8646
52529
21238
160870
22442
59926
100419
95145
95144
55155
2220
739
14541
55150
161549
11006
4575
2372
97783
9611
2221
97778
51279
22448
2505
14569
16499
155957
2523
17359
49644
49637
163378
562
20537
163367
155951
20595
51234
22473
6180
5411
2545
50259
2538
21230
2534
14609
54629
158182
162170
161543
47409
2529
51242
21226
96414
161795
22385
2237
155928
50280
161782
14610
22416
155940
58102
58976
47326
161762
58130
158161
47358
6183
54900
6206
58986
47343
158137
47350
22483
47428
97807
1030
47356
20613
100541
49888
95144
1348
47400
22497
20612
59009
97894
5400
1328
59025
22385
10133
97797
61401
159374
93653
49826
10126
98603
93620
93646
51266
52469
96293
100439
22400
10119
61403
51276
22534
52428
7427
52461
49856
156832
61413
10111
159367
156807
15240
98597
10238
156821
48086
4952
155885
155907
155902
10294
163567
59751
97926
97377
48702
17023
10186
163586
163588
97375
22001
61404
97911
7870
163597
22006
48703
15238
161543
163608
158672
10293
7930
9033
17051
99937
158696
5275
6947
2935
93499
52458
157250
61405
97085
2993
59355
54891
97153
158695
22784
157281
93504
22802
157277
49439
7946
22807
49789
15865
161755
59143
6991
9009
97161
49787
13237
9006
95053
13291
95025
20932
49427
15220
22385
94343
7092
94333
13278
20946
49827
19370
13263
20991
17779
21604
2988
160705
98166
98912
94666
47428
15077
7099
93511
98977
2983
110776
19367
61411
94714
102792
18249
13146
1492
49826
15170
110100
108700
108380
102757
108363
99737
161247
161221
99780
161239
99789
160850
7324
56100
56395
56347
56112
49735
160142
21514
102242
49769
21523
56346
56419
21519
53961
56445
56966
57165
57129
57113
57077
18774
18799
8543
98527
57779
57747
57089
2671
57736
159788
159792
59077
59064
98523
57104
59363
159793
59063
159798
59362
159794
51472
8850
51443
8896
163122
56118
56181
163086
51429
20193
15612
21272
98520
8867
163101
56141
21255
8853
157487
60066
157474
20219
60063
20210
14021
56148
14018
51430
157481
56142
57650
1873
8852
1872
57694
57663
57685
57113
20595
8918
57672
163567
57119
8943
163577
8981
163580
100838
163578
9000
100840
4153
9402
9407
9426
17408
60637
98286
98292
98307
163206
60619
18750
21847
21862
22050
156048
162765
12251
101097
22021
99274
12306
54059
19565
48981
3284
101098
3306
156041
48964
14021
10294
48963
17994
22008
59064
100463
7970
132
50923
100087
104860
53364
3305
99280
10314
52601
52630
99284
18038
101127
507
521
57113
59068
54970
12308
7990
54981
18037
100851
100462
6385
50987
53794
52619
156807
12319
153
52614
53044
59064
159856
15556
159814
156817
103305
1538
12317
52630
15544
158884
10294
50957
10500
167
53079
107188
100086
4011
17338
155478
96030
105777
105660
105653
105632
58573
58571
14289
14305
14298
18474
18447
18446
157080
98325
49611
56061
10119
157111
49623
157148
49614
157157
6380
15238
49616
49621
156362
10828
9176
156323
156237
11168
59642
11127
11140
102000
102014
102018
11159
162334
11084
11042
2901
20708
2922
100165
100161
155654
100419
100420
155645
5432
5459
95950
2923
11040
20716
100501
100526
5463
3282
18038
97007
97005
104194
104185
49644
93499
103462
5490
103458
103454
5475
95947
158870
104178
95945
158841
158855
94221
158864
14752
94237
14767
47558
51165
56062
52139
47562
159294
159342
52134
51133
16556
95713
52136
159339
95741
95724
95734
55823
16556
55856
51152
47561
8405
158996
159023
11208
104657
159003
108202
101394
55860
159005
159015
55858
22442
19012
20093
20111
49598
49593
12925
96018
19038
7723
108201
57227
53892
53918
58224
57203
155902
10998
53915
57200
55998
58216
96013
103797
19039
103836
15696
59085
59081
15710
2523
48401
15705
48391
103832
21256
48377
48378
55589
21255
55586
160870
160691
160680
1109
158891
3286
160678
158884
20909
3284
9000
9001
20906
61411
102842
57672
57678
102828
11040
102834
13875
13869
102839
13859
6380
5187
5193
9252
9250
9731
14726
9591
9586
9581
9574
103785
6920
6899
103792
162956
8355
5805
59161
20432
6380
58914
100795
99403
103784
100793
162957
162987
98472
163024
59144
49589
98487
52458
59154
163021
57439
57447
12480
57445
12489
5802
163010
14028
9434
9444
12484
4823
4827
9452
156375
4833
55979
156716
100260
156367
156362
100273
98513
19796
55957
3155
22033
55895
55896
104301
93586
93537
100322
100319
93575
22025
55908
55907
5275
22021
155902
100314
5289
155903
17064
160207
163588
105334
97568
1116
61354
49735
49611
97560
104289
95023
1134
10896
97555
1119
97543
49751
49752
49763
1130
50425
1076
100811
97538
105329
61316
1086
155903
2673
104298
17181
104237
17070
49762
99407
17641
15544
17645
163086
113008
101087
1139
58571
117931
117705
19565
104706
22021
52732
14887
1538
49207
60667
12869
117177
117214
117252
117652
117617
117589
117590
6282
95278
95216
20460
95240
20459
6267
156488
59522
9252
59568
162334
6265
60011
156470
48468
59995
48469
159035
95254
159036
93674
2381
95263
95262
60006
159071
9355
159083
14181
14170
9255
9699
104289
9714
9264
93697
15710
93702
9262
13164
13146
93707
13518
93718
94854
13500
94868
1034
58156
58143
49598
103784
5534
50371
5522
155749
155738
104362
104355
13153
100986
58148
549
58147
13151
51153
60078
5525
93575
101031
55150
11721
11710
96459
60091
96438
53967
51152
52502
20089
95292
52291
11704
52726
1044
96433
13206
101007
95278
96424
19367
96691
52151
104661
13153
95279
101018
95280
10999
13199
105329
96701
159868
159374
51276
101017
22929
94521
22955
159869
161945
96695
13205
102234
12595
12613
13206
99687
9176
159881
94518
161942
104657
161938
17187
9177
9179
3017
60100
12599
9186
95262
50593
52327
52584
3217
60098
3838
98059
59656
98015
49584
22849
5898
7818
4823
2518
161945
156821
99680
59657
104593
98014
94016
3901
94057
3874
3884
2511
102424
3887
104637
161949
7857
19297
50533
163640
95025
21847
99556
163669
161881
20089
21854
160424
19327
19355
95044
2505
2671
20398
160406
7221
1872
53918
22948
22587
163122
163650
100219
161957
20111
100840
2529
161857
5232
14351
161953
50555
22575
50565
155510
100210
5198
100216
98214
9262
163646
161874
18446
56085
14366
14362
60091
47361
50559
155507
163138
163133
161861
53974
98204
7276
160162
5208
20093
17418
53967
160146
17462
160144
3264
99687
5209
7266
3259
5214
105159
104185
59758
101912
3247
9283
47358
159814
9176
5212
7265
5432
7818
9331
13206
102859
99724
5553
549
49827
17474
160233
156989
56329
3163
161862
12956
5009
3568
161271
115768
113008
159475
52614
157977
10293
13875
113994
21090
47409
101140
12650
52209
15733
15734
12624
21141
12620
113302
113295
20906
8128
8734
57678
8107
8740
94208
8735
54294
52220
52227
54285
18037
54283
52224
8123
19012
19017
19025
18059
19032
18088
18076
160424
160432
49792
49789
49762
60674
20620
20639
47358
56142
49763
20647
50138
20648
20693
50137
20704
99952
160931
160956
99969
160946
99986
49751
100010
95453
117235
14324
117214
95458
117215
95457
14321
19565
13659
117219
99969
99980
97200
117223
155578
2505
53620
48926
155561
155569
97183
20888
49792
52258
105014
49808
97179
104563
13886
49805
52271
97580
13881
97172
104536
59105
105019
52286
52280
105014
16630
22000
104529
95123
97578
95139
104525
59100
95134
104661
59086
95133
6920
6923
52660
53610
1922
59085
10363
16636
1938
159869
1971
52641
103546
6921
48210
48264
98152
48245
1945
12789
103543
10404
52638
17070
17105
1963
16080
55690
55711
10386
103535
562
163547
14122
15710
16097
10381
14125
162635
10382
158362
158422
21248
1538
575
158775
160592
160578
158759
160586
158750
60811
95254
101317
156519
156503
59068
158117
100996
98315
61316
99937
156085
158389
158088
163540
60807
1950
100986
157487
10998
159378
4988
61332
14172
59071
96414
55703
14638
14155
4981
157508
4970
57501
162629
14624
93944
8128
96656
157530
8164
14623
61320
48729
93996
48712
21604
22000
22009
97961
104877
54285
21088
96673
96661
132
21632
48717
97976
98006
52312
104874
158104
158100
54553
157523
104485
98002
104438
55728
158089
93957
93985
61316
52304
156488
8150
52291
60015
103758
96666
93977
22008
95254
145
22625
104462
22641
14781
53690
156237
21471
21464
53742
60011
143
22667
104451
156301
101336
156295
98059
17034
158414
17182
104151
58100
59144
104152
19355
19361
104171
3336
58093
101323
101324
14777
17181
59146
158416
18780
101332
17031
156287
17023
163089
163086
3342
102563
18774
53727
97014
15739
47364
53884
20215
3341
97007
211
15734
47376
53734
55860
49734
56085
5214
102562
3708
14324
22678
158696
53881
22534
160509
61439
18778
68644
50565
67441
20210
95145
60078
94333
13886
66660
7663
50138
67269
67174
10363
8918
10364
58768
58784
67134
159868
58783
98073
19644
98094
67114
19637
98082
19638
52534
387
52562
400
414
8482
8532
8504
103127
103140
157826
157825
95262
103539
103535
98832
14541
14559
21514
159184
163211
163218
3901
163220
10897
163228
163233
58100
3909
163230
104127
8735
8490
21248
48975
104144
8487
22534
48965
22541
48964
22545
8482
98350
101839
101815
21063
21022
4421
21006
4412
50471
50469
160144
50465
7784
7795
159798
101518
160550
104462
162179
162170
2210
160509
2203
52136
104474
160523
160510
17226
95768
98680
98696
101608
95741
101497
104563
104572
158696
101470
101487
19930
98728
158700
98738
52891
52902
98747
102815
102800
95761
101486
108212
21880
102792
105523
19829
104144
19807
98753
104728
104750
19821
60491
21875
52923
104746
21862
21866
52908
61320
52913
158710
158736
104573
5214
18668
18716
60547
60555
60556
60560
96064
60559
61316
60100
60832
48578
54141
96069
96071
59071
60839
47364
60837
117676
117652
54135
117661
117672
117664
1538
95338
18088
18090
95327
95314
49598
95299
95308
49608
49605
160612
102018
10363
157846
10900
10603
155478
155488
155500
551
549
104780
14718
100210
4588
4582
4584
23200
155052
155082
157846
155092
5668
5670
7309
7297
7306
50108
94071
94095
94101
94102
101336
55759
55733
97961
9803
98753
97970
9792
4840
55738
157250
6267
55752
9793
55753
6268
157267
48930
48929
55593
157252
9086
157262
157277
9093
725
733
55621
9139
9159
55618
59154
6282
715
161782
6301
706
6304
161792
9156
155933
155928
710
711
159015
9151
18750
159019
57713
5294
99274
57694
97538
160245
5353
94876
160235
3336
160233
101327
101324
5339
160680
94892
94893
50979
3282
48510
113008
48491
50957
50973
52035
10998
113078
160850
113230
1689
52034
98473
1695
59081
113275
157846
113274
60103
53605
52304
99555
101341
52305
13876
98472
97321
101336
97332
13875
97367
155235
95314
97350
97359
6078
95317
6076
155257
157847
155256
95323
97356
55915
55928
55935
98002
21996
55936
56118
56134
56135
53439
157588
157567
17004
157576
17001
157583
161586
161581
157578
19032
163097
163089
93653
59039
60491
59053
60528
59052
60526
20639
11084
97245
1689
101031
11110
55980
55979
11104
11100
18389
104679
18411
104669
18409
162800
162840
2384
2381
12251
162861
12293
12278
22442
59085
103758
99792
156488
156489
5693
5686
8852
48703
48710
98749
98747
11794
3286
19327
11803
19336
749
750
777
814
16778
16811
16797
97194
97183
97191
97189
97186
16793
156102
156094
13121
51384
13122
51385
158796
98472
11213
21701
21702
20439
18548
11272
156571
160028
94310
11276
160023
10670
160020
211
10735
21709
10713
249
61320
104171
10712
22641
22651
55618
21514
17193
9311
53079
5353
11282
15067
55860
53101
9283
22653
17187
53093
59801
242
11285
98339
11287
48534
9284
9426
104533
48741
48735
104529
22658
101623
48541
103089
95945
100319
97681
103111
159015
48564
103101
6002
97693
21728
48555
9304
8922
21747
19638
59628
101612
8918
21738
1634
16842
15136
54075
1646
3531
54119
95594
60406
55753
3537
3032
58465
95653
3017
54088
58451
54100
54093
101327
54095
95634
60432
59115
59114
98315
97474
3708
3540
163045
95279
95139
98316
105363
22448
97461
48528
22469
47350
8542
48510
60459
