-11 -11
-11 34
-10 34
-10 -11
-8 -11
-8 34
-7 34
-7 -11
-5 -11
-5 34
-4 34
-4 -11
-3 -11
-3 34
-2 34
-2 -11
-1 -11
-1 34
0 34
0 -11
1 -11
1 34
2 34
2 -11
3 -11
3 34
4 34
4 -11
5 -11
5 34
6 34
6 -11
7 -11
7 34
8 34
8 -11
9 -11
9 34
10 34
10 -11
11 -11
11 34
12 34
12 -11
13 -11
13 34
14 34
14 -11
15 -11
15 34
16 34
16 -11
17 -11
17 34
18 34
18 -11
19 -11
19 34
20 34
20 -11
21 -11
21 34
22 34
22 -11
23 -11
23 34
24 34
24 -11
25 -11
25 34
26 34
26 -11
27 -11
27 34
28 34
28 -11
29 -11
29 34
30 34
30 -11
31 -11
31 34
32 34
32 -11
33 -11
33 34
34 34
34 -11
35 -11
35 34
36 34
36 -11
37 -11
37 34
38 34
38 -11
39 -11
39 34
40 34
40 -11
41 -11
41 34
42 34
42 -11
43 -11
43 34
44 34
44 -11
45 -11
45 34
46 34
46 -11
47 -11
47 34
48 34
48 -11
49 -11
49 34
