-11 -10
-11 86
-10 86
-10 -10
-8 -10
-8 86
-7 86
-7 -10
-5 -10
-5 86
-4 86
-4 -10
-3 -10
-3 86
-2 86
-2 -10
-1 -10
-1 86
0 86
0 -10
1 -10
1 86
2 86
2 -10
3 -10
3 86
4 86
4 -10
5 -10
5 86
6 86
6 -10
7 -10
7 86
8 86
8 -10
9 -10
9 86
10 86
10 -10
11 -10
11 86
12 86
12 -10
13 -10
13 86
14 86
14 -10
15 -10
15 86
16 86
16 -10
17 -10
17 86
18 86
18 -10
19 -10
19 86
20 86
20 -10
21 -10
21 86
22 86
22 -10
23 -10
23 86
24 86
24 -10
25 -10
25 86
26 86
26 -10
27 -10
27 86
28 86
28 -10
29 -10
29 86
30 86
30 -10
31 -10
31 86
32 86
32 -10
33 -10
33 86
34 86
34 -10
35 -10
35 86
36 86
36 -10
37 -10
37 86
38 86
38 -10
39 -10
39 86
40 86
40 -10
41 -10
41 86
42 86
42 -10
43 -10
43 86
44 86
44 -10
45 -10
45 86
46 86
46 -10
47 -10
47 86
48 86
48 -10
49 -10
49 86
50 86
50 -10
51 -10
51 86
52 86
52 -10
53 -10
53 86
54 86
54 -10
55 -10
55 86
56 86
56 -10
57 -10
57 86
58 86
58 -10
59 -10
59 86
60 86
60 -10
61 -10
61 86
62 86
62 -10
63 -10
63 86
64 86
64 -10
65 -10
65 86
66 86
66 -10
67 -10
67 86
68 86
68 -10
69 -10
69 86
70 86
70 -10
71 -10
71 86
72 86
72 -10
73 -10
73 86
74 86
74 -10
75 -10
75 86
76 86
76 -10
77 -10
77 86
78 86
78 -10
79 -10
79 86
80 86
80 -10
81 -10
81 86
82 86
82 -10
83 -10
83 86
84 86
84 -10
85 -10
85 86
