-14 -6
-14 133
-11 133
-11 -6
-10 -6
-10 133
-8 133
-8 -6
-7 -6
-7 133
-5 133
-5 -6
-4 -6
-4 133
-3 133
-3 -6
-2 -6
-2 133
-1 133
-1 -6
0 -6
0 133
1 133
1 -6
2 -6
2 133
3 133
3 -6
4 -6
4 133
5 133
5 -6
6 -6
6 133
7 133
7 -6
8 -6
8 133
9 133
9 -6
10 -6
10 133
11 133
11 -6
12 -6
12 133
13 133
13 -6
14 -6
14 133
15 133
15 -6
16 -6
16 133
17 133
17 -6
18 -6
18 133
19 133
19 -6
20 -6
20 133
21 133
21 -6
22 -6
22 133
23 133
23 -6
24 -6
24 133
25 133
25 -6
26 -6
26 133
27 133
27 -6
28 -6
28 133
29 133
29 -6
30 -6
30 133
31 133
31 -6
32 -6
32 133
33 133
33 -6
34 -6
34 133
35 133
35 -6
36 -6
36 133
37 133
37 -6
38 -6
38 133
39 133
39 -6
40 -6
40 133
41 133
41 -6
42 -6
42 133
43 133
43 -6
44 -6
44 133
45 133
45 -6
46 -6
46 133
47 133
47 -6
48 -6
48 133
49 133
49 -6
50 -6
50 133
51 133
51 -6
52 -6
52 133
53 133
53 -6
54 -6
54 133
55 133
55 -6
56 -6
56 133
57 133
57 -6
58 -6
58 133
59 133
59 -6
60 -6
60 133
61 133
61 -6
62 -6
62 133
63 133
63 -6
64 -6
64 133
65 133
65 -6
66 -6
66 133
67 133
67 -6
68 -6
68 133
69 133
69 -6
70 -6
70 133
71 133
71 -6
72 -6
72 133
73 133
73 -6
74 -6
74 133
75 133
75 -6
76 -6
76 133
77 133
77 -6
78 -6
78 133
79 133
79 -6
80 -6
80 133
81 133
81 -6
82 -6
82 133
83 133
83 -6
84 -6
84 133
85 133
85 -6
86 -6
86 133
87 133
87 -6
88 -6
88 133
89 133
89 -6
90 -6
90 133
91 133
91 -6
92 -6
92 133
93 133
93 -6
94 -6
94 133
95 133
95 -6
96 -6
96 133
97 133
97 -6
98 -6
98 133
99 133
99 -6
100 -6
100 133
101 133
101 -6
102 -6
102 133
103 133
103 -6
104 -6
104 133
105 133
105 -6
106 -6
106 133
107 133
107 -6
108 -6
108 133
109 133
109 -6
110 -6
110 133
111 133
111 -6
112 -6
112 133
113 133
113 -6
114 -6
114 133
115 133
115 -6
116 -6
116 133
117 133
117 -6
118 -6
118 133
119 133
119 -6
120 -6
120 133
121 133
121 -6
122 -6
122 133
123 133
123 -6
124 -6
124 133
125 133
125 -6
126 -6
126 133
127 133
127 -6
128 -6
128 133
129 133
129 -6
130 -6
130 133
131 133
131 -6
132 -6
132 133
133 133
133 -6
134 -6
134 133
135 133
135 -6
137 -6
137 133
138 133
138 -6
141 -6
141 133
