-24 -15
-24 353
-15 353
-15 -15
-14 -15
-14 353
-11 353
-11 -15
-10 -15
-10 353
-8 353
-8 -15
-7 -15
-7 353
-6 353
-6 -15
-5 -15
-5 353
-4 353
-4 -15
-3 -15
-3 353
-2 353
-2 -15
-1 -15
-1 353
0 353
0 -15
1 -15
1 353
2 353
2 -15
3 -15
3 353
4 353
4 -15
5 -15
5 353
6 353
6 -15
7 -15
7 353
8 353
8 -15
9 -15
9 353
10 353
10 -15
11 -15
11 353
12 353
12 -15
13 -15
13 353
14 353
14 -15
15 -15
15 353
16 353
16 -15
17 -15
17 353
18 353
18 -15
19 -15
19 353
20 353
20 -15
21 -15
21 353
22 353
22 -15
23 -15
23 353
24 353
24 -15
25 -15
25 353
26 353
26 -15
27 -15
27 353
28 353
28 -15
29 -15
29 353
30 353
30 -15
31 -15
31 353
32 353
32 -15
33 -15
33 353
34 353
34 -15
35 -15
35 353
36 353
36 -15
37 -15
37 353
38 353
38 -15
39 -15
39 353
40 353
40 -15
41 -15
41 353
42 353
42 -15
43 -15
43 353
44 353
44 -15
45 -15
45 353
46 353
46 -15
47 -15
47 353
48 353
48 -15
49 -15
49 353
50 353
50 -15
51 -15
51 353
52 353
52 -15
53 -15
53 353
54 353
54 -15
55 -15
55 353
56 353
56 -15
57 -15
57 353
58 353
58 -15
59 -15
59 353
60 353
60 -15
61 -15
61 353
62 353
62 -15
63 -15
63 353
64 353
64 -15
65 -15
65 353
66 353
66 -15
67 -15
67 353
68 353
68 -15
69 -15
69 353
70 353
70 -15
71 -15
71 353
72 353
72 -15
73 -15
73 353
74 353
74 -15
75 -15
75 353
76 353
76 -15
77 -15
77 353
78 353
78 -15
79 -15
79 353
80 353
80 -15
81 -15
81 353
82 353
82 -15
83 -15
83 353
84 353
84 -15
85 -15
85 353
86 353
86 -15
87 -15
87 353
88 353
88 -15
89 -15
89 353
90 353
90 -15
91 -15
91 353
92 353
92 -15
93 -15
93 353
94 353
94 -15
95 -15
95 353
96 353
96 -15
97 -15
97 353
98 353
98 -15
99 -15
99 353
100 353
100 -15
101 -15
101 353
102 353
102 -15
103 -15
103 353
104 353
104 -15
105 -15
105 353
106 353
106 -15
107 -15
107 353
108 353
108 -15
109 -15
109 353
110 353
110 -15
111 -15
111 353
112 353
112 -15
113 -15
113 353
114 353
114 -15
115 -15
115 353
116 353
116 -15
117 -15
117 353
118 353
118 -15
119 -15
119 353
120 353
120 -15
121 -15
121 353
122 353
122 -15
123 -15
123 353
124 353
124 -15
125 -15
125 353
126 353
126 -15
127 -15
127 353
128 353
128 -15
129 -15
129 353
130 353
130 -15
131 -15
131 353
132 353
132 -15
133 -15
133 353
134 353
134 -15
135 -15
135 353
136 353
136 -15
137 -15
137 353
138 353
138 -15
139 -15
139 353
140 353
140 -15
141 -15
141 353
142 353
142 -15
143 -15
143 353
144 353
144 -15
145 -15
145 353
146 353
146 -15
147 -15
147 353
148 353
148 -15
149 -15
149 353
150 353
150 -15
151 -15
151 353
152 353
152 -15
153 -15
153 353
154 353
154 -15
155 -15
155 353
156 353
156 -15
157 -15
157 353
158 353
158 -15
159 -15
159 353
160 353
160 -15
161 -15
161 353
162 353
162 -15
163 -15
163 353
164 353
164 -15
165 -15
165 353
166 353
166 -15
167 -15
167 353
168 353
168 -15
169 -15
169 353
170 353
170 -15
171 -15
171 353
172 353
172 -15
173 -15
173 353
174 353
174 -15
175 -15
175 353
176 353
176 -15
177 -15
177 353
178 353
178 -15
179 -15
179 353
180 353
180 -15
181 -15
181 353
182 353
182 -15
183 -15
183 353
184 353
184 -15
185 -15
185 353
186 353
186 -15
187 -15
187 353
188 353
188 -15
189 -15
189 353
190 353
190 -15
191 -15
191 353
192 353
192 -15
193 -15
193 353
194 353
194 -15
195 -15
195 353
196 353
196 -15
197 -15
197 353
198 353
198 -15
199 -15
199 353
200 353
200 -15
201 -15
201 353
202 353
202 -15
203 -15
203 353
204 353
204 -15
205 -15
205 353
206 353
206 -15
207 -15
207 353
208 353
208 -15
209 -15
209 353
210 353
210 -15
211 -15
211 353
212 353
212 -15
213 -15
213 353
214 353
214 -15
215 -15
215 353
216 353
216 -15
217 -15
217 353
218 353
218 -15
219 -15
219 353
220 353
220 -15
221 -15
221 353
222 353
222 -15
223 -15
223 353
224 353
224 -15
225 -15
225 353
226 353
226 -15
227 -15
227 353
228 353
228 -15
229 -15
229 353
230 353
230 -15
231 -15
231 353
232 353
232 -15
233 -15
233 353
234 353
234 -15
235 -15
235 353
236 353
236 -15
237 -15
237 353
238 353
238 -15
239 -15
239 353
240 353
240 -15
241 -15
241 353
242 353
242 -15
243 -15
243 353
244 353
244 -15
245 -15
245 353
246 353
246 -15
247 -15
247 353
248 353
248 -15
249 -15
249 353
250 353
250 -15
251 -15
251 353
252 353
252 -15
253 -15
253 353
254 353
254 -15
255 -15
255 353
256 353
256 -15
257 -15
257 353
258 353
258 -15
259 -15
259 353
260 353
260 -15
261 -15
261 353
262 353
262 -15
263 -15
263 353
264 353
264 -15
265 -15
265 353
266 353
266 -15
267 -15
267 353
268 353
268 -15
269 -15
269 353
270 353
270 -15
271 -15
271 353
272 353
272 -15
273 -15
273 353
274 353
274 -15
275 -15
275 353
276 353
276 -15
277 -15
277 353
278 353
278 -15
279 -15
279 353
280 353
280 -15
281 -15
281 353
282 353
282 -15
283 -15
283 353
284 353
284 -15
285 -15
285 353
286 353
286 -15
287 -15
287 353
288 353
288 -15
289 -15
289 353
290 353
290 -15
291 -15
291 353
292 353
292 -15
293 -15
293 353
294 353
294 -15
295 -15
295 353
296 353
296 -15
297 -15
297 353
298 353
298 -15
299 -15
299 353
300 353
300 -15
301 -15
301 353
302 353
302 -15
303 -15
303 353
304 353
304 -15
305 -15
305 353
306 353
306 -15
307 -15
307 353
308 353
308 -15
309 -15
309 353
310 353
310 -15
311 -15
311 353
312 353
312 -15
313 -15
313 353
314 353
314 -15
315 -15
315 353
316 353
316 -15
318 -15
318 353
319 353
319 -15
320 -15
320 353
321 353
321 -15
322 -15
322 353
324 353
324 -15
325 -15
325 353
326 353
326 -15
327 -15
327 353
328 353
328 -15
329 -15
329 353
330 353
330 -15
333 -15
333 353
336 353
336 -15
339 -15
339 353
342 353
342 -15
345 -15
345 353
348 353
348 -15
351 -15
351 353
357 353
357 -15
