-145 -152
-145 1372
-130 1372
-130 -152
-125 -152
-125 1372
-115 1372
-115 -152
-112 -152
-112 1372
-110 1372
-110 -152
-105 -152
-105 1372
-100 1372
-100 -152
-96 -152
-96 1372
-95 1372
-95 -152
-92 -152
-92 1372
-90 1372
-90 -152
-85 -152
-85 1372
-81 1372
-81 -152
-80 -152
-80 1372
-76 1372
-76 -152
-75 -152
-75 1372
-74 1372
-74 -152
-72 -152
-72 1372
-70 1372
-70 -152
-67 -152
-67 1372
-66 1372
-66 -152
-65 -152
-65 1372
-61 1372
-61 -152
-60 -152
-60 1372
-59 1372
-59 -152
-58 -152
-58 1372
-56 1372
-56 -152
-55 -152
-55 1372
-54 1372
-54 -152
-52 -152
-52 1372
-51 1372
-51 -152
-50 -152
-50 1372
-48 1372
-48 -152
-47 -152
-47 1372
-46 1372
-46 -152
-45 -152
-45 1372
-44 1372
-44 -152
-41 -152
-41 1372
-40 1372
-40 -152
-39 -152
-39 1372
-38 1372
-38 -152
-36 -152
-36 1372
-35 1372
-35 -152
-34 -152
-34 1372
-32 1372
-32 -152
-31 -152
-31 1372
-30 1372
-30 -152
-29 -152
-29 1372
-28 1372
-28 -152
-27 -152
-27 1372
-26 1372
-26 -152
-25 -152
-25 1372
-24 1372
-24 -152
-23 -152
-23 1372
-22 1372
-22 -152
-21 -152
-21 1372
-20 1372
-20 -152
-19 -152
-19 1372
-18 1372
-18 -152
-16 -152
-16 1372
-15 1372
-15 -152
-14 -152
-14 1372
-13 1372
-13 -152
-12 -152
-12 1372
-11 1372
-11 -152
-10 -152
-10 1372
-9 1372
-9 -152
-8 -152
-8 1372
-7 1372
-7 -152
-6 -152
-6 1372
-5 1372
-5 -152
-4 -152
-4 1372
-3 1372
-3 -152
-2 -152
-2 1372
-1 1372
-1 -152
0 -152
0 1372
1 1372
1 -152
2 -152
2 1372
3 1372
3 -152
4 -152
4 1372
5 1372
5 -152
6 -152
6 1372
7 1372
7 -152
8 -152
8 1372
9 1372
9 -152
10 -152
10 1372
11 1372
11 -152
12 -152
12 1372
13 1372
13 -152
14 -152
14 1372
15 1372
15 -152
16 -152
16 1372
17 1372
17 -152
18 -152
18 1372
19 1372
19 -152
20 -152
20 1372
21 1372
21 -152
22 -152
22 1372
23 1372
23 -152
24 -152
24 1372
25 1372
25 -152
26 -152
26 1372
27 1372
27 -152
28 -152
28 1372
29 1372
29 -152
30 -152
30 1372
31 1372
31 -152
32 -152
32 1372
33 1372
33 -152
34 -152
34 1372
35 1372
35 -152
36 -152
36 1372
37 1372
37 -152
38 -152
38 1372
39 1372
39 -152
40 -152
40 1372
41 1372
41 -152
42 -152
42 1372
43 1372
43 -152
44 -152
44 1372
45 1372
45 -152
46 -152
46 1372
47 1372
47 -152
48 -152
48 1372
49 1372
49 -152
50 -152
50 1372
51 1372
51 -152
52 -152
52 1372
53 1372
53 -152
54 -152
54 1372
55 1372
55 -152
56 -152
56 1372
57 1372
57 -152
58 -152
58 1372
59 1372
59 -152
60 -152
60 1372
61 1372
61 -152
62 -152
62 1372
63 1372
63 -152
64 -152
64 1372
65 1372
65 -152
66 -152
66 1372
67 1372
67 -152
68 -152
68 1372
69 1372
69 -152
70 -152
70 1372
71 1372
71 -152
72 -152
72 1372
73 1372
73 -152
74 -152
74 1372
75 1372
75 -152
76 -152
76 1372
77 1372
77 -152
78 -152
78 1372
79 1372
79 -152
80 -152
80 1372
81 1372
81 -152
82 -152
82 1372
83 1372
83 -152
84 -152
84 1372
85 1372
85 -152
86 -152
86 1372
87 1372
87 -152
88 -152
88 1372
89 1372
89 -152
90 -152
90 1372
91 1372
91 -152
92 -152
92 1372
93 1372
93 -152
94 -152
94 1372
95 1372
95 -152
96 -152
96 1372
97 1372
97 -152
98 -152
98 1372
99 1372
99 -152
100 -152
100 1372
101 1372
101 -152
102 -152
102 1372
103 1372
103 -152
104 -152
104 1372
105 1372
105 -152
106 -152
106 1372
107 1372
107 -152
108 -152
108 1372
109 1372
109 -152
110 -152
110 1372
111 1372
111 -152
112 -152
112 1372
113 1372
113 -152
114 -152
114 1372
115 1372
115 -152
116 -152
116 1372
117 1372
117 -152
118 -152
118 1372
119 1372
119 -152
120 -152
120 1372
121 1372
121 -152
122 -152
122 1372
123 1372
123 -152
124 -152
124 1372
125 1372
125 -152
126 -152
126 1372
127 1372
127 -152
128 -152
128 1372
129 1372
129 -152
130 -152
130 1372
131 1372
131 -152
132 -152
132 1372
133 1372
133 -152
134 -152
134 1372
135 1372
135 -152
136 -152
136 1372
137 1372
137 -152
138 -152
138 1372
139 1372
139 -152
140 -152
140 1372
141 1372
141 -152
142 -152
142 1372
143 1372
143 -152
144 -152
144 1372
145 1372
145 -152
146 -152
146 1372
147 1372
147 -152
148 -152
148 1372
149 1372
149 -152
150 -152
150 1372
151 1372
151 -152
152 -152
152 1372
153 1372
153 -152
154 -152
154 1372
155 1372
155 -152
156 -152
156 1372
157 1372
157 -152
158 -152
158 1372
159 1372
159 -152
160 -152
160 1372
161 1372
161 -152
162 -152
162 1372
163 1372
163 -152
164 -152
164 1372
165 1372
165 -152
166 -152
166 1372
167 1372
167 -152
168 -152
168 1372
169 1372
169 -152
170 -152
170 1372
171 1372
171 -152
172 -152
172 1372
173 1372
173 -152
174 -152
174 1372
175 1372
175 -152
176 -152
176 1372
177 1372
177 -152
178 -152
178 1372
179 1372
179 -152
180 -152
180 1372
181 1372
181 -152
182 -152
182 1372
183 1372
183 -152
184 -152
184 1372
185 1372
185 -152
186 -152
186 1372
187 1372
187 -152
188 -152
188 1372
189 1372
189 -152
190 -152
190 1372
191 1372
191 -152
192 -152
192 1372
193 1372
193 -152
194 -152
194 1372
195 1372
195 -152
196 -152
196 1372
197 1372
197 -152
198 -152
198 1372
199 1372
199 -152
200 -152
200 1372
201 1372
201 -152
202 -152
202 1372
203 1372
203 -152
204 -152
204 1372
205 1372
205 -152
206 -152
206 1372
207 1372
207 -152
208 -152
208 1372
209 1372
209 -152
210 -152
210 1372
211 1372
211 -152
212 -152
212 1372
213 1372
213 -152
214 -152
214 1372
215 1372
215 -152
216 -152
216 1372
217 1372
217 -152
218 -152
218 1372
219 1372
219 -152
220 -152
220 1372
221 1372
221 -152
222 -152
222 1372
223 1372
223 -152
224 -152
224 1372
225 1372
225 -152
226 -152
226 1372
227 1372
227 -152
228 -152
228 1372
229 1372
229 -152
230 -152
230 1372
231 1372
231 -152
232 -152
232 1372
233 1372
233 -152
234 -152
234 1372
235 1372
235 -152
236 -152
236 1372
237 1372
237 -152
238 -152
238 1372
239 1372
239 -152
240 -152
240 1372
241 1372
241 -152
242 -152
242 1372
243 1372
243 -152
244 -152
244 1372
245 1372
245 -152
246 -152
246 1372
247 1372
247 -152
248 -152
248 1372
249 1372
249 -152
250 -152
250 1372
251 1372
251 -152
252 -152
252 1372
253 1372
253 -152
254 -152
254 1372
255 1372
255 -152
256 -152
256 1372
257 1372
257 -152
258 -152
258 1372
259 1372
259 -152
260 -152
260 1372
261 1372
261 -152
262 -152
262 1372
263 1372
263 -152
264 -152
264 1372
265 1372
265 -152
266 -152
266 1372
267 1372
267 -152
268 -152
268 1372
269 1372
269 -152
270 -152
270 1372
271 1372
271 -152
272 -152
272 1372
273 1372
273 -152
274 -152
274 1372
275 1372
275 -152
276 -152
276 1372
277 1372
277 -152
278 -152
278 1372
279 1372
279 -152
280 -152
280 1372
281 1372
281 -152
282 -152
282 1372
283 1372
283 -152
284 -152
284 1372
285 1372
285 -152
286 -152
286 1372
287 1372
287 -152
288 -152
288 1372
289 1372
289 -152
290 -152
290 1372
291 1372
291 -152
292 -152
292 1372
293 1372
293 -152
294 -152
294 1372
295 1372
295 -152
296 -152
296 1372
297 1372
297 -152
298 -152
298 1372
299 1372
299 -152
300 -152
300 1372
301 1372
301 -152
302 -152
302 1372
303 1372
303 -152
304 -152
304 1372
305 1372
305 -152
306 -152
306 1372
307 1372
307 -152
308 -152
308 1372
309 1372
309 -152
310 -152
310 1372
311 1372
311 -152
312 -152
312 1372
313 1372
313 -152
314 -152
314 1372
315 1372
315 -152
316 -152
316 1372
317 1372
317 -152
318 -152
318 1372
319 1372
319 -152
320 -152
320 1372
321 1372
321 -152
322 -152
322 1372
323 1372
323 -152
324 -152
324 1372
325 1372
325 -152
326 -152
326 1372
327 1372
327 -152
328 -152
328 1372
329 1372
329 -152
330 -152
330 1372
331 1372
331 -152
332 -152
332 1372
333 1372
333 -152
334 -152
334 1372
335 1372
335 -152
336 -152
336 1372
337 1372
337 -152
338 -152
338 1372
339 1372
339 -152
340 -152
340 1372
341 1372
341 -152
342 -152
342 1372
343 1372
343 -152
344 -152
344 1372
345 1372
345 -152
346 -152
346 1372
347 1372
347 -152
348 -152
348 1372
349 1372
349 -152
350 -152
350 1372
351 1372
351 -152
352 -152
352 1372
353 1372
353 -152
354 -152
354 1372
355 1372
355 -152
356 -152
356 1372
357 1372
357 -152
358 -152
358 1372
359 1372
359 -152
360 -152
360 1372
361 1372
361 -152
362 -152
362 1372
363 1372
363 -152
364 -152
364 1372
365 1372
365 -152
366 -152
366 1372
367 1372
367 -152
368 -152
368 1372
369 1372
369 -152
370 -152
370 1372
371 1372
371 -152
372 -152
372 1372
373 1372
373 -152
374 -152
374 1372
375 1372
375 -152
376 -152
376 1372
377 1372
377 -152
378 -152
378 1372
379 1372
379 -152
380 -152
380 1372
381 1372
381 -152
382 -152
382 1372
383 1372
383 -152
384 -152
384 1372
385 1372
385 -152
386 -152
386 1372
387 1372
387 -152
388 -152
388 1372
389 1372
389 -152
390 -152
390 1372
391 1372
391 -152
392 -152
392 1372
393 1372
393 -152
394 -152
394 1372
395 1372
395 -152
396 -152
396 1372
397 1372
397 -152
398 -152
398 1372
399 1372
399 -152
400 -152
400 1372
401 1372
401 -152
402 -152
402 1372
403 1372
403 -152
404 -152
404 1372
405 1372
405 -152
406 -152
406 1372
407 1372
407 -152
408 -152
408 1372
409 1372
409 -152
410 -152
410 1372
411 1372
411 -152
412 -152
412 1372
413 1372
413 -152
414 -152
414 1372
415 1372
415 -152
416 -152
416 1372
417 1372
417 -152
418 -152
418 1372
419 1372
419 -152
420 -152
420 1372
421 1372
421 -152
422 -152
422 1372
423 1372
423 -152
424 -152
424 1372
425 1372
425 -152
426 -152
426 1372
427 1372
427 -152
428 -152
428 1372
429 1372
429 -152
431 -152
431 1372
432 1372
432 -152
433 -152
433 1372
434 1372
434 -152
435 -152
435 1372
436 1372
436 -152
437 -152
437 1372
438 1372
438 -152
439 -152
439 1372
440 1372
440 -152
441 -152
441 1372
442 1372
442 -152
443 -152
443 1372
444 1372
444 -152
445 -152
445 1372
446 1372
446 -152
447 -152
447 1372
448 1372
448 -152
449 -152
449 1372
451 1372
451 -152
452 -152
452 1372
453 1372
453 -152
454 -152
454 1372
455 1372
455 -152
456 -152
456 1372
457 1372
457 -152
458 -152
458 1372
459 1372
459 -152
460 -152
460 1372
461 1372
461 -152
462 -152
462 1372
463 1372
463 -152
464 -152
464 1372
465 1372
465 -152
466 -152
466 1372
467 1372
467 -152
468 -152
468 1372
469 1372
469 -152
471 -152
471 1372
472 1372
472 -152
473 -152
473 1372
474 1372
474 -152
475 -152
475 1372
476 1372
476 -152
477 -152
477 1372
478 1372
478 -152
479 -152
479 1372
480 1372
480 -152
481 -152
481 1372
482 1372
482 -152
483 -152
483 1372
484 1372
484 -152
485 -152
485 1372
486 1372
486 -152
487 -152
487 1372
488 1372
488 -152
489 -152
489 1372
491 1372
491 -152
492 -152
492 1372
493 1372
493 -152
494 -152
494 1372
495 1372
495 -152
496 -152
496 1372
497 1372
497 -152
498 -152
498 1372
499 1372
499 -152
500 -152
500 1372
501 1372
501 -152
502 -152
502 1372
503 1372
503 -152
504 -152
504 1372
505 1372
505 -152
506 -152
506 1372
507 1372
507 -152
508 -152
508 1372
509 1372
509 -152
511 -152
511 1372
512 1372
512 -152
513 -152
513 1372
514 1372
514 -152
515 -152
515 1372
516 1372
516 -152
517 -152
517 1372
518 1372
518 -152
519 -152
519 1372
520 1372
520 -152
521 -152
521 1372
522 1372
522 -152
523 -152
523 1372
524 1372
524 -152
525 -152
525 1372
526 1372
526 -152
527 -152
527 1372
528 1372
528 -152
529 -152
529 1372
531 1372
531 -152
532 -152
532 1372
533 1372
533 -152
534 -152
534 1372
535 1372
535 -152
536 -152
536 1372
537 1372
537 -152
538 -152
538 1372
539 1372
539 -152
540 -152
540 1372
541 1372
541 -152
542 -152
542 1372
543 1372
543 -152
544 -152
544 1372
545 1372
545 -152
546 -152
546 1372
547 1372
547 -152
548 -152
548 1372
549 1372
549 -152
551 -152
551 1372
552 1372
552 -152
553 -152
553 1372
554 1372
554 -152
555 -152
555 1372
556 1372
556 -152
557 -152
557 1372
558 1372
558 -152
559 -152
559 1372
560 1372
560 -152
561 -152
561 1372
562 1372
562 -152
563 -152
563 1372
564 1372
564 -152
565 -152
565 1372
566 1372
566 -152
567 -152
567 1372
568 1372
568 -152
569 -152
569 1372
571 1372
571 -152
572 -152
572 1372
573 1372
573 -152
574 -152
574 1372
575 1372
575 -152
576 -152
576 1372
577 1372
577 -152
578 -152
578 1372
579 1372
579 -152
580 -152
580 1372
581 1372
581 -152
582 -152
582 1372
583 1372
583 -152
584 -152
584 1372
585 1372
585 -152
586 -152
586 1372
587 1372
587 -152
588 -152
588 1372
589 1372
589 -152
590 -152
590 1372
591 1372
591 -152
592 -152
592 1372
593 1372
593 -152
594 -152
594 1372
595 1372
595 -152
596 -152
596 1372
597 1372
597 -152
598 -152
598 1372
599 1372
599 -152
600 -152
600 1372
601 1372
601 -152
602 -152
602 1372
603 1372
603 -152
604 -152
604 1372
605 1372
605 -152
606 -152
606 1372
607 1372
607 -152
608 -152
608 1372
609 1372
609 -152
610 -152
610 1372
611 1372
611 -152
612 -152
612 1372
613 1372
613 -152
614 -152
614 1372
615 1372
615 -152
616 -152
616 1372
617 1372
617 -152
618 -152
618 1372
619 1372
619 -152
620 -152
620 1372
621 1372
621 -152
622 -152
622 1372
623 1372
623 -152
624 -152
624 1372
625 1372
625 -152
626 -152
626 1372
627 1372
627 -152
628 -152
628 1372
629 1372
629 -152
630 -152
630 1372
631 1372
631 -152
632 -152
632 1372
633 1372
633 -152
634 -152
634 1372
635 1372
635 -152
636 -152
636 1372
637 1372
637 -152
638 -152
638 1372
639 1372
639 -152
640 -152
640 1372
641 1372
641 -152
642 -152
642 1372
643 1372
643 -152
644 -152
644 1372
645 1372
645 -152
646 -152
646 1372
647 1372
647 -152
648 -152
648 1372
649 1372
649 -152
650 -152
650 1372
651 1372
651 -152
652 -152
652 1372
653 1372
653 -152
654 -152
654 1372
655 1372
655 -152
656 -152
656 1372
657 1372
657 -152
658 -152
658 1372
659 1372
659 -152
660 -152
660 1372
661 1372
661 -152
662 -152
662 1372
663 1372
663 -152
664 -152
664 1372
665 1372
665 -152
666 -152
666 1372
667 1372
667 -152
668 -152
668 1372
669 1372
669 -152
670 -152
670 1372
671 1372
671 -152
672 -152
672 1372
673 1372
673 -152
674 -152
674 1372
675 1372
675 -152
676 -152
676 1372
677 1372
677 -152
678 -152
678 1372
679 1372
679 -152
680 -152
680 1372
681 1372
681 -152
682 -152
682 1372
683 1372
683 -152
684 -152
684 1372
685 1372
685 -152
686 -152
686 1372
687 1372
687 -152
688 -152
688 1372
689 1372
689 -152
690 -152
690 1372
691 1372
691 -152
692 -152
692 1372
693 1372
693 -152
694 -152
694 1372
695 1372
695 -152
696 -152
696 1372
697 1372
697 -152
698 -152
698 1372
699 1372
699 -152
700 -152
700 1372
701 1372
701 -152
702 -152
702 1372
703 1372
703 -152
704 -152
704 1372
705 1372
705 -152
706 -152
706 1372
707 1372
707 -152
708 -152
708 1372
709 1372
709 -152
710 -152
710 1372
711 1372
711 -152
712 -152
712 1372
713 1372
713 -152
714 -152
714 1372
715 1372
715 -152
716 -152
716 1372
717 1372
717 -152
718 -152
718 1372
719 1372
719 -152
720 -152
720 1372
721 1372
721 -152
722 -152
722 1372
723 1372
723 -152
724 -152
724 1372
725 1372
725 -152
726 -152
726 1372
727 1372
727 -152
728 -152
728 1372
729 1372
729 -152
730 -152
730 1372
731 1372
731 -152
732 -152
732 1372
733 1372
733 -152
734 -152
734 1372
735 1372
735 -152
736 -152
736 1372
737 1372
737 -152
738 -152
738 1372
739 1372
739 -152
740 -152
740 1372
741 1372
741 -152
742 -152
742 1372
743 1372
743 -152
744 -152
744 1372
745 1372
745 -152
746 -152
746 1372
747 1372
747 -152
748 -152
748 1372
749 1372
749 -152
750 -152
750 1372
751 1372
751 -152
752 -152
752 1372
753 1372
753 -152
754 -152
754 1372
755 1372
755 -152
756 -152
756 1372
757 1372
757 -152
758 -152
758 1372
759 1372
759 -152
760 -152
760 1372
761 1372
761 -152
762 -152
762 1372
763 1372
763 -152
764 -152
764 1372
765 1372
765 -152
766 -152
766 1372
767 1372
767 -152
768 -152
768 1372
769 1372
769 -152
770 -152
770 1372
771 1372
771 -152
772 -152
772 1372
773 1372
773 -152
774 -152
774 1372
775 1372
775 -152
776 -152
776 1372
777 1372
777 -152
778 -152
778 1372
779 1372
779 -152
780 -152
780 1372
781 1372
781 -152
782 -152
782 1372
783 1372
783 -152
784 -152
784 1372
785 1372
785 -152
786 -152
786 1372
787 1372
787 -152
788 -152
788 1372
789 1372
789 -152
790 -152
790 1372
791 1372
791 -152
792 -152
792 1372
793 1372
793 -152
794 -152
794 1372
795 1372
795 -152
796 -152
796 1372
797 1372
797 -152
798 -152
798 1372
799 1372
799 -152
800 -152
800 1372
801 1372
801 -152
802 -152
802 1372
803 1372
803 -152
804 -152
804 1372
805 1372
805 -152
806 -152
806 1372
807 1372
807 -152
808 -152
808 1372
809 1372
809 -152
810 -152
810 1372
811 1372
811 -152
812 -152
812 1372
813 1372
813 -152
814 -152
814 1372
815 1372
815 -152
816 -152
816 1372
817 1372
817 -152
818 -152
818 1372
819 1372
819 -152
820 -152
820 1372
821 1372
821 -152
822 -152
822 1372
823 1372
823 -152
824 -152
824 1372
825 1372
825 -152
826 -152
826 1372
827 1372
827 -152
828 -152
828 1372
829 1372
829 -152
830 -152
830 1372
831 1372
831 -152
832 -152
832 1372
833 1372
833 -152
834 -152
834 1372
835 1372
835 -152
836 -152
836 1372
837 1372
837 -152
838 -152
838 1372
839 1372
839 -152
840 -152
840 1372
841 1372
841 -152
842 -152
842 1372
843 1372
843 -152
844 -152
844 1372
845 1372
845 -152
846 -152
846 1372
847 1372
847 -152
848 -152
848 1372
849 1372
849 -152
850 -152
850 1372
851 1372
851 -152
852 -152
852 1372
853 1372
853 -152
854 -152
854 1372
855 1372
855 -152
856 -152
856 1372
857 1372
857 -152
858 -152
858 1372
859 1372
859 -152
860 -152
860 1372
861 1372
861 -152
862 -152
862 1372
863 1372
863 -152
864 -152
864 1372
865 1372
865 -152
866 -152
866 1372
867 1372
867 -152
868 -152
868 1372
869 1372
869 -152
870 -152
870 1372
871 1372
871 -152
872 -152
872 1372
873 1372
873 -152
874 -152
874 1372
875 1372
875 -152
876 -152
876 1372
877 1372
877 -152
878 -152
878 1372
879 1372
879 -152
880 -152
880 1372
881 1372
881 -152
882 -152
882 1372
883 1372
883 -152
884 -152
884 1372
885 1372
885 -152
886 -152
886 1372
887 1372
887 -152
888 -152
888 1372
889 1372
889 -152
890 -152
890 1372
891 1372
891 -152
892 -152
892 1372
893 1372
893 -152
894 -152
894 1372
895 1372
895 -152
896 -152
896 1372
897 1372
897 -152
898 -152
898 1372
899 1372
899 -152
900 -152
900 1372
901 1372
901 -152
902 -152
902 1372
903 1372
903 -152
904 -152
904 1372
905 1372
905 -152
906 -152
906 1372
907 1372
907 -152
908 -152
908 1372
909 1372
909 -152
910 -152
910 1372
911 1372
911 -152
912 -152
912 1372
913 1372
913 -152
914 -152
914 1372
915 1372
915 -152
916 -152
916 1372
917 1372
917 -152
918 -152
918 1372
919 1372
919 -152
920 -152
920 1372
921 1372
921 -152
922 -152
922 1372
923 1372
923 -152
924 -152
924 1372
925 1372
925 -152
926 -152
926 1372
927 1372
927 -152
928 -152
928 1372
929 1372
929 -152
930 -152
930 1372
931 1372
931 -152
932 -152
932 1372
933 1372
933 -152
934 -152
934 1372
935 1372
935 -152
936 -152
936 1372
937 1372
937 -152
938 -152
938 1372
939 1372
939 -152
940 -152
940 1372
941 1372
941 -152
942 -152
942 1372
943 1372
943 -152
944 -152
944 1372
945 1372
945 -152
946 -152
946 1372
947 1372
947 -152
948 -152
948 1372
949 1372
949 -152
950 -152
950 1372
951 1372
951 -152
952 -152
952 1372
953 1372
953 -152
954 -152
954 1372
955 1372
955 -152
956 -152
956 1372
957 1372
957 -152
958 -152
958 1372
959 1372
959 -152
960 -152
960 1372
961 1372
961 -152
962 -152
962 1372
963 1372
963 -152
964 -152
964 1372
965 1372
965 -152
966 -152
966 1372
967 1372
967 -152
968 -152
968 1372
969 1372
969 -152
970 -152
970 1372
971 1372
971 -152
972 -152
972 1372
973 1372
973 -152
974 -152
974 1372
975 1372
975 -152
976 -152
976 1372
977 1372
977 -152
978 -152
978 1372
979 1372
979 -152
980 -152
980 1372
981 1372
981 -152
982 -152
982 1372
983 1372
983 -152
984 -152
984 1372
985 1372
985 -152
986 -152
986 1372
987 1372
987 -152
988 -152
988 1372
989 1372
989 -152
990 -152
990 1372
991 1372
991 -152
992 -152
992 1372
993 1372
993 -152
994 -152
994 1372
995 1372
995 -152
996 -152
996 1372
997 1372
997 -152
998 -152
998 1372
999 1372
999 -152
1000 -152
1000 1372
1001 1372
1001 -152
1002 -152
1002 1372
1003 1372
1003 -152
1004 -152
1004 1372
1005 1372
1005 -152
1006 -152
1006 1372
1007 1372
1007 -152
1008 -152
1008 1372
1009 1372
1009 -152
1010 -152
1010 1372
1011 1372
1011 -152
1012 -152
1012 1372
1013 1372
1013 -152
1014 -152
1014 1372
1015 1372
1015 -152
1016 -152
1016 1372
1017 1372
1017 -152
1018 -152
1018 1372
1019 1372
1019 -152
1020 -152
1020 1372
1021 1372
1021 -152
1022 -152
1022 1372
1023 1372
1023 -152
1024 -152
1024 1372
1025 1372
1025 -152
1026 -152
1026 1372
1027 1372
1027 -152
1028 -152
1028 1372
1029 1372
1029 -152
1030 -152
1030 1372
1031 1372
1031 -152
1032 -152
1032 1372
1033 1372
1033 -152
1034 -152
1034 1372
1035 1372
1035 -152
1036 -152
1036 1372
1037 1372
1037 -152
1038 -152
1038 1372
1039 1372
1039 -152
1040 -152
1040 1372
1041 1372
1041 -152
1042 -152
1042 1372
1043 1372
1043 -152
1044 -152
1044 1372
1045 1372
1045 -152
1046 -152
1046 1372
1047 1372
1047 -152
1048 -152
1048 1372
1049 1372
1049 -152
1050 -152
1050 1372
1051 1372
1051 -152
1052 -152
1052 1372
1053 1372
1053 -152
1054 -152
1054 1372
1055 1372
1055 -152
1056 -152
1056 1372
1057 1372
1057 -152
1058 -152
1058 1372
1059 1372
1059 -152
1060 -152
1060 1372
1061 1372
1061 -152
1062 -152
1062 1372
1063 1372
1063 -152
1064 -152
1064 1372
1065 1372
1065 -152
1066 -152
1066 1372
1067 1372
1067 -152
1068 -152
1068 1372
1069 1372
1069 -152
1070 -152
1070 1372
1071 1372
1071 -152
1072 -152
1072 1372
1073 1372
1073 -152
1074 -152
1074 1372
1075 1372
1075 -152
1076 -152
1076 1372
1077 1372
1077 -152
1078 -152
1078 1372
1079 1372
1079 -152
1080 -152
1080 1372
1081 1372
1081 -152
1082 -152
1082 1372
1083 1372
1083 -152
1084 -152
1084 1372
1085 1372
1085 -152
1086 -152
1086 1372
1087 1372
1087 -152
1088 -152
1088 1372
1089 1372
1089 -152
1090 -152
1090 1372
1091 1372
1091 -152
1092 -152
1092 1372
1093 1372
1093 -152
1094 -152
1094 1372
1095 1372
1095 -152
1096 -152
1096 1372
1097 1372
1097 -152
1098 -152
1098 1372
1099 1372
1099 -152
1100 -152
1100 1372
1101 1372
1101 -152
1102 -152
1102 1372
1103 1372
1103 -152
1104 -152
1104 1372
1105 1372
1105 -152
1106 -152
1106 1372
1107 1372
1107 -152
1108 -152
1108 1372
1109 1372
1109 -152
1110 -152
1110 1372
1111 1372
1111 -152
1112 -152
1112 1372
1113 1372
1113 -152
1114 -152
1114 1372
1115 1372
1115 -152
1116 -152
1116 1372
1117 1372
1117 -152
1118 -152
1118 1372
1119 1372
1119 -152
1120 -152
1120 1372
1121 1372
1121 -152
1122 -152
1122 1372
1123 1372
1123 -152
1124 -152
1124 1372
1125 1372
1125 -152
1126 -152
1126 1372
1127 1372
1127 -152
1129 -152
1129 1372
1130 1372
1130 -152
1131 -152
1131 1372
1132 1372
1132 -152
1133 -152
1133 1372
1134 1372
1134 -152
1135 -152
1135 1372
1136 1372
1136 -152
1137 -152
1137 1372
1138 1372
1138 -152
1139 -152
1139 1372
1140 1372
1140 -152
1142 -152
1142 1372
1144 1372
1144 -152
1145 -152
1145 1372
1146 1372
1146 -152
1147 -152
1147 1372
1149 1372
1149 -152
1150 -152
1150 1372
1151 1372
1151 -152
1152 -152
1152 1372
1153 1372
1153 -152
1154 -152
1154 1372
1155 1372
1155 -152
1157 -152
1157 1372
1159 1372
1159 -152
1160 -152
1160 1372
1162 1372
1162 -152
1164 -152
1164 1372
1165 1372
1165 -152
1166 -152
1166 1372
1167 1372
1167 -152
1169 -152
1169 1372
1170 1372
1170 -152
1172 -152
1172 1372
1174 1372
1174 -152
1175 -152
1175 1372
1177 1372
1177 -152
1179 -152
1179 1372
1180 1372
1180 -152
1182 -152
1182 1372
1184 1372
1184 -152
1185 -152
1185 1372
1186 1372
1186 -152
1187 -152
1187 1372
1189 1372
1189 -152
1190 -152
1190 1372
1192 1372
1192 -152
1194 -152
1194 1372
1195 1372
1195 -152
1197 -152
1197 1372
1199 1372
1199 -152
1200 -152
1200 1372
1202 1372
1202 -152
1204 -152
1204 1372
1205 1372
1205 -152
1206 -152
1206 1372
1207 1372
1207 -152
1209 -152
1209 1372
1210 1372
1210 -152
1212 -152
1212 1372
1215 1372
1215 -152
1217 -152
1217 1372
1219 1372
1219 -152
1220 -152
1220 1372
1222 1372
1222 -152
1224 -152
1224 1372
1226 1372
1226 -152
1227 -152
1227 1372
1232 1372
1232 -152
1235 -152
1235 1372
1237 1372
1237 -152
1239 -152
1239 1372
1242 1372
1242 -152
1246 -152
1246 1372
1247 1372
1247 -152
1252 -152
1252 1372
1257 1372
1257 -152
1259 -152
1259 1372
1262 1372
1262 -152
1266 -152
1266 1372
1267 1372
1267 -152
1272 -152
1272 1372
1279 1372
1279 -152
1299 -152
1299 1372
1319 1372
1319 -152
1339 -152
1339 1372
