-145 1
-145 512
-130 512
-130 1
-125 1
-125 512
-115 512
-115 1
-112 1
-112 512
-110 512
-110 1
-105 1
-105 512
-100 512
-100 1
-96 1
-96 512
-95 512
-95 1
-92 1
-92 512
-90 512
-90 1
-85 1
-85 512
-81 512
-81 1
-80 1
-80 512
-76 512
-76 1
-75 1
-75 512
-74 512
-74 1
-72 1
-72 512
-70 512
-70 1
-67 1
-67 512
-66 512
-66 1
-65 1
-65 512
-61 512
-61 1
-60 1
-60 512
-59 512
-59 1
-58 1
-58 512
-56 512
-56 1
-55 1
-55 512
-54 512
-54 1
-52 1
-52 512
-51 512
-51 1
-50 1
-50 512
-48 512
-48 1
-47 1
-47 512
-46 512
-46 1
-45 1
-45 512
-44 512
-44 1
-41 1
-41 512
-40 512
-40 1
-39 1
-39 512
-38 512
-38 1
-36 1
-36 512
-35 512
-35 1
-34 1
-34 512
-32 512
-32 1
-31 1
-31 512
-30 512
-30 1
-29 1
-29 512
-28 512
-28 1
-27 1
-27 512
-26 512
-26 1
-25 1
-25 512
-24 512
-24 1
-23 1
-23 512
-22 512
-22 1
-21 1
-21 512
-20 512
-20 1
-19 1
-19 512
-18 512
-18 1
-16 1
-16 512
-15 512
-15 1
-14 1
-14 512
-13 512
-13 1
-12 1
-12 512
-11 512
-11 1
-10 1
-10 512
-9 512
-9 1
-8 1
-8 512
-7 512
-7 1
-6 1
-6 512
-5 512
-5 1
-4 1
-4 512
-3 512
-3 1
-2 1
-2 512
-1 512
-1 1
0 1
0 512
1 512
1 1
2 1
2 512
3 512
3 1
4 1
4 512
5 512
5 1
6 1
6 512
7 512
7 1
8 1
8 512
9 512
9 1
10 1
10 512
11 512
11 1
12 1
12 512
13 512
13 1
14 1
14 512
15 512
15 1
16 1
16 512
17 512
17 1
18 1
18 512
19 512
19 1
20 1
20 512
21 512
21 1
22 1
22 512
23 512
23 1
24 1
24 512
25 512
25 1
26 1
26 512
27 512
27 1
28 1
28 512
29 512
29 1
30 1
30 512
31 512
31 1
32 1
32 512
33 512
33 1
34 1
34 512
35 512
35 1
36 1
36 512
37 512
37 1
38 1
38 512
39 512
39 1
40 1
40 512
41 512
41 1
42 1
42 512
43 512
43 1
44 1
44 512
45 512
45 1
46 1
46 512
47 512
47 1
48 1
48 512
49 512
49 1
50 1
50 512
51 512
51 1
52 1
52 512
53 512
53 1
54 1
54 512
55 512
55 1
56 1
56 512
57 512
57 1
58 1
58 512
59 512
59 1
60 1
60 512
61 512
61 1
62 1
62 512
63 512
63 1
64 1
64 512
65 512
65 1
66 1
66 512
67 512
67 1
68 1
68 512
69 512
69 1
70 1
70 512
71 512
71 1
72 1
72 512
73 512
73 1
74 1
74 512
75 512
75 1
76 1
76 512
77 512
77 1
78 1
78 512
79 512
79 1
80 1
80 512
81 512
81 1
82 1
82 512
83 512
83 1
84 1
84 512
85 512
85 1
86 1
86 512
87 512
87 1
88 1
88 512
89 512
89 1
90 1
90 512
91 512
91 1
92 1
92 512
93 512
93 1
94 1
94 512
95 512
95 1
96 1
96 512
97 512
97 1
98 1
98 512
99 512
99 1
100 1
100 512
101 512
101 1
102 1
102 512
103 512
103 1
104 1
104 512
105 512
105 1
106 1
106 512
107 512
107 1
108 1
108 512
109 512
109 1
110 1
110 512
111 512
111 1
112 1
112 512
113 512
113 1
114 1
114 512
115 512
115 1
116 1
116 512
117 512
117 1
118 1
118 512
119 512
119 1
120 1
120 512
121 512
121 1
122 1
122 512
123 512
123 1
124 1
124 512
125 512
125 1
126 1
126 512
127 512
127 1
128 1
128 512
129 512
129 1
130 1
130 512
131 512
131 1
132 1
132 512
133 512
133 1
134 1
134 512
135 512
135 1
136 1
136 512
137 512
137 1
138 1
138 512
139 512
139 1
140 1
140 512
141 512
141 1
142 1
142 512
143 512
143 1
144 1
144 512
145 512
145 1
146 1
146 512
147 512
147 1
148 1
148 512
149 512
149 1
150 1
150 512
151 512
151 1
152 1
152 512
153 512
153 1
154 1
154 512
155 512
155 1
156 1
156 512
157 512
157 1
158 1
158 512
159 512
159 1
160 1
160 512
161 512
161 1
162 1
162 512
163 512
163 1
164 1
164 512
165 512
165 1
166 1
166 512
167 512
167 1
168 1
168 512
169 512
169 1
170 1
170 512
171 512
171 1
172 1
172 512
173 512
173 1
174 1
174 512
175 512
175 1
176 1
176 512
177 512
177 1
178 1
178 512
179 512
179 1
180 1
180 512
181 512
181 1
182 1
182 512
183 512
183 1
184 1
184 512
185 512
185 1
186 1
186 512
187 512
187 1
188 1
188 512
189 512
189 1
190 1
190 512
191 512
191 1
192 1
192 512
193 512
193 1
194 1
194 512
195 512
195 1
196 1
196 512
197 512
197 1
198 1
198 512
199 512
199 1
200 1
200 512
201 512
201 1
202 1
202 512
203 512
203 1
204 1
204 512
205 512
205 1
206 1
206 512
207 512
207 1
208 1
208 512
209 512
209 1
210 1
210 512
211 512
211 1
212 1
212 512
213 512
213 1
214 1
214 512
215 512
215 1
216 1
216 512
217 512
217 1
218 1
218 512
219 512
219 1
220 1
220 512
221 512
221 1
222 1
222 512
223 512
223 1
224 1
224 512
225 512
225 1
226 1
226 512
227 512
227 1
228 1
228 512
229 512
229 1
230 1
230 512
231 512
231 1
232 1
232 512
233 512
233 1
234 1
234 512
235 512
235 1
236 1
236 512
237 512
237 1
238 1
238 512
239 512
239 1
240 1
240 512
241 512
241 1
242 1
242 512
243 512
243 1
244 1
244 512
245 512
245 1
246 1
246 512
247 512
247 1
248 1
248 512
249 512
249 1
250 1
250 512
251 512
251 1
252 1
252 512
253 512
253 1
254 1
254 512
255 512
255 1
256 1
256 512
257 512
257 1
258 1
258 512
259 512
259 1
260 1
260 512
261 512
261 1
262 1
262 512
263 512
263 1
264 1
264 512
265 512
265 1
266 1
266 512
267 512
267 1
268 1
268 512
269 512
269 1
270 1
270 512
271 512
271 1
272 1
272 512
273 512
273 1
274 1
274 512
275 512
275 1
276 1
276 512
277 512
277 1
278 1
278 512
279 512
279 1
280 1
280 512
281 512
281 1
282 1
282 512
283 512
283 1
284 1
284 512
285 512
285 1
286 1
286 512
287 512
287 1
288 1
288 512
289 512
289 1
290 1
290 512
291 512
291 1
292 1
292 512
293 512
293 1
294 1
294 512
295 512
295 1
296 1
296 512
297 512
297 1
298 1
298 512
299 512
299 1
300 1
300 512
301 512
301 1
302 1
302 512
303 512
303 1
304 1
304 512
305 512
305 1
306 1
306 512
307 512
307 1
308 1
308 512
309 512
309 1
310 1
310 512
311 512
311 1
312 1
312 512
313 512
313 1
314 1
314 512
315 512
315 1
316 1
316 512
317 512
317 1
318 1
318 512
319 512
319 1
320 1
320 512
321 512
321 1
322 1
322 512
323 512
323 1
324 1
324 512
325 512
325 1
326 1
326 512
327 512
327 1
328 1
328 512
329 512
329 1
330 1
330 512
331 512
331 1
332 1
332 512
333 512
333 1
334 1
334 512
335 512
335 1
336 1
336 512
337 512
337 1
338 1
338 512
339 512
339 1
340 1
340 512
341 512
341 1
342 1
342 512
343 512
343 1
344 1
344 512
345 512
345 1
346 1
346 512
347 512
347 1
348 1
348 512
349 512
349 1
350 1
350 512
351 512
351 1
352 1
352 512
353 512
353 1
354 1
354 512
355 512
355 1
356 1
356 512
357 512
357 1
358 1
358 512
359 512
359 1
360 1
360 512
361 512
361 1
362 1
362 512
363 512
363 1
364 1
364 512
365 512
365 1
366 1
366 512
367 512
367 1
368 1
368 512
369 512
369 1
370 1
370 512
371 512
371 1
372 1
372 512
373 512
373 1
374 1
374 512
375 512
375 1
376 1
376 512
377 512
377 1
378 1
378 512
379 512
379 1
380 1
380 512
381 512
381 1
382 1
382 512
383 512
383 1
384 1
384 512
385 512
385 1
386 1
386 512
387 512
387 1
388 1
388 512
389 512
389 1
390 1
390 512
391 512
391 1
392 1
392 512
393 512
393 1
394 1
394 512
395 512
395 1
396 1
396 512
397 512
397 1
398 1
398 512
399 512
399 1
400 1
400 512
401 512
401 1
402 1
402 512
403 512
403 1
404 1
404 512
405 512
405 1
406 1
406 512
407 512
407 1
408 1
408 512
409 512
409 1
410 1
410 512
411 512
411 1
412 1
412 512
413 512
413 1
414 1
414 512
415 512
415 1
416 1
416 512
417 512
417 1
418 1
418 512
419 512
419 1
420 1
420 512
421 512
421 1
422 1
422 512
423 512
423 1
424 1
424 512
425 512
425 1
426 1
426 512
427 512
427 1
428 1
428 512
429 512
429 1
430 1
430 512
431 512
431 1
432 1
432 512
433 512
433 1
434 1
434 512
435 512
435 1
436 1
436 512
437 512
437 1
438 1
438 512
439 512
439 1
440 1
440 512
441 512
441 1
442 1
442 512
443 512
443 1
444 1
444 512
445 512
445 1
446 1
446 512
447 512
447 1
448 1
448 512
449 512
449 1
450 1
450 512
451 512
451 1
452 1
452 512
453 512
453 1
454 1
454 512
455 512
455 1
456 1
456 512
457 512
457 1
458 1
458 512
459 512
459 1
460 1
460 512
461 512
461 1
462 1
462 512
463 512
463 1
464 1
464 512
465 512
465 1
466 1
466 512
467 512
467 1
468 1
468 512
469 512
469 1
470 1
470 512
471 512
471 1
472 1
472 512
473 512
473 1
474 1
474 512
475 512
475 1
476 1
476 512
477 512
477 1
478 1
478 512
479 512
479 1
480 1
480 512
481 512
481 1
482 1
482 512
483 512
483 1
484 1
484 512
485 512
485 1
486 1
486 512
487 512
487 1
488 1
488 512
489 512
489 1
490 1
490 512
491 512
491 1
492 1
492 512
493 512
493 1
494 1
494 512
495 512
495 1
496 1
496 512
497 512
497 1
498 1
498 512
499 512
499 1
500 1
500 512
501 512
501 1
502 1
502 512
503 512
503 1
504 1
504 512
505 512
505 1
506 1
506 512
507 512
507 1
508 1
508 512
509 512
509 1
510 1
510 512
511 512
511 1
512 1
512 512
513 512
513 1
514 1
514 512
515 512
515 1
516 1
516 512
517 512
517 1
518 1
518 512
519 512
519 1
520 1
520 512
521 512
521 1
522 1
522 512
523 512
523 1
524 1
524 512
525 512
525 1
526 1
526 512
527 512
527 1
528 1
528 512
529 512
529 1
531 1
531 512
532 512
532 1
533 1
533 512
534 512
534 1
535 1
535 512
536 512
536 1
537 1
537 512
538 512
538 1
539 1
539 512
540 512
540 1
541 1
541 512
542 512
542 1
543 1
543 512
544 512
544 1
545 1
545 512
546 512
546 1
547 1
547 512
548 512
548 1
549 1
549 512
551 512
551 1
552 1
552 512
553 512
553 1
554 1
554 512
555 512
555 1
556 1
556 512
557 512
557 1
558 1
558 512
559 512
559 1
560 1
560 512
561 512
561 1
562 1
562 512
563 512
563 1
564 1
564 512
565 512
565 1
566 1
566 512
567 512
567 1
568 1
568 512
569 512
569 1
571 1
571 512
572 512
572 1
573 1
573 512
574 512
574 1
575 1
575 512
576 512
576 1
577 1
577 512
578 512
578 1
579 1
579 512
580 512
580 1
581 1
581 512
582 512
582 1
583 1
583 512
584 512
584 1
585 1
585 512
586 512
586 1
587 1
587 512
588 512
588 1
589 1
589 512
590 512
590 1
591 1
591 512
592 512
592 1
593 1
593 512
594 512
594 1
595 1
595 512
596 512
596 1
597 1
597 512
598 512
598 1
599 1
599 512
600 512
600 1
601 1
601 512
602 512
602 1
603 1
603 512
604 512
604 1
605 1
605 512
606 512
606 1
607 1
607 512
608 512
608 1
609 1
609 512
610 512
610 1
611 1
611 512
612 512
612 1
613 1
613 512
614 512
614 1
615 1
615 512
616 512
616 1
617 1
617 512
618 512
618 1
619 1
619 512
620 512
620 1
621 1
621 512
622 512
622 1
623 1
623 512
624 512
624 1
625 1
625 512
626 512
626 1
627 1
627 512
628 512
628 1
629 1
629 512
630 512
630 1
631 1
631 512
632 512
632 1
633 1
633 512
634 512
634 1
635 1
635 512
636 512
636 1
637 1
637 512
638 512
638 1
639 1
639 512
640 512
640 1
641 1
641 512
642 512
642 1
643 1
643 512
644 512
644 1
645 1
645 512
646 512
646 1
647 1
647 512
648 512
648 1
649 1
649 512
650 512
650 1
651 1
651 512
652 512
652 1
653 1
653 512
654 512
654 1
655 1
655 512
656 512
656 1
657 1
657 512
658 512
658 1
659 1
659 512
660 512
660 1
661 1
661 512
662 512
662 1
663 1
663 512
664 512
664 1
665 1
665 512
666 512
666 1
667 1
667 512
668 512
668 1
669 1
669 512
670 512
670 1
671 1
671 512
672 512
672 1
673 1
673 512
674 512
674 1
675 1
675 512
676 512
676 1
677 1
677 512
678 512
678 1
679 1
679 512
680 512
680 1
681 1
681 512
682 512
682 1
683 1
683 512
684 512
684 1
685 1
685 512
686 512
686 1
687 1
687 512
688 512
688 1
689 1
689 512
690 512
690 1
691 1
691 512
692 512
692 1
693 1
693 512
694 512
694 1
695 1
695 512
696 512
696 1
697 1
697 512
698 512
698 1
699 1
699 512
700 512
700 1
701 1
701 512
702 512
702 1
703 1
703 512
704 512
704 1
705 1
705 512
706 512
706 1
707 1
707 512
708 512
708 1
709 1
709 512
710 512
710 1
711 1
711 512
712 512
712 1
713 1
713 512
714 512
714 1
715 1
715 512
716 512
716 1
717 1
717 512
718 512
718 1
719 1
719 512
720 512
720 1
721 1
721 512
722 512
722 1
723 1
723 512
724 512
724 1
725 1
725 512
726 512
726 1
727 1
727 512
728 512
728 1
729 1
729 512
730 512
730 1
731 1
731 512
732 512
732 1
733 1
733 512
734 512
734 1
735 1
735 512
736 512
736 1
737 1
737 512
738 512
738 1
739 1
739 512
740 512
740 1
741 1
741 512
742 512
742 1
743 1
743 512
744 512
744 1
745 1
745 512
746 512
746 1
747 1
747 512
748 512
748 1
749 1
749 512
750 512
750 1
751 1
751 512
752 512
752 1
753 1
753 512
754 512
754 1
755 1
755 512
756 512
756 1
757 1
757 512
758 512
758 1
759 1
759 512
760 512
760 1
761 1
761 512
762 512
762 1
763 1
763 512
764 512
764 1
765 1
765 512
766 512
766 1
767 1
767 512
768 512
768 1
769 1
769 512
770 512
770 1
771 1
771 512
772 512
772 1
773 1
773 512
774 512
774 1
775 1
775 512
776 512
776 1
777 1
777 512
778 512
778 1
779 1
779 512
780 512
780 1
781 1
781 512
782 512
782 1
783 1
783 512
784 512
784 1
785 1
785 512
786 512
786 1
787 1
787 512
788 512
788 1
789 1
789 512
790 512
790 1
791 1
791 512
792 512
792 1
793 1
793 512
794 512
794 1
795 1
795 512
796 512
796 1
797 1
797 512
798 512
798 1
799 1
799 512
800 512
800 1
801 1
801 512
802 512
802 1
803 1
803 512
804 512
804 1
805 1
805 512
806 512
806 1
807 1
807 512
808 512
808 1
809 1
809 512
810 512
810 1
811 1
811 512
812 512
812 1
813 1
813 512
814 512
814 1
815 1
815 512
816 512
816 1
817 1
817 512
818 512
818 1
819 1
819 512
820 512
820 1
821 1
821 512
822 512
822 1
823 1
823 512
824 512
824 1
825 1
825 512
826 512
826 1
827 1
827 512
828 512
828 1
829 1
829 512
830 512
830 1
831 1
831 512
832 512
832 1
833 1
833 512
834 512
834 1
835 1
835 512
836 512
836 1
837 1
837 512
838 512
838 1
839 1
839 512
840 512
840 1
841 1
841 512
842 512
842 1
843 1
843 512
844 512
844 1
845 1
845 512
846 512
846 1
847 1
847 512
848 512
848 1
849 1
849 512
850 512
850 1
851 1
851 512
852 512
852 1
853 1
853 512
854 512
854 1
855 1
855 512
856 512
856 1
857 1
857 512
858 512
858 1
859 1
859 512
860 512
860 1
861 1
861 512
862 512
862 1
863 1
863 512
864 512
864 1
865 1
865 512
866 512
866 1
867 1
867 512
868 512
868 1
869 1
869 512
870 512
870 1
871 1
871 512
872 512
872 1
873 1
873 512
874 512
874 1
875 1
875 512
876 512
876 1
877 1
877 512
878 512
878 1
879 1
879 512
880 512
880 1
881 1
881 512
882 512
882 1
883 1
883 512
884 512
884 1
885 1
885 512
886 512
886 1
887 1
887 512
888 512
888 1
889 1
889 512
890 512
890 1
891 1
891 512
892 512
892 1
893 1
893 512
894 512
894 1
895 1
895 512
896 512
896 1
897 1
897 512
898 512
898 1
899 1
899 512
900 512
900 1
901 1
901 512
902 512
902 1
903 1
903 512
904 512
904 1
905 1
905 512
906 512
906 1
907 1
907 512
908 512
908 1
909 1
909 512
910 512
910 1
911 1
911 512
912 512
912 1
913 1
913 512
914 512
914 1
915 1
915 512
916 512
916 1
917 1
917 512
918 512
918 1
919 1
919 512
920 512
920 1
921 1
921 512
922 512
922 1
923 1
923 512
924 512
924 1
925 1
925 512
926 512
926 1
927 1
927 512
928 512
928 1
929 1
929 512
930 512
930 1
931 1
931 512
932 512
932 1
933 1
933 512
934 512
934 1
935 1
935 512
936 512
936 1
937 1
937 512
938 512
938 1
939 1
939 512
940 512
940 1
941 1
941 512
942 512
942 1
943 1
943 512
944 512
944 1
945 1
945 512
946 512
946 1
947 1
947 512
948 512
948 1
949 1
949 512
950 512
950 1
951 1
951 512
952 512
952 1
953 1
953 512
954 512
954 1
955 1
955 512
956 512
956 1
957 1
957 512
958 512
958 1
959 1
959 512
960 512
960 1
961 1
961 512
962 512
962 1
963 1
963 512
964 512
964 1
965 1
965 512
966 512
966 1
967 1
967 512
968 512
968 1
969 1
969 512
970 512
970 1
971 1
971 512
972 512
972 1
973 1
973 512
974 512
974 1
975 1
975 512
976 512
976 1
977 1
977 512
978 512
978 1
979 1
979 512
980 512
980 1
981 1
981 512
982 512
982 1
983 1
983 512
984 512
984 1
985 1
985 512
986 512
986 1
987 1
987 512
988 512
988 1
989 1
989 512
990 512
990 1
991 1
991 512
992 512
992 1
993 1
993 512
994 512
994 1
995 1
995 512
996 512
996 1
997 1
997 512
998 512
998 1
999 1
999 512
1000 512
1000 1
1001 1
1001 512
1002 512
1002 1
1003 1
1003 512
1004 512
1004 1
1005 1
1005 512
1006 512
1006 1
1007 1
1007 512
1008 512
1008 1
1009 1
1009 512
1010 512
1010 1
1011 1
1011 512
1012 512
1012 1
1013 1
1013 512
1014 512
1014 1
1015 1
1015 512
1016 512
1016 1
1017 1
1017 512
1018 512
1018 1
1019 1
1019 512
1020 512
1020 1
1021 1
1021 512
1022 512
1022 1
1023 1
1023 512
1024 512
1024 1
1025 1
1025 512
1026 512
1026 1
1027 1
1027 512
1028 512
1028 1
1029 1
1029 512
1030 512
1030 1
1031 1
1031 512
1032 512
1032 1
1033 1
1033 512
1034 512
1034 1
1035 1
1035 512
1036 512
1036 1
1037 1
1037 512
1038 512
1038 1
1039 1
1039 512
1040 512
1040 1
1041 1
1041 512
1042 512
1042 1
1043 1
1043 512
1044 512
1044 1
1045 1
1045 512
1046 512
1046 1
