31 -145
18029 -145
18029 -130
31 -130
31 -125
18029 -125
18029 -115
31 -115
31 -112
18029 -112
18029 -110
31 -110
31 -105
18029 -105
18029 -100
31 -100
31 -96
18029 -96
18029 -95
31 -95
31 -92
18029 -92
18029 -90
31 -90
31 -85
18029 -85
18029 -81
31 -81
31 -80
18029 -80
18029 -76
31 -76
31 -75
18029 -75
18029 -74
31 -74
31 -72
18029 -72
18029 -70
31 -70
31 -67
18029 -67
18029 -66
31 -66
31 -65
18029 -65
18029 -61
31 -61
31 -60
18029 -60
18029 -59
31 -59
31 -58
18029 -58
18029 -56
31 -56
31 -55
18029 -55
18029 -54
31 -54
31 -52
18029 -52
18029 -51
31 -51
31 -50
18029 -50
18029 -48
31 -48
31 -47
18029 -47
18029 -46
31 -46
31 -45
18029 -45
18029 -44
31 -44
31 -41
18029 -41
18029 -40
31 -40
31 -39
18029 -39
18029 -38
31 -38
31 -36
18029 -36
18029 -35
31 -35
31 -34
18029 -34
18029 -32
31 -32
31 -31
18029 -31
18029 -30
31 -30
31 -29
18029 -29
18029 -28
31 -28
31 -27
18029 -27
18029 -26
31 -26
31 -25
18029 -25
18029 -24
31 -24
31 -23
18029 -23
18029 -22
31 -22
31 -21
18029 -21
18029 -20
31 -20
31 -19
18029 -19
18029 -18
31 -18
31 -16
18029 -16
18029 -15
31 -15
31 -14
18029 -14
18029 -13
31 -13
31 -12
18029 -12
18029 -11
31 -11
31 -10
18029 -10
18029 -9
31 -9
31 -8
18029 -8
18029 -7
31 -7
31 -6
18029 -6
18029 -5
31 -5
31 -4
18029 -4
18029 -3
31 -3
31 -2
18029 -2
18029 -1
31 -1
31 0
18029 0
18029 1
31 1
31 2
18029 2
18029 3
31 3
31 4
18029 4
18029 5
31 5
31 6
18029 6
18029 7
31 7
31 8
18029 8
18029 9
31 9
31 10
18029 10
18029 11
31 11
31 12
18029 12
18029 13
31 13
31 14
18029 14
18029 15
31 15
31 16
18029 16
18029 17
31 17
31 18
18029 18
18029 19
31 19
31 20
18029 20
18029 21
31 21
31 22
18029 22
18029 23
31 23
31 24
18029 24
18029 25
31 25
31 26
18029 26
18029 27
31 27
31 28
18029 28
18029 29
31 29
31 30
18029 30
18029 31
31 31
31 32
18029 32
18029 33
31 33
31 34
18029 34
18029 35
31 35
31 36
18029 36
18029 37
31 37
31 38
18029 38
18029 39
31 39
31 40
18029 40
18029 41
31 41
31 42
18029 42
18029 43
31 43
31 44
18029 44
18029 45
31 45
31 46
18029 46
18029 47
31 47
31 48
18029 48
18029 49
31 49
31 50
18029 50
18029 51
31 51
31 52
18029 52
18029 53
31 53
31 54
18029 54
18029 55
31 55
31 56
18029 56
18029 57
31 57
31 58
18029 58
18029 59
31 59
31 60
18029 60
18029 61
31 61
31 62
18029 62
18029 63
31 63
31 64
18029 64
18029 65
31 65
31 66
18029 66
18029 67
31 67
31 68
18029 68
18029 69
31 69
31 70
18029 70
18029 71
31 71
31 72
18029 72
18029 73
31 73
31 74
18029 74
18029 75
31 75
31 76
18029 76
18029 77
31 77
31 78
18029 78
18029 79
31 79
31 80
18029 80
18029 81
31 81
31 82
18029 82
18029 83
31 83
31 84
18029 84
18029 85
31 85
31 86
18029 86
18029 87
31 87
31 88
18029 88
18029 89
31 89
31 90
18029 90
18029 91
31 91
31 92
18029 92
18029 93
31 93
31 94
18029 94
18029 95
31 95
31 96
18029 96
18029 97
31 97
31 98
18029 98
18029 99
31 99
31 100
18029 100
18029 101
31 101
31 102
18029 102
18029 103
31 103
31 104
18029 104
18029 105
31 105
31 106
18029 106
18029 107
31 107
31 108
18029 108
18029 109
31 109
31 110
18029 110
18029 111
31 111
31 112
18029 112
18029 113
31 113
31 114
18029 114
18029 115
31 115
31 116
18029 116
18029 117
31 117
31 118
18029 118
18029 119
31 119
31 120
18029 120
18029 121
31 121
31 122
18029 122
18029 123
31 123
31 124
18029 124
18029 125
31 125
31 126
18029 126
18029 127
31 127
31 128
18029 128
18029 129
31 129
31 130
18029 130
18029 131
31 131
31 132
18029 132
18029 133
31 133
31 134
18029 134
18029 135
31 135
31 136
18029 136
18029 137
31 137
31 138
18029 138
18029 139
31 139
31 140
18029 140
18029 141
31 141
31 142
18029 142
18029 143
31 143
31 144
18029 144
18029 145
31 145
31 146
18029 146
18029 147
31 147
31 148
18029 148
18029 149
31 149
31 150
18029 150
18029 151
31 151
31 152
18029 152
18029 153
31 153
31 154
18029 154
18029 155
31 155
31 156
18029 156
18029 157
31 157
31 158
18029 158
18029 159
31 159
31 160
18029 160
18029 161
31 161
31 162
18029 162
18029 163
31 163
31 164
18029 164
18029 165
31 165
31 166
18029 166
18029 167
31 167
31 168
18029 168
18029 169
31 169
31 170
18029 170
18029 171
31 171
31 172
18029 172
18029 173
31 173
31 174
18029 174
18029 175
31 175
31 176
18029 176
18029 177
31 177
31 178
18029 178
18029 179
31 179
31 180
18029 180
18029 181
31 181
31 182
18029 182
18029 183
31 183
31 184
18029 184
18029 185
31 185
31 186
18029 186
18029 187
31 187
31 188
18029 188
18029 189
31 189
31 190
18029 190
18029 191
31 191
31 192
18029 192
18029 193
31 193
31 194
18029 194
18029 195
31 195
31 196
18029 196
18029 197
31 197
31 198
18029 198
18029 199
31 199
31 200
18029 200
18029 201
31 201
31 202
18029 202
18029 203
31 203
31 204
18029 204
18029 205
31 205
31 206
18029 206
18029 207
31 207
31 208
18029 208
18029 209
31 209
31 210
18029 210
18029 211
31 211
31 212
18029 212
18029 213
31 213
31 214
18029 214
18029 215
31 215
31 216
18029 216
18029 217
31 217
31 218
18029 218
18029 219
31 219
31 220
18029 220
18029 221
31 221
31 222
18029 222
18029 223
31 223
31 224
18029 224
18029 225
31 225
31 226
18029 226
18029 227
31 227
