0 0

1 1
2 2
3 3
4 4
5 5

1 1
2 4
3 5
4 8
5 7
6 6
7 2
8 3

1 1
2 5
3 8
4 6
5 2
6 10
7 7
8 3
9 9
10 4

1 3
2 15
3 11
4 19
5 8
6 16
7 7
8 9
9 4
10 18
11 1
12 5
13 6
14 12
15 20
16 10
17 13
18 14
19 17
20 2

0 0

1 8
2 21
3 14
4 3
5 7
6 9
7 19
8 22
9 18
10 24
11 17
12 29
13 1
14 27
15 4
16 16
17 23
18 13
19 25
20 28
21 15
22 11
23 5
24 26
25 2
26 12
27 10
28 20
29 30
30 6

1 4
2 17
3 3
4 10
5 1
6 18
7 20
8 14
9 9
10 28
11 19
12 7
13 11
14 12
15 15
16 22
17 13
18 24
19 27
20 8
21 25
22 23
23 6
24 16
25 2
26 5
27 29
28 21
29 26
30 30

1 33
2 16
3 17
4 13
5 34
6 28
7 30
8 9
9 19
10 8
11 36
12 3
13 2
14 22
15 11
16 1
17 5
18 12
19 7
20 27
21 21
22 25
23 14
24 32
25 23
26 29
27 39
28 6
29 10
30 20
31 35
32 31
33 15
34 37
35 4
36 40
37 18
38 38
39 26
40 24

1 39
2 21
3 14
4 4
5 49
6 29
7 25
8 38
9 31
10 45
11 48
12 8
13 7
14 6
15 41
16 13
17 5
18 32
19 50
20 26
21 44
22 17
23 47
24 2
25 1
26 36
27 12
28 18
29 24
30 10
31 3
32 37
33 46
34 40
35 33
36 15
37 27
38 11
39 19
40 23
41 20
42 9
43 35
44 43
45 42
46 34
47 22
48 28
49 16
50 30
