247
246
241
247
248
249
245
253
253
251
248
248
233
227
227
230
230
231
241
241
237
237
240
241
241
238
238
241
242
5
5
247
246
241
247
248
249
245
253
253
251
248
248
233
227
227
230
230
231
241
241
237
237
240
241
241
238
238
241
242
5
5
247
246
241
247
248
249
245
253
253
251
248
248
233
227
227
230
230
231
241
241
237
237
240
241
241
238
238
241
242
5
5
247
246
241
247
248
249
245
253
253
251
248
248
233
227
227
230
230
231
241
241
237
237
240
241
241
238
238
241
242
5
5
247
246
241
247
248
249
245
253
253
251
248
248
233
227
227
230
230
231
241
241
237
237
240
241
241
238
238
241
242
5
5
247
246
241
247
248
249
245
253
253
251
248
248
233
227
227
230
230
231
241
241
237
237
240
241
241
238
238
241
242
5
5
247
246
241
247
248
249
245
253
253
251
248
248
233
227
227
230
230
231
241
241
237
237
240
241
241
238
238
241
242
5
5
247
246
241
247
248
249
245
253
253
251
248
248
233
227
227
230
230
231
241
241
237
237
240
241
241
238
238
241
242
5
5
247
246
241
247
248
249
245
253
253
251
248
248
233
227
227
230
230
231
241
241
237
237
240
241
241
238
238
241
242
5
5
247
246
241
247
248
249
245
253
253
251
248
248
233
227
227
230
230
231
241
241
237
237
240
241
241
238
238
241
242
5
5
247
246
241
247
248
249
245
253
253
251
248
248
233
227
227
230
230
231
241
241
237
237
240
241
241
238
238
241
242
5
5
